Copyright 1986-2018 Xilinx, Inc. All Rights Reserved.
----------------------------------------------------------------------------------------------------------------------------------------------------------------------
| Tool Version     : Vivado v.2018.3 (lin64) Build 2405991 Thu Dec  6 23:36:41 MST 2018
| Date             : Mon Jan  6 21:52:31 2020
| Host             : shubham-HP-Desktop-Pro-G1-MT running 64-bit Ubuntu 18.04.1 LTS
| Command          : report_power -file design_1_wrapper_power_routed.rpt -pb design_1_wrapper_power_summary_routed.pb -rpx design_1_wrapper_power_routed.rpx
| Design           : design_1_wrapper
| Device           : xczu9eg-ffvb1156-2-e
| Design State     : routed
| Grade            : extended
| Process          : typical
| Characterization : Production
----------------------------------------------------------------------------------------------------------------------------------------------------------------------

Power Report

Table of Contents
-----------------
1. Summary
1.1 On-Chip Components
1.2 Power Supply Summary
1.3 Confidence Level
2. Settings
2.1 Environment
2.2 Clock Constraints
3. Detailed Reports
3.1 By Hierarchy

1. Summary
----------

+--------------------------+--------------+
| Total On-Chip Power (W)  | 3.046        |
| Design Power Budget (W)  | Unspecified* |
| Power Budget Margin (W)  | NA           |
| Dynamic (W)              | 2.296        |
| Device Static (W)        | 0.750        |
| Effective TJA (C/W)      | 1.0          |
| Max Ambient (C)          | 97.1         |
| Junction Temperature (C) | 27.9         |
| Confidence Level         | Low          |
| Setting File             | ---          |
| Simulation Activity File | ---          |
| Design Nets Matched      | NA           |
+--------------------------+--------------+
* Specify Design Power Budget using, set_operating_conditions -design_power_budget <value in Watts>


1.1 On-Chip Components
----------------------

+--------------------------+-----------+----------+-----------+-----------------+
| On-Chip                  | Power (W) | Used     | Available | Utilization (%) |
+--------------------------+-----------+----------+-----------+-----------------+
| Clocks                   |     0.012 |        3 |       --- |             --- |
| CLB Logic                |     0.005 |     6550 |       --- |             --- |
|   LUT as Logic           |     0.004 |     2473 |    274080 |            0.90 |
|   LUT as Shift Register  |    <0.001 |       91 |    144000 |            0.06 |
|   Register               |    <0.001 |     3034 |    548160 |            0.55 |
|   LUT as Distributed RAM |    <0.001 |      112 |    144000 |            0.08 |
|   CARRY8                 |    <0.001 |       16 |     34260 |            0.05 |
|   Others                 |     0.000 |      180 |       --- |             --- |
| Signals                  |     0.007 |     5352 |       --- |             --- |
| I/O                      |     0.010 |       13 |       328 |            3.96 |
| PS8                      |     2.264 |        1 |       --- |             --- |
| Static Power             |     0.750 |          |           |                 |
|   PS Static              |     0.101 |          |           |                 |
|   PL Static              |     0.649 |          |           |                 |
| Total                    |     3.046 |          |           |                 |
+--------------------------+-----------+----------+-----------+-----------------+


1.2 Power Supply Summary
------------------------

+-----------------+-------------+-----------+-------------+------------+
| Source          | Voltage (V) | Total (A) | Dynamic (A) | Static (A) |
+-----------------+-------------+-----------+-------------+------------+
| Vccint          |       0.850 |     0.223 |       0.027 |      0.196 |
| Vccint_io       |       0.850 |     0.036 |       0.000 |      0.036 |
| Vccbram         |       0.850 |     0.003 |       0.000 |      0.003 |
| Vccaux          |       1.800 |     0.193 |       0.000 |      0.193 |
| Vccaux_io       |       1.800 |     0.034 |       0.001 |      0.033 |
| Vcco33          |       3.300 |     0.011 |       0.002 |      0.009 |
| Vcco25          |       2.500 |     0.000 |       0.000 |      0.000 |
| Vcco18          |       1.800 |     0.000 |       0.000 |      0.000 |
| Vcco15          |       1.500 |     0.000 |       0.000 |      0.000 |
| Vcco135         |       1.350 |     0.000 |       0.000 |      0.000 |
| Vcco12          |       1.200 |     0.000 |       0.000 |      0.000 |
| Vcco10          |       1.000 |     0.000 |       0.000 |      0.000 |
| Vccadc          |       1.800 |     0.008 |       0.000 |      0.008 |
| VCC_PSINTFP     |       0.850 |     1.098 |       1.064 |      0.034 |
| VCC_PSINTLP     |       0.850 |     0.252 |       0.245 |      0.007 |
| VPS_MGTRAVCC    |       0.850 |     0.001 |       0.000 |      0.001 |
| VCC_PSINTFP_DDR |       0.850 |     0.527 |       0.522 |      0.004 |
| VCC_PSPLL       |       1.200 |     0.071 |       0.069 |      0.002 |
| VPS_MGTRAVTT    |       1.800 |     0.001 |       0.000 |      0.001 |
| VCCO_PSDDR_504  |       1.200 |     0.525 |       0.491 |      0.034 |
| VCC_PSAUX       |       1.800 |     0.002 |       0.000 |      0.002 |
| VCC_PSBATT      |       1.200 |     0.000 |       0.000 |      0.000 |
| VCC_PSDDR_PLL   |       1.800 |     0.013 |       0.012 |      0.001 |
| VCCO_PSIO0_500  |       3.300 |     0.004 |       0.003 |      0.001 |
| VCCO_PSIO1_501  |       3.300 |     0.002 |       0.001 |      0.001 |
| VCCO_PSIO2_502  |       3.300 |     0.001 |       0.000 |      0.001 |
| VCCO_PSIO3_503  |       3.300 |     0.001 |       0.000 |      0.001 |
| VCC_PSADC       |       1.800 |     0.002 |       0.000 |      0.002 |
| MGTAVcc         |       0.900 |     0.000 |       0.000 |      0.000 |
| MGTAVtt         |       1.200 |     0.000 |       0.000 |      0.000 |
| MGTVccaux       |       1.800 |     0.000 |       0.000 |      0.000 |
+-----------------+-------------+-----------+-------------+------------+


1.3 Confidence Level
--------------------

+-----------------------------+------------+--------------------------------------------------------+------------------------------------------------------------------------------------------------------------+
| User Input Data             | Confidence | Details                                                | Action                                                                                                     |
+-----------------------------+------------+--------------------------------------------------------+------------------------------------------------------------------------------------------------------------+
| Design implementation state | High       | Design is routed                                       |                                                                                                            |
| Clock nodes activity        | High       | User specified more than 95% of clocks                 |                                                                                                            |
| I/O nodes activity          | Low        | More than 75% of inputs are missing user specification | Provide missing input activity with simulation results or by editing the "By Resource Type -> I/Os" view   |
| Internal nodes activity     | Medium     | User specified less than 25% of internal nodes         | Provide missing internal nodes activity with simulation results or by editing the "By Resource Type" views |
| Device models               | High       | Device models are Production                           |                                                                                                            |
|                             |            |                                                        |                                                                                                            |
| Overall confidence level    | Low        |                                                        |                                                                                                            |
+-----------------------------+------------+--------------------------------------------------------+------------------------------------------------------------------------------------------------------------+


2. Settings
-----------

2.1 Environment
---------------

+-----------------------+--------------------------+
| Ambient Temp (C)      | 25.0                     |
| ThetaJA (C/W)         | 1.0                      |
| Airflow (LFM)         | 250                      |
| Heat Sink             | medium (Medium Profile)  |
| ThetaSA (C/W)         | 1.5                      |
| Board Selection       | medium (10"x10")         |
| # of Board Layers     | 12to15 (12 to 15 Layers) |
| Board Temperature (C) | 25.0                     |
+-----------------------+--------------------------+


2.2 Clock Constraints
---------------------

+----------+--------------------------------------------------------+-----------------+
| Clock    | Domain                                                 | Constraint (ns) |
+----------+--------------------------------------------------------+-----------------+
| clk_pl_0 | design_1_i/zynq_ultra_ps_e_0/inst/pl_clk_unbuffered[0] |            10.3 |
+----------+--------------------------------------------------------+-----------------+


3. Detailed Reports
-------------------

3.1 By Hierarchy
----------------

+-----------------------+-----------+
| Name                  | Power (W) |
+-----------------------+-----------+
| design_1_wrapper      |     2.296 |
|   design_1_i          |     2.287 |
|     ps8_0_axi_periph  |     0.020 |
|       s00_couplers    |     0.009 |
|       s01_couplers    |     0.009 |
|       xbar            |     0.001 |
|     zynq_ultra_ps_e_0 |     2.266 |
|       inst            |     2.266 |
+-----------------------+-----------+


