20:49:08 **** Build of configuration Debug for project fsbl_a53 ****
make all 
Building file: /home/shubham/Vivado_Exercises/edt_zcu102/edt_zcu102_wrapper_hw_platform_0/psu_init.c
Invoking: ARM v8 gcc compiler
aarch64-none-elf-gcc -DARMA53_64 -DFSBL_DEBUG_INFO -Wall -O0 -g3 -I"/home/shubham/Vivado_Exercises/edt_zcu102/edt_zcu102_wrapper_hw_platform_0" -c -fmessage-length=0 -MT"src/psu_init.o" -Os -flto -ffat-lto-objects -I../../a53_bsp/psu_cortexa53_0/include -MMD -MP -MF"src/psu_init.d" -MT"src/psu_init.o" -o "src/psu_init.o" "/home/shubham/Vivado_Exercises/edt_zcu102/edt_zcu102_wrapper_hw_platform_0/psu_init.c"
Finished building: /home/shubham/Vivado_Exercises/edt_zcu102/edt_zcu102_wrapper_hw_platform_0/psu_init.c
 
Building file: ../src/xfsbl_authentication.c
Invoking: ARM v8 gcc compiler
aarch64-none-elf-gcc -DARMA53_64 -DFSBL_DEBUG_INFO -Wall -O0 -g3 -I"/home/shubham/Vivado_Exercises/edt_zcu102/edt_zcu102_wrapper_hw_platform_0" -c -fmessage-length=0 -MT"src/xfsbl_authentication.o" -Os -flto -ffat-lto-objects -I../../a53_bsp/psu_cortexa53_0/include -MMD -MP -MF"src/xfsbl_authentication.d" -MT"src/xfsbl_authentication.o" -o "src/xfsbl_authentication.o" "../src/xfsbl_authentication.c"
In file included from ../src/xfsbl_main.h:63:0,
                 from ../src/xfsbl_bs.h:61,
                 from ../src/xfsbl_authentication.c:63:
../../a53_bsp/psu_cortexa53_0/include/xtime_l.h:77:9: note: #pragma message: For the sleep routines, Global timer is being used
 #pragma message ("For the sleep routines, Global timer is being used")
         ^~~~~~~
Finished building: ../src/xfsbl_authentication.c
 
Building file: ../src/xfsbl_board.c
Invoking: ARM v8 gcc compiler
aarch64-none-elf-gcc -DARMA53_64 -DFSBL_DEBUG_INFO -Wall -O0 -g3 -I"/home/shubham/Vivado_Exercises/edt_zcu102/edt_zcu102_wrapper_hw_platform_0" -c -fmessage-length=0 -MT"src/xfsbl_board.o" -Os -flto -ffat-lto-objects -I../../a53_bsp/psu_cortexa53_0/include -MMD -MP -MF"src/xfsbl_board.d" -MT"src/xfsbl_board.o" -o "src/xfsbl_board.o" "../src/xfsbl_board.c"
Finished building: ../src/xfsbl_board.c
 
Building file: ../src/xfsbl_bs.c
Invoking: ARM v8 gcc compiler
aarch64-none-elf-gcc -DARMA53_64 -DFSBL_DEBUG_INFO -Wall -O0 -g3 -I"/home/shubham/Vivado_Exercises/edt_zcu102/edt_zcu102_wrapper_hw_platform_0" -c -fmessage-length=0 -MT"src/xfsbl_bs.o" -Os -flto -ffat-lto-objects -I../../a53_bsp/psu_cortexa53_0/include -MMD -MP -MF"src/xfsbl_bs.d" -MT"src/xfsbl_bs.o" -o "src/xfsbl_bs.o" "../src/xfsbl_bs.c"
In file included from ../src/xfsbl_main.h:63:0,
                 from ../src/xfsbl_bs.h:61,
                 from ../src/xfsbl_bs.c:55:
../../a53_bsp/psu_cortexa53_0/include/xtime_l.h:77:9: note: #pragma message: For the sleep routines, Global timer is being used
 #pragma message ("For the sleep routines, Global timer is being used")
         ^~~~~~~
Finished building: ../src/xfsbl_bs.c
 
Building file: ../src/xfsbl_csu_dma.c
Invoking: ARM v8 gcc compiler
aarch64-none-elf-gcc -DARMA53_64 -DFSBL_DEBUG_INFO -Wall -O0 -g3 -I"/home/shubham/Vivado_Exercises/edt_zcu102/edt_zcu102_wrapper_hw_platform_0" -c -fmessage-length=0 -MT"src/xfsbl_csu_dma.o" -Os -flto -ffat-lto-objects -I../../a53_bsp/psu_cortexa53_0/include -MMD -MP -MF"src/xfsbl_csu_dma.d" -MT"src/xfsbl_csu_dma.o" -o "src/xfsbl_csu_dma.o" "../src/xfsbl_csu_dma.c"
Finished building: ../src/xfsbl_csu_dma.c
 
Building file: ../src/xfsbl_ddr_init.c
Invoking: ARM v8 gcc compiler
aarch64-none-elf-gcc -DARMA53_64 -DFSBL_DEBUG_INFO -Wall -O0 -g3 -I"/home/shubham/Vivado_Exercises/edt_zcu102/edt_zcu102_wrapper_hw_platform_0" -c -fmessage-length=0 -MT"src/xfsbl_ddr_init.o" -Os -flto -ffat-lto-objects -I../../a53_bsp/psu_cortexa53_0/include -MMD -MP -MF"src/xfsbl_ddr_init.d" -MT"src/xfsbl_ddr_init.o" -o "src/xfsbl_ddr_init.o" "../src/xfsbl_ddr_init.c"
Finished building: ../src/xfsbl_ddr_init.c
 
Building file: ../src/xfsbl_dfu_util.c
Invoking: ARM v8 gcc compiler
aarch64-none-elf-gcc -DARMA53_64 -DFSBL_DEBUG_INFO -Wall -O0 -g3 -I"/home/shubham/Vivado_Exercises/edt_zcu102/edt_zcu102_wrapper_hw_platform_0" -c -fmessage-length=0 -MT"src/xfsbl_dfu_util.o" -Os -flto -ffat-lto-objects -I../../a53_bsp/psu_cortexa53_0/include -MMD -MP -MF"src/xfsbl_dfu_util.d" -MT"src/xfsbl_dfu_util.o" -o "src/xfsbl_dfu_util.o" "../src/xfsbl_dfu_util.c"
Finished building: ../src/xfsbl_dfu_util.c
 
Building file: ../src/xfsbl_exit.S
Invoking: ARM v8 gcc compiler
aarch64-none-elf-gcc -DARMA53_64 -DFSBL_DEBUG_INFO -Wall -O0 -g3 -I"/home/shubham/Vivado_Exercises/edt_zcu102/edt_zcu102_wrapper_hw_platform_0" -c -fmessage-length=0 -MT"src/xfsbl_exit.o" -Os -flto -ffat-lto-objects -I../../a53_bsp/psu_cortexa53_0/include -MMD -MP -MF"src/xfsbl_exit.d" -MT"src/xfsbl_exit.o" -o "src/xfsbl_exit.o" "../src/xfsbl_exit.S"
Finished building: ../src/xfsbl_exit.S
 
Building file: ../src/xfsbl_handoff.c
Invoking: ARM v8 gcc compiler
aarch64-none-elf-gcc -DARMA53_64 -DFSBL_DEBUG_INFO -Wall -O0 -g3 -I"/home/shubham/Vivado_Exercises/edt_zcu102/edt_zcu102_wrapper_hw_platform_0" -c -fmessage-length=0 -MT"src/xfsbl_handoff.o" -Os -flto -ffat-lto-objects -I../../a53_bsp/psu_cortexa53_0/include -MMD -MP -MF"src/xfsbl_handoff.d" -MT"src/xfsbl_handoff.o" -o "src/xfsbl_handoff.o" "../src/xfsbl_handoff.c"
In file included from ../src/xfsbl_main.h:63:0,
                 from ../src/xfsbl_handoff.c:59:
../../a53_bsp/psu_cortexa53_0/include/xtime_l.h:77:9: note: #pragma message: For the sleep routines, Global timer is being used
 #pragma message ("For the sleep routines, Global timer is being used")
         ^~~~~~~
Finished building: ../src/xfsbl_handoff.c
 
Building file: ../src/xfsbl_hooks.c
Invoking: ARM v8 gcc compiler
aarch64-none-elf-gcc -DARMA53_64 -DFSBL_DEBUG_INFO -Wall -O0 -g3 -I"/home/shubham/Vivado_Exercises/edt_zcu102/edt_zcu102_wrapper_hw_platform_0" -c -fmessage-length=0 -MT"src/xfsbl_hooks.o" -Os -flto -ffat-lto-objects -I../../a53_bsp/psu_cortexa53_0/include -MMD -MP -MF"src/xfsbl_hooks.d" -MT"src/xfsbl_hooks.o" -o "src/xfsbl_hooks.o" "../src/xfsbl_hooks.c"
Finished building: ../src/xfsbl_hooks.c
 
Building file: ../src/xfsbl_image_header.c
Invoking: ARM v8 gcc compiler
aarch64-none-elf-gcc -DARMA53_64 -DFSBL_DEBUG_INFO -Wall -O0 -g3 -I"/home/shubham/Vivado_Exercises/edt_zcu102/edt_zcu102_wrapper_hw_platform_0" -c -fmessage-length=0 -MT"src/xfsbl_image_header.o" -Os -flto -ffat-lto-objects -I../../a53_bsp/psu_cortexa53_0/include -MMD -MP -MF"src/xfsbl_image_header.d" -MT"src/xfsbl_image_header.o" -o "src/xfsbl_image_header.o" "../src/xfsbl_image_header.c"
Finished building: ../src/xfsbl_image_header.c
 
Building file: ../src/xfsbl_initialization.c
Invoking: ARM v8 gcc compiler
aarch64-none-elf-gcc -DARMA53_64 -DFSBL_DEBUG_INFO -Wall -O0 -g3 -I"/home/shubham/Vivado_Exercises/edt_zcu102/edt_zcu102_wrapper_hw_platform_0" -c -fmessage-length=0 -MT"src/xfsbl_initialization.o" -Os -flto -ffat-lto-objects -I../../a53_bsp/psu_cortexa53_0/include -MMD -MP -MF"src/xfsbl_initialization.d" -MT"src/xfsbl_initialization.o" -o "src/xfsbl_initialization.o" "../src/xfsbl_initialization.c"
In file included from ../src/xfsbl_main.h:63:0,
                 from ../src/xfsbl_initialization.c:69:
../../a53_bsp/psu_cortexa53_0/include/xtime_l.h:77:9: note: #pragma message: For the sleep routines, Global timer is being used
 #pragma message ("For the sleep routines, Global timer is being used")
         ^~~~~~~
Finished building: ../src/xfsbl_initialization.c
 
Building file: ../src/xfsbl_main.c
Invoking: ARM v8 gcc compiler
aarch64-none-elf-gcc -DARMA53_64 -DFSBL_DEBUG_INFO -Wall -O0 -g3 -I"/home/shubham/Vivado_Exercises/edt_zcu102/edt_zcu102_wrapper_hw_platform_0" -c -fmessage-length=0 -MT"src/xfsbl_main.o" -Os -flto -ffat-lto-objects -I../../a53_bsp/psu_cortexa53_0/include -MMD -MP -MF"src/xfsbl_main.d" -MT"src/xfsbl_main.o" -o "src/xfsbl_main.o" "../src/xfsbl_main.c"
In file included from ../src/xfsbl_main.h:63:0,
                 from ../src/xfsbl_main.c:54:
../../a53_bsp/psu_cortexa53_0/include/xtime_l.h:77:9: note: #pragma message: For the sleep routines, Global timer is being used
 #pragma message ("For the sleep routines, Global timer is being used")
         ^~~~~~~
Finished building: ../src/xfsbl_main.c
 
Building file: ../src/xfsbl_misc.c
Invoking: ARM v8 gcc compiler
aarch64-none-elf-gcc -DARMA53_64 -DFSBL_DEBUG_INFO -Wall -O0 -g3 -I"/home/shubham/Vivado_Exercises/edt_zcu102/edt_zcu102_wrapper_hw_platform_0" -c -fmessage-length=0 -MT"src/xfsbl_misc.o" -Os -flto -ffat-lto-objects -I../../a53_bsp/psu_cortexa53_0/include -MMD -MP -MF"src/xfsbl_misc.d" -MT"src/xfsbl_misc.o" -o "src/xfsbl_misc.o" "../src/xfsbl_misc.c"
In file included from ../src/xfsbl_main.h:63:0,
                 from ../src/xfsbl_misc.c:53:
../../a53_bsp/psu_cortexa53_0/include/xtime_l.h:77:9: note: #pragma message: For the sleep routines, Global timer is being used
 #pragma message ("For the sleep routines, Global timer is being used")
         ^~~~~~~
Finished building: ../src/xfsbl_misc.c
 
Building file: ../src/xfsbl_misc_drivers.c
Invoking: ARM v8 gcc compiler
aarch64-none-elf-gcc -DARMA53_64 -DFSBL_DEBUG_INFO -Wall -O0 -g3 -I"/home/shubham/Vivado_Exercises/edt_zcu102/edt_zcu102_wrapper_hw_platform_0" -c -fmessage-length=0 -MT"src/xfsbl_misc_drivers.o" -Os -flto -ffat-lto-objects -I../../a53_bsp/psu_cortexa53_0/include -MMD -MP -MF"src/xfsbl_misc_drivers.d" -MT"src/xfsbl_misc_drivers.o" -o "src/xfsbl_misc_drivers.o" "../src/xfsbl_misc_drivers.c"
Finished building: ../src/xfsbl_misc_drivers.c
 
Building file: ../src/xfsbl_nand.c
Invoking: ARM v8 gcc compiler
aarch64-none-elf-gcc -DARMA53_64 -DFSBL_DEBUG_INFO -Wall -O0 -g3 -I"/home/shubham/Vivado_Exercises/edt_zcu102/edt_zcu102_wrapper_hw_platform_0" -c -fmessage-length=0 -MT"src/xfsbl_nand.o" -Os -flto -ffat-lto-objects -I../../a53_bsp/psu_cortexa53_0/include -MMD -MP -MF"src/xfsbl_nand.d" -MT"src/xfsbl_nand.o" -o "src/xfsbl_nand.o" "../src/xfsbl_nand.c"
Finished building: ../src/xfsbl_nand.c
 
Building file: ../src/xfsbl_partition_load.c
Invoking: ARM v8 gcc compiler
aarch64-none-elf-gcc -DARMA53_64 -DFSBL_DEBUG_INFO -Wall -O0 -g3 -I"/home/shubham/Vivado_Exercises/edt_zcu102/edt_zcu102_wrapper_hw_platform_0" -c -fmessage-length=0 -MT"src/xfsbl_partition_load.o" -Os -flto -ffat-lto-objects -I../../a53_bsp/psu_cortexa53_0/include -MMD -MP -MF"src/xfsbl_partition_load.d" -MT"src/xfsbl_partition_load.o" -o "src/xfsbl_partition_load.o" "../src/xfsbl_partition_load.c"
In file included from ../src/xfsbl_main.h:63:0,
                 from ../src/xfsbl_partition_load.c:70:
../../a53_bsp/psu_cortexa53_0/include/xtime_l.h:77:9: note: #pragma message: For the sleep routines, Global timer is being used
 #pragma message ("For the sleep routines, Global timer is being used")
         ^~~~~~~
Finished building: ../src/xfsbl_partition_load.c
 
Building file: ../src/xfsbl_plpartition_valid.c
Invoking: ARM v8 gcc compiler
aarch64-none-elf-gcc -DARMA53_64 -DFSBL_DEBUG_INFO -Wall -O0 -g3 -I"/home/shubham/Vivado_Exercises/edt_zcu102/edt_zcu102_wrapper_hw_platform_0" -c -fmessage-length=0 -MT"src/xfsbl_plpartition_valid.o" -Os -flto -ffat-lto-objects -I../../a53_bsp/psu_cortexa53_0/include -MMD -MP -MF"src/xfsbl_plpartition_valid.d" -MT"src/xfsbl_plpartition_valid.o" -o "src/xfsbl_plpartition_valid.o" "../src/xfsbl_plpartition_valid.c"
In file included from ../src/xfsbl_main.h:63:0,
                 from ../src/xfsbl_authentication.h:64,
                 from ../src/xfsbl_plpartition_valid.h:58,
                 from ../src/xfsbl_plpartition_valid.c:73:
../../a53_bsp/psu_cortexa53_0/include/xtime_l.h:77:9: note: #pragma message: For the sleep routines, Global timer is being used
 #pragma message ("For the sleep routines, Global timer is being used")
         ^~~~~~~
Finished building: ../src/xfsbl_plpartition_valid.c
 
Building file: ../src/xfsbl_qspi.c
Invoking: ARM v8 gcc compiler
aarch64-none-elf-gcc -DARMA53_64 -DFSBL_DEBUG_INFO -Wall -O0 -g3 -I"/home/shubham/Vivado_Exercises/edt_zcu102/edt_zcu102_wrapper_hw_platform_0" -c -fmessage-length=0 -MT"src/xfsbl_qspi.o" -Os -flto -ffat-lto-objects -I../../a53_bsp/psu_cortexa53_0/include -MMD -MP -MF"src/xfsbl_qspi.d" -MT"src/xfsbl_qspi.o" -o "src/xfsbl_qspi.o" "../src/xfsbl_qspi.c"
Finished building: ../src/xfsbl_qspi.c
 
Building file: ../src/xfsbl_rsa_sha.c
Invoking: ARM v8 gcc compiler
aarch64-none-elf-gcc -DARMA53_64 -DFSBL_DEBUG_INFO -Wall -O0 -g3 -I"/home/shubham/Vivado_Exercises/edt_zcu102/edt_zcu102_wrapper_hw_platform_0" -c -fmessage-length=0 -MT"src/xfsbl_rsa_sha.o" -Os -flto -ffat-lto-objects -I../../a53_bsp/psu_cortexa53_0/include -MMD -MP -MF"src/xfsbl_rsa_sha.d" -MT"src/xfsbl_rsa_sha.o" -o "src/xfsbl_rsa_sha.o" "../src/xfsbl_rsa_sha.c"
In file included from ../src/xfsbl_main.h:63:0,
                 from ../src/xfsbl_authentication.h:64,
                 from ../src/xfsbl_rsa_sha.c:54:
../../a53_bsp/psu_cortexa53_0/include/xtime_l.h:77:9: note: #pragma message: For the sleep routines, Global timer is being used
 #pragma message ("For the sleep routines, Global timer is being used")
         ^~~~~~~
Finished building: ../src/xfsbl_rsa_sha.c
 
Building file: ../src/xfsbl_sd.c
Invoking: ARM v8 gcc compiler
aarch64-none-elf-gcc -DARMA53_64 -DFSBL_DEBUG_INFO -Wall -O0 -g3 -I"/home/shubham/Vivado_Exercises/edt_zcu102/edt_zcu102_wrapper_hw_platform_0" -c -fmessage-length=0 -MT"src/xfsbl_sd.o" -Os -flto -ffat-lto-objects -I../../a53_bsp/psu_cortexa53_0/include -MMD -MP -MF"src/xfsbl_sd.d" -MT"src/xfsbl_sd.o" -o "src/xfsbl_sd.o" "../src/xfsbl_sd.c"
In file included from ../src/xfsbl_main.h:63:0,
                 from ../src/xfsbl_sd.c:51:
../../a53_bsp/psu_cortexa53_0/include/xtime_l.h:77:9: note: #pragma message: For the sleep routines, Global timer is being used
 #pragma message ("For the sleep routines, Global timer is being used")
         ^~~~~~~
Finished building: ../src/xfsbl_sd.c
 
Building file: ../src/xfsbl_translation_table.S
Invoking: ARM v8 gcc compiler
aarch64-none-elf-gcc -DARMA53_64 -DFSBL_DEBUG_INFO -Wall -O0 -g3 -I"/home/shubham/Vivado_Exercises/edt_zcu102/edt_zcu102_wrapper_hw_platform_0" -c -fmessage-length=0 -MT"src/xfsbl_translation_table.o" -Os -flto -ffat-lto-objects -I../../a53_bsp/psu_cortexa53_0/include -MMD -MP -MF"src/xfsbl_translation_table.d" -MT"src/xfsbl_translation_table.o" -o "src/xfsbl_translation_table.o" "../src/xfsbl_translation_table.S"
Finished building: ../src/xfsbl_translation_table.S
 
Building file: ../src/xfsbl_usb.c
Invoking: ARM v8 gcc compiler
aarch64-none-elf-gcc -DARMA53_64 -DFSBL_DEBUG_INFO -Wall -O0 -g3 -I"/home/shubham/Vivado_Exercises/edt_zcu102/edt_zcu102_wrapper_hw_platform_0" -c -fmessage-length=0 -MT"src/xfsbl_usb.o" -Os -flto -ffat-lto-objects -I../../a53_bsp/psu_cortexa53_0/include -MMD -MP -MF"src/xfsbl_usb.d" -MT"src/xfsbl_usb.o" -o "src/xfsbl_usb.o" "../src/xfsbl_usb.c"
Finished building: ../src/xfsbl_usb.c
 
Building target: fsbl_a53.elf
Invoking: ARM v8 gcc linker
aarch64-none-elf-gcc -Wl,-T -Wl,../src/lscript.ld -L../../a53_bsp/psu_cortexa53_0/lib -o "fsbl_a53.elf"  ./src/psu_init.o ./src/xfsbl_authentication.o ./src/xfsbl_board.o ./src/xfsbl_bs.o ./src/xfsbl_csu_dma.o ./src/xfsbl_ddr_init.o ./src/xfsbl_dfu_util.o ./src/xfsbl_exit.o ./src/xfsbl_handoff.o ./src/xfsbl_hooks.o ./src/xfsbl_image_header.o ./src/xfsbl_initialization.o ./src/xfsbl_main.o ./src/xfsbl_misc.o ./src/xfsbl_misc_drivers.o ./src/xfsbl_nand.o ./src/xfsbl_partition_load.o ./src/xfsbl_plpartition_valid.o ./src/xfsbl_qspi.o ./src/xfsbl_rsa_sha.o ./src/xfsbl_sd.o ./src/xfsbl_translation_table.o ./src/xfsbl_usb.o   -Wl,--start-group,-lxil,-lgcc,-lc,--end-group -Wl,--start-group,-lxilffs,-lxil,-lgcc,-lc,--end-group -Wl,--start-group,-lxilsecure,-lxil,-lgcc,-lc,--end-group -Wl,--start-group,-lxilpm,-lxil,-lgcc,-lc,--end-group -n
Finished building target: fsbl_a53.elf
 
Invoking: ARM v8 Print Size
aarch64-none-elf-size fsbl_a53.elf  |tee "fsbl_a53.elf.size"
   text	   data	    bss	    dec	    hex	filename
 110804	   4848	  87416	 203068	  3193c	fsbl_a53.elf
Finished building: fsbl_a53.elf.size
 

20:49:14 Build Finished (took 6s.119ms)

