18:14:15 **** Incremental Build of configuration Debug for project tmr_psled_r5 ****
make all 
make: Nothing to be done for 'all'.
18:18:26 **** Auto Build of project r5_bsp ****
make -k all 
Running Make include in psu_cortexr5_0/libsrc/sdps_v3_6/src
make -C psu_cortexr5_0/libsrc/sdps_v3_6/src -s include  "SHELL=/bin/sh" "COMPILER=armr5-none-eabi-gcc" "ARCHIVER=armr5-none-eabi-ar" "COMPILER_FLAGS=  -O2 -c -mcpu=cortex-r5" "EXTRA_COMPILER_FLAGS=-g -DARMR5 -Wall -Wextra -mfloat-abi=hard -mfpu=vfpv3-d16 -Os -flto -ffat-lto-objects"
Running Make include in psu_cortexr5_0/libsrc/tmrctr_v4_5/src
make -C psu_cortexr5_0/libsrc/tmrctr_v4_5/src -s include  "SHELL=/bin/sh" "COMPILER=armr5-none-eabi-gcc" "ARCHIVER=armr5-none-eabi-ar" "COMPILER_FLAGS=  -O2 -c -mcpu=cortex-r5" "EXTRA_COMPILER_FLAGS=-g -DARMR5 -Wall -Wextra -mfloat-abi=hard -mfpu=vfpv3-d16 -Os -flto -ffat-lto-objects"
Running Make include in psu_cortexr5_0/libsrc/standalone_v6_8/src
make -C psu_cortexr5_0/libsrc/standalone_v6_8/src -s include  "SHELL=/bin/sh" "COMPILER=armr5-none-eabi-gcc" "ARCHIVER=armr5-none-eabi-ar" "COMPILER_FLAGS=  -O2 -c -mcpu=cortex-r5" "EXTRA_COMPILER_FLAGS=-g -DARMR5 -Wall -Wextra -mfloat-abi=hard -mfpu=vfpv3-d16 -Os -flto -ffat-lto-objects"
Running Make include in psu_cortexr5_0/libsrc/xilsecure_v3_2/src
make -C psu_cortexr5_0/libsrc/xilsecure_v3_2/src -s include  "SHELL=/bin/sh" "COMPILER=armr5-none-eabi-gcc" "ARCHIVER=armr5-none-eabi-ar" "COMPILER_FLAGS=  -O2 -c -mcpu=cortex-r5" "EXTRA_COMPILER_FLAGS=-g -DARMR5 -Wall -Wextra -mfloat-abi=hard -mfpu=vfpv3-d16 -Os -flto -ffat-lto-objects"
Running Make include in psu_cortexr5_0/libsrc/csudma_v1_3/src
make -C psu_cortexr5_0/libsrc/csudma_v1_3/src -s include  "SHELL=/bin/sh" "COMPILER=armr5-none-eabi-gcc" "ARCHIVER=armr5-none-eabi-ar" "COMPILER_FLAGS=  -O2 -c -mcpu=cortex-r5" "EXTRA_COMPILER_FLAGS=-g -DARMR5 -Wall -Wextra -mfloat-abi=hard -mfpu=vfpv3-d16 -Os -flto -ffat-lto-objects"
Running Make include in psu_cortexr5_0/libsrc/ipipsu_v2_4/src
make -C psu_cortexr5_0/libsrc/ipipsu_v2_4/src -s include  "SHELL=/bin/sh" "COMPILER=armr5-none-eabi-gcc" "ARCHIVER=armr5-none-eabi-ar" "COMPILER_FLAGS=  -O2 -c -mcpu=cortex-r5" "EXTRA_COMPILER_FLAGS=-g -DARMR5 -Wall -Wextra -mfloat-abi=hard -mfpu=vfpv3-d16 -Os -flto -ffat-lto-objects"
Running Make include in psu_cortexr5_0/libsrc/emacps_v3_8/src
make -C psu_cortexr5_0/libsrc/emacps_v3_8/src -s include  "SHELL=/bin/sh" "COMPILER=armr5-none-eabi-gcc" "ARCHIVER=armr5-none-eabi-ar" "COMPILER_FLAGS=  -O2 -c -mcpu=cortex-r5" "EXTRA_COMPILER_FLAGS=-g -DARMR5 -Wall -Wextra -mfloat-abi=hard -mfpu=vfpv3-d16 -Os -flto -ffat-lto-objects"
Running Make include in psu_cortexr5_0/libsrc/ttcps_v3_7/src
make -C psu_cortexr5_0/libsrc/ttcps_v3_7/src -s include  "SHELL=/bin/sh" "COMPILER=armr5-none-eabi-gcc" "ARCHIVER=armr5-none-eabi-ar" "COMPILER_FLAGS=  -O2 -c -mcpu=cortex-r5" "EXTRA_COMPILER_FLAGS=-g -DARMR5 -Wall -Wextra -mfloat-abi=hard -mfpu=vfpv3-d16 -Os -flto -ffat-lto-objects"
Running Make include in psu_cortexr5_0/libsrc/resetps_v1_2/src
make -C psu_cortexr5_0/libsrc/resetps_v1_2/src -s include  "SHELL=/bin/sh" "COMPILER=armr5-none-eabi-gcc" "ARCHIVER=armr5-none-eabi-ar" "COMPILER_FLAGS=  -O2 -c -mcpu=cortex-r5" "EXTRA_COMPILER_FLAGS=-g -DARMR5 -Wall -Wextra -mfloat-abi=hard -mfpu=vfpv3-d16 -Os -flto -ffat-lto-objects"
Running Make include in psu_cortexr5_0/libsrc/axipmon_v6_7/src
make -C psu_cortexr5_0/libsrc/axipmon_v6_7/src -s include  "SHELL=/bin/sh" "COMPILER=armr5-none-eabi-gcc" "ARCHIVER=armr5-none-eabi-ar" "COMPILER_FLAGS=  -O2 -c -mcpu=cortex-r5" "EXTRA_COMPILER_FLAGS=-g -DARMR5 -Wall -Wextra -mfloat-abi=hard -mfpu=vfpv3-d16 -Os -flto -ffat-lto-objects"
Running Make include in psu_cortexr5_0/libsrc/xilffs_v4_0/src
make -C psu_cortexr5_0/libsrc/xilffs_v4_0/src -s include  "SHELL=/bin/sh" "COMPILER=armr5-none-eabi-gcc" "ARCHIVER=armr5-none-eabi-ar" "COMPILER_FLAGS=  -O2 -c -mcpu=cortex-r5" "EXTRA_COMPILER_FLAGS=-g -DARMR5 -Wall -Wextra -mfloat-abi=hard -mfpu=vfpv3-d16 -Os -flto -ffat-lto-objects"
Running Make include in psu_cortexr5_0/libsrc/avbuf_v2_2/src
make -C psu_cortexr5_0/libsrc/avbuf_v2_2/src -s include  "SHELL=/bin/sh" "COMPILER=armr5-none-eabi-gcc" "ARCHIVER=armr5-none-eabi-ar" "COMPILER_FLAGS=  -O2 -c -mcpu=cortex-r5" "EXTRA_COMPILER_FLAGS=-g -DARMR5 -Wall -Wextra -mfloat-abi=hard -mfpu=vfpv3-d16 -Os -flto -ffat-lto-objects"
Running Make include in psu_cortexr5_0/libsrc/dpdma_v1_1/src
make -C psu_cortexr5_0/libsrc/dpdma_v1_1/src -s include  "SHELL=/bin/sh" "COMPILER=armr5-none-eabi-gcc" "ARCHIVER=armr5-none-eabi-ar" "COMPILER_FLAGS=  -O2 -c -mcpu=cortex-r5" "EXTRA_COMPILER_FLAGS=-g -DARMR5 -Wall -Wextra -mfloat-abi=hard -mfpu=vfpv3-d16 -Os -flto -ffat-lto-objects"
Running Make include in psu_cortexr5_0/libsrc/iicps_v3_8/src
make -C psu_cortexr5_0/libsrc/iicps_v3_8/src -s include  "SHELL=/bin/sh" "COMPILER=armr5-none-eabi-gcc" "ARCHIVER=armr5-none-eabi-ar" "COMPILER_FLAGS=  -O2 -c -mcpu=cortex-r5" "EXTRA_COMPILER_FLAGS=-g -DARMR5 -Wall -Wextra -mfloat-abi=hard -mfpu=vfpv3-d16 -Os -flto -ffat-lto-objects"
Running Make include in psu_cortexr5_0/libsrc/canps_v3_2/src
make -C psu_cortexr5_0/libsrc/canps_v3_2/src -s include  "SHELL=/bin/sh" "COMPILER=armr5-none-eabi-gcc" "ARCHIVER=armr5-none-eabi-ar" "COMPILER_FLAGS=  -O2 -c -mcpu=cortex-r5" "EXTRA_COMPILER_FLAGS=-g -DARMR5 -Wall -Wextra -mfloat-abi=hard -mfpu=vfpv3-d16 -Os -flto -ffat-lto-objects"
Running Make include in psu_cortexr5_0/libsrc/xilpm_v2_4/src
make -C psu_cortexr5_0/libsrc/xilpm_v2_4/src -s include  "SHELL=/bin/sh" "COMPILER=armr5-none-eabi-gcc" "ARCHIVER=armr5-none-eabi-ar" "COMPILER_FLAGS=  -O2 -c -mcpu=cortex-r5" "EXTRA_COMPILER_FLAGS=-g -DARMR5 -Wall -Wextra -mfloat-abi=hard -mfpu=vfpv3-d16 -Os -flto -ffat-lto-objects"
Include files for this library have already been copied.
Running Make include in psu_cortexr5_0/libsrc/scugic_v3_10/src
make -C psu_cortexr5_0/libsrc/scugic_v3_10/src -s include  "SHELL=/bin/sh" "COMPILER=armr5-none-eabi-gcc" "ARCHIVER=armr5-none-eabi-ar" "COMPILER_FLAGS=  -O2 -c -mcpu=cortex-r5" "EXTRA_COMPILER_FLAGS=-g -DARMR5 -Wall -Wextra -mfloat-abi=hard -mfpu=vfpv3-d16 -Os -flto -ffat-lto-objects"
Running Make include in psu_cortexr5_0/libsrc/sysmonpsu_v2_5/src
make -C psu_cortexr5_0/libsrc/sysmonpsu_v2_5/src -s include  "SHELL=/bin/sh" "COMPILER=armr5-none-eabi-gcc" "ARCHIVER=armr5-none-eabi-ar" "COMPILER_FLAGS=  -O2 -c -mcpu=cortex-r5" "EXTRA_COMPILER_FLAGS=-g -DARMR5 -Wall -Wextra -mfloat-abi=hard -mfpu=vfpv3-d16 -Os -flto -ffat-lto-objects"
Running Make include in psu_cortexr5_0/libsrc/ddrcpsu_v1_1/src
make -C psu_cortexr5_0/libsrc/ddrcpsu_v1_1/src -s include  "SHELL=/bin/sh" "COMPILER=armr5-none-eabi-gcc" "ARCHIVER=armr5-none-eabi-ar" "COMPILER_FLAGS=  -O2 -c -mcpu=cortex-r5" "EXTRA_COMPILER_FLAGS=-g -DARMR5 -Wall -Wextra -mfloat-abi=hard -mfpu=vfpv3-d16 -Os -flto -ffat-lto-objects"
Running Make include in psu_cortexr5_0/libsrc/video_common_v4_5/src
make -C psu_cortexr5_0/libsrc/video_common_v4_5/src -s include  "SHELL=/bin/sh" "COMPILER=armr5-none-eabi-gcc" "ARCHIVER=armr5-none-eabi-ar" "COMPILER_FLAGS=  -O2 -c -mcpu=cortex-r5" "EXTRA_COMPILER_FLAGS=-g -DARMR5 -Wall -Wextra -mfloat-abi=hard -mfpu=vfpv3-d16 -Os -flto -ffat-lto-objects"
Running Make include in psu_cortexr5_0/libsrc/gpiops_v3_4/src
make -C psu_cortexr5_0/libsrc/gpiops_v3_4/src -s include  "SHELL=/bin/sh" "COMPILER=armr5-none-eabi-gcc" "ARCHIVER=armr5-none-eabi-ar" "COMPILER_FLAGS=  -O2 -c -mcpu=cortex-r5" "EXTRA_COMPILER_FLAGS=-g -DARMR5 -Wall -Wextra -mfloat-abi=hard -mfpu=vfpv3-d16 -Os -flto -ffat-lto-objects"
Running Make include in psu_cortexr5_0/libsrc/gpio_v4_3/src
make -C psu_cortexr5_0/libsrc/gpio_v4_3/src -s include  "SHELL=/bin/sh" "COMPILER=armr5-none-eabi-gcc" "ARCHIVER=armr5-none-eabi-ar" "COMPILER_FLAGS=  -O2 -c -mcpu=cortex-r5" "EXTRA_COMPILER_FLAGS=-g -DARMR5 -Wall -Wextra -mfloat-abi=hard -mfpu=vfpv3-d16 -Os -flto -ffat-lto-objects"
Running Make include in psu_cortexr5_0/libsrc/uartps_v3_7/src
make -C psu_cortexr5_0/libsrc/uartps_v3_7/src -s include  "SHELL=/bin/sh" "COMPILER=armr5-none-eabi-gcc" "ARCHIVER=armr5-none-eabi-ar" "COMPILER_FLAGS=  -O2 -c -mcpu=cortex-r5" "EXTRA_COMPILER_FLAGS=-g -DARMR5 -Wall -Wextra -mfloat-abi=hard -mfpu=vfpv3-d16 -Os -flto -ffat-lto-objects"
Running Make include in psu_cortexr5_0/libsrc/qspipsu_v1_8/src
make -C psu_cortexr5_0/libsrc/qspipsu_v1_8/src -s include  "SHELL=/bin/sh" "COMPILER=armr5-none-eabi-gcc" "ARCHIVER=armr5-none-eabi-ar" "COMPILER_FLAGS=  -O2 -c -mcpu=cortex-r5" "EXTRA_COMPILER_FLAGS=-g -DARMR5 -Wall -Wextra -mfloat-abi=hard -mfpu=vfpv3-d16 -Os -flto -ffat-lto-objects"
Running Make include in psu_cortexr5_0/libsrc/cpu_cortexr5_v1_4/src
make -C psu_cortexr5_0/libsrc/cpu_cortexr5_v1_4/src -s include  "SHELL=/bin/sh" "COMPILER=armr5-none-eabi-gcc" "ARCHIVER=armr5-none-eabi-ar" "COMPILER_FLAGS=  -O2 -c -mcpu=cortex-r5" "EXTRA_COMPILER_FLAGS=-g -DARMR5 -Wall -Wextra -mfloat-abi=hard -mfpu=vfpv3-d16 -Os -flto -ffat-lto-objects"
Running Make include in psu_cortexr5_0/libsrc/rtcpsu_v1_6/src
make -C psu_cortexr5_0/libsrc/rtcpsu_v1_6/src -s include  "SHELL=/bin/sh" "COMPILER=armr5-none-eabi-gcc" "ARCHIVER=armr5-none-eabi-ar" "COMPILER_FLAGS=  -O2 -c -mcpu=cortex-r5" "EXTRA_COMPILER_FLAGS=-g -DARMR5 -Wall -Wextra -mfloat-abi=hard -mfpu=vfpv3-d16 -Os -flto -ffat-lto-objects"
Running Make include in psu_cortexr5_0/libsrc/pciepsu_v1_0/src
make -C psu_cortexr5_0/libsrc/pciepsu_v1_0/src -s include  "SHELL=/bin/sh" "COMPILER=armr5-none-eabi-gcc" "ARCHIVER=armr5-none-eabi-ar" "COMPILER_FLAGS=  -O2 -c -mcpu=cortex-r5" "EXTRA_COMPILER_FLAGS=-g -DARMR5 -Wall -Wextra -mfloat-abi=hard -mfpu=vfpv3-d16 -Os -flto -ffat-lto-objects"
Running Make include in psu_cortexr5_0/libsrc/clockps_v1_0/src
make -C psu_cortexr5_0/libsrc/clockps_v1_0/src -s include  "SHELL=/bin/sh" "COMPILER=armr5-none-eabi-gcc" "ARCHIVER=armr5-none-eabi-ar" "COMPILER_FLAGS=  -O2 -c -mcpu=cortex-r5" "EXTRA_COMPILER_FLAGS=-g -DARMR5 -Wall -Wextra -mfloat-abi=hard -mfpu=vfpv3-d16 -Os -flto -ffat-lto-objects"
Running Make include in psu_cortexr5_0/libsrc/zdma_v1_6/src
make -C psu_cortexr5_0/libsrc/zdma_v1_6/src -s include  "SHELL=/bin/sh" "COMPILER=armr5-none-eabi-gcc" "ARCHIVER=armr5-none-eabi-ar" "COMPILER_FLAGS=  -O2 -c -mcpu=cortex-r5" "EXTRA_COMPILER_FLAGS=-g -DARMR5 -Wall -Wextra -mfloat-abi=hard -mfpu=vfpv3-d16 -Os -flto -ffat-lto-objects"
Running Make include in psu_cortexr5_0/libsrc/coresightps_dcc_v1_4/src
make -C psu_cortexr5_0/libsrc/coresightps_dcc_v1_4/src -s include  "SHELL=/bin/sh" "COMPILER=armr5-none-eabi-gcc" "ARCHIVER=armr5-none-eabi-ar" "COMPILER_FLAGS=  -O2 -c -mcpu=cortex-r5" "EXTRA_COMPILER_FLAGS=-g -DARMR5 -Wall -Wextra -mfloat-abi=hard -mfpu=vfpv3-d16 -Os -flto -ffat-lto-objects"
Running Make include in psu_cortexr5_0/libsrc/usbpsu_v1_4/src
make -C psu_cortexr5_0/libsrc/usbpsu_v1_4/src -s include  "SHELL=/bin/sh" "COMPILER=armr5-none-eabi-gcc" "ARCHIVER=armr5-none-eabi-ar" "COMPILER_FLAGS=  -O2 -c -mcpu=cortex-r5" "EXTRA_COMPILER_FLAGS=-g -DARMR5 -Wall -Wextra -mfloat-abi=hard -mfpu=vfpv3-d16 -Os -flto -ffat-lto-objects"
Running Make include in psu_cortexr5_0/libsrc/wdtps_v3_1/src
make -C psu_cortexr5_0/libsrc/wdtps_v3_1/src -s include  "SHELL=/bin/sh" "COMPILER=armr5-none-eabi-gcc" "ARCHIVER=armr5-none-eabi-ar" "COMPILER_FLAGS=  -O2 -c -mcpu=cortex-r5" "EXTRA_COMPILER_FLAGS=-g -DARMR5 -Wall -Wextra -mfloat-abi=hard -mfpu=vfpv3-d16 -Os -flto -ffat-lto-objects"
Running Make libs in psu_cortexr5_0/libsrc/sdps_v3_6/src
make -C psu_cortexr5_0/libsrc/sdps_v3_6/src -s libs  "SHELL=/bin/sh" "COMPILER=armr5-none-eabi-gcc" "ARCHIVER=armr5-none-eabi-ar" "COMPILER_FLAGS=  -O2 -c -mcpu=cortex-r5" "EXTRA_COMPILER_FLAGS=-g -DARMR5 -Wall -Wextra -mfloat-abi=hard -mfpu=vfpv3-d16 -Os -flto -ffat-lto-objects"
Compiling sdps
Running Make libs in psu_cortexr5_0/libsrc/tmrctr_v4_5/src
make -C psu_cortexr5_0/libsrc/tmrctr_v4_5/src -s libs  "SHELL=/bin/sh" "COMPILER=armr5-none-eabi-gcc" "ARCHIVER=armr5-none-eabi-ar" "COMPILER_FLAGS=  -O2 -c -mcpu=cortex-r5" "EXTRA_COMPILER_FLAGS=-g -DARMR5 -Wall -Wextra -mfloat-abi=hard -mfpu=vfpv3-d16 -Os -flto -ffat-lto-objects"
Compiling tmrctr
Running Make libs in psu_cortexr5_0/libsrc/standalone_v6_8/src
make -C psu_cortexr5_0/libsrc/standalone_v6_8/src -s libs  "SHELL=/bin/sh" "COMPILER=armr5-none-eabi-gcc" "ARCHIVER=armr5-none-eabi-ar" "COMPILER_FLAGS=  -O2 -c -mcpu=cortex-r5" "EXTRA_COMPILER_FLAGS=-g -DARMR5 -Wall -Wextra -mfloat-abi=hard -mfpu=vfpv3-d16 -Os -flto -ffat-lto-objects"
Compiling standalone R5
In file included from xtime_l.c:63:0:
xtime_l.h:78:9: note: #pragma message: For the sleep routines, TTC3 is used if present else the assembly instructions are called
 #pragma message ("For the sleep routines, TTC3 is used if present else the assembly instructions are called")
         ^~~~~~~
In file included from xil_sleeptimer.c:51:0:
xtime_l.h:78:9: note: #pragma message: For the sleep routines, TTC3 is used if present else the assembly instructions are called
 #pragma message ("For the sleep routines, TTC3 is used if present else the assembly instructions are called")
         ^~~~~~~
In file included from sleep.c:59:0:
xtime_l.h:78:9: note: #pragma message: For the sleep routines, TTC3 is used if present else the assembly instructions are called
 #pragma message ("For the sleep routines, TTC3 is used if present else the assembly instructions are called")
         ^~~~~~~
In file included from usleep.c:61:0:
xtime_l.h:78:9: note: #pragma message: For the sleep routines, TTC3 is used if present else the assembly instructions are called
 #pragma message ("For the sleep routines, TTC3 is used if present else the assembly instructions are called")
         ^~~~~~~
Running Make libs in psu_cortexr5_0/libsrc/xilsecure_v3_2/src
make -C psu_cortexr5_0/libsrc/xilsecure_v3_2/src -s libs  "SHELL=/bin/sh" "COMPILER=armr5-none-eabi-gcc" "ARCHIVER=armr5-none-eabi-ar" "COMPILER_FLAGS=  -O2 -c -mcpu=cortex-r5" "EXTRA_COMPILER_FLAGS=-g -DARMR5 -Wall -Wextra -mfloat-abi=hard -mfpu=vfpv3-d16 -Os -flto -ffat-lto-objects"
Compiling XilSecure Library
Running Make libs in psu_cortexr5_0/libsrc/csudma_v1_3/src
make -C psu_cortexr5_0/libsrc/csudma_v1_3/src -s libs  "SHELL=/bin/sh" "COMPILER=armr5-none-eabi-gcc" "ARCHIVER=armr5-none-eabi-ar" "COMPILER_FLAGS=  -O2 -c -mcpu=cortex-r5" "EXTRA_COMPILER_FLAGS=-g -DARMR5 -Wall -Wextra -mfloat-abi=hard -mfpu=vfpv3-d16 -Os -flto -ffat-lto-objects"
Compiling csudma
Running Make libs in psu_cortexr5_0/libsrc/ipipsu_v2_4/src
make -C psu_cortexr5_0/libsrc/ipipsu_v2_4/src -s libs  "SHELL=/bin/sh" "COMPILER=armr5-none-eabi-gcc" "ARCHIVER=armr5-none-eabi-ar" "COMPILER_FLAGS=  -O2 -c -mcpu=cortex-r5" "EXTRA_COMPILER_FLAGS=-g -DARMR5 -Wall -Wextra -mfloat-abi=hard -mfpu=vfpv3-d16 -Os -flto -ffat-lto-objects"
Compiling ipipsu
Running Make libs in psu_cortexr5_0/libsrc/emacps_v3_8/src
make -C psu_cortexr5_0/libsrc/emacps_v3_8/src -s libs  "SHELL=/bin/sh" "COMPILER=armr5-none-eabi-gcc" "ARCHIVER=armr5-none-eabi-ar" "COMPILER_FLAGS=  -O2 -c -mcpu=cortex-r5" "EXTRA_COMPILER_FLAGS=-g -DARMR5 -Wall -Wextra -mfloat-abi=hard -mfpu=vfpv3-d16 -Os -flto -ffat-lto-objects"
Compiling emacps
Running Make libs in psu_cortexr5_0/libsrc/ttcps_v3_7/src
make -C psu_cortexr5_0/libsrc/ttcps_v3_7/src -s libs  "SHELL=/bin/sh" "COMPILER=armr5-none-eabi-gcc" "ARCHIVER=armr5-none-eabi-ar" "COMPILER_FLAGS=  -O2 -c -mcpu=cortex-r5" "EXTRA_COMPILER_FLAGS=-g -DARMR5 -Wall -Wextra -mfloat-abi=hard -mfpu=vfpv3-d16 -Os -flto -ffat-lto-objects"
Compiling ttcps
Running Make libs in psu_cortexr5_0/libsrc/resetps_v1_2/src
make -C psu_cortexr5_0/libsrc/resetps_v1_2/src -s libs  "SHELL=/bin/sh" "COMPILER=armr5-none-eabi-gcc" "ARCHIVER=armr5-none-eabi-ar" "COMPILER_FLAGS=  -O2 -c -mcpu=cortex-r5" "EXTRA_COMPILER_FLAGS=-g -DARMR5 -Wall -Wextra -mfloat-abi=hard -mfpu=vfpv3-d16 -Os -flto -ffat-lto-objects"
Compiling resetps
Running Make libs in psu_cortexr5_0/libsrc/axipmon_v6_7/src
make -C psu_cortexr5_0/libsrc/axipmon_v6_7/src -s libs  "SHELL=/bin/sh" "COMPILER=armr5-none-eabi-gcc" "ARCHIVER=armr5-none-eabi-ar" "COMPILER_FLAGS=  -O2 -c -mcpu=cortex-r5" "EXTRA_COMPILER_FLAGS=-g -DARMR5 -Wall -Wextra -mfloat-abi=hard -mfpu=vfpv3-d16 -Os -flto -ffat-lto-objects"
Compiling axipmon
Running Make libs in psu_cortexr5_0/libsrc/xilffs_v4_0/src
make -C psu_cortexr5_0/libsrc/xilffs_v4_0/src -s libs  "SHELL=/bin/sh" "COMPILER=armr5-none-eabi-gcc" "ARCHIVER=armr5-none-eabi-ar" "COMPILER_FLAGS=  -O2 -c -mcpu=cortex-r5" "EXTRA_COMPILER_FLAGS=-g -DARMR5 -Wall -Wextra -mfloat-abi=hard -mfpu=vfpv3-d16 -Os -flto -ffat-lto-objects"
Compiling XilFFs Library
Running Make libs in psu_cortexr5_0/libsrc/avbuf_v2_2/src
make -C psu_cortexr5_0/libsrc/avbuf_v2_2/src -s libs  "SHELL=/bin/sh" "COMPILER=armr5-none-eabi-gcc" "ARCHIVER=armr5-none-eabi-ar" "COMPILER_FLAGS=  -O2 -c -mcpu=cortex-r5" "EXTRA_COMPILER_FLAGS=-g -DARMR5 -Wall -Wextra -mfloat-abi=hard -mfpu=vfpv3-d16 -Os -flto -ffat-lto-objects"
Compiling avbuf
Running Make libs in psu_cortexr5_0/libsrc/dpdma_v1_1/src
make -C psu_cortexr5_0/libsrc/dpdma_v1_1/src -s libs  "SHELL=/bin/sh" "COMPILER=armr5-none-eabi-gcc" "ARCHIVER=armr5-none-eabi-ar" "COMPILER_FLAGS=  -O2 -c -mcpu=cortex-r5" "EXTRA_COMPILER_FLAGS=-g -DARMR5 -Wall -Wextra -mfloat-abi=hard -mfpu=vfpv3-d16 -Os -flto -ffat-lto-objects"
Compiling dpdma
Running Make libs in psu_cortexr5_0/libsrc/iicps_v3_8/src
make -C psu_cortexr5_0/libsrc/iicps_v3_8/src -s libs  "SHELL=/bin/sh" "COMPILER=armr5-none-eabi-gcc" "ARCHIVER=armr5-none-eabi-ar" "COMPILER_FLAGS=  -O2 -c -mcpu=cortex-r5" "EXTRA_COMPILER_FLAGS=-g -DARMR5 -Wall -Wextra -mfloat-abi=hard -mfpu=vfpv3-d16 -Os -flto -ffat-lto-objects"
Compiling iicps
Running Make libs in psu_cortexr5_0/libsrc/canps_v3_2/src
make -C psu_cortexr5_0/libsrc/canps_v3_2/src -s libs  "SHELL=/bin/sh" "COMPILER=armr5-none-eabi-gcc" "ARCHIVER=armr5-none-eabi-ar" "COMPILER_FLAGS=  -O2 -c -mcpu=cortex-r5" "EXTRA_COMPILER_FLAGS=-g -DARMR5 -Wall -Wextra -mfloat-abi=hard -mfpu=vfpv3-d16 -Os -flto -ffat-lto-objects"
Compiling canps
Running Make libs in psu_cortexr5_0/libsrc/xilpm_v2_4/src
make -C psu_cortexr5_0/libsrc/xilpm_v2_4/src -s libs  "SHELL=/bin/sh" "COMPILER=armr5-none-eabi-gcc" "ARCHIVER=armr5-none-eabi-ar" "COMPILER_FLAGS=  -O2 -c -mcpu=cortex-r5" "EXTRA_COMPILER_FLAGS=-g -DARMR5 -Wall -Wextra -mfloat-abi=hard -mfpu=vfpv3-d16 -Os -flto -ffat-lto-objects"
Compiling xilpm library
Running Make libs in psu_cortexr5_0/libsrc/scugic_v3_10/src
make -C psu_cortexr5_0/libsrc/scugic_v3_10/src -s libs  "SHELL=/bin/sh" "COMPILER=armr5-none-eabi-gcc" "ARCHIVER=armr5-none-eabi-ar" "COMPILER_FLAGS=  -O2 -c -mcpu=cortex-r5" "EXTRA_COMPILER_FLAGS=-g -DARMR5 -Wall -Wextra -mfloat-abi=hard -mfpu=vfpv3-d16 -Os -flto -ffat-lto-objects"
Compiling scugic
Running Make libs in psu_cortexr5_0/libsrc/sysmonpsu_v2_5/src
make -C psu_cortexr5_0/libsrc/sysmonpsu_v2_5/src -s libs  "SHELL=/bin/sh" "COMPILER=armr5-none-eabi-gcc" "ARCHIVER=armr5-none-eabi-ar" "COMPILER_FLAGS=  -O2 -c -mcpu=cortex-r5" "EXTRA_COMPILER_FLAGS=-g -DARMR5 -Wall -Wextra -mfloat-abi=hard -mfpu=vfpv3-d16 -Os -flto -ffat-lto-objects"
Compiling sysmonpsu
Running Make libs in psu_cortexr5_0/libsrc/ddrcpsu_v1_1/src
make -C psu_cortexr5_0/libsrc/ddrcpsu_v1_1/src -s libs  "SHELL=/bin/sh" "COMPILER=armr5-none-eabi-gcc" "ARCHIVER=armr5-none-eabi-ar" "COMPILER_FLAGS=  -O2 -c -mcpu=cortex-r5" "EXTRA_COMPILER_FLAGS=-g -DARMR5 -Wall -Wextra -mfloat-abi=hard -mfpu=vfpv3-d16 -Os -flto -ffat-lto-objects"
Compiling ddrcpsu
Running Make libs in psu_cortexr5_0/libsrc/video_common_v4_5/src
make -C psu_cortexr5_0/libsrc/video_common_v4_5/src -s libs  "SHELL=/bin/sh" "COMPILER=armr5-none-eabi-gcc" "ARCHIVER=armr5-none-eabi-ar" "COMPILER_FLAGS=  -O2 -c -mcpu=cortex-r5" "EXTRA_COMPILER_FLAGS=-g -DARMR5 -Wall -Wextra -mfloat-abi=hard -mfpu=vfpv3-d16 -Os -flto -ffat-lto-objects"
Compiling video_common
Running Make libs in psu_cortexr5_0/libsrc/gpiops_v3_4/src
make -C psu_cortexr5_0/libsrc/gpiops_v3_4/src -s libs  "SHELL=/bin/sh" "COMPILER=armr5-none-eabi-gcc" "ARCHIVER=armr5-none-eabi-ar" "COMPILER_FLAGS=  -O2 -c -mcpu=cortex-r5" "EXTRA_COMPILER_FLAGS=-g -DARMR5 -Wall -Wextra -mfloat-abi=hard -mfpu=vfpv3-d16 -Os -flto -ffat-lto-objects"
Compiling gpiops
Running Make libs in psu_cortexr5_0/libsrc/gpio_v4_3/src
make -C psu_cortexr5_0/libsrc/gpio_v4_3/src -s libs  "SHELL=/bin/sh" "COMPILER=armr5-none-eabi-gcc" "ARCHIVER=armr5-none-eabi-ar" "COMPILER_FLAGS=  -O2 -c -mcpu=cortex-r5" "EXTRA_COMPILER_FLAGS=-g -DARMR5 -Wall -Wextra -mfloat-abi=hard -mfpu=vfpv3-d16 -Os -flto -ffat-lto-objects"
Compiling gpio
Running Make libs in psu_cortexr5_0/libsrc/uartps_v3_7/src
make -C psu_cortexr5_0/libsrc/uartps_v3_7/src -s libs  "SHELL=/bin/sh" "COMPILER=armr5-none-eabi-gcc" "ARCHIVER=armr5-none-eabi-ar" "COMPILER_FLAGS=  -O2 -c -mcpu=cortex-r5" "EXTRA_COMPILER_FLAGS=-g -DARMR5 -Wall -Wextra -mfloat-abi=hard -mfpu=vfpv3-d16 -Os -flto -ffat-lto-objects"
Compiling uartps
Running Make libs in psu_cortexr5_0/libsrc/qspipsu_v1_8/src
make -C psu_cortexr5_0/libsrc/qspipsu_v1_8/src -s libs  "SHELL=/bin/sh" "COMPILER=armr5-none-eabi-gcc" "ARCHIVER=armr5-none-eabi-ar" "COMPILER_FLAGS=  -O2 -c -mcpu=cortex-r5" "EXTRA_COMPILER_FLAGS=-g -DARMR5 -Wall -Wextra -mfloat-abi=hard -mfpu=vfpv3-d16 -Os -flto -ffat-lto-objects"
Compiling qspipsu
Running Make libs in psu_cortexr5_0/libsrc/cpu_cortexr5_v1_4/src
make -C psu_cortexr5_0/libsrc/cpu_cortexr5_v1_4/src -s libs  "SHELL=/bin/sh" "COMPILER=armr5-none-eabi-gcc" "ARCHIVER=armr5-none-eabi-ar" "COMPILER_FLAGS=  -O2 -c -mcpu=cortex-r5" "EXTRA_COMPILER_FLAGS=-g -DARMR5 -Wall -Wextra -mfloat-abi=hard -mfpu=vfpv3-d16 -Os -flto -ffat-lto-objects"
Compiling cpu_cortexr5
Running Make libs in psu_cortexr5_0/libsrc/rtcpsu_v1_6/src
make -C psu_cortexr5_0/libsrc/rtcpsu_v1_6/src -s libs  "SHELL=/bin/sh" "COMPILER=armr5-none-eabi-gcc" "ARCHIVER=armr5-none-eabi-ar" "COMPILER_FLAGS=  -O2 -c -mcpu=cortex-r5" "EXTRA_COMPILER_FLAGS=-g -DARMR5 -Wall -Wextra -mfloat-abi=hard -mfpu=vfpv3-d16 -Os -flto -ffat-lto-objects"
Compiling rtcpsu
Running Make libs in psu_cortexr5_0/libsrc/pciepsu_v1_0/src
make -C psu_cortexr5_0/libsrc/pciepsu_v1_0/src -s libs  "SHELL=/bin/sh" "COMPILER=armr5-none-eabi-gcc" "ARCHIVER=armr5-none-eabi-ar" "COMPILER_FLAGS=  -O2 -c -mcpu=cortex-r5" "EXTRA_COMPILER_FLAGS=-g -DARMR5 -Wall -Wextra -mfloat-abi=hard -mfpu=vfpv3-d16 -Os -flto -ffat-lto-objects"
Compiling pciepsu
Running Make libs in psu_cortexr5_0/libsrc/clockps_v1_0/src
make -C psu_cortexr5_0/libsrc/clockps_v1_0/src -s libs  "SHELL=/bin/sh" "COMPILER=armr5-none-eabi-gcc" "ARCHIVER=armr5-none-eabi-ar" "COMPILER_FLAGS=  -O2 -c -mcpu=cortex-r5" "EXTRA_COMPILER_FLAGS=-g -DARMR5 -Wall -Wextra -mfloat-abi=hard -mfpu=vfpv3-d16 -Os -flto -ffat-lto-objects"
Compiling clockps
Running Make libs in psu_cortexr5_0/libsrc/zdma_v1_6/src
make -C psu_cortexr5_0/libsrc/zdma_v1_6/src -s libs  "SHELL=/bin/sh" "COMPILER=armr5-none-eabi-gcc" "ARCHIVER=armr5-none-eabi-ar" "COMPILER_FLAGS=  -O2 -c -mcpu=cortex-r5" "EXTRA_COMPILER_FLAGS=-g -DARMR5 -Wall -Wextra -mfloat-abi=hard -mfpu=vfpv3-d16 -Os -flto -ffat-lto-objects"
Compiling zdma
Running Make libs in psu_cortexr5_0/libsrc/coresightps_dcc_v1_4/src
make -C psu_cortexr5_0/libsrc/coresightps_dcc_v1_4/src -s libs  "SHELL=/bin/sh" "COMPILER=armr5-none-eabi-gcc" "ARCHIVER=armr5-none-eabi-ar" "COMPILER_FLAGS=  -O2 -c -mcpu=cortex-r5" "EXTRA_COMPILER_FLAGS=-g -DARMR5 -Wall -Wextra -mfloat-abi=hard -mfpu=vfpv3-d16 -Os -flto -ffat-lto-objects"
Compiling coresightps_dcc
Running Make libs in psu_cortexr5_0/libsrc/usbpsu_v1_4/src
make -C psu_cortexr5_0/libsrc/usbpsu_v1_4/src -s libs  "SHELL=/bin/sh" "COMPILER=armr5-none-eabi-gcc" "ARCHIVER=armr5-none-eabi-ar" "COMPILER_FLAGS=  -O2 -c -mcpu=cortex-r5" "EXTRA_COMPILER_FLAGS=-g -DARMR5 -Wall -Wextra -mfloat-abi=hard -mfpu=vfpv3-d16 -Os -flto -ffat-lto-objects"
Compiling usbpsu
Running Make libs in psu_cortexr5_0/libsrc/wdtps_v3_1/src
make -C psu_cortexr5_0/libsrc/wdtps_v3_1/src -s libs  "SHELL=/bin/sh" "COMPILER=armr5-none-eabi-gcc" "ARCHIVER=armr5-none-eabi-ar" "COMPILER_FLAGS=  -O2 -c -mcpu=cortex-r5" "EXTRA_COMPILER_FLAGS=-g -DARMR5 -Wall -Wextra -mfloat-abi=hard -mfpu=vfpv3-d16 -Os -flto -ffat-lto-objects"
Compiling wdtps
Finished building libraries
18:18:34 **** Auto Build of configuration Debug for project fsbl_r5 ****
make all 
Building file: /home/shubham/Vivado_Exercises/edt_zcu102/edt_zcu102_wrapper_hw_platform_0/psu_init.c
Invoking: ARM R5 gcc compiler
armr5-none-eabi-gcc -DARMR5 -Wall -O0 -g3 -I"/home/shubham/Vivado_Exercises/edt_zcu102/edt_zcu102_wrapper_hw_platform_0" -c -fmessage-length=0 -MT"src/psu_init.o" -mcpu=cortex-r5 -mfloat-abi=hard  -mfpu=vfpv3-d16 -Os -flto -ffat-lto-objects -I../../r5_bsp/psu_cortexr5_0/include -MMD -MP -MF"src/psu_init.d" -MT"src/psu_init.o" -o "src/psu_init.o" "/home/shubham/Vivado_Exercises/edt_zcu102/edt_zcu102_wrapper_hw_platform_0/psu_init.c"
Finished building: /home/shubham/Vivado_Exercises/edt_zcu102/edt_zcu102_wrapper_hw_platform_0/psu_init.c
 
Building file: ../src/xfsbl_authentication.c
Invoking: ARM R5 gcc compiler
armr5-none-eabi-gcc -DARMR5 -Wall -O0 -g3 -I"/home/shubham/Vivado_Exercises/edt_zcu102/edt_zcu102_wrapper_hw_platform_0" -c -fmessage-length=0 -MT"src/xfsbl_authentication.o" -mcpu=cortex-r5 -mfloat-abi=hard  -mfpu=vfpv3-d16 -Os -flto -ffat-lto-objects -I../../r5_bsp/psu_cortexr5_0/include -MMD -MP -MF"src/xfsbl_authentication.d" -MT"src/xfsbl_authentication.o" -o "src/xfsbl_authentication.o" "../src/xfsbl_authentication.c"
In file included from ../src/xfsbl_main.h:63:0,
                 from ../src/xfsbl_bs.h:61,
                 from ../src/xfsbl_authentication.c:63:
../../r5_bsp/psu_cortexr5_0/include/xtime_l.h:78:9: note: #pragma message: For the sleep routines, TTC3 is used if present else the assembly instructions are called
 #pragma message ("For the sleep routines, TTC3 is used if present else the assembly instructions are called")
         ^~~~~~~
Finished building: ../src/xfsbl_authentication.c
 
Building file: ../src/xfsbl_board.c
Invoking: ARM R5 gcc compiler
armr5-none-eabi-gcc -DARMR5 -Wall -O0 -g3 -I"/home/shubham/Vivado_Exercises/edt_zcu102/edt_zcu102_wrapper_hw_platform_0" -c -fmessage-length=0 -MT"src/xfsbl_board.o" -mcpu=cortex-r5 -mfloat-abi=hard  -mfpu=vfpv3-d16 -Os -flto -ffat-lto-objects -I../../r5_bsp/psu_cortexr5_0/include -MMD -MP -MF"src/xfsbl_board.d" -MT"src/xfsbl_board.o" -o "src/xfsbl_board.o" "../src/xfsbl_board.c"
Finished building: ../src/xfsbl_board.c
 
Building file: ../src/xfsbl_bs.c
Invoking: ARM R5 gcc compiler
armr5-none-eabi-gcc -DARMR5 -Wall -O0 -g3 -I"/home/shubham/Vivado_Exercises/edt_zcu102/edt_zcu102_wrapper_hw_platform_0" -c -fmessage-length=0 -MT"src/xfsbl_bs.o" -mcpu=cortex-r5 -mfloat-abi=hard  -mfpu=vfpv3-d16 -Os -flto -ffat-lto-objects -I../../r5_bsp/psu_cortexr5_0/include -MMD -MP -MF"src/xfsbl_bs.d" -MT"src/xfsbl_bs.o" -o "src/xfsbl_bs.o" "../src/xfsbl_bs.c"
In file included from ../src/xfsbl_main.h:63:0,
                 from ../src/xfsbl_bs.h:61,
                 from ../src/xfsbl_bs.c:55:
../../r5_bsp/psu_cortexr5_0/include/xtime_l.h:78:9: note: #pragma message: For the sleep routines, TTC3 is used if present else the assembly instructions are called
 #pragma message ("For the sleep routines, TTC3 is used if present else the assembly instructions are called")
         ^~~~~~~
Finished building: ../src/xfsbl_bs.c
 
Building file: ../src/xfsbl_csu_dma.c
Invoking: ARM R5 gcc compiler
armr5-none-eabi-gcc -DARMR5 -Wall -O0 -g3 -I"/home/shubham/Vivado_Exercises/edt_zcu102/edt_zcu102_wrapper_hw_platform_0" -c -fmessage-length=0 -MT"src/xfsbl_csu_dma.o" -mcpu=cortex-r5 -mfloat-abi=hard  -mfpu=vfpv3-d16 -Os -flto -ffat-lto-objects -I../../r5_bsp/psu_cortexr5_0/include -MMD -MP -MF"src/xfsbl_csu_dma.d" -MT"src/xfsbl_csu_dma.o" -o "src/xfsbl_csu_dma.o" "../src/xfsbl_csu_dma.c"
Finished building: ../src/xfsbl_csu_dma.c
 
Building file: ../src/xfsbl_ddr_init.c
Invoking: ARM R5 gcc compiler
armr5-none-eabi-gcc -DARMR5 -Wall -O0 -g3 -I"/home/shubham/Vivado_Exercises/edt_zcu102/edt_zcu102_wrapper_hw_platform_0" -c -fmessage-length=0 -MT"src/xfsbl_ddr_init.o" -mcpu=cortex-r5 -mfloat-abi=hard  -mfpu=vfpv3-d16 -Os -flto -ffat-lto-objects -I../../r5_bsp/psu_cortexr5_0/include -MMD -MP -MF"src/xfsbl_ddr_init.d" -MT"src/xfsbl_ddr_init.o" -o "src/xfsbl_ddr_init.o" "../src/xfsbl_ddr_init.c"
Finished building: ../src/xfsbl_ddr_init.c
 
Building file: ../src/xfsbl_dfu_util.c
Invoking: ARM R5 gcc compiler
armr5-none-eabi-gcc -DARMR5 -Wall -O0 -g3 -I"/home/shubham/Vivado_Exercises/edt_zcu102/edt_zcu102_wrapper_hw_platform_0" -c -fmessage-length=0 -MT"src/xfsbl_dfu_util.o" -mcpu=cortex-r5 -mfloat-abi=hard  -mfpu=vfpv3-d16 -Os -flto -ffat-lto-objects -I../../r5_bsp/psu_cortexr5_0/include -MMD -MP -MF"src/xfsbl_dfu_util.d" -MT"src/xfsbl_dfu_util.o" -o "src/xfsbl_dfu_util.o" "../src/xfsbl_dfu_util.c"
Finished building: ../src/xfsbl_dfu_util.c
 
Building file: ../src/xfsbl_handoff.c
Invoking: ARM R5 gcc compiler
armr5-none-eabi-gcc -DARMR5 -Wall -O0 -g3 -I"/home/shubham/Vivado_Exercises/edt_zcu102/edt_zcu102_wrapper_hw_platform_0" -c -fmessage-length=0 -MT"src/xfsbl_handoff.o" -mcpu=cortex-r5 -mfloat-abi=hard  -mfpu=vfpv3-d16 -Os -flto -ffat-lto-objects -I../../r5_bsp/psu_cortexr5_0/include -MMD -MP -MF"src/xfsbl_handoff.d" -MT"src/xfsbl_handoff.o" -o "src/xfsbl_handoff.o" "../src/xfsbl_handoff.c"
In file included from ../src/xfsbl_main.h:63:0,
                 from ../src/xfsbl_handoff.c:59:
../../r5_bsp/psu_cortexr5_0/include/xtime_l.h:78:9: note: #pragma message: For the sleep routines, TTC3 is used if present else the assembly instructions are called
 #pragma message ("For the sleep routines, TTC3 is used if present else the assembly instructions are called")
         ^~~~~~~
Finished building: ../src/xfsbl_handoff.c
 
Building file: ../src/xfsbl_hooks.c
Invoking: ARM R5 gcc compiler
armr5-none-eabi-gcc -DARMR5 -Wall -O0 -g3 -I"/home/shubham/Vivado_Exercises/edt_zcu102/edt_zcu102_wrapper_hw_platform_0" -c -fmessage-length=0 -MT"src/xfsbl_hooks.o" -mcpu=cortex-r5 -mfloat-abi=hard  -mfpu=vfpv3-d16 -Os -flto -ffat-lto-objects -I../../r5_bsp/psu_cortexr5_0/include -MMD -MP -MF"src/xfsbl_hooks.d" -MT"src/xfsbl_hooks.o" -o "src/xfsbl_hooks.o" "../src/xfsbl_hooks.c"
Finished building: ../src/xfsbl_hooks.c
 
Building file: ../src/xfsbl_image_header.c
Invoking: ARM R5 gcc compiler
armr5-none-eabi-gcc -DARMR5 -Wall -O0 -g3 -I"/home/shubham/Vivado_Exercises/edt_zcu102/edt_zcu102_wrapper_hw_platform_0" -c -fmessage-length=0 -MT"src/xfsbl_image_header.o" -mcpu=cortex-r5 -mfloat-abi=hard  -mfpu=vfpv3-d16 -Os -flto -ffat-lto-objects -I../../r5_bsp/psu_cortexr5_0/include -MMD -MP -MF"src/xfsbl_image_header.d" -MT"src/xfsbl_image_header.o" -o "src/xfsbl_image_header.o" "../src/xfsbl_image_header.c"
Finished building: ../src/xfsbl_image_header.c
 
Building file: ../src/xfsbl_initialization.c
Invoking: ARM R5 gcc compiler
armr5-none-eabi-gcc -DARMR5 -Wall -O0 -g3 -I"/home/shubham/Vivado_Exercises/edt_zcu102/edt_zcu102_wrapper_hw_platform_0" -c -fmessage-length=0 -MT"src/xfsbl_initialization.o" -mcpu=cortex-r5 -mfloat-abi=hard  -mfpu=vfpv3-d16 -Os -flto -ffat-lto-objects -I../../r5_bsp/psu_cortexr5_0/include -MMD -MP -MF"src/xfsbl_initialization.d" -MT"src/xfsbl_initialization.o" -o "src/xfsbl_initialization.o" "../src/xfsbl_initialization.c"
In file included from ../src/xfsbl_main.h:63:0,
                 from ../src/xfsbl_initialization.c:69:
../../r5_bsp/psu_cortexr5_0/include/xtime_l.h:78:9: note: #pragma message: For the sleep routines, TTC3 is used if present else the assembly instructions are called
 #pragma message ("For the sleep routines, TTC3 is used if present else the assembly instructions are called")
         ^~~~~~~
Finished building: ../src/xfsbl_initialization.c
 
Building file: ../src/xfsbl_main.c
Invoking: ARM R5 gcc compiler
armr5-none-eabi-gcc -DARMR5 -Wall -O0 -g3 -I"/home/shubham/Vivado_Exercises/edt_zcu102/edt_zcu102_wrapper_hw_platform_0" -c -fmessage-length=0 -MT"src/xfsbl_main.o" -mcpu=cortex-r5 -mfloat-abi=hard  -mfpu=vfpv3-d16 -Os -flto -ffat-lto-objects -I../../r5_bsp/psu_cortexr5_0/include -MMD -MP -MF"src/xfsbl_main.d" -MT"src/xfsbl_main.o" -o "src/xfsbl_main.o" "../src/xfsbl_main.c"
In file included from ../src/xfsbl_main.h:63:0,
                 from ../src/xfsbl_main.c:54:
../../r5_bsp/psu_cortexr5_0/include/xtime_l.h:78:9: note: #pragma message: For the sleep routines, TTC3 is used if present else the assembly instructions are called
 #pragma message ("For the sleep routines, TTC3 is used if present else the assembly instructions are called")
         ^~~~~~~
Finished building: ../src/xfsbl_main.c
 
Building file: ../src/xfsbl_misc.c
Invoking: ARM R5 gcc compiler
armr5-none-eabi-gcc -DARMR5 -Wall -O0 -g3 -I"/home/shubham/Vivado_Exercises/edt_zcu102/edt_zcu102_wrapper_hw_platform_0" -c -fmessage-length=0 -MT"src/xfsbl_misc.o" -mcpu=cortex-r5 -mfloat-abi=hard  -mfpu=vfpv3-d16 -Os -flto -ffat-lto-objects -I../../r5_bsp/psu_cortexr5_0/include -MMD -MP -MF"src/xfsbl_misc.d" -MT"src/xfsbl_misc.o" -o "src/xfsbl_misc.o" "../src/xfsbl_misc.c"
In file included from ../src/xfsbl_main.h:63:0,
                 from ../src/xfsbl_misc.c:53:
../../r5_bsp/psu_cortexr5_0/include/xtime_l.h:78:9: note: #pragma message: For the sleep routines, TTC3 is used if present else the assembly instructions are called
 #pragma message ("For the sleep routines, TTC3 is used if present else the assembly instructions are called")
         ^~~~~~~
Finished building: ../src/xfsbl_misc.c
 
Building file: ../src/xfsbl_misc_drivers.c
Invoking: ARM R5 gcc compiler
armr5-none-eabi-gcc -DARMR5 -Wall -O0 -g3 -I"/home/shubham/Vivado_Exercises/edt_zcu102/edt_zcu102_wrapper_hw_platform_0" -c -fmessage-length=0 -MT"src/xfsbl_misc_drivers.o" -mcpu=cortex-r5 -mfloat-abi=hard  -mfpu=vfpv3-d16 -Os -flto -ffat-lto-objects -I../../r5_bsp/psu_cortexr5_0/include -MMD -MP -MF"src/xfsbl_misc_drivers.d" -MT"src/xfsbl_misc_drivers.o" -o "src/xfsbl_misc_drivers.o" "../src/xfsbl_misc_drivers.c"
Finished building: ../src/xfsbl_misc_drivers.c
 
Building file: ../src/xfsbl_nand.c
Invoking: ARM R5 gcc compiler
armr5-none-eabi-gcc -DARMR5 -Wall -O0 -g3 -I"/home/shubham/Vivado_Exercises/edt_zcu102/edt_zcu102_wrapper_hw_platform_0" -c -fmessage-length=0 -MT"src/xfsbl_nand.o" -mcpu=cortex-r5 -mfloat-abi=hard  -mfpu=vfpv3-d16 -Os -flto -ffat-lto-objects -I../../r5_bsp/psu_cortexr5_0/include -MMD -MP -MF"src/xfsbl_nand.d" -MT"src/xfsbl_nand.o" -o "src/xfsbl_nand.o" "../src/xfsbl_nand.c"
Finished building: ../src/xfsbl_nand.c
 
Building file: ../src/xfsbl_partition_load.c
Invoking: ARM R5 gcc compiler
armr5-none-eabi-gcc -DARMR5 -Wall -O0 -g3 -I"/home/shubham/Vivado_Exercises/edt_zcu102/edt_zcu102_wrapper_hw_platform_0" -c -fmessage-length=0 -MT"src/xfsbl_partition_load.o" -mcpu=cortex-r5 -mfloat-abi=hard  -mfpu=vfpv3-d16 -Os -flto -ffat-lto-objects -I../../r5_bsp/psu_cortexr5_0/include -MMD -MP -MF"src/xfsbl_partition_load.d" -MT"src/xfsbl_partition_load.o" -o "src/xfsbl_partition_load.o" "../src/xfsbl_partition_load.c"
In file included from ../src/xfsbl_main.h:63:0,
                 from ../src/xfsbl_partition_load.c:70:
../../r5_bsp/psu_cortexr5_0/include/xtime_l.h:78:9: note: #pragma message: For the sleep routines, TTC3 is used if present else the assembly instructions are called
 #pragma message ("For the sleep routines, TTC3 is used if present else the assembly instructions are called")
         ^~~~~~~
Finished building: ../src/xfsbl_partition_load.c
 
Building file: ../src/xfsbl_plpartition_valid.c
Invoking: ARM R5 gcc compiler
armr5-none-eabi-gcc -DARMR5 -Wall -O0 -g3 -I"/home/shubham/Vivado_Exercises/edt_zcu102/edt_zcu102_wrapper_hw_platform_0" -c -fmessage-length=0 -MT"src/xfsbl_plpartition_valid.o" -mcpu=cortex-r5 -mfloat-abi=hard  -mfpu=vfpv3-d16 -Os -flto -ffat-lto-objects -I../../r5_bsp/psu_cortexr5_0/include -MMD -MP -MF"src/xfsbl_plpartition_valid.d" -MT"src/xfsbl_plpartition_valid.o" -o "src/xfsbl_plpartition_valid.o" "../src/xfsbl_plpartition_valid.c"
In file included from ../src/xfsbl_main.h:63:0,
                 from ../src/xfsbl_authentication.h:64,
                 from ../src/xfsbl_plpartition_valid.h:58,
                 from ../src/xfsbl_plpartition_valid.c:73:
../../r5_bsp/psu_cortexr5_0/include/xtime_l.h:78:9: note: #pragma message: For the sleep routines, TTC3 is used if present else the assembly instructions are called
 #pragma message ("For the sleep routines, TTC3 is used if present else the assembly instructions are called")
         ^~~~~~~
Finished building: ../src/xfsbl_plpartition_valid.c
 
Building file: ../src/xfsbl_qspi.c
Invoking: ARM R5 gcc compiler
armr5-none-eabi-gcc -DARMR5 -Wall -O0 -g3 -I"/home/shubham/Vivado_Exercises/edt_zcu102/edt_zcu102_wrapper_hw_platform_0" -c -fmessage-length=0 -MT"src/xfsbl_qspi.o" -mcpu=cortex-r5 -mfloat-abi=hard  -mfpu=vfpv3-d16 -Os -flto -ffat-lto-objects -I../../r5_bsp/psu_cortexr5_0/include -MMD -MP -MF"src/xfsbl_qspi.d" -MT"src/xfsbl_qspi.o" -o "src/xfsbl_qspi.o" "../src/xfsbl_qspi.c"
Finished building: ../src/xfsbl_qspi.c
 
Building file: ../src/xfsbl_rsa_sha.c
Invoking: ARM R5 gcc compiler
armr5-none-eabi-gcc -DARMR5 -Wall -O0 -g3 -I"/home/shubham/Vivado_Exercises/edt_zcu102/edt_zcu102_wrapper_hw_platform_0" -c -fmessage-length=0 -MT"src/xfsbl_rsa_sha.o" -mcpu=cortex-r5 -mfloat-abi=hard  -mfpu=vfpv3-d16 -Os -flto -ffat-lto-objects -I../../r5_bsp/psu_cortexr5_0/include -MMD -MP -MF"src/xfsbl_rsa_sha.d" -MT"src/xfsbl_rsa_sha.o" -o "src/xfsbl_rsa_sha.o" "../src/xfsbl_rsa_sha.c"
In file included from ../src/xfsbl_main.h:63:0,
                 from ../src/xfsbl_authentication.h:64,
                 from ../src/xfsbl_rsa_sha.c:54:
../../r5_bsp/psu_cortexr5_0/include/xtime_l.h:78:9: note: #pragma message: For the sleep routines, TTC3 is used if present else the assembly instructions are called
 #pragma message ("For the sleep routines, TTC3 is used if present else the assembly instructions are called")
         ^~~~~~~
Finished building: ../src/xfsbl_rsa_sha.c
 
Building file: ../src/xfsbl_sd.c
Invoking: ARM R5 gcc compiler
armr5-none-eabi-gcc -DARMR5 -Wall -O0 -g3 -I"/home/shubham/Vivado_Exercises/edt_zcu102/edt_zcu102_wrapper_hw_platform_0" -c -fmessage-length=0 -MT"src/xfsbl_sd.o" -mcpu=cortex-r5 -mfloat-abi=hard  -mfpu=vfpv3-d16 -Os -flto -ffat-lto-objects -I../../r5_bsp/psu_cortexr5_0/include -MMD -MP -MF"src/xfsbl_sd.d" -MT"src/xfsbl_sd.o" -o "src/xfsbl_sd.o" "../src/xfsbl_sd.c"
In file included from ../src/xfsbl_main.h:63:0,
                 from ../src/xfsbl_sd.c:51:
../../r5_bsp/psu_cortexr5_0/include/xtime_l.h:78:9: note: #pragma message: For the sleep routines, TTC3 is used if present else the assembly instructions are called
 #pragma message ("For the sleep routines, TTC3 is used if present else the assembly instructions are called")
         ^~~~~~~
Finished building: ../src/xfsbl_sd.c
 
Building file: ../src/xfsbl_usb.c
Invoking: ARM R5 gcc compiler
armr5-none-eabi-gcc -DARMR5 -Wall -O0 -g3 -I"/home/shubham/Vivado_Exercises/edt_zcu102/edt_zcu102_wrapper_hw_platform_0" -c -fmessage-length=0 -MT"src/xfsbl_usb.o" -mcpu=cortex-r5 -mfloat-abi=hard  -mfpu=vfpv3-d16 -Os -flto -ffat-lto-objects -I../../r5_bsp/psu_cortexr5_0/include -MMD -MP -MF"src/xfsbl_usb.d" -MT"src/xfsbl_usb.o" -o "src/xfsbl_usb.o" "../src/xfsbl_usb.c"
Finished building: ../src/xfsbl_usb.c
 
Building target: fsbl_r5.elf
Invoking: ARM R5 gcc linker
armr5-none-eabi-gcc -Wl,-T -Wl,../src/lscript.ld -L../../r5_bsp/psu_cortexr5_0/lib -o "fsbl_r5.elf"  ./src/psu_init.o ./src/xfsbl_authentication.o ./src/xfsbl_board.o ./src/xfsbl_bs.o ./src/xfsbl_csu_dma.o ./src/xfsbl_ddr_init.o ./src/xfsbl_dfu_util.o ./src/xfsbl_exit.o ./src/xfsbl_handoff.o ./src/xfsbl_hooks.o ./src/xfsbl_image_header.o ./src/xfsbl_initialization.o ./src/xfsbl_main.o ./src/xfsbl_misc.o ./src/xfsbl_misc_drivers.o ./src/xfsbl_nand.o ./src/xfsbl_partition_load.o ./src/xfsbl_plpartition_valid.o ./src/xfsbl_qspi.o ./src/xfsbl_rsa_sha.o ./src/xfsbl_sd.o ./src/xfsbl_usb.o   -Wl,--start-group,-lxil,-lgcc,-lc,--end-group -Wl,--start-group,-lxilffs,-lxil,-lgcc,-lc,--end-group -Wl,--start-group,-lxilsecure,-lxil,-lgcc,-lc,--end-group -Wl,--start-group,-lxilpm,-lxil,-lgcc,-lc,--end-group -mcpu=cortex-r5 -mfloat-abi=hard -mfpu=vfpv3-d16 -Wl,--build-id=none -n
Finished building target: fsbl_r5.elf
 
Invoking: ARM R5 Print Size
armr5-none-eabi-size fsbl_r5.elf  |tee "fsbl_r5.elf.size"
   text	   data	    bss	    dec	    hex	filename
  69941	   4040	  87636	 161617	  27751	fsbl_r5.elf
Finished building: fsbl_r5.elf.size
 
18:18:38 **** Auto Build of configuration Debug for project testapp_r5 ****
make all 
Building file: ../src/testapp.c
Invoking: ARM R5 gcc compiler
armr5-none-eabi-gcc -DARMR5 -Wall -O0 -g3 -c -fmessage-length=0 -MT"src/testapp.o" -mcpu=cortex-r5 -mfloat-abi=hard  -mfpu=vfpv3-d16 -I../../r5_bsp/psu_cortexr5_0/include -MMD -MP -MF"src/testapp.d" -MT"src/testapp.o" -o "src/testapp.o" "../src/testapp.c"
Finished building: ../src/testapp.c
 
Building target: testapp_r5.elf
Invoking: ARM R5 gcc linker
armr5-none-eabi-gcc -Wl,-T -Wl,../src/lscript.ld -L../../r5_bsp/psu_cortexr5_0/lib -o "testapp_r5.elf"  ./src/testapp.o   -Wl,--start-group,-lxil,-lgcc,-lc,--end-group -Wl,--start-group,-lxilffs,-lxil,-lgcc,-lc,--end-group -Wl,--start-group,-lxilsecure,-lxil,-lgcc,-lc,--end-group -Wl,--start-group,-lxilpm,-lxil,-lgcc,-lc,--end-group -mcpu=cortex-r5 -mfloat-abi=hard -mfpu=vfpv3-d16
Finished building target: testapp_r5.elf
 
Invoking: ARM R5 Print Size
armr5-none-eabi-size testapp_r5.elf  |tee "testapp_r5.elf.size"
   text	   data	    bss	    dec	    hex	filename
  17157	   4184	  22748	  44089	   ac39	testapp_r5.elf
Finished building: testapp_r5.elf.size
 
18:18:38 **** Auto Build of configuration Debug for project tmr_psled_r5 ****
make all 
Building file: ../src/timer_psled_r5.c
Invoking: ARM R5 gcc compiler
armr5-none-eabi-gcc -DARMR5 -Wall -O0 -g3 -c -fmessage-length=0 -MT"src/timer_psled_r5.o" -mcpu=cortex-r5 -mfloat-abi=hard  -mfpu=vfpv3-d16 -I../../r5_bsp/psu_cortexr5_0/include -MMD -MP -MF"src/timer_psled_r5.d" -MT"src/timer_psled_r5.o" -o "src/timer_psled_r5.o" "../src/timer_psled_r5.c"
Finished building: ../src/timer_psled_r5.c
 
Building target: tmr_psled_r5.elf
Invoking: ARM R5 gcc linker
armr5-none-eabi-gcc -Wl,-T -Wl,../src/lscript.ld -L../../r5_bsp/psu_cortexr5_0/lib -o "tmr_psled_r5.elf"  ./src/timer_psled_r5.o   -Wl,--start-group,-lxil,-lgcc,-lc,--end-group -Wl,--start-group,-lxilffs,-lxil,-lgcc,-lc,--end-group -Wl,--start-group,-lxilsecure,-lxil,-lgcc,-lc,--end-group -Wl,--start-group,-lxilpm,-lxil,-lgcc,-lc,--end-group -mcpu=cortex-r5 -mfloat-abi=hard -mfpu=vfpv3-d16
Finished building target: tmr_psled_r5.elf
 
Invoking: ARM R5 Print Size
armr5-none-eabi-size tmr_psled_r5.elf  |tee "tmr_psled_r5.elf.size"
   text	   data	    bss	    dec	    hex	filename
  21233	   4200	  22828	  48261	   bc85	tmr_psled_r5.elf
Finished building: tmr_psled_r5.elf.size
 
18:19:25 **** Build of project ps_pl_linux_app_bsp ****
make -k all 
Running Make include in psu_cortexa53_0/libsrc/sdps_v3_6/src
make -C psu_cortexa53_0/libsrc/sdps_v3_6/src -s include  "SHELL=/bin/sh" "COMPILER=aarch64-none-elf-gcc" "ARCHIVER=aarch64-none-elf-ar" "COMPILER_FLAGS=  -O2 -c" "EXTRA_COMPILER_FLAGS=-g -Wall -Wextra"
Running Make include in psu_cortexa53_0/libsrc/tmrctr_v4_5/src
make -C psu_cortexa53_0/libsrc/tmrctr_v4_5/src -s include  "SHELL=/bin/sh" "COMPILER=aarch64-none-elf-gcc" "ARCHIVER=aarch64-none-elf-ar" "COMPILER_FLAGS=  -O2 -c" "EXTRA_COMPILER_FLAGS=-g -Wall -Wextra"
Running Make include in psu_cortexa53_0/libsrc/standalone_v6_8/src
make -C psu_cortexa53_0/libsrc/standalone_v6_8/src -s include  "SHELL=/bin/sh" "COMPILER=aarch64-none-elf-gcc" "ARCHIVER=aarch64-none-elf-ar" "COMPILER_FLAGS=  -O2 -c" "EXTRA_COMPILER_FLAGS=-g -Wall -Wextra"
Running Make include in psu_cortexa53_0/libsrc/csudma_v1_3/src
make -C psu_cortexa53_0/libsrc/csudma_v1_3/src -s include  "SHELL=/bin/sh" "COMPILER=aarch64-none-elf-gcc" "ARCHIVER=aarch64-none-elf-ar" "COMPILER_FLAGS=  -O2 -c" "EXTRA_COMPILER_FLAGS=-g -Wall -Wextra"
Running Make include in psu_cortexa53_0/libsrc/ipipsu_v2_4/src
make -C psu_cortexa53_0/libsrc/ipipsu_v2_4/src -s include  "SHELL=/bin/sh" "COMPILER=aarch64-none-elf-gcc" "ARCHIVER=aarch64-none-elf-ar" "COMPILER_FLAGS=  -O2 -c" "EXTRA_COMPILER_FLAGS=-g -Wall -Wextra"
Running Make include in psu_cortexa53_0/libsrc/emacps_v3_8/src
make -C psu_cortexa53_0/libsrc/emacps_v3_8/src -s include  "SHELL=/bin/sh" "COMPILER=aarch64-none-elf-gcc" "ARCHIVER=aarch64-none-elf-ar" "COMPILER_FLAGS=  -O2 -c" "EXTRA_COMPILER_FLAGS=-g -Wall -Wextra"
Running Make include in psu_cortexa53_0/libsrc/ttcps_v3_7/src
make -C psu_cortexa53_0/libsrc/ttcps_v3_7/src -s include  "SHELL=/bin/sh" "COMPILER=aarch64-none-elf-gcc" "ARCHIVER=aarch64-none-elf-ar" "COMPILER_FLAGS=  -O2 -c" "EXTRA_COMPILER_FLAGS=-g -Wall -Wextra"
Running Make include in psu_cortexa53_0/libsrc/resetps_v1_2/src
make -C psu_cortexa53_0/libsrc/resetps_v1_2/src -s include  "SHELL=/bin/sh" "COMPILER=aarch64-none-elf-gcc" "ARCHIVER=aarch64-none-elf-ar" "COMPILER_FLAGS=  -O2 -c" "EXTRA_COMPILER_FLAGS=-g -Wall -Wextra"
Running Make include in psu_cortexa53_0/libsrc/axipmon_v6_7/src
make -C psu_cortexa53_0/libsrc/axipmon_v6_7/src -s include  "SHELL=/bin/sh" "COMPILER=aarch64-none-elf-gcc" "ARCHIVER=aarch64-none-elf-ar" "COMPILER_FLAGS=  -O2 -c" "EXTRA_COMPILER_FLAGS=-g -Wall -Wextra"
Running Make include in psu_cortexa53_0/libsrc/avbuf_v2_2/src
make -C psu_cortexa53_0/libsrc/avbuf_v2_2/src -s include  "SHELL=/bin/sh" "COMPILER=aarch64-none-elf-gcc" "ARCHIVER=aarch64-none-elf-ar" "COMPILER_FLAGS=  -O2 -c" "EXTRA_COMPILER_FLAGS=-g -Wall -Wextra"
Running Make include in psu_cortexa53_0/libsrc/dpdma_v1_1/src
make -C psu_cortexa53_0/libsrc/dpdma_v1_1/src -s include  "SHELL=/bin/sh" "COMPILER=aarch64-none-elf-gcc" "ARCHIVER=aarch64-none-elf-ar" "COMPILER_FLAGS=  -O2 -c" "EXTRA_COMPILER_FLAGS=-g -Wall -Wextra"
Running Make include in psu_cortexa53_0/libsrc/iicps_v3_8/src
make -C psu_cortexa53_0/libsrc/iicps_v3_8/src -s include  "SHELL=/bin/sh" "COMPILER=aarch64-none-elf-gcc" "ARCHIVER=aarch64-none-elf-ar" "COMPILER_FLAGS=  -O2 -c" "EXTRA_COMPILER_FLAGS=-g -Wall -Wextra"
Running Make include in psu_cortexa53_0/libsrc/canps_v3_2/src
make -C psu_cortexa53_0/libsrc/canps_v3_2/src -s include  "SHELL=/bin/sh" "COMPILER=aarch64-none-elf-gcc" "ARCHIVER=aarch64-none-elf-ar" "COMPILER_FLAGS=  -O2 -c" "EXTRA_COMPILER_FLAGS=-g -Wall -Wextra"
Running Make include in psu_cortexa53_0/libsrc/scugic_v3_10/src
make -C psu_cortexa53_0/libsrc/scugic_v3_10/src -s include  "SHELL=/bin/sh" "COMPILER=aarch64-none-elf-gcc" "ARCHIVER=aarch64-none-elf-ar" "COMPILER_FLAGS=  -O2 -c" "EXTRA_COMPILER_FLAGS=-g -Wall -Wextra"
Running Make include in psu_cortexa53_0/libsrc/sysmonpsu_v2_5/src
make -C psu_cortexa53_0/libsrc/sysmonpsu_v2_5/src -s include  "SHELL=/bin/sh" "COMPILER=aarch64-none-elf-gcc" "ARCHIVER=aarch64-none-elf-ar" "COMPILER_FLAGS=  -O2 -c" "EXTRA_COMPILER_FLAGS=-g -Wall -Wextra"
Running Make include in psu_cortexa53_0/libsrc/ddrcpsu_v1_1/src
make -C psu_cortexa53_0/libsrc/ddrcpsu_v1_1/src -s include  "SHELL=/bin/sh" "COMPILER=aarch64-none-elf-gcc" "ARCHIVER=aarch64-none-elf-ar" "COMPILER_FLAGS=  -O2 -c" "EXTRA_COMPILER_FLAGS=-g -Wall -Wextra"
Running Make include in psu_cortexa53_0/libsrc/video_common_v4_5/src
make -C psu_cortexa53_0/libsrc/video_common_v4_5/src -s include  "SHELL=/bin/sh" "COMPILER=aarch64-none-elf-gcc" "ARCHIVER=aarch64-none-elf-ar" "COMPILER_FLAGS=  -O2 -c" "EXTRA_COMPILER_FLAGS=-g -Wall -Wextra"
Running Make include in psu_cortexa53_0/libsrc/gpiops_v3_4/src
make -C psu_cortexa53_0/libsrc/gpiops_v3_4/src -s include  "SHELL=/bin/sh" "COMPILER=aarch64-none-elf-gcc" "ARCHIVER=aarch64-none-elf-ar" "COMPILER_FLAGS=  -O2 -c" "EXTRA_COMPILER_FLAGS=-g -Wall -Wextra"
Running Make include in psu_cortexa53_0/libsrc/gpio_v4_3/src
make -C psu_cortexa53_0/libsrc/gpio_v4_3/src -s include  "SHELL=/bin/sh" "COMPILER=aarch64-none-elf-gcc" "ARCHIVER=aarch64-none-elf-ar" "COMPILER_FLAGS=  -O2 -c" "EXTRA_COMPILER_FLAGS=-g -Wall -Wextra"
Running Make include in psu_cortexa53_0/libsrc/cpu_cortexa53_v1_5/src
make -C psu_cortexa53_0/libsrc/cpu_cortexa53_v1_5/src -s include  "SHELL=/bin/sh" "COMPILER=aarch64-none-elf-gcc" "ARCHIVER=aarch64-none-elf-ar" "COMPILER_FLAGS=  -O2 -c" "EXTRA_COMPILER_FLAGS=-g -Wall -Wextra"
Running Make include in psu_cortexa53_0/libsrc/uartps_v3_7/src
make -C psu_cortexa53_0/libsrc/uartps_v3_7/src -s include  "SHELL=/bin/sh" "COMPILER=aarch64-none-elf-gcc" "ARCHIVER=aarch64-none-elf-ar" "COMPILER_FLAGS=  -O2 -c" "EXTRA_COMPILER_FLAGS=-g -Wall -Wextra"
Running Make include in psu_cortexa53_0/libsrc/qspipsu_v1_8/src
make -C psu_cortexa53_0/libsrc/qspipsu_v1_8/src -s include  "SHELL=/bin/sh" "COMPILER=aarch64-none-elf-gcc" "ARCHIVER=aarch64-none-elf-ar" "COMPILER_FLAGS=  -O2 -c" "EXTRA_COMPILER_FLAGS=-g -Wall -Wextra"
Running Make include in psu_cortexa53_0/libsrc/rtcpsu_v1_6/src
make -C psu_cortexa53_0/libsrc/rtcpsu_v1_6/src -s include  "SHELL=/bin/sh" "COMPILER=aarch64-none-elf-gcc" "ARCHIVER=aarch64-none-elf-ar" "COMPILER_FLAGS=  -O2 -c" "EXTRA_COMPILER_FLAGS=-g -Wall -Wextra"
Running Make include in psu_cortexa53_0/libsrc/pciepsu_v1_0/src
make -C psu_cortexa53_0/libsrc/pciepsu_v1_0/src -s include  "SHELL=/bin/sh" "COMPILER=aarch64-none-elf-gcc" "ARCHIVER=aarch64-none-elf-ar" "COMPILER_FLAGS=  -O2 -c" "EXTRA_COMPILER_FLAGS=-g -Wall -Wextra"
Running Make include in psu_cortexa53_0/libsrc/clockps_v1_0/src
make -C psu_cortexa53_0/libsrc/clockps_v1_0/src -s include  "SHELL=/bin/sh" "COMPILER=aarch64-none-elf-gcc" "ARCHIVER=aarch64-none-elf-ar" "COMPILER_FLAGS=  -O2 -c" "EXTRA_COMPILER_FLAGS=-g -Wall -Wextra"
Running Make include in psu_cortexa53_0/libsrc/zdma_v1_6/src
make -C psu_cortexa53_0/libsrc/zdma_v1_6/src -s include  "SHELL=/bin/sh" "COMPILER=aarch64-none-elf-gcc" "ARCHIVER=aarch64-none-elf-ar" "COMPILER_FLAGS=  -O2 -c" "EXTRA_COMPILER_FLAGS=-g -Wall -Wextra"
Running Make include in psu_cortexa53_0/libsrc/coresightps_dcc_v1_4/src
make -C psu_cortexa53_0/libsrc/coresightps_dcc_v1_4/src -s include  "SHELL=/bin/sh" "COMPILER=aarch64-none-elf-gcc" "ARCHIVER=aarch64-none-elf-ar" "COMPILER_FLAGS=  -O2 -c" "EXTRA_COMPILER_FLAGS=-g -Wall -Wextra"
Running Make include in psu_cortexa53_0/libsrc/usbpsu_v1_4/src
make -C psu_cortexa53_0/libsrc/usbpsu_v1_4/src -s include  "SHELL=/bin/sh" "COMPILER=aarch64-none-elf-gcc" "ARCHIVER=aarch64-none-elf-ar" "COMPILER_FLAGS=  -O2 -c" "EXTRA_COMPILER_FLAGS=-g -Wall -Wextra"
Running Make include in psu_cortexa53_0/libsrc/wdtps_v3_1/src
make -C psu_cortexa53_0/libsrc/wdtps_v3_1/src -s include  "SHELL=/bin/sh" "COMPILER=aarch64-none-elf-gcc" "ARCHIVER=aarch64-none-elf-ar" "COMPILER_FLAGS=  -O2 -c" "EXTRA_COMPILER_FLAGS=-g -Wall -Wextra"
Running Make libs in psu_cortexa53_0/libsrc/sdps_v3_6/src
make -C psu_cortexa53_0/libsrc/sdps_v3_6/src -s libs  "SHELL=/bin/sh" "COMPILER=aarch64-none-elf-gcc" "ARCHIVER=aarch64-none-elf-ar" "COMPILER_FLAGS=  -O2 -c" "EXTRA_COMPILER_FLAGS=-g -Wall -Wextra"
Compiling sdps
aarch64-none-elf-ar: creating ../../../lib/libxil.a
Running Make libs in psu_cortexa53_0/libsrc/tmrctr_v4_5/src
make -C psu_cortexa53_0/libsrc/tmrctr_v4_5/src -s libs  "SHELL=/bin/sh" "COMPILER=aarch64-none-elf-gcc" "ARCHIVER=aarch64-none-elf-ar" "COMPILER_FLAGS=  -O2 -c" "EXTRA_COMPILER_FLAGS=-g -Wall -Wextra"
Compiling tmrctr
Running Make libs in psu_cortexa53_0/libsrc/standalone_v6_8/src
make -C psu_cortexa53_0/libsrc/standalone_v6_8/src -s libs  "SHELL=/bin/sh" "COMPILER=aarch64-none-elf-gcc" "ARCHIVER=aarch64-none-elf-ar" "COMPILER_FLAGS=  -O2 -c" "EXTRA_COMPILER_FLAGS=-g -Wall -Wextra"
Compiling standalone A53
In file included from xtime_l.c:52:0:
xtime_l.h:77:9: note: #pragma message: For the sleep routines, Global timer is being used
 #pragma message ("For the sleep routines, Global timer is being used")
         ^~~~~~~
In file included from sleep.c:59:0:
xtime_l.h:77:9: note: #pragma message: For the sleep routines, Global timer is being used
 #pragma message ("For the sleep routines, Global timer is being used")
         ^~~~~~~
In file included from xil_sleeptimer.c:51:0:
xtime_l.h:77:9: note: #pragma message: For the sleep routines, Global timer is being used
 #pragma message ("For the sleep routines, Global timer is being used")
         ^~~~~~~
Running Make libs in psu_cortexa53_0/libsrc/csudma_v1_3/src
make -C psu_cortexa53_0/libsrc/csudma_v1_3/src -s libs  "SHELL=/bin/sh" "COMPILER=aarch64-none-elf-gcc" "ARCHIVER=aarch64-none-elf-ar" "COMPILER_FLAGS=  -O2 -c" "EXTRA_COMPILER_FLAGS=-g -Wall -Wextra"
Compiling csudma
Running Make libs in psu_cortexa53_0/libsrc/ipipsu_v2_4/src
make -C psu_cortexa53_0/libsrc/ipipsu_v2_4/src -s libs  "SHELL=/bin/sh" "COMPILER=aarch64-none-elf-gcc" "ARCHIVER=aarch64-none-elf-ar" "COMPILER_FLAGS=  -O2 -c" "EXTRA_COMPILER_FLAGS=-g -Wall -Wextra"
Compiling ipipsu
Running Make libs in psu_cortexa53_0/libsrc/emacps_v3_8/src
make -C psu_cortexa53_0/libsrc/emacps_v3_8/src -s libs  "SHELL=/bin/sh" "COMPILER=aarch64-none-elf-gcc" "ARCHIVER=aarch64-none-elf-ar" "COMPILER_FLAGS=  -O2 -c" "EXTRA_COMPILER_FLAGS=-g -Wall -Wextra"
Compiling emacps
Running Make libs in psu_cortexa53_0/libsrc/ttcps_v3_7/src
make -C psu_cortexa53_0/libsrc/ttcps_v3_7/src -s libs  "SHELL=/bin/sh" "COMPILER=aarch64-none-elf-gcc" "ARCHIVER=aarch64-none-elf-ar" "COMPILER_FLAGS=  -O2 -c" "EXTRA_COMPILER_FLAGS=-g -Wall -Wextra"
Compiling ttcps
Running Make libs in psu_cortexa53_0/libsrc/resetps_v1_2/src
make -C psu_cortexa53_0/libsrc/resetps_v1_2/src -s libs  "SHELL=/bin/sh" "COMPILER=aarch64-none-elf-gcc" "ARCHIVER=aarch64-none-elf-ar" "COMPILER_FLAGS=  -O2 -c" "EXTRA_COMPILER_FLAGS=-g -Wall -Wextra"
Compiling resetps
Running Make libs in psu_cortexa53_0/libsrc/axipmon_v6_7/src
make -C psu_cortexa53_0/libsrc/axipmon_v6_7/src -s libs  "SHELL=/bin/sh" "COMPILER=aarch64-none-elf-gcc" "ARCHIVER=aarch64-none-elf-ar" "COMPILER_FLAGS=  -O2 -c" "EXTRA_COMPILER_FLAGS=-g -Wall -Wextra"
Compiling axipmon
Running Make libs in psu_cortexa53_0/libsrc/avbuf_v2_2/src
make -C psu_cortexa53_0/libsrc/avbuf_v2_2/src -s libs  "SHELL=/bin/sh" "COMPILER=aarch64-none-elf-gcc" "ARCHIVER=aarch64-none-elf-ar" "COMPILER_FLAGS=  -O2 -c" "EXTRA_COMPILER_FLAGS=-g -Wall -Wextra"
Compiling avbuf
Running Make libs in psu_cortexa53_0/libsrc/dpdma_v1_1/src
make -C psu_cortexa53_0/libsrc/dpdma_v1_1/src -s libs  "SHELL=/bin/sh" "COMPILER=aarch64-none-elf-gcc" "ARCHIVER=aarch64-none-elf-ar" "COMPILER_FLAGS=  -O2 -c" "EXTRA_COMPILER_FLAGS=-g -Wall -Wextra"
Compiling dpdma
Running Make libs in psu_cortexa53_0/libsrc/iicps_v3_8/src
make -C psu_cortexa53_0/libsrc/iicps_v3_8/src -s libs  "SHELL=/bin/sh" "COMPILER=aarch64-none-elf-gcc" "ARCHIVER=aarch64-none-elf-ar" "COMPILER_FLAGS=  -O2 -c" "EXTRA_COMPILER_FLAGS=-g -Wall -Wextra"
Compiling iicps
Running Make libs in psu_cortexa53_0/libsrc/canps_v3_2/src
make -C psu_cortexa53_0/libsrc/canps_v3_2/src -s libs  "SHELL=/bin/sh" "COMPILER=aarch64-none-elf-gcc" "ARCHIVER=aarch64-none-elf-ar" "COMPILER_FLAGS=  -O2 -c" "EXTRA_COMPILER_FLAGS=-g -Wall -Wextra"
Compiling canps
Running Make libs in psu_cortexa53_0/libsrc/scugic_v3_10/src
make -C psu_cortexa53_0/libsrc/scugic_v3_10/src -s libs  "SHELL=/bin/sh" "COMPILER=aarch64-none-elf-gcc" "ARCHIVER=aarch64-none-elf-ar" "COMPILER_FLAGS=  -O2 -c" "EXTRA_COMPILER_FLAGS=-g -Wall -Wextra"
Compiling scugic
Running Make libs in psu_cortexa53_0/libsrc/sysmonpsu_v2_5/src
make -C psu_cortexa53_0/libsrc/sysmonpsu_v2_5/src -s libs  "SHELL=/bin/sh" "COMPILER=aarch64-none-elf-gcc" "ARCHIVER=aarch64-none-elf-ar" "COMPILER_FLAGS=  -O2 -c" "EXTRA_COMPILER_FLAGS=-g -Wall -Wextra"
Compiling sysmonpsu
Running Make libs in psu_cortexa53_0/libsrc/ddrcpsu_v1_1/src
make -C psu_cortexa53_0/libsrc/ddrcpsu_v1_1/src -s libs  "SHELL=/bin/sh" "COMPILER=aarch64-none-elf-gcc" "ARCHIVER=aarch64-none-elf-ar" "COMPILER_FLAGS=  -O2 -c" "EXTRA_COMPILER_FLAGS=-g -Wall -Wextra"
Compiling ddrcpsu
Running Make libs in psu_cortexa53_0/libsrc/video_common_v4_5/src
make -C psu_cortexa53_0/libsrc/video_common_v4_5/src -s libs  "SHELL=/bin/sh" "COMPILER=aarch64-none-elf-gcc" "ARCHIVER=aarch64-none-elf-ar" "COMPILER_FLAGS=  -O2 -c" "EXTRA_COMPILER_FLAGS=-g -Wall -Wextra"
Compiling video_common
Running Make libs in psu_cortexa53_0/libsrc/gpiops_v3_4/src
make -C psu_cortexa53_0/libsrc/gpiops_v3_4/src -s libs  "SHELL=/bin/sh" "COMPILER=aarch64-none-elf-gcc" "ARCHIVER=aarch64-none-elf-ar" "COMPILER_FLAGS=  -O2 -c" "EXTRA_COMPILER_FLAGS=-g -Wall -Wextra"
Compiling gpiops
Running Make libs in psu_cortexa53_0/libsrc/gpio_v4_3/src
make -C psu_cortexa53_0/libsrc/gpio_v4_3/src -s libs  "SHELL=/bin/sh" "COMPILER=aarch64-none-elf-gcc" "ARCHIVER=aarch64-none-elf-ar" "COMPILER_FLAGS=  -O2 -c" "EXTRA_COMPILER_FLAGS=-g -Wall -Wextra"
Compiling gpio
Running Make libs in psu_cortexa53_0/libsrc/cpu_cortexa53_v1_5/src
make -C psu_cortexa53_0/libsrc/cpu_cortexa53_v1_5/src -s libs  "SHELL=/bin/sh" "COMPILER=aarch64-none-elf-gcc" "ARCHIVER=aarch64-none-elf-ar" "COMPILER_FLAGS=  -O2 -c" "EXTRA_COMPILER_FLAGS=-g -Wall -Wextra"
Compiling cpu_cortexa53
Running Make libs in psu_cortexa53_0/libsrc/uartps_v3_7/src
make -C psu_cortexa53_0/libsrc/uartps_v3_7/src -s libs  "SHELL=/bin/sh" "COMPILER=aarch64-none-elf-gcc" "ARCHIVER=aarch64-none-elf-ar" "COMPILER_FLAGS=  -O2 -c" "EXTRA_COMPILER_FLAGS=-g -Wall -Wextra"
Compiling uartps
Running Make libs in psu_cortexa53_0/libsrc/qspipsu_v1_8/src
make -C psu_cortexa53_0/libsrc/qspipsu_v1_8/src -s libs  "SHELL=/bin/sh" "COMPILER=aarch64-none-elf-gcc" "ARCHIVER=aarch64-none-elf-ar" "COMPILER_FLAGS=  -O2 -c" "EXTRA_COMPILER_FLAGS=-g -Wall -Wextra"
Compiling qspipsu
Running Make libs in psu_cortexa53_0/libsrc/rtcpsu_v1_6/src
make -C psu_cortexa53_0/libsrc/rtcpsu_v1_6/src -s libs  "SHELL=/bin/sh" "COMPILER=aarch64-none-elf-gcc" "ARCHIVER=aarch64-none-elf-ar" "COMPILER_FLAGS=  -O2 -c" "EXTRA_COMPILER_FLAGS=-g -Wall -Wextra"
Compiling rtcpsu
Running Make libs in psu_cortexa53_0/libsrc/pciepsu_v1_0/src
make -C psu_cortexa53_0/libsrc/pciepsu_v1_0/src -s libs  "SHELL=/bin/sh" "COMPILER=aarch64-none-elf-gcc" "ARCHIVER=aarch64-none-elf-ar" "COMPILER_FLAGS=  -O2 -c" "EXTRA_COMPILER_FLAGS=-g -Wall -Wextra"
Compiling pciepsu
Running Make libs in psu_cortexa53_0/libsrc/clockps_v1_0/src
make -C psu_cortexa53_0/libsrc/clockps_v1_0/src -s libs  "SHELL=/bin/sh" "COMPILER=aarch64-none-elf-gcc" "ARCHIVER=aarch64-none-elf-ar" "COMPILER_FLAGS=  -O2 -c" "EXTRA_COMPILER_FLAGS=-g -Wall -Wextra"
Compiling clockps
Running Make libs in psu_cortexa53_0/libsrc/zdma_v1_6/src
make -C psu_cortexa53_0/libsrc/zdma_v1_6/src -s libs  "SHELL=/bin/sh" "COMPILER=aarch64-none-elf-gcc" "ARCHIVER=aarch64-none-elf-ar" "COMPILER_FLAGS=  -O2 -c" "EXTRA_COMPILER_FLAGS=-g -Wall -Wextra"
Compiling zdma
Running Make libs in psu_cortexa53_0/libsrc/coresightps_dcc_v1_4/src
make -C psu_cortexa53_0/libsrc/coresightps_dcc_v1_4/src -s libs  "SHELL=/bin/sh" "COMPILER=aarch64-none-elf-gcc" "ARCHIVER=aarch64-none-elf-ar" "COMPILER_FLAGS=  -O2 -c" "EXTRA_COMPILER_FLAGS=-g -Wall -Wextra"
Compiling coresightps_dcc
Running Make libs in psu_cortexa53_0/libsrc/usbpsu_v1_4/src
make -C psu_cortexa53_0/libsrc/usbpsu_v1_4/src -s libs  "SHELL=/bin/sh" "COMPILER=aarch64-none-elf-gcc" "ARCHIVER=aarch64-none-elf-ar" "COMPILER_FLAGS=  -O2 -c" "EXTRA_COMPILER_FLAGS=-g -Wall -Wextra"
Compiling usbpsu
Running Make libs in psu_cortexa53_0/libsrc/wdtps_v3_1/src
make -C psu_cortexa53_0/libsrc/wdtps_v3_1/src -s libs  "SHELL=/bin/sh" "COMPILER=aarch64-none-elf-gcc" "ARCHIVER=aarch64-none-elf-ar" "COMPILER_FLAGS=  -O2 -c" "EXTRA_COMPILER_FLAGS=-g -Wall -Wextra"
Compiling wdtps
Finished building libraries

**** Build of configuration Debug for project ps_pl_linux_app ****

Nothing to build for project ps_pl_linux_app
18:19:59 **** Auto Build of configuration Debug for project ps_pl_linux_app ****
make all 
Building file: ../src/ps_pl_linux_app.c
Invoking: ARM v8 gcc compiler
aarch64-none-elf-gcc -Wall -O0 -g3 -c -fmessage-length=0 -MT"src/ps_pl_linux_app.o" -I../../ps_pl_linux_app_bsp/psu_cortexa53_0/include -MMD -MP -MF"src/ps_pl_linux_app.d" -MT"src/ps_pl_linux_app.o" -o "src/ps_pl_linux_app.o" "../src/ps_pl_linux_app.c"
../src/ps_pl_linux_app.c:23:10: fatal error: sys/ioctl.h: No such file or directory
 #include <sys/ioctl.h>
          ^~~~~~~~~~~~~
compilation terminated.
make: *** [src/ps_pl_linux_app.o] Error 1
src/subdir.mk:21: recipe for target 'src/ps_pl_linux_app.o' failed
18:20:34 **** Clean-only build of configuration Debug for project ps_pl_linux_app ****
make clean 
rm -rf  ./src/ps_pl_linux_app.o  ./src/ps_pl_linux_app.d  ps_pl_linux_app.elf.size  ps_pl_linux_app.elf
 
18:20:34 **** Auto Build of configuration Debug for project ps_pl_linux_app ****
make all 
Building file: ../src/ps_pl_linux_app.c
Invoking: ARM v8 gcc compiler
aarch64-none-elf-gcc -Wall -O0 -g3 -c -fmessage-length=0 -MT"src/ps_pl_linux_app.o" -I../../ps_pl_linux_app_bsp/psu_cortexa53_0/include -MMD -MP -MF"src/ps_pl_linux_app.d" -MT"src/ps_pl_linux_app.o" -o "src/ps_pl_linux_app.o" "../src/ps_pl_linux_app.c"
../src/ps_pl_linux_app.c:23:10: fatal error: sys/ioctl.h: No such file or directory
 #include <sys/ioctl.h>
          ^~~~~~~~~~~~~
compilation terminated.
src/subdir.mk:21: recipe for target 'src/ps_pl_linux_app.o' failed
make: *** [src/ps_pl_linux_app.o] Error 1
18:24:38 **** Auto Build of configuration Debug for project ps_pl_linux_app ****
make all 
Building file: ../src/ps_pl_linux_app.c
Invoking: ARM v8 gcc compiler
aarch64-none-elf-gcc -Wall -O0 -g3 -c -fmessage-length=0 -MT"src/ps_pl_linux_app.o" -I../../ps_pl_linux_app_bsp/psu_cortexa53_0/include -MMD -MP -MF"src/ps_pl_linux_app.d" -MT"src/ps_pl_linux_app.o" -o "src/ps_pl_linux_app.o" "../src/ps_pl_linux_app.c"
../src/ps_pl_linux_app.c:23:10: fatal error: sys/ioctl.h: No such file or directory
 #include <sys/ioctl.h>
          ^~~~~~~~~~~~~
compilation terminated.
make: *** [src/ps_pl_linux_app.o] Error 1
src/subdir.mk:21: recipe for target 'src/ps_pl_linux_app.o' failed
18:25:24 **** Auto Build of configuration Debug for project ps_pl_linux_app ****
make all 
Building file: ../src/ps_pl_linux_app.c
Invoking: ARM v8 gcc compiler
aarch64-none-elf-gcc -Wall -O0 -g3 -c -fmessage-length=0 -MT"src/ps_pl_linux_app.o" -I../../ps_pl_linux_app_bsp/psu_cortexa53_0/include -MMD -MP -MF"src/ps_pl_linux_app.d" -MT"src/ps_pl_linux_app.o" -o "src/ps_pl_linux_app.o" "../src/ps_pl_linux_app.c"
../src/ps_pl_linux_app.c:25:10: fatal error: sys/socket.h: No such file or directory
 #include <sys/socket.h>
          ^~~~~~~~~~~~~~
compilation terminated.
make: *** [src/ps_pl_linux_app.o] Error 1
src/subdir.mk:21: recipe for target 'src/ps_pl_linux_app.o' failed
18:25:30 **** Auto Build of configuration Debug for project ps_pl_linux_app ****
make all 
Building file: ../src/ps_pl_linux_app.c
Invoking: ARM v8 gcc compiler
aarch64-none-elf-gcc -Wall -O0 -g3 -c -fmessage-length=0 -MT"src/ps_pl_linux_app.o" -I../../ps_pl_linux_app_bsp/psu_cortexa53_0/include -MMD -MP -MF"src/ps_pl_linux_app.d" -MT"src/ps_pl_linux_app.o" -o "src/ps_pl_linux_app.o" "../src/ps_pl_linux_app.c"
../src/ps_pl_linux_app.c:23:10: fatal error: sys/ioctl.h: No such file or directory
 #include <sys/ioctl.h>
          ^~~~~~~~~~~~~
compilation terminated.
make: *** [src/ps_pl_linux_app.o] Error 1
src/subdir.mk:21: recipe for target 'src/ps_pl_linux_app.o' failed
18:28:08 **** Auto Build of configuration Debug for project ps_pl_linux_app ****
make all 
Building file: ../src/ps_pl_linux_app.c
Invoking: ARM v8 gcc compiler
aarch64-none-elf-gcc -Wall -O0 -g3 -c -fmessage-length=0 -MT"src/ps_pl_linux_app.o" -I../../ps_pl_linux_app_bsp/psu_cortexa53_0/include -MMD -MP -MF"src/ps_pl_linux_app.d" -MT"src/ps_pl_linux_app.o" -o "src/ps_pl_linux_app.o" "../src/ps_pl_linux_app.c"
In file included from ../src/ps_pl_linux_app.c:23:0:
/usr/include/sys/ioctl.h:21:10: fatal error: features.h: No such file or directory
src/subdir.mk:21: recipe for target 'src/ps_pl_linux_app.o' failed
 #include <features.h>
          ^~~~~~~~~~~~
compilation terminated.
make: *** [src/ps_pl_linux_app.o] Error 1
