18:18:26 **** Auto Build of project r5_bsp ****
make -k all 
Running Make include in psu_cortexr5_0/libsrc/sdps_v3_6/src
make -C psu_cortexr5_0/libsrc/sdps_v3_6/src -s include  "SHELL=/bin/sh" "COMPILER=armr5-none-eabi-gcc" "ARCHIVER=armr5-none-eabi-ar" "COMPILER_FLAGS=  -O2 -c -mcpu=cortex-r5" "EXTRA_COMPILER_FLAGS=-g -DARMR5 -Wall -Wextra -mfloat-abi=hard -mfpu=vfpv3-d16 -Os -flto -ffat-lto-objects"
Running Make include in psu_cortexr5_0/libsrc/tmrctr_v4_5/src
make -C psu_cortexr5_0/libsrc/tmrctr_v4_5/src -s include  "SHELL=/bin/sh" "COMPILER=armr5-none-eabi-gcc" "ARCHIVER=armr5-none-eabi-ar" "COMPILER_FLAGS=  -O2 -c -mcpu=cortex-r5" "EXTRA_COMPILER_FLAGS=-g -DARMR5 -Wall -Wextra -mfloat-abi=hard -mfpu=vfpv3-d16 -Os -flto -ffat-lto-objects"
Running Make include in psu_cortexr5_0/libsrc/standalone_v6_8/src
make -C psu_cortexr5_0/libsrc/standalone_v6_8/src -s include  "SHELL=/bin/sh" "COMPILER=armr5-none-eabi-gcc" "ARCHIVER=armr5-none-eabi-ar" "COMPILER_FLAGS=  -O2 -c -mcpu=cortex-r5" "EXTRA_COMPILER_FLAGS=-g -DARMR5 -Wall -Wextra -mfloat-abi=hard -mfpu=vfpv3-d16 -Os -flto -ffat-lto-objects"
Running Make include in psu_cortexr5_0/libsrc/xilsecure_v3_2/src
make -C psu_cortexr5_0/libsrc/xilsecure_v3_2/src -s include  "SHELL=/bin/sh" "COMPILER=armr5-none-eabi-gcc" "ARCHIVER=armr5-none-eabi-ar" "COMPILER_FLAGS=  -O2 -c -mcpu=cortex-r5" "EXTRA_COMPILER_FLAGS=-g -DARMR5 -Wall -Wextra -mfloat-abi=hard -mfpu=vfpv3-d16 -Os -flto -ffat-lto-objects"
Running Make include in psu_cortexr5_0/libsrc/csudma_v1_3/src
make -C psu_cortexr5_0/libsrc/csudma_v1_3/src -s include  "SHELL=/bin/sh" "COMPILER=armr5-none-eabi-gcc" "ARCHIVER=armr5-none-eabi-ar" "COMPILER_FLAGS=  -O2 -c -mcpu=cortex-r5" "EXTRA_COMPILER_FLAGS=-g -DARMR5 -Wall -Wextra -mfloat-abi=hard -mfpu=vfpv3-d16 -Os -flto -ffat-lto-objects"
Running Make include in psu_cortexr5_0/libsrc/ipipsu_v2_4/src
make -C psu_cortexr5_0/libsrc/ipipsu_v2_4/src -s include  "SHELL=/bin/sh" "COMPILER=armr5-none-eabi-gcc" "ARCHIVER=armr5-none-eabi-ar" "COMPILER_FLAGS=  -O2 -c -mcpu=cortex-r5" "EXTRA_COMPILER_FLAGS=-g -DARMR5 -Wall -Wextra -mfloat-abi=hard -mfpu=vfpv3-d16 -Os -flto -ffat-lto-objects"
Running Make include in psu_cortexr5_0/libsrc/emacps_v3_8/src
make -C psu_cortexr5_0/libsrc/emacps_v3_8/src -s include  "SHELL=/bin/sh" "COMPILER=armr5-none-eabi-gcc" "ARCHIVER=armr5-none-eabi-ar" "COMPILER_FLAGS=  -O2 -c -mcpu=cortex-r5" "EXTRA_COMPILER_FLAGS=-g -DARMR5 -Wall -Wextra -mfloat-abi=hard -mfpu=vfpv3-d16 -Os -flto -ffat-lto-objects"
Running Make include in psu_cortexr5_0/libsrc/ttcps_v3_7/src
make -C psu_cortexr5_0/libsrc/ttcps_v3_7/src -s include  "SHELL=/bin/sh" "COMPILER=armr5-none-eabi-gcc" "ARCHIVER=armr5-none-eabi-ar" "COMPILER_FLAGS=  -O2 -c -mcpu=cortex-r5" "EXTRA_COMPILER_FLAGS=-g -DARMR5 -Wall -Wextra -mfloat-abi=hard -mfpu=vfpv3-d16 -Os -flto -ffat-lto-objects"
Running Make include in psu_cortexr5_0/libsrc/resetps_v1_2/src
make -C psu_cortexr5_0/libsrc/resetps_v1_2/src -s include  "SHELL=/bin/sh" "COMPILER=armr5-none-eabi-gcc" "ARCHIVER=armr5-none-eabi-ar" "COMPILER_FLAGS=  -O2 -c -mcpu=cortex-r5" "EXTRA_COMPILER_FLAGS=-g -DARMR5 -Wall -Wextra -mfloat-abi=hard -mfpu=vfpv3-d16 -Os -flto -ffat-lto-objects"
Running Make include in psu_cortexr5_0/libsrc/axipmon_v6_7/src
make -C psu_cortexr5_0/libsrc/axipmon_v6_7/src -s include  "SHELL=/bin/sh" "COMPILER=armr5-none-eabi-gcc" "ARCHIVER=armr5-none-eabi-ar" "COMPILER_FLAGS=  -O2 -c -mcpu=cortex-r5" "EXTRA_COMPILER_FLAGS=-g -DARMR5 -Wall -Wextra -mfloat-abi=hard -mfpu=vfpv3-d16 -Os -flto -ffat-lto-objects"
Running Make include in psu_cortexr5_0/libsrc/xilffs_v4_0/src
make -C psu_cortexr5_0/libsrc/xilffs_v4_0/src -s include  "SHELL=/bin/sh" "COMPILER=armr5-none-eabi-gcc" "ARCHIVER=armr5-none-eabi-ar" "COMPILER_FLAGS=  -O2 -c -mcpu=cortex-r5" "EXTRA_COMPILER_FLAGS=-g -DARMR5 -Wall -Wextra -mfloat-abi=hard -mfpu=vfpv3-d16 -Os -flto -ffat-lto-objects"
Running Make include in psu_cortexr5_0/libsrc/avbuf_v2_2/src
make -C psu_cortexr5_0/libsrc/avbuf_v2_2/src -s include  "SHELL=/bin/sh" "COMPILER=armr5-none-eabi-gcc" "ARCHIVER=armr5-none-eabi-ar" "COMPILER_FLAGS=  -O2 -c -mcpu=cortex-r5" "EXTRA_COMPILER_FLAGS=-g -DARMR5 -Wall -Wextra -mfloat-abi=hard -mfpu=vfpv3-d16 -Os -flto -ffat-lto-objects"
Running Make include in psu_cortexr5_0/libsrc/dpdma_v1_1/src
make -C psu_cortexr5_0/libsrc/dpdma_v1_1/src -s include  "SHELL=/bin/sh" "COMPILER=armr5-none-eabi-gcc" "ARCHIVER=armr5-none-eabi-ar" "COMPILER_FLAGS=  -O2 -c -mcpu=cortex-r5" "EXTRA_COMPILER_FLAGS=-g -DARMR5 -Wall -Wextra -mfloat-abi=hard -mfpu=vfpv3-d16 -Os -flto -ffat-lto-objects"
Running Make include in psu_cortexr5_0/libsrc/iicps_v3_8/src
make -C psu_cortexr5_0/libsrc/iicps_v3_8/src -s include  "SHELL=/bin/sh" "COMPILER=armr5-none-eabi-gcc" "ARCHIVER=armr5-none-eabi-ar" "COMPILER_FLAGS=  -O2 -c -mcpu=cortex-r5" "EXTRA_COMPILER_FLAGS=-g -DARMR5 -Wall -Wextra -mfloat-abi=hard -mfpu=vfpv3-d16 -Os -flto -ffat-lto-objects"
Running Make include in psu_cortexr5_0/libsrc/canps_v3_2/src
make -C psu_cortexr5_0/libsrc/canps_v3_2/src -s include  "SHELL=/bin/sh" "COMPILER=armr5-none-eabi-gcc" "ARCHIVER=armr5-none-eabi-ar" "COMPILER_FLAGS=  -O2 -c -mcpu=cortex-r5" "EXTRA_COMPILER_FLAGS=-g -DARMR5 -Wall -Wextra -mfloat-abi=hard -mfpu=vfpv3-d16 -Os -flto -ffat-lto-objects"
Running Make include in psu_cortexr5_0/libsrc/xilpm_v2_4/src
make -C psu_cortexr5_0/libsrc/xilpm_v2_4/src -s include  "SHELL=/bin/sh" "COMPILER=armr5-none-eabi-gcc" "ARCHIVER=armr5-none-eabi-ar" "COMPILER_FLAGS=  -O2 -c -mcpu=cortex-r5" "EXTRA_COMPILER_FLAGS=-g -DARMR5 -Wall -Wextra -mfloat-abi=hard -mfpu=vfpv3-d16 -Os -flto -ffat-lto-objects"
Include files for this library have already been copied.
Running Make include in psu_cortexr5_0/libsrc/scugic_v3_10/src
make -C psu_cortexr5_0/libsrc/scugic_v3_10/src -s include  "SHELL=/bin/sh" "COMPILER=armr5-none-eabi-gcc" "ARCHIVER=armr5-none-eabi-ar" "COMPILER_FLAGS=  -O2 -c -mcpu=cortex-r5" "EXTRA_COMPILER_FLAGS=-g -DARMR5 -Wall -Wextra -mfloat-abi=hard -mfpu=vfpv3-d16 -Os -flto -ffat-lto-objects"
Running Make include in psu_cortexr5_0/libsrc/sysmonpsu_v2_5/src
make -C psu_cortexr5_0/libsrc/sysmonpsu_v2_5/src -s include  "SHELL=/bin/sh" "COMPILER=armr5-none-eabi-gcc" "ARCHIVER=armr5-none-eabi-ar" "COMPILER_FLAGS=  -O2 -c -mcpu=cortex-r5" "EXTRA_COMPILER_FLAGS=-g -DARMR5 -Wall -Wextra -mfloat-abi=hard -mfpu=vfpv3-d16 -Os -flto -ffat-lto-objects"
Running Make include in psu_cortexr5_0/libsrc/ddrcpsu_v1_1/src
make -C psu_cortexr5_0/libsrc/ddrcpsu_v1_1/src -s include  "SHELL=/bin/sh" "COMPILER=armr5-none-eabi-gcc" "ARCHIVER=armr5-none-eabi-ar" "COMPILER_FLAGS=  -O2 -c -mcpu=cortex-r5" "EXTRA_COMPILER_FLAGS=-g -DARMR5 -Wall -Wextra -mfloat-abi=hard -mfpu=vfpv3-d16 -Os -flto -ffat-lto-objects"
Running Make include in psu_cortexr5_0/libsrc/video_common_v4_5/src
make -C psu_cortexr5_0/libsrc/video_common_v4_5/src -s include  "SHELL=/bin/sh" "COMPILER=armr5-none-eabi-gcc" "ARCHIVER=armr5-none-eabi-ar" "COMPILER_FLAGS=  -O2 -c -mcpu=cortex-r5" "EXTRA_COMPILER_FLAGS=-g -DARMR5 -Wall -Wextra -mfloat-abi=hard -mfpu=vfpv3-d16 -Os -flto -ffat-lto-objects"
Running Make include in psu_cortexr5_0/libsrc/gpiops_v3_4/src
make -C psu_cortexr5_0/libsrc/gpiops_v3_4/src -s include  "SHELL=/bin/sh" "COMPILER=armr5-none-eabi-gcc" "ARCHIVER=armr5-none-eabi-ar" "COMPILER_FLAGS=  -O2 -c -mcpu=cortex-r5" "EXTRA_COMPILER_FLAGS=-g -DARMR5 -Wall -Wextra -mfloat-abi=hard -mfpu=vfpv3-d16 -Os -flto -ffat-lto-objects"
Running Make include in psu_cortexr5_0/libsrc/gpio_v4_3/src
make -C psu_cortexr5_0/libsrc/gpio_v4_3/src -s include  "SHELL=/bin/sh" "COMPILER=armr5-none-eabi-gcc" "ARCHIVER=armr5-none-eabi-ar" "COMPILER_FLAGS=  -O2 -c -mcpu=cortex-r5" "EXTRA_COMPILER_FLAGS=-g -DARMR5 -Wall -Wextra -mfloat-abi=hard -mfpu=vfpv3-d16 -Os -flto -ffat-lto-objects"
Running Make include in psu_cortexr5_0/libsrc/uartps_v3_7/src
make -C psu_cortexr5_0/libsrc/uartps_v3_7/src -s include  "SHELL=/bin/sh" "COMPILER=armr5-none-eabi-gcc" "ARCHIVER=armr5-none-eabi-ar" "COMPILER_FLAGS=  -O2 -c -mcpu=cortex-r5" "EXTRA_COMPILER_FLAGS=-g -DARMR5 -Wall -Wextra -mfloat-abi=hard -mfpu=vfpv3-d16 -Os -flto -ffat-lto-objects"
Running Make include in psu_cortexr5_0/libsrc/qspipsu_v1_8/src
make -C psu_cortexr5_0/libsrc/qspipsu_v1_8/src -s include  "SHELL=/bin/sh" "COMPILER=armr5-none-eabi-gcc" "ARCHIVER=armr5-none-eabi-ar" "COMPILER_FLAGS=  -O2 -c -mcpu=cortex-r5" "EXTRA_COMPILER_FLAGS=-g -DARMR5 -Wall -Wextra -mfloat-abi=hard -mfpu=vfpv3-d16 -Os -flto -ffat-lto-objects"
Running Make include in psu_cortexr5_0/libsrc/cpu_cortexr5_v1_4/src
make -C psu_cortexr5_0/libsrc/cpu_cortexr5_v1_4/src -s include  "SHELL=/bin/sh" "COMPILER=armr5-none-eabi-gcc" "ARCHIVER=armr5-none-eabi-ar" "COMPILER_FLAGS=  -O2 -c -mcpu=cortex-r5" "EXTRA_COMPILER_FLAGS=-g -DARMR5 -Wall -Wextra -mfloat-abi=hard -mfpu=vfpv3-d16 -Os -flto -ffat-lto-objects"
Running Make include in psu_cortexr5_0/libsrc/rtcpsu_v1_6/src
make -C psu_cortexr5_0/libsrc/rtcpsu_v1_6/src -s include  "SHELL=/bin/sh" "COMPILER=armr5-none-eabi-gcc" "ARCHIVER=armr5-none-eabi-ar" "COMPILER_FLAGS=  -O2 -c -mcpu=cortex-r5" "EXTRA_COMPILER_FLAGS=-g -DARMR5 -Wall -Wextra -mfloat-abi=hard -mfpu=vfpv3-d16 -Os -flto -ffat-lto-objects"
Running Make include in psu_cortexr5_0/libsrc/pciepsu_v1_0/src
make -C psu_cortexr5_0/libsrc/pciepsu_v1_0/src -s include  "SHELL=/bin/sh" "COMPILER=armr5-none-eabi-gcc" "ARCHIVER=armr5-none-eabi-ar" "COMPILER_FLAGS=  -O2 -c -mcpu=cortex-r5" "EXTRA_COMPILER_FLAGS=-g -DARMR5 -Wall -Wextra -mfloat-abi=hard -mfpu=vfpv3-d16 -Os -flto -ffat-lto-objects"
Running Make include in psu_cortexr5_0/libsrc/clockps_v1_0/src
make -C psu_cortexr5_0/libsrc/clockps_v1_0/src -s include  "SHELL=/bin/sh" "COMPILER=armr5-none-eabi-gcc" "ARCHIVER=armr5-none-eabi-ar" "COMPILER_FLAGS=  -O2 -c -mcpu=cortex-r5" "EXTRA_COMPILER_FLAGS=-g -DARMR5 -Wall -Wextra -mfloat-abi=hard -mfpu=vfpv3-d16 -Os -flto -ffat-lto-objects"
Running Make include in psu_cortexr5_0/libsrc/zdma_v1_6/src
make -C psu_cortexr5_0/libsrc/zdma_v1_6/src -s include  "SHELL=/bin/sh" "COMPILER=armr5-none-eabi-gcc" "ARCHIVER=armr5-none-eabi-ar" "COMPILER_FLAGS=  -O2 -c -mcpu=cortex-r5" "EXTRA_COMPILER_FLAGS=-g -DARMR5 -Wall -Wextra -mfloat-abi=hard -mfpu=vfpv3-d16 -Os -flto -ffat-lto-objects"
Running Make include in psu_cortexr5_0/libsrc/coresightps_dcc_v1_4/src
make -C psu_cortexr5_0/libsrc/coresightps_dcc_v1_4/src -s include  "SHELL=/bin/sh" "COMPILER=armr5-none-eabi-gcc" "ARCHIVER=armr5-none-eabi-ar" "COMPILER_FLAGS=  -O2 -c -mcpu=cortex-r5" "EXTRA_COMPILER_FLAGS=-g -DARMR5 -Wall -Wextra -mfloat-abi=hard -mfpu=vfpv3-d16 -Os -flto -ffat-lto-objects"
Running Make include in psu_cortexr5_0/libsrc/usbpsu_v1_4/src
make -C psu_cortexr5_0/libsrc/usbpsu_v1_4/src -s include  "SHELL=/bin/sh" "COMPILER=armr5-none-eabi-gcc" "ARCHIVER=armr5-none-eabi-ar" "COMPILER_FLAGS=  -O2 -c -mcpu=cortex-r5" "EXTRA_COMPILER_FLAGS=-g -DARMR5 -Wall -Wextra -mfloat-abi=hard -mfpu=vfpv3-d16 -Os -flto -ffat-lto-objects"
Running Make include in psu_cortexr5_0/libsrc/wdtps_v3_1/src
make -C psu_cortexr5_0/libsrc/wdtps_v3_1/src -s include  "SHELL=/bin/sh" "COMPILER=armr5-none-eabi-gcc" "ARCHIVER=armr5-none-eabi-ar" "COMPILER_FLAGS=  -O2 -c -mcpu=cortex-r5" "EXTRA_COMPILER_FLAGS=-g -DARMR5 -Wall -Wextra -mfloat-abi=hard -mfpu=vfpv3-d16 -Os -flto -ffat-lto-objects"
Running Make libs in psu_cortexr5_0/libsrc/sdps_v3_6/src
make -C psu_cortexr5_0/libsrc/sdps_v3_6/src -s libs  "SHELL=/bin/sh" "COMPILER=armr5-none-eabi-gcc" "ARCHIVER=armr5-none-eabi-ar" "COMPILER_FLAGS=  -O2 -c -mcpu=cortex-r5" "EXTRA_COMPILER_FLAGS=-g -DARMR5 -Wall -Wextra -mfloat-abi=hard -mfpu=vfpv3-d16 -Os -flto -ffat-lto-objects"
Compiling sdps
Running Make libs in psu_cortexr5_0/libsrc/tmrctr_v4_5/src
make -C psu_cortexr5_0/libsrc/tmrctr_v4_5/src -s libs  "SHELL=/bin/sh" "COMPILER=armr5-none-eabi-gcc" "ARCHIVER=armr5-none-eabi-ar" "COMPILER_FLAGS=  -O2 -c -mcpu=cortex-r5" "EXTRA_COMPILER_FLAGS=-g -DARMR5 -Wall -Wextra -mfloat-abi=hard -mfpu=vfpv3-d16 -Os -flto -ffat-lto-objects"
Compiling tmrctr
Running Make libs in psu_cortexr5_0/libsrc/standalone_v6_8/src
make -C psu_cortexr5_0/libsrc/standalone_v6_8/src -s libs  "SHELL=/bin/sh" "COMPILER=armr5-none-eabi-gcc" "ARCHIVER=armr5-none-eabi-ar" "COMPILER_FLAGS=  -O2 -c -mcpu=cortex-r5" "EXTRA_COMPILER_FLAGS=-g -DARMR5 -Wall -Wextra -mfloat-abi=hard -mfpu=vfpv3-d16 -Os -flto -ffat-lto-objects"
Compiling standalone R5
In file included from xtime_l.c:63:0:
xtime_l.h:78:9: note: #pragma message: For the sleep routines, TTC3 is used if present else the assembly instructions are called
 #pragma message ("For the sleep routines, TTC3 is used if present else the assembly instructions are called")
         ^~~~~~~
In file included from xil_sleeptimer.c:51:0:
xtime_l.h:78:9: note: #pragma message: For the sleep routines, TTC3 is used if present else the assembly instructions are called
 #pragma message ("For the sleep routines, TTC3 is used if present else the assembly instructions are called")
         ^~~~~~~
In file included from sleep.c:59:0:
xtime_l.h:78:9: note: #pragma message: For the sleep routines, TTC3 is used if present else the assembly instructions are called
 #pragma message ("For the sleep routines, TTC3 is used if present else the assembly instructions are called")
         ^~~~~~~
In file included from usleep.c:61:0:
xtime_l.h:78:9: note: #pragma message: For the sleep routines, TTC3 is used if present else the assembly instructions are called
 #pragma message ("For the sleep routines, TTC3 is used if present else the assembly instructions are called")
         ^~~~~~~
Running Make libs in psu_cortexr5_0/libsrc/xilsecure_v3_2/src
make -C psu_cortexr5_0/libsrc/xilsecure_v3_2/src -s libs  "SHELL=/bin/sh" "COMPILER=armr5-none-eabi-gcc" "ARCHIVER=armr5-none-eabi-ar" "COMPILER_FLAGS=  -O2 -c -mcpu=cortex-r5" "EXTRA_COMPILER_FLAGS=-g -DARMR5 -Wall -Wextra -mfloat-abi=hard -mfpu=vfpv3-d16 -Os -flto -ffat-lto-objects"
Compiling XilSecure Library
Running Make libs in psu_cortexr5_0/libsrc/csudma_v1_3/src
make -C psu_cortexr5_0/libsrc/csudma_v1_3/src -s libs  "SHELL=/bin/sh" "COMPILER=armr5-none-eabi-gcc" "ARCHIVER=armr5-none-eabi-ar" "COMPILER_FLAGS=  -O2 -c -mcpu=cortex-r5" "EXTRA_COMPILER_FLAGS=-g -DARMR5 -Wall -Wextra -mfloat-abi=hard -mfpu=vfpv3-d16 -Os -flto -ffat-lto-objects"
Compiling csudma
Running Make libs in psu_cortexr5_0/libsrc/ipipsu_v2_4/src
make -C psu_cortexr5_0/libsrc/ipipsu_v2_4/src -s libs  "SHELL=/bin/sh" "COMPILER=armr5-none-eabi-gcc" "ARCHIVER=armr5-none-eabi-ar" "COMPILER_FLAGS=  -O2 -c -mcpu=cortex-r5" "EXTRA_COMPILER_FLAGS=-g -DARMR5 -Wall -Wextra -mfloat-abi=hard -mfpu=vfpv3-d16 -Os -flto -ffat-lto-objects"
Compiling ipipsu
Running Make libs in psu_cortexr5_0/libsrc/emacps_v3_8/src
make -C psu_cortexr5_0/libsrc/emacps_v3_8/src -s libs  "SHELL=/bin/sh" "COMPILER=armr5-none-eabi-gcc" "ARCHIVER=armr5-none-eabi-ar" "COMPILER_FLAGS=  -O2 -c -mcpu=cortex-r5" "EXTRA_COMPILER_FLAGS=-g -DARMR5 -Wall -Wextra -mfloat-abi=hard -mfpu=vfpv3-d16 -Os -flto -ffat-lto-objects"
Compiling emacps
Running Make libs in psu_cortexr5_0/libsrc/ttcps_v3_7/src
make -C psu_cortexr5_0/libsrc/ttcps_v3_7/src -s libs  "SHELL=/bin/sh" "COMPILER=armr5-none-eabi-gcc" "ARCHIVER=armr5-none-eabi-ar" "COMPILER_FLAGS=  -O2 -c -mcpu=cortex-r5" "EXTRA_COMPILER_FLAGS=-g -DARMR5 -Wall -Wextra -mfloat-abi=hard -mfpu=vfpv3-d16 -Os -flto -ffat-lto-objects"
Compiling ttcps
Running Make libs in psu_cortexr5_0/libsrc/resetps_v1_2/src
make -C psu_cortexr5_0/libsrc/resetps_v1_2/src -s libs  "SHELL=/bin/sh" "COMPILER=armr5-none-eabi-gcc" "ARCHIVER=armr5-none-eabi-ar" "COMPILER_FLAGS=  -O2 -c -mcpu=cortex-r5" "EXTRA_COMPILER_FLAGS=-g -DARMR5 -Wall -Wextra -mfloat-abi=hard -mfpu=vfpv3-d16 -Os -flto -ffat-lto-objects"
Compiling resetps
Running Make libs in psu_cortexr5_0/libsrc/axipmon_v6_7/src
make -C psu_cortexr5_0/libsrc/axipmon_v6_7/src -s libs  "SHELL=/bin/sh" "COMPILER=armr5-none-eabi-gcc" "ARCHIVER=armr5-none-eabi-ar" "COMPILER_FLAGS=  -O2 -c -mcpu=cortex-r5" "EXTRA_COMPILER_FLAGS=-g -DARMR5 -Wall -Wextra -mfloat-abi=hard -mfpu=vfpv3-d16 -Os -flto -ffat-lto-objects"
Compiling axipmon
Running Make libs in psu_cortexr5_0/libsrc/xilffs_v4_0/src
make -C psu_cortexr5_0/libsrc/xilffs_v4_0/src -s libs  "SHELL=/bin/sh" "COMPILER=armr5-none-eabi-gcc" "ARCHIVER=armr5-none-eabi-ar" "COMPILER_FLAGS=  -O2 -c -mcpu=cortex-r5" "EXTRA_COMPILER_FLAGS=-g -DARMR5 -Wall -Wextra -mfloat-abi=hard -mfpu=vfpv3-d16 -Os -flto -ffat-lto-objects"
Compiling XilFFs Library
Running Make libs in psu_cortexr5_0/libsrc/avbuf_v2_2/src
make -C psu_cortexr5_0/libsrc/avbuf_v2_2/src -s libs  "SHELL=/bin/sh" "COMPILER=armr5-none-eabi-gcc" "ARCHIVER=armr5-none-eabi-ar" "COMPILER_FLAGS=  -O2 -c -mcpu=cortex-r5" "EXTRA_COMPILER_FLAGS=-g -DARMR5 -Wall -Wextra -mfloat-abi=hard -mfpu=vfpv3-d16 -Os -flto -ffat-lto-objects"
Compiling avbuf
Running Make libs in psu_cortexr5_0/libsrc/dpdma_v1_1/src
make -C psu_cortexr5_0/libsrc/dpdma_v1_1/src -s libs  "SHELL=/bin/sh" "COMPILER=armr5-none-eabi-gcc" "ARCHIVER=armr5-none-eabi-ar" "COMPILER_FLAGS=  -O2 -c -mcpu=cortex-r5" "EXTRA_COMPILER_FLAGS=-g -DARMR5 -Wall -Wextra -mfloat-abi=hard -mfpu=vfpv3-d16 -Os -flto -ffat-lto-objects"
Compiling dpdma
Running Make libs in psu_cortexr5_0/libsrc/iicps_v3_8/src
make -C psu_cortexr5_0/libsrc/iicps_v3_8/src -s libs  "SHELL=/bin/sh" "COMPILER=armr5-none-eabi-gcc" "ARCHIVER=armr5-none-eabi-ar" "COMPILER_FLAGS=  -O2 -c -mcpu=cortex-r5" "EXTRA_COMPILER_FLAGS=-g -DARMR5 -Wall -Wextra -mfloat-abi=hard -mfpu=vfpv3-d16 -Os -flto -ffat-lto-objects"
Compiling iicps
Running Make libs in psu_cortexr5_0/libsrc/canps_v3_2/src
make -C psu_cortexr5_0/libsrc/canps_v3_2/src -s libs  "SHELL=/bin/sh" "COMPILER=armr5-none-eabi-gcc" "ARCHIVER=armr5-none-eabi-ar" "COMPILER_FLAGS=  -O2 -c -mcpu=cortex-r5" "EXTRA_COMPILER_FLAGS=-g -DARMR5 -Wall -Wextra -mfloat-abi=hard -mfpu=vfpv3-d16 -Os -flto -ffat-lto-objects"
Compiling canps
Running Make libs in psu_cortexr5_0/libsrc/xilpm_v2_4/src
make -C psu_cortexr5_0/libsrc/xilpm_v2_4/src -s libs  "SHELL=/bin/sh" "COMPILER=armr5-none-eabi-gcc" "ARCHIVER=armr5-none-eabi-ar" "COMPILER_FLAGS=  -O2 -c -mcpu=cortex-r5" "EXTRA_COMPILER_FLAGS=-g -DARMR5 -Wall -Wextra -mfloat-abi=hard -mfpu=vfpv3-d16 -Os -flto -ffat-lto-objects"
Compiling xilpm library
Running Make libs in psu_cortexr5_0/libsrc/scugic_v3_10/src
make -C psu_cortexr5_0/libsrc/scugic_v3_10/src -s libs  "SHELL=/bin/sh" "COMPILER=armr5-none-eabi-gcc" "ARCHIVER=armr5-none-eabi-ar" "COMPILER_FLAGS=  -O2 -c -mcpu=cortex-r5" "EXTRA_COMPILER_FLAGS=-g -DARMR5 -Wall -Wextra -mfloat-abi=hard -mfpu=vfpv3-d16 -Os -flto -ffat-lto-objects"
Compiling scugic
Running Make libs in psu_cortexr5_0/libsrc/sysmonpsu_v2_5/src
make -C psu_cortexr5_0/libsrc/sysmonpsu_v2_5/src -s libs  "SHELL=/bin/sh" "COMPILER=armr5-none-eabi-gcc" "ARCHIVER=armr5-none-eabi-ar" "COMPILER_FLAGS=  -O2 -c -mcpu=cortex-r5" "EXTRA_COMPILER_FLAGS=-g -DARMR5 -Wall -Wextra -mfloat-abi=hard -mfpu=vfpv3-d16 -Os -flto -ffat-lto-objects"
Compiling sysmonpsu
Running Make libs in psu_cortexr5_0/libsrc/ddrcpsu_v1_1/src
make -C psu_cortexr5_0/libsrc/ddrcpsu_v1_1/src -s libs  "SHELL=/bin/sh" "COMPILER=armr5-none-eabi-gcc" "ARCHIVER=armr5-none-eabi-ar" "COMPILER_FLAGS=  -O2 -c -mcpu=cortex-r5" "EXTRA_COMPILER_FLAGS=-g -DARMR5 -Wall -Wextra -mfloat-abi=hard -mfpu=vfpv3-d16 -Os -flto -ffat-lto-objects"
Compiling ddrcpsu
Running Make libs in psu_cortexr5_0/libsrc/video_common_v4_5/src
make -C psu_cortexr5_0/libsrc/video_common_v4_5/src -s libs  "SHELL=/bin/sh" "COMPILER=armr5-none-eabi-gcc" "ARCHIVER=armr5-none-eabi-ar" "COMPILER_FLAGS=  -O2 -c -mcpu=cortex-r5" "EXTRA_COMPILER_FLAGS=-g -DARMR5 -Wall -Wextra -mfloat-abi=hard -mfpu=vfpv3-d16 -Os -flto -ffat-lto-objects"
Compiling video_common
Running Make libs in psu_cortexr5_0/libsrc/gpiops_v3_4/src
make -C psu_cortexr5_0/libsrc/gpiops_v3_4/src -s libs  "SHELL=/bin/sh" "COMPILER=armr5-none-eabi-gcc" "ARCHIVER=armr5-none-eabi-ar" "COMPILER_FLAGS=  -O2 -c -mcpu=cortex-r5" "EXTRA_COMPILER_FLAGS=-g -DARMR5 -Wall -Wextra -mfloat-abi=hard -mfpu=vfpv3-d16 -Os -flto -ffat-lto-objects"
Compiling gpiops
Running Make libs in psu_cortexr5_0/libsrc/gpio_v4_3/src
make -C psu_cortexr5_0/libsrc/gpio_v4_3/src -s libs  "SHELL=/bin/sh" "COMPILER=armr5-none-eabi-gcc" "ARCHIVER=armr5-none-eabi-ar" "COMPILER_FLAGS=  -O2 -c -mcpu=cortex-r5" "EXTRA_COMPILER_FLAGS=-g -DARMR5 -Wall -Wextra -mfloat-abi=hard -mfpu=vfpv3-d16 -Os -flto -ffat-lto-objects"
Compiling gpio
Running Make libs in psu_cortexr5_0/libsrc/uartps_v3_7/src
make -C psu_cortexr5_0/libsrc/uartps_v3_7/src -s libs  "SHELL=/bin/sh" "COMPILER=armr5-none-eabi-gcc" "ARCHIVER=armr5-none-eabi-ar" "COMPILER_FLAGS=  -O2 -c -mcpu=cortex-r5" "EXTRA_COMPILER_FLAGS=-g -DARMR5 -Wall -Wextra -mfloat-abi=hard -mfpu=vfpv3-d16 -Os -flto -ffat-lto-objects"
Compiling uartps
Running Make libs in psu_cortexr5_0/libsrc/qspipsu_v1_8/src
make -C psu_cortexr5_0/libsrc/qspipsu_v1_8/src -s libs  "SHELL=/bin/sh" "COMPILER=armr5-none-eabi-gcc" "ARCHIVER=armr5-none-eabi-ar" "COMPILER_FLAGS=  -O2 -c -mcpu=cortex-r5" "EXTRA_COMPILER_FLAGS=-g -DARMR5 -Wall -Wextra -mfloat-abi=hard -mfpu=vfpv3-d16 -Os -flto -ffat-lto-objects"
Compiling qspipsu
Running Make libs in psu_cortexr5_0/libsrc/cpu_cortexr5_v1_4/src
make -C psu_cortexr5_0/libsrc/cpu_cortexr5_v1_4/src -s libs  "SHELL=/bin/sh" "COMPILER=armr5-none-eabi-gcc" "ARCHIVER=armr5-none-eabi-ar" "COMPILER_FLAGS=  -O2 -c -mcpu=cortex-r5" "EXTRA_COMPILER_FLAGS=-g -DARMR5 -Wall -Wextra -mfloat-abi=hard -mfpu=vfpv3-d16 -Os -flto -ffat-lto-objects"
Compiling cpu_cortexr5
Running Make libs in psu_cortexr5_0/libsrc/rtcpsu_v1_6/src
make -C psu_cortexr5_0/libsrc/rtcpsu_v1_6/src -s libs  "SHELL=/bin/sh" "COMPILER=armr5-none-eabi-gcc" "ARCHIVER=armr5-none-eabi-ar" "COMPILER_FLAGS=  -O2 -c -mcpu=cortex-r5" "EXTRA_COMPILER_FLAGS=-g -DARMR5 -Wall -Wextra -mfloat-abi=hard -mfpu=vfpv3-d16 -Os -flto -ffat-lto-objects"
Compiling rtcpsu
Running Make libs in psu_cortexr5_0/libsrc/pciepsu_v1_0/src
make -C psu_cortexr5_0/libsrc/pciepsu_v1_0/src -s libs  "SHELL=/bin/sh" "COMPILER=armr5-none-eabi-gcc" "ARCHIVER=armr5-none-eabi-ar" "COMPILER_FLAGS=  -O2 -c -mcpu=cortex-r5" "EXTRA_COMPILER_FLAGS=-g -DARMR5 -Wall -Wextra -mfloat-abi=hard -mfpu=vfpv3-d16 -Os -flto -ffat-lto-objects"
Compiling pciepsu
Running Make libs in psu_cortexr5_0/libsrc/clockps_v1_0/src
make -C psu_cortexr5_0/libsrc/clockps_v1_0/src -s libs  "SHELL=/bin/sh" "COMPILER=armr5-none-eabi-gcc" "ARCHIVER=armr5-none-eabi-ar" "COMPILER_FLAGS=  -O2 -c -mcpu=cortex-r5" "EXTRA_COMPILER_FLAGS=-g -DARMR5 -Wall -Wextra -mfloat-abi=hard -mfpu=vfpv3-d16 -Os -flto -ffat-lto-objects"
Compiling clockps
Running Make libs in psu_cortexr5_0/libsrc/zdma_v1_6/src
make -C psu_cortexr5_0/libsrc/zdma_v1_6/src -s libs  "SHELL=/bin/sh" "COMPILER=armr5-none-eabi-gcc" "ARCHIVER=armr5-none-eabi-ar" "COMPILER_FLAGS=  -O2 -c -mcpu=cortex-r5" "EXTRA_COMPILER_FLAGS=-g -DARMR5 -Wall -Wextra -mfloat-abi=hard -mfpu=vfpv3-d16 -Os -flto -ffat-lto-objects"
Compiling zdma
Running Make libs in psu_cortexr5_0/libsrc/coresightps_dcc_v1_4/src
make -C psu_cortexr5_0/libsrc/coresightps_dcc_v1_4/src -s libs  "SHELL=/bin/sh" "COMPILER=armr5-none-eabi-gcc" "ARCHIVER=armr5-none-eabi-ar" "COMPILER_FLAGS=  -O2 -c -mcpu=cortex-r5" "EXTRA_COMPILER_FLAGS=-g -DARMR5 -Wall -Wextra -mfloat-abi=hard -mfpu=vfpv3-d16 -Os -flto -ffat-lto-objects"
Compiling coresightps_dcc
Running Make libs in psu_cortexr5_0/libsrc/usbpsu_v1_4/src
make -C psu_cortexr5_0/libsrc/usbpsu_v1_4/src -s libs  "SHELL=/bin/sh" "COMPILER=armr5-none-eabi-gcc" "ARCHIVER=armr5-none-eabi-ar" "COMPILER_FLAGS=  -O2 -c -mcpu=cortex-r5" "EXTRA_COMPILER_FLAGS=-g -DARMR5 -Wall -Wextra -mfloat-abi=hard -mfpu=vfpv3-d16 -Os -flto -ffat-lto-objects"
Compiling usbpsu
Running Make libs in psu_cortexr5_0/libsrc/wdtps_v3_1/src
make -C psu_cortexr5_0/libsrc/wdtps_v3_1/src -s libs  "SHELL=/bin/sh" "COMPILER=armr5-none-eabi-gcc" "ARCHIVER=armr5-none-eabi-ar" "COMPILER_FLAGS=  -O2 -c -mcpu=cortex-r5" "EXTRA_COMPILER_FLAGS=-g -DARMR5 -Wall -Wextra -mfloat-abi=hard -mfpu=vfpv3-d16 -Os -flto -ffat-lto-objects"
Compiling wdtps
Finished building libraries

18:18:34 Build Finished (took 7s.931ms)

