17:00:36 INFO  : Registering command handlers for SDK TCF services
17:00:36 INFO  : Launching XSCT server: xsct -n -interactive /home/shubham/Vivado_Exercises/customWalaProject/customWalaProject.sdk/temp_xsdb_launch_script.tcl
17:00:38 INFO  : XSCT server has started successfully.
17:00:38 INFO  : Successfully done setting XSCT server connection channel  
17:00:38 INFO  : Successfully done setting SDK workspace  
17:00:38 INFO  : Processing command line option -hwspec /home/shubham/Vivado_Exercises/customWalaProject/customWalaProject.sdk/design_1_wrapper.hdf.
17:01:47 INFO  : Connected to target on host '127.0.0.1' and port '3121'.
17:01:47 INFO  : 'targets -set -filter {jtag_cable_name =~ "Digilent JTAG-SMT2NC 210308A7A5CC" && level==0} -index 0' command is executed.
17:02:02 INFO  : FPGA configured successfully with bitstream "/home/shubham/Vivado_Exercises/customWalaProject/customWalaProject.sdk/design_1_wrapper_hw_platform_0/design_1_wrapper.bit"
17:02:07 INFO  : Connected to target on host '127.0.0.1' and port '3121'.
17:02:07 INFO  : Jtag cable 'Digilent JTAG-SMT2NC 210308A7A5CC' is selected.
17:02:07 INFO  : 'jtag frequency' command is executed.
17:02:07 INFO  : Sourcing of '/home/shubham/Xilinx2018.3/SDK/2018.3/scripts/sdk/util/zynqmp_utils.tcl' is done.
17:02:08 INFO  : Context for 'APU' is selected.
17:02:08 INFO  : Hardware design information is loaded from '/home/shubham/Vivado_Exercises/customWalaProject/customWalaProject.sdk/design_1_wrapper_hw_platform_0/system.hdf'.
17:02:08 INFO  : 'configparams force-mem-access 1' command is executed.
17:02:08 INFO  : Context for 'APU' is selected.
17:02:08 INFO  : Sourcing of '/home/shubham/Vivado_Exercises/customWalaProject/customWalaProject.sdk/design_1_wrapper_hw_platform_0/psu_init.tcl' is done.
17:02:08 INFO  : 'psu_init' command is executed.
17:02:09 INFO  : 'after 1000' command is executed.
17:02:09 INFO  : 'psu_ps_pl_isolation_removal' command is executed.
17:02:10 INFO  : 'after 1000' command is executed.
17:02:10 INFO  : 'psu_ps_pl_reset_config' command is executed.
17:02:10 INFO  : 'catch {psu_protection}' command is executed.
17:02:10 INFO  : Context for processor 'psu_cortexa53_0' is selected.
17:02:10 INFO  : Processor reset is completed for 'psu_cortexa53_0'.
17:02:11 INFO  : The application '/home/shubham/Vivado_Exercises/customWalaProject/customWalaProject.sdk/customWala/Debug/customWala.elf' is downloaded to processor 'psu_cortexa53_0'.
17:02:11 INFO  : 'configparams force-mem-access 0' command is executed.
17:02:11 INFO  : ----------------XSDB Script----------------
connect -url tcp:127.0.0.1:3121
source /home/shubham/Xilinx2018.3/SDK/2018.3/scripts/sdk/util/zynqmp_utils.tcl
targets -set -nocase -filter {name =~"APU*" && jtag_cable_name =~ "Digilent JTAG-SMT2NC 210308A7A5CC"} -index 1
loadhw -hw /home/shubham/Vivado_Exercises/customWalaProject/customWalaProject.sdk/design_1_wrapper_hw_platform_0/system.hdf -mem-ranges [list {0x80000000 0xbfffffff} {0x400000000 0x5ffffffff} {0x1000000000 0x7fffffffff}]
configparams force-mem-access 1
targets -set -nocase -filter {name =~"APU*" && jtag_cable_name =~ "Digilent JTAG-SMT2NC 210308A7A5CC"} -index 1
source /home/shubham/Vivado_Exercises/customWalaProject/customWalaProject.sdk/design_1_wrapper_hw_platform_0/psu_init.tcl
psu_init
after 1000
psu_ps_pl_isolation_removal
after 1000
psu_ps_pl_reset_config
catch {psu_protection}
targets -set -nocase -filter {name =~"*A53*0" && jtag_cable_name =~ "Digilent JTAG-SMT2NC 210308A7A5CC"} -index 1
rst -processor
dow /home/shubham/Vivado_Exercises/customWalaProject/customWalaProject.sdk/customWala/Debug/customWala.elf
configparams force-mem-access 0
----------------End of Script----------------

17:02:11 INFO  : Context for processor 'psu_cortexa53_0' is selected.
17:02:11 INFO  : 'con' command is executed.
17:02:11 INFO  : ----------------XSDB Script (After Launch)----------------
targets -set -nocase -filter {name =~"*A53*0" && jtag_cable_name =~ "Digilent JTAG-SMT2NC 210308A7A5CC"} -index 1
con
----------------End of Script----------------

17:02:11 INFO  : Launch script is exported to file '/home/shubham/Vivado_Exercises/customWalaProject/customWalaProject.sdk/.sdk/launch_scripts/xilinx_c-c++_application_(system_debugger)/system_debugger_using_debug_customwala.elf_on_local.tcl'
17:09:54 INFO  : Connected to target on host '127.0.0.1' and port '3121'.
17:09:54 INFO  : 'targets -set -filter {jtag_cable_name =~ "Digilent JTAG-SMT2NC 210308A7A5CC" && level==0} -index 0' command is executed.
17:10:09 INFO  : FPGA configured successfully with bitstream "/home/shubham/Vivado_Exercises/customWalaProject/customWalaProject.sdk/design_1_wrapper_hw_platform_0/design_1_wrapper.bit"
17:10:29 INFO  : Disconnected from the channel tcfchan#1.
17:10:30 INFO  : Connected to target on host '127.0.0.1' and port '3121'.
17:10:33 INFO  : Jtag cable 'Digilent JTAG-SMT2NC 210308A7A5CC' is selected.
17:10:33 INFO  : 'jtag frequency' command is executed.
17:10:33 INFO  : Sourcing of '/home/shubham/Xilinx2018.3/SDK/2018.3/scripts/sdk/util/zynqmp_utils.tcl' is done.
17:10:33 INFO  : Context for 'APU' is selected.
17:10:34 INFO  : Hardware design information is loaded from '/home/shubham/Vivado_Exercises/customWalaProject/customWalaProject.sdk/design_1_wrapper_hw_platform_0/system.hdf'.
17:10:34 INFO  : 'configparams force-mem-access 1' command is executed.
17:10:34 INFO  : Context for 'APU' is selected.
17:10:34 INFO  : Sourcing of '/home/shubham/Vivado_Exercises/customWalaProject/customWalaProject.sdk/design_1_wrapper_hw_platform_0/psu_init.tcl' is done.
17:10:34 INFO  : 'psu_init' command is executed.
17:10:35 INFO  : 'after 1000' command is executed.
17:10:35 INFO  : 'psu_ps_pl_isolation_removal' command is executed.
17:10:36 INFO  : 'after 1000' command is executed.
17:10:36 INFO  : 'psu_ps_pl_reset_config' command is executed.
17:10:36 INFO  : 'catch {psu_protection}' command is executed.
17:10:36 INFO  : Context for processor 'psu_cortexa53_0' is selected.
17:10:36 INFO  : Processor reset is completed for 'psu_cortexa53_0'.
17:10:36 INFO  : The application '/home/shubham/Vivado_Exercises/customWalaProject/customWalaProject.sdk/customWala/Debug/customWala.elf' is downloaded to processor 'psu_cortexa53_0'.
17:10:36 INFO  : 'configparams force-mem-access 0' command is executed.
17:10:36 INFO  : ----------------XSDB Script----------------
connect -url tcp:127.0.0.1:3121
source /home/shubham/Xilinx2018.3/SDK/2018.3/scripts/sdk/util/zynqmp_utils.tcl
targets -set -nocase -filter {name =~"APU*" && jtag_cable_name =~ "Digilent JTAG-SMT2NC 210308A7A5CC"} -index 1
loadhw -hw /home/shubham/Vivado_Exercises/customWalaProject/customWalaProject.sdk/design_1_wrapper_hw_platform_0/system.hdf -mem-ranges [list {0x80000000 0xbfffffff} {0x400000000 0x5ffffffff} {0x1000000000 0x7fffffffff}]
configparams force-mem-access 1
targets -set -nocase -filter {name =~"APU*" && jtag_cable_name =~ "Digilent JTAG-SMT2NC 210308A7A5CC"} -index 1
source /home/shubham/Vivado_Exercises/customWalaProject/customWalaProject.sdk/design_1_wrapper_hw_platform_0/psu_init.tcl
psu_init
after 1000
psu_ps_pl_isolation_removal
after 1000
psu_ps_pl_reset_config
catch {psu_protection}
targets -set -nocase -filter {name =~"*A53*0" && jtag_cable_name =~ "Digilent JTAG-SMT2NC 210308A7A5CC"} -index 1
rst -processor
dow /home/shubham/Vivado_Exercises/customWalaProject/customWalaProject.sdk/customWala/Debug/customWala.elf
configparams force-mem-access 0
----------------End of Script----------------

17:10:36 INFO  : Context for processor 'psu_cortexa53_0' is selected.
17:10:36 INFO  : 'con' command is executed.
17:10:36 INFO  : ----------------XSDB Script (After Launch)----------------
targets -set -nocase -filter {name =~"*A53*0" && jtag_cable_name =~ "Digilent JTAG-SMT2NC 210308A7A5CC"} -index 1
con
----------------End of Script----------------

17:10:36 INFO  : Launch script is exported to file '/home/shubham/Vivado_Exercises/customWalaProject/customWalaProject.sdk/.sdk/launch_scripts/xilinx_c-c++_application_(system_debugger)/system_debugger_using_debug_customwala.elf_on_local.tcl'
17:10:58 INFO  : Connected to target on host '127.0.0.1' and port '3121'.
17:10:58 INFO  : 'targets -set -filter {jtag_cable_name =~ "Digilent JTAG-SMT2NC 210308A7A5CC" && level==0} -index 0' command is executed.
17:11:13 INFO  : FPGA configured successfully with bitstream "/home/shubham/Vivado_Exercises/customWalaProject/customWalaProject.sdk/design_1_wrapper_hw_platform_0/design_1_wrapper.bit"
17:11:20 INFO  : Disconnected from the channel tcfchan#2.
17:11:21 INFO  : Connected to target on host '127.0.0.1' and port '3121'.
17:11:24 INFO  : Jtag cable 'Digilent JTAG-SMT2NC 210308A7A5CC' is selected.
17:11:24 INFO  : 'jtag frequency' command is executed.
17:11:24 INFO  : Sourcing of '/home/shubham/Xilinx2018.3/SDK/2018.3/scripts/sdk/util/zynqmp_utils.tcl' is done.
17:11:24 INFO  : Context for 'APU' is selected.
17:11:24 INFO  : Hardware design information is loaded from '/home/shubham/Vivado_Exercises/customWalaProject/customWalaProject.sdk/design_1_wrapper_hw_platform_0/system.hdf'.
17:11:24 INFO  : 'configparams force-mem-access 1' command is executed.
17:11:24 INFO  : Context for 'APU' is selected.
17:11:24 INFO  : Sourcing of '/home/shubham/Vivado_Exercises/customWalaProject/customWalaProject.sdk/design_1_wrapper_hw_platform_0/psu_init.tcl' is done.
17:11:24 INFO  : 'psu_init' command is executed.
17:11:25 INFO  : 'after 1000' command is executed.
17:11:25 INFO  : 'psu_ps_pl_isolation_removal' command is executed.
17:11:26 INFO  : 'after 1000' command is executed.
17:11:26 INFO  : 'psu_ps_pl_reset_config' command is executed.
17:11:27 INFO  : 'catch {psu_protection}' command is executed.
17:11:27 INFO  : Context for processor 'psu_cortexa53_0' is selected.
17:11:27 INFO  : Processor reset is completed for 'psu_cortexa53_0'.
17:11:27 INFO  : The application '/home/shubham/Vivado_Exercises/customWalaProject/customWalaProject.sdk/customWala/Debug/customWala.elf' is downloaded to processor 'psu_cortexa53_0'.
17:11:27 INFO  : 'configparams force-mem-access 0' command is executed.
17:11:27 INFO  : ----------------XSDB Script----------------
connect -url tcp:127.0.0.1:3121
source /home/shubham/Xilinx2018.3/SDK/2018.3/scripts/sdk/util/zynqmp_utils.tcl
targets -set -nocase -filter {name =~"APU*" && jtag_cable_name =~ "Digilent JTAG-SMT2NC 210308A7A5CC"} -index 1
loadhw -hw /home/shubham/Vivado_Exercises/customWalaProject/customWalaProject.sdk/design_1_wrapper_hw_platform_0/system.hdf -mem-ranges [list {0x80000000 0xbfffffff} {0x400000000 0x5ffffffff} {0x1000000000 0x7fffffffff}]
configparams force-mem-access 1
targets -set -nocase -filter {name =~"APU*" && jtag_cable_name =~ "Digilent JTAG-SMT2NC 210308A7A5CC"} -index 1
source /home/shubham/Vivado_Exercises/customWalaProject/customWalaProject.sdk/design_1_wrapper_hw_platform_0/psu_init.tcl
psu_init
after 1000
psu_ps_pl_isolation_removal
after 1000
psu_ps_pl_reset_config
catch {psu_protection}
targets -set -nocase -filter {name =~"*A53*0" && jtag_cable_name =~ "Digilent JTAG-SMT2NC 210308A7A5CC"} -index 1
rst -processor
dow /home/shubham/Vivado_Exercises/customWalaProject/customWalaProject.sdk/customWala/Debug/customWala.elf
configparams force-mem-access 0
----------------End of Script----------------

17:11:27 INFO  : Context for processor 'psu_cortexa53_0' is selected.
17:11:27 INFO  : 'con' command is executed.
17:11:27 INFO  : ----------------XSDB Script (After Launch)----------------
targets -set -nocase -filter {name =~"*A53*0" && jtag_cable_name =~ "Digilent JTAG-SMT2NC 210308A7A5CC"} -index 1
con
----------------End of Script----------------

17:11:27 INFO  : Launch script is exported to file '/home/shubham/Vivado_Exercises/customWalaProject/customWalaProject.sdk/.sdk/launch_scripts/xilinx_c-c++_application_(system_debugger)/system_debugger_using_debug_customwala.elf_on_local.tcl'
17:17:38 INFO  : Connected to target on host '127.0.0.1' and port '3121'.
17:17:38 INFO  : 'targets -set -filter {jtag_cable_name =~ "Digilent JTAG-SMT2NC 210308A7A5CC" && level==0} -index 0' command is executed.
17:17:53 INFO  : FPGA configured successfully with bitstream "/home/shubham/Vivado_Exercises/customWalaProject/customWalaProject.sdk/design_1_wrapper_hw_platform_0/design_1_wrapper.bit"
17:17:59 INFO  : Disconnected from the channel tcfchan#3.
17:18:00 INFO  : Connected to target on host '127.0.0.1' and port '3121'.
17:18:03 INFO  : Jtag cable 'Digilent JTAG-SMT2NC 210308A7A5CC' is selected.
17:18:03 INFO  : 'jtag frequency' command is executed.
17:18:03 INFO  : Sourcing of '/home/shubham/Xilinx2018.3/SDK/2018.3/scripts/sdk/util/zynqmp_utils.tcl' is done.
17:18:03 INFO  : Context for 'APU' is selected.
17:18:03 INFO  : Hardware design information is loaded from '/home/shubham/Vivado_Exercises/customWalaProject/customWalaProject.sdk/design_1_wrapper_hw_platform_0/system.hdf'.
17:18:03 INFO  : 'configparams force-mem-access 1' command is executed.
17:18:03 INFO  : Context for 'APU' is selected.
17:18:03 INFO  : Sourcing of '/home/shubham/Vivado_Exercises/customWalaProject/customWalaProject.sdk/design_1_wrapper_hw_platform_0/psu_init.tcl' is done.
17:18:03 INFO  : 'psu_init' command is executed.
17:18:04 INFO  : 'after 1000' command is executed.
17:18:04 INFO  : 'psu_ps_pl_isolation_removal' command is executed.
17:18:05 INFO  : 'after 1000' command is executed.
17:18:05 INFO  : 'psu_ps_pl_reset_config' command is executed.
17:18:05 INFO  : 'catch {psu_protection}' command is executed.
17:18:05 INFO  : Context for processor 'psu_cortexa53_0' is selected.
17:18:05 INFO  : Processor reset is completed for 'psu_cortexa53_0'.
17:18:06 INFO  : The application '/home/shubham/Vivado_Exercises/customWalaProject/customWalaProject.sdk/customWala/Debug/customWala.elf' is downloaded to processor 'psu_cortexa53_0'.
17:18:06 INFO  : 'configparams force-mem-access 0' command is executed.
17:18:06 INFO  : ----------------XSDB Script----------------
connect -url tcp:127.0.0.1:3121
source /home/shubham/Xilinx2018.3/SDK/2018.3/scripts/sdk/util/zynqmp_utils.tcl
targets -set -nocase -filter {name =~"APU*" && jtag_cable_name =~ "Digilent JTAG-SMT2NC 210308A7A5CC"} -index 1
loadhw -hw /home/shubham/Vivado_Exercises/customWalaProject/customWalaProject.sdk/design_1_wrapper_hw_platform_0/system.hdf -mem-ranges [list {0x80000000 0xbfffffff} {0x400000000 0x5ffffffff} {0x1000000000 0x7fffffffff}]
configparams force-mem-access 1
targets -set -nocase -filter {name =~"APU*" && jtag_cable_name =~ "Digilent JTAG-SMT2NC 210308A7A5CC"} -index 1
source /home/shubham/Vivado_Exercises/customWalaProject/customWalaProject.sdk/design_1_wrapper_hw_platform_0/psu_init.tcl
psu_init
after 1000
psu_ps_pl_isolation_removal
after 1000
psu_ps_pl_reset_config
catch {psu_protection}
targets -set -nocase -filter {name =~"*A53*0" && jtag_cable_name =~ "Digilent JTAG-SMT2NC 210308A7A5CC"} -index 1
rst -processor
dow /home/shubham/Vivado_Exercises/customWalaProject/customWalaProject.sdk/customWala/Debug/customWala.elf
configparams force-mem-access 0
----------------End of Script----------------

17:18:06 INFO  : Context for processor 'psu_cortexa53_0' is selected.
17:18:06 INFO  : 'con' command is executed.
17:18:06 INFO  : ----------------XSDB Script (After Launch)----------------
targets -set -nocase -filter {name =~"*A53*0" && jtag_cable_name =~ "Digilent JTAG-SMT2NC 210308A7A5CC"} -index 1
con
----------------End of Script----------------

17:18:06 INFO  : Launch script is exported to file '/home/shubham/Vivado_Exercises/customWalaProject/customWalaProject.sdk/.sdk/launch_scripts/xilinx_c-c++_application_(system_debugger)/system_debugger_using_debug_customwala.elf_on_local.tcl'
19:43:12 INFO  : Disconnected from the channel tcfchan#4.
