Vivado Simulator 2018.3
Time resolution is 1 ps
                   0 A=0101, B=1010, C=000,  OUT=00101
                  10 A=0101, B=1010, C=001,  OUT=01111
                  20 A=0101, B=1010, C=010,  OUT=11011
                  30 A=0101, B=1010, C=011,  OUT=00000
                  40 A=0101, B=1010, C=100,  OUT=00101
                  50 A=0101, B=1010, C=101,  OUT=01010
                  60 A=0101, B=1010, C=110,  OUT=00010
                  70 A=0101, B=1010, C=111,  OUT=00000
                  80 A=0101, B=1010, C=000,  OUT=00101
                  90 A=0101, B=1010, C=001,  OUT=01111
                 100 A=0101, B=1010, C=010,  OUT=11011
                 110 A=0101, B=1010, C=011,  OUT=00000
                 120 A=0101, B=1010, C=100,  OUT=00101
                 130 A=0101, B=1010, C=101,  OUT=01010
                 140 A=0101, B=1010, C=110,  OUT=00010
                 150 A=0101, B=1010, C=111,  OUT=00000
                 160 A=0101, B=1010, C=000,  OUT=00101
                 170 A=0101, B=1010, C=001,  OUT=01111
                 180 A=0101, B=1010, C=010,  OUT=11011
                 190 A=0101, B=1010, C=011,  OUT=00000
                 200 A=0101, B=1010, C=100,  OUT=00101
                 210 A=0101, B=1010, C=101,  OUT=01010
                 220 A=0101, B=1010, C=110,  OUT=00010
                 230 A=0101, B=1010, C=111,  OUT=00000
                 240 A=0101, B=1010, C=000,  OUT=00101
                 250 A=0101, B=1010, C=001,  OUT=01111
                 260 A=0101, B=1010, C=010,  OUT=11011
                 270 A=0101, B=1010, C=011,  OUT=00000
                 280 A=0101, B=1010, C=100,  OUT=00101
                 290 A=0101, B=1010, C=101,  OUT=01010
                 300 A=0101, B=1010, C=110,  OUT=00010
                 310 A=0101, B=1010, C=111,  OUT=00000
                 320 A=0101, B=1010, C=000,  OUT=00101
                 330 A=0101, B=1010, C=001,  OUT=01111
                 340 A=0101, B=1010, C=010,  OUT=11011
                 350 A=0101, B=1010, C=011,  OUT=00000
                 360 A=0101, B=1010, C=100,  OUT=00101
                 370 A=0101, B=1010, C=101,  OUT=01010
                 380 A=0101, B=1010, C=110,  OUT=00010
                 390 A=0101, B=1010, C=111,  OUT=00000
                 400 A=0101, B=1010, C=000,  OUT=00101
                 410 A=0101, B=1010, C=001,  OUT=01111
                 420 A=0101, B=1010, C=010,  OUT=11011
                 430 A=0101, B=1010, C=011,  OUT=00000
                 440 A=0101, B=1010, C=100,  OUT=00101
                 450 A=0101, B=1010, C=101,  OUT=01010
                 460 A=0101, B=1010, C=110,  OUT=00010
                 470 A=0101, B=1010, C=111,  OUT=00000
                 480 A=0101, B=1010, C=000,  OUT=00101
                 490 A=0101, B=1010, C=001,  OUT=01111
$finish called at time : 500 ns : File "/home/shubham/Vivado Exercises/project_4/project_4.srcs/sim_1/new/test.v" Line 52
