15:51:15 INFO  : Registering command handlers for SDK TCF services
15:51:17 INFO  : Launching XSCT server: xsct -n -interactive /home/shubham/Vivado_Exercises/decPolarPS/decPolarPS.sdk/temp_xsdb_launch_script.tcl
15:51:21 INFO  : XSCT server has started successfully.
15:51:27 INFO  : Successfully done setting XSCT server connection channel  
15:51:27 INFO  : Successfully done setting SDK workspace  
15:51:27 INFO  : Processing command line option -hwspec /home/shubham/Vivado_Exercises/decPolarPS/decPolarPS.sdk/design_1_wrapper.hdf.
15:53:05 INFO  : Connected to target on host '127.0.0.1' and port '3121'.
15:53:18 INFO  : Jtag cable 'Digilent JTAG-SMT2NC 210308A7A26D' is selected.
15:53:18 INFO  : 'jtag frequency' command is executed.
15:53:18 INFO  : Sourcing of '/home/shubham/Xilinx2018.3/SDK/2018.3/scripts/sdk/util/zynqmp_utils.tcl' is done.
15:53:18 INFO  : Context for 'APU' is selected.
15:53:19 INFO  : System reset is completed.
15:53:22 INFO  : 'after 3000' command is executed.
15:53:22 INFO  : Context for 'APU' is selected.
15:53:22 INFO  : Cleared APU and A53 resets
15:53:22 INFO  : 'targets -set -filter {jtag_cable_name =~ "Digilent JTAG-SMT2NC 210308A7A26D" && level==0} -index 0' command is executed.
15:53:22 ERROR : bitstream is not compatible with the target revision, use -no-revision-check to allow programming
15:53:22 ERROR : Exception occured while running Program FPGA.
java.lang.RuntimeException: bitstream is not compatible with the target revision, use -no-revision-check to allow programming
15:53:22 INFO  : ----------------XSDB Script----------------
connect -url tcp:127.0.0.1:3121
source /home/shubham/Xilinx2018.3/SDK/2018.3/scripts/sdk/util/zynqmp_utils.tcl
targets -set -nocase -filter {name =~"APU*" && jtag_cable_name =~ "Digilent JTAG-SMT2NC 210308A7A26D"} -index 1
rst -system
after 3000
targets -set -nocase -filter {name =~"APU*" && jtag_cable_name =~ "Digilent JTAG-SMT2NC 210308A7A26D"} -index 1
reset_apu
----------------End of Script----------------

15:53:40 INFO  : Connected to target on host '127.0.0.1' and port '3121'.
15:53:40 INFO  : Jtag cable 'Digilent JTAG-SMT2NC 210308A7A26D' is selected.
15:53:40 INFO  : 'jtag frequency' command is executed.
15:53:40 INFO  : Sourcing of '/home/shubham/Xilinx2018.3/SDK/2018.3/scripts/sdk/util/zynqmp_utils.tcl' is done.
15:53:40 INFO  : Context for 'APU' is selected.
15:53:41 INFO  : System reset is completed.
15:53:44 INFO  : 'after 3000' command is executed.
15:53:44 INFO  : Context for 'APU' is selected.
15:53:44 INFO  : Cleared APU and A53 resets
15:53:44 INFO  : 'targets -set -filter {jtag_cable_name =~ "Digilent JTAG-SMT2NC 210308A7A26D" && level==0} -index 0' command is executed.
15:53:44 ERROR : bitstream is not compatible with the target revision, use -no-revision-check to allow programming
15:53:44 ERROR : Exception occured while running Program FPGA.
java.lang.RuntimeException: bitstream is not compatible with the target revision, use -no-revision-check to allow programming
15:53:44 INFO  : ----------------XSDB Script----------------
connect -url tcp:127.0.0.1:3121
source /home/shubham/Xilinx2018.3/SDK/2018.3/scripts/sdk/util/zynqmp_utils.tcl
targets -set -nocase -filter {name =~"APU*" && jtag_cable_name =~ "Digilent JTAG-SMT2NC 210308A7A26D"} -index 1
rst -system
after 3000
targets -set -nocase -filter {name =~"APU*" && jtag_cable_name =~ "Digilent JTAG-SMT2NC 210308A7A26D"} -index 1
reset_apu
----------------End of Script----------------

16:23:47 INFO  : SDK has detected change in the last modified timestamps for source hardware specification file Source:1582800809000,  Project:1582798842000
16:23:47 INFO  : Project design_1_wrapper_hw_platform_0's source hardware specification located at /home/shubham/Vivado_Exercises/decPolarPS/decPolarPS.sdk/design_1_wrapper.hdf is now different from the local copy.
		 The local copy will be replaced with the source specification and your workspace will be updated.
16:23:49 INFO  : Copied contents of /home/shubham/Vivado_Exercises/decPolarPS/decPolarPS.sdk/design_1_wrapper.hdf into /design_1_wrapper_hw_platform_0/system.hdf.
16:24:00 INFO  : Synchronizing projects in the workspace with the hardware platform specification changes.
16:24:05 INFO  : 
16:24:05 INFO  : Updating hardware inferred compiler options for PSPolardec.
16:24:05 INFO  : Clearing existing target manager status.
16:24:05 INFO  : Closing and re-opening the MSS file of ther project PSPolardec_bsp
16:24:07 INFO  : Workspace synchronized with the new hardware specification file. Cleaning dependent projects...
16:24:07 WARN  : Linker script will not be updated automatically. Users need to update it manually.
16:24:22 INFO  : Connected to target on host '127.0.0.1' and port '3121'.
16:24:22 INFO  : Jtag cable 'Digilent JTAG-SMT2NC 210308A7A26D' is selected.
16:24:22 INFO  : 'jtag frequency' command is executed.
16:24:22 INFO  : Sourcing of '/home/shubham/Xilinx2018.3/SDK/2018.3/scripts/sdk/util/zynqmp_utils.tcl' is done.
16:24:22 INFO  : Context for 'APU' is selected.
16:24:23 INFO  : Hardware design information is loaded from '/home/shubham/Vivado_Exercises/decPolarPS/decPolarPS.sdk/design_1_wrapper_hw_platform_0/system.hdf'.
16:24:23 INFO  : 'configparams force-mem-access 1' command is executed.
16:24:23 INFO  : Context for 'APU' is selected.
16:24:23 INFO  : Sourcing of '/home/shubham/Vivado_Exercises/decPolarPS/decPolarPS.sdk/design_1_wrapper_hw_platform_0/psu_init.tcl' is done.
16:24:23 INFO  : 'psu_init' command is executed.
16:24:24 INFO  : 'after 1000' command is executed.
16:24:24 INFO  : 'psu_ps_pl_isolation_removal' command is executed.
16:24:25 INFO  : 'after 1000' command is executed.
16:24:25 INFO  : 'psu_ps_pl_reset_config' command is executed.
16:24:25 INFO  : 'catch {psu_protection}' command is executed.
16:24:25 INFO  : Context for processor 'psu_cortexa53_0' is selected.
16:24:25 INFO  : Processor reset is completed for 'psu_cortexa53_0'.
16:24:26 INFO  : The application '/home/shubham/Vivado_Exercises/decPolarPS/decPolarPS.sdk/PSPolardec/Debug/PSPolardec.elf' is downloaded to processor 'psu_cortexa53_0'.
16:24:26 INFO  : 'configparams force-mem-access 0' command is executed.
16:24:26 INFO  : ----------------XSDB Script----------------
connect -url tcp:127.0.0.1:3121
source /home/shubham/Xilinx2018.3/SDK/2018.3/scripts/sdk/util/zynqmp_utils.tcl
targets -set -nocase -filter {name =~"APU*" && jtag_cable_name =~ "Digilent JTAG-SMT2NC 210308A7A26D"} -index 1
loadhw -hw /home/shubham/Vivado_Exercises/decPolarPS/decPolarPS.sdk/design_1_wrapper_hw_platform_0/system.hdf -mem-ranges [list {0x80000000 0xbfffffff} {0x400000000 0x5ffffffff} {0x1000000000 0x7fffffffff}]
configparams force-mem-access 1
targets -set -nocase -filter {name =~"APU*" && jtag_cable_name =~ "Digilent JTAG-SMT2NC 210308A7A26D"} -index 1
source /home/shubham/Vivado_Exercises/decPolarPS/decPolarPS.sdk/design_1_wrapper_hw_platform_0/psu_init.tcl
psu_init
after 1000
psu_ps_pl_isolation_removal
after 1000
psu_ps_pl_reset_config
catch {psu_protection}
targets -set -nocase -filter {name =~"*A53*0" && jtag_cable_name =~ "Digilent JTAG-SMT2NC 210308A7A26D"} -index 1
rst -processor
dow /home/shubham/Vivado_Exercises/decPolarPS/decPolarPS.sdk/PSPolardec/Debug/PSPolardec.elf
configparams force-mem-access 0
----------------End of Script----------------

16:24:26 INFO  : Context for processor 'psu_cortexa53_0' is selected.
16:24:26 INFO  : 'con' command is executed.
16:24:26 INFO  : ----------------XSDB Script (After Launch)----------------
targets -set -nocase -filter {name =~"*A53*0" && jtag_cable_name =~ "Digilent JTAG-SMT2NC 210308A7A26D"} -index 1
con
----------------End of Script----------------

16:24:26 INFO  : Launch script is exported to file '/home/shubham/Vivado_Exercises/decPolarPS/decPolarPS.sdk/.sdk/launch_scripts/xilinx_c-c++_application_(system_debugger)/system_debugger_using_debug_pspolardec.elf_on_local.tcl'
16:24:47 INFO  : Disconnected from the channel tcfchan#1.
16:24:48 INFO  : Connected to target on host '127.0.0.1' and port '3121'.
16:24:52 INFO  : Jtag cable 'Digilent JTAG-SMT2NC 210308A7A26D' is selected.
16:24:52 INFO  : 'jtag frequency' command is executed.
16:24:52 INFO  : Sourcing of '/home/shubham/Xilinx2018.3/SDK/2018.3/scripts/sdk/util/zynqmp_utils.tcl' is done.
16:24:52 INFO  : Context for 'APU' is selected.
16:24:53 INFO  : System reset is completed.
16:24:56 INFO  : 'after 3000' command is executed.
16:24:56 INFO  : Context for 'APU' is selected.
16:24:56 INFO  : Cleared APU and A53 resets
16:24:56 INFO  : 'targets -set -filter {jtag_cable_name =~ "Digilent JTAG-SMT2NC 210308A7A26D" && level==0} -index 0' command is executed.
16:25:11 INFO  : FPGA configured successfully with bitstream "/home/shubham/Vivado_Exercises/decPolarPS/decPolarPS.sdk/design_1_wrapper_hw_platform_0/design_1_wrapper.bit"
16:25:11 INFO  : Context for 'APU' is selected.
16:25:11 INFO  : Hardware design information is loaded from '/home/shubham/Vivado_Exercises/decPolarPS/decPolarPS.sdk/design_1_wrapper_hw_platform_0/system.hdf'.
16:25:11 INFO  : 'configparams force-mem-access 1' command is executed.
16:25:11 INFO  : Context for 'APU' is selected.
16:25:12 INFO  : Sourcing of '/home/shubham/Vivado_Exercises/decPolarPS/decPolarPS.sdk/design_1_wrapper_hw_platform_0/psu_init.tcl' is done.
16:25:12 INFO  : 'psu_init' command is executed.
16:25:13 INFO  : 'after 1000' command is executed.
16:25:13 INFO  : 'psu_ps_pl_isolation_removal' command is executed.
16:25:14 INFO  : 'after 1000' command is executed.
16:25:14 INFO  : 'psu_ps_pl_reset_config' command is executed.
16:25:14 INFO  : 'catch {psu_protection}' command is executed.
16:25:14 INFO  : Context for processor 'psu_cortexa53_0' is selected.
16:25:14 INFO  : Processor reset is completed for 'psu_cortexa53_0'.
16:25:14 INFO  : The application '/home/shubham/Vivado_Exercises/decPolarPS/decPolarPS.sdk/PSPolardec/Debug/PSPolardec.elf' is downloaded to processor 'psu_cortexa53_0'.
16:25:14 INFO  : 'configparams force-mem-access 0' command is executed.
16:25:14 INFO  : ----------------XSDB Script----------------
connect -url tcp:127.0.0.1:3121
source /home/shubham/Xilinx2018.3/SDK/2018.3/scripts/sdk/util/zynqmp_utils.tcl
targets -set -nocase -filter {name =~"APU*" && jtag_cable_name =~ "Digilent JTAG-SMT2NC 210308A7A26D"} -index 1
rst -system
after 3000
targets -set -nocase -filter {name =~"APU*" && jtag_cable_name =~ "Digilent JTAG-SMT2NC 210308A7A26D"} -index 1
reset_apu
targets -set -filter {jtag_cable_name =~ "Digilent JTAG-SMT2NC 210308A7A26D" && level==0} -index 0
fpga -file /home/shubham/Vivado_Exercises/decPolarPS/decPolarPS.sdk/design_1_wrapper_hw_platform_0/design_1_wrapper.bit
targets -set -nocase -filter {name =~"APU*" && jtag_cable_name =~ "Digilent JTAG-SMT2NC 210308A7A26D"} -index 1
loadhw -hw /home/shubham/Vivado_Exercises/decPolarPS/decPolarPS.sdk/design_1_wrapper_hw_platform_0/system.hdf -mem-ranges [list {0x80000000 0xbfffffff} {0x400000000 0x5ffffffff} {0x1000000000 0x7fffffffff}]
configparams force-mem-access 1
targets -set -nocase -filter {name =~"APU*" && jtag_cable_name =~ "Digilent JTAG-SMT2NC 210308A7A26D"} -index 1
source /home/shubham/Vivado_Exercises/decPolarPS/decPolarPS.sdk/design_1_wrapper_hw_platform_0/psu_init.tcl
psu_init
after 1000
psu_ps_pl_isolation_removal
after 1000
psu_ps_pl_reset_config
catch {psu_protection}
targets -set -nocase -filter {name =~"*A53*0" && jtag_cable_name =~ "Digilent JTAG-SMT2NC 210308A7A26D"} -index 1
rst -processor
dow /home/shubham/Vivado_Exercises/decPolarPS/decPolarPS.sdk/PSPolardec/Debug/PSPolardec.elf
configparams force-mem-access 0
----------------End of Script----------------

16:25:14 INFO  : Context for processor 'psu_cortexa53_0' is selected.
16:25:14 INFO  : 'con' command is executed.
16:25:14 INFO  : ----------------XSDB Script (After Launch)----------------
targets -set -nocase -filter {name =~"*A53*0" && jtag_cable_name =~ "Digilent JTAG-SMT2NC 210308A7A26D"} -index 1
con
----------------End of Script----------------

16:25:14 INFO  : Launch script is exported to file '/home/shubham/Vivado_Exercises/decPolarPS/decPolarPS.sdk/.sdk/launch_scripts/xilinx_c-c++_application_(system_debugger)/system_debugger_using_debug_pspolardec.elf_on_local.tcl'
17:26:58 INFO  : Disconnected from the channel tcfchan#2.
17:27:00 INFO  : Connected to target on host '127.0.0.1' and port '3121'.
17:27:00 INFO  : Jtag cable 'Digilent JTAG-SMT2NC 210308A7A26D' is selected.
17:27:00 INFO  : 'jtag frequency' command is executed.
17:27:00 INFO  : Sourcing of '/home/shubham/Xilinx2018.3/SDK/2018.3/scripts/sdk/util/zynqmp_utils.tcl' is done.
17:27:00 INFO  : Context for 'APU' is selected.
17:27:01 INFO  : System reset is completed.
17:27:04 INFO  : 'after 3000' command is executed.
17:27:04 INFO  : Context for 'APU' is selected.
17:27:04 INFO  : Cleared APU and A53 resets
17:27:04 INFO  : 'targets -set -filter {jtag_cable_name =~ "Digilent JTAG-SMT2NC 210308A7A26D" && level==0} -index 0' command is executed.
17:27:19 INFO  : FPGA configured successfully with bitstream "/home/shubham/Vivado_Exercises/decPolarPS/decPolarPS.sdk/design_1_wrapper_hw_platform_0/design_1_wrapper.bit"
17:27:19 INFO  : Context for 'APU' is selected.
17:27:19 INFO  : Hardware design information is loaded from '/home/shubham/Vivado_Exercises/decPolarPS/decPolarPS.sdk/design_1_wrapper_hw_platform_0/system.hdf'.
17:27:19 INFO  : 'configparams force-mem-access 1' command is executed.
17:27:19 INFO  : Context for 'APU' is selected.
17:27:19 INFO  : Sourcing of '/home/shubham/Vivado_Exercises/decPolarPS/decPolarPS.sdk/design_1_wrapper_hw_platform_0/psu_init.tcl' is done.
17:27:20 INFO  : 'psu_init' command is executed.
17:27:21 INFO  : 'after 1000' command is executed.
17:27:21 INFO  : 'psu_ps_pl_isolation_removal' command is executed.
17:27:22 INFO  : 'after 1000' command is executed.
17:27:22 INFO  : 'psu_ps_pl_reset_config' command is executed.
17:27:22 INFO  : 'catch {psu_protection}' command is executed.
17:27:22 INFO  : Context for processor 'psu_cortexa53_0' is selected.
17:27:22 INFO  : Processor reset is completed for 'psu_cortexa53_0'.
17:27:22 INFO  : The application '/home/shubham/Vivado_Exercises/decPolarPS/decPolarPS.sdk/PSPolardec/Debug/PSPolardec.elf' is downloaded to processor 'psu_cortexa53_0'.
17:27:22 INFO  : 'configparams force-mem-access 0' command is executed.
17:27:22 INFO  : ----------------XSDB Script----------------
connect -url tcp:127.0.0.1:3121
source /home/shubham/Xilinx2018.3/SDK/2018.3/scripts/sdk/util/zynqmp_utils.tcl
targets -set -nocase -filter {name =~"APU*" && jtag_cable_name =~ "Digilent JTAG-SMT2NC 210308A7A26D"} -index 1
rst -system
after 3000
targets -set -nocase -filter {name =~"APU*" && jtag_cable_name =~ "Digilent JTAG-SMT2NC 210308A7A26D"} -index 1
reset_apu
targets -set -filter {jtag_cable_name =~ "Digilent JTAG-SMT2NC 210308A7A26D" && level==0} -index 0
fpga -file /home/shubham/Vivado_Exercises/decPolarPS/decPolarPS.sdk/design_1_wrapper_hw_platform_0/design_1_wrapper.bit
targets -set -nocase -filter {name =~"APU*" && jtag_cable_name =~ "Digilent JTAG-SMT2NC 210308A7A26D"} -index 1
loadhw -hw /home/shubham/Vivado_Exercises/decPolarPS/decPolarPS.sdk/design_1_wrapper_hw_platform_0/system.hdf -mem-ranges [list {0x80000000 0xbfffffff} {0x400000000 0x5ffffffff} {0x1000000000 0x7fffffffff}]
configparams force-mem-access 1
targets -set -nocase -filter {name =~"APU*" && jtag_cable_name =~ "Digilent JTAG-SMT2NC 210308A7A26D"} -index 1
source /home/shubham/Vivado_Exercises/decPolarPS/decPolarPS.sdk/design_1_wrapper_hw_platform_0/psu_init.tcl
psu_init
after 1000
psu_ps_pl_isolation_removal
after 1000
psu_ps_pl_reset_config
catch {psu_protection}
targets -set -nocase -filter {name =~"*A53*0" && jtag_cable_name =~ "Digilent JTAG-SMT2NC 210308A7A26D"} -index 1
rst -processor
dow /home/shubham/Vivado_Exercises/decPolarPS/decPolarPS.sdk/PSPolardec/Debug/PSPolardec.elf
configparams force-mem-access 0
----------------End of Script----------------

17:27:22 INFO  : Context for processor 'psu_cortexa53_0' is selected.
17:27:22 INFO  : 'con' command is executed.
17:27:22 INFO  : ----------------XSDB Script (After Launch)----------------
targets -set -nocase -filter {name =~"*A53*0" && jtag_cable_name =~ "Digilent JTAG-SMT2NC 210308A7A26D"} -index 1
con
----------------End of Script----------------

17:27:22 INFO  : Launch script is exported to file '/home/shubham/Vivado_Exercises/decPolarPS/decPolarPS.sdk/.sdk/launch_scripts/xilinx_c-c++_application_(system_debugger)/system_debugger_using_debug_pspolardec.elf_on_local.tcl'
17:38:37 INFO  : SDK has detected change in the last modified timestamps for source hardware specification file Source:1582805301000,  Project:1582800809000
17:38:37 INFO  : Project design_1_wrapper_hw_platform_0's source hardware specification located at /home/shubham/Vivado_Exercises/decPolarPS/decPolarPS.sdk/design_1_wrapper.hdf is now different from the local copy.
		 The local copy will be replaced with the source specification and your workspace will be updated.
17:38:39 INFO  : Copied contents of /home/shubham/Vivado_Exercises/decPolarPS/decPolarPS.sdk/design_1_wrapper.hdf into /design_1_wrapper_hw_platform_0/system.hdf.
17:38:48 INFO  : Synchronizing projects in the workspace with the hardware platform specification changes.
17:38:53 INFO  : 
17:38:54 INFO  : Updating hardware inferred compiler options for PSPolardec.
17:38:54 INFO  : Clearing existing target manager status.
17:38:54 INFO  : Closing and re-opening the MSS file of ther project PSPolardec_bsp
17:38:55 INFO  : Workspace synchronized with the new hardware specification file. Cleaning dependent projects...
17:38:56 WARN  : Linker script will not be updated automatically. Users need to update it manually.
17:39:52 INFO  : Disconnected from the channel tcfchan#3.
17:39:54 INFO  : Connected to target on host '127.0.0.1' and port '3121'.
17:39:54 INFO  : Jtag cable 'Digilent JTAG-SMT2NC 210308A7A26D' is selected.
17:39:54 INFO  : 'jtag frequency' command is executed.
17:39:54 INFO  : Sourcing of '/home/shubham/Xilinx2018.3/SDK/2018.3/scripts/sdk/util/zynqmp_utils.tcl' is done.
17:39:54 INFO  : Context for 'APU' is selected.
17:39:55 INFO  : System reset is completed.
17:39:58 INFO  : 'after 3000' command is executed.
17:39:58 INFO  : Context for 'APU' is selected.
17:39:58 INFO  : Cleared APU and A53 resets
17:39:58 INFO  : 'targets -set -filter {jtag_cable_name =~ "Digilent JTAG-SMT2NC 210308A7A26D" && level==0} -index 0' command is executed.
17:40:13 INFO  : FPGA configured successfully with bitstream "/home/shubham/Vivado_Exercises/decPolarPS/decPolarPS.sdk/design_1_wrapper_hw_platform_0/design_1_wrapper.bit"
17:40:13 INFO  : Context for 'APU' is selected.
17:40:13 INFO  : Hardware design information is loaded from '/home/shubham/Vivado_Exercises/decPolarPS/decPolarPS.sdk/design_1_wrapper_hw_platform_0/system.hdf'.
17:40:13 INFO  : 'configparams force-mem-access 1' command is executed.
17:40:13 INFO  : Context for 'APU' is selected.
17:40:13 INFO  : Sourcing of '/home/shubham/Vivado_Exercises/decPolarPS/decPolarPS.sdk/design_1_wrapper_hw_platform_0/psu_init.tcl' is done.
17:40:14 INFO  : 'psu_init' command is executed.
17:40:15 INFO  : 'after 1000' command is executed.
17:40:15 INFO  : 'psu_ps_pl_isolation_removal' command is executed.
17:40:16 INFO  : 'after 1000' command is executed.
17:40:16 INFO  : 'psu_ps_pl_reset_config' command is executed.
17:40:17 INFO  : 'catch {psu_protection}' command is executed.
17:40:17 INFO  : Context for processor 'psu_cortexa53_0' is selected.
17:40:17 INFO  : Processor reset is completed for 'psu_cortexa53_0'.
17:40:17 INFO  : The application '/home/shubham/Vivado_Exercises/decPolarPS/decPolarPS.sdk/PSPolardec/Debug/PSPolardec.elf' is downloaded to processor 'psu_cortexa53_0'.
17:40:17 INFO  : 'configparams force-mem-access 0' command is executed.
17:40:17 INFO  : ----------------XSDB Script----------------
connect -url tcp:127.0.0.1:3121
source /home/shubham/Xilinx2018.3/SDK/2018.3/scripts/sdk/util/zynqmp_utils.tcl
targets -set -nocase -filter {name =~"APU*" && jtag_cable_name =~ "Digilent JTAG-SMT2NC 210308A7A26D"} -index 1
rst -system
after 3000
targets -set -nocase -filter {name =~"APU*" && jtag_cable_name =~ "Digilent JTAG-SMT2NC 210308A7A26D"} -index 1
reset_apu
targets -set -filter {jtag_cable_name =~ "Digilent JTAG-SMT2NC 210308A7A26D" && level==0} -index 0
fpga -file /home/shubham/Vivado_Exercises/decPolarPS/decPolarPS.sdk/design_1_wrapper_hw_platform_0/design_1_wrapper.bit
targets -set -nocase -filter {name =~"APU*" && jtag_cable_name =~ "Digilent JTAG-SMT2NC 210308A7A26D"} -index 1
loadhw -hw /home/shubham/Vivado_Exercises/decPolarPS/decPolarPS.sdk/design_1_wrapper_hw_platform_0/system.hdf -mem-ranges [list {0x80000000 0xbfffffff} {0x400000000 0x5ffffffff} {0x1000000000 0x7fffffffff}]
configparams force-mem-access 1
targets -set -nocase -filter {name =~"APU*" && jtag_cable_name =~ "Digilent JTAG-SMT2NC 210308A7A26D"} -index 1
source /home/shubham/Vivado_Exercises/decPolarPS/decPolarPS.sdk/design_1_wrapper_hw_platform_0/psu_init.tcl
psu_init
after 1000
psu_ps_pl_isolation_removal
after 1000
psu_ps_pl_reset_config
catch {psu_protection}
targets -set -nocase -filter {name =~"*A53*0" && jtag_cable_name =~ "Digilent JTAG-SMT2NC 210308A7A26D"} -index 1
rst -processor
dow /home/shubham/Vivado_Exercises/decPolarPS/decPolarPS.sdk/PSPolardec/Debug/PSPolardec.elf
configparams force-mem-access 0
----------------End of Script----------------

17:40:17 INFO  : Context for processor 'psu_cortexa53_0' is selected.
17:40:17 INFO  : 'con' command is executed.
17:40:17 INFO  : ----------------XSDB Script (After Launch)----------------
targets -set -nocase -filter {name =~"*A53*0" && jtag_cable_name =~ "Digilent JTAG-SMT2NC 210308A7A26D"} -index 1
con
----------------End of Script----------------

17:40:17 INFO  : Launch script is exported to file '/home/shubham/Vivado_Exercises/decPolarPS/decPolarPS.sdk/.sdk/launch_scripts/xilinx_c-c++_application_(system_debugger)/system_debugger_using_debug_pspolardec.elf_on_local.tcl'
