Copyright 1986-2018 Xilinx, Inc. All Rights Reserved.
---------------------------------------------------------------------------------------------------
| Tool Version      : Vivado v.2018.3 (lin64) Build 2405991 Thu Dec  6 23:36:41 MST 2018
| Date              : Mon Mar  9 11:45:55 2020
| Host              : shubham-HP-Desktop-Pro-G1-MT running 64-bit Ubuntu 18.04.1 LTS
| Command           : report_clock_utilization -file design_1_wrapper_clock_utilization_routed.rpt
| Design            : design_1_wrapper
| Device            : xczu9eg-ffvb1156
| Speed File        : -2  PRODUCTION 1.23 10-29-2018
| Temperature Grade : E
---------------------------------------------------------------------------------------------------

Clock Utilization Report

Table of Contents
-----------------
1. Clock Primitive Utilization
2. Global Clock Resources
3. Global Clock Source Details
4. Clock Regions : Clock Primitives
5. Clock Regions : Load Primitives
6. Clock Regions : Global Clock Summary
7. Clock Regions : Routing Resource Utilization
8. Device Cell Placement Summary for Global Clock g0
9. Device Cell Placement Summary for Global Clock g1
10. Device Cell Placement Summary for Global Clock g2
11. Device Cell Placement Summary for Global Clock g3
12. Device Cell Placement Summary for Global Clock g4
13. Device Cell Placement Summary for Global Clock g5
14. Device Cell Placement Summary for Global Clock g6
15. Device Cell Placement Summary for Global Clock g7
16. Clock Region Cell Placement per Global Clock: Region X1Y0
17. Clock Region Cell Placement per Global Clock: Region X2Y0
18. Clock Region Cell Placement per Global Clock: Region X3Y0
19. Clock Region Cell Placement per Global Clock: Region X1Y1
20. Clock Region Cell Placement per Global Clock: Region X2Y1
21. Clock Region Cell Placement per Global Clock: Region X3Y1
22. Clock Region Cell Placement per Global Clock: Region X1Y2
23. Clock Region Cell Placement per Global Clock: Region X2Y2
24. Clock Region Cell Placement per Global Clock: Region X3Y2
25. Clock Region Cell Placement per Global Clock: Region X0Y3
26. Clock Region Cell Placement per Global Clock: Region X1Y3
27. Clock Region Cell Placement per Global Clock: Region X2Y3
28. Clock Region Cell Placement per Global Clock: Region X3Y3
29. Clock Region Cell Placement per Global Clock: Region X0Y4
30. Clock Region Cell Placement per Global Clock: Region X1Y4
31. Clock Region Cell Placement per Global Clock: Region X2Y4
32. Clock Region Cell Placement per Global Clock: Region X3Y4
33. Clock Region Cell Placement per Global Clock: Region X0Y5
34. Clock Region Cell Placement per Global Clock: Region X1Y5
35. Clock Region Cell Placement per Global Clock: Region X2Y5
36. Clock Region Cell Placement per Global Clock: Region X3Y5
37. Clock Region Cell Placement per Global Clock: Region X0Y6
38. Clock Region Cell Placement per Global Clock: Region X1Y6
39. Clock Region Cell Placement per Global Clock: Region X2Y6
40. Clock Region Cell Placement per Global Clock: Region X3Y6

1. Clock Primitive Utilization
------------------------------

+------------+------+-----------+-----+--------------+--------+
| Type       | Used | Available | LOC | Clock Region | Pblock |
+------------+------+-----------+-----+--------------+--------+
| BUFGCE     |    7 |       116 |   0 |            0 |      0 |
| BUFGCE_DIV |    0 |        16 |   0 |            0 |      0 |
| BUFGCTRL   |    0 |        32 |   0 |            0 |      0 |
| BUFG_GT    |    0 |       168 |   0 |            0 |      0 |
| MMCM       |    0 |         4 |   0 |            0 |      0 |
| PLL        |    0 |         8 |   0 |            0 |      0 |
+------------+------+-----------+-----+--------------+--------+


2. Global Clock Resources
-------------------------

+-----------+-----------+-----------------+------------+---------------+--------------+------+-------------------+-------------------+-------------+-----------------+--------------+-----------------------------------------------------------------------------------------------------+-----------------------------------------------------------------------------------------------------------------------------------------------+-----------------------------------------------------------------------------------------------------------------+
| Global Id | Source Id | Driver Type/Pin | Constraint | Site          | Clock Region | Root | Clock Delay Group | Load Clock Region | Clock Loads | Non-Clock Loads | Clock Period | Clock                                                                                               | Driver Pin                                                                                                                                    | Net                                                                                                             |
+-----------+-----------+-----------------+------------+---------------+--------------+------+-------------------+-------------------+-------------+-----------------+--------------+-----------------------------------------------------------------------------------------------------+-----------------------------------------------------------------------------------------------------------------------------------------------+-----------------------------------------------------------------------------------------------------------------+
| g0        | src0      | BUFG_PS/O       | None       | BUFG_PS_X0Y65 | X1Y2         | X1Y3 |                   |                22 |       56279 |               0 |       10.000 | clk_pl_0                                                                                            | design_1_i/zynq_ultra_ps_e_0/inst/buffer_pl_clk_0.PL_CLK_0_BUFG/O                                                                             | design_1_i/zynq_ultra_ps_e_0/inst/pl_clk0                                                                       |
| g1        | src1      | BUFGCE/O        | None       | BUFGCE_X0Y50  | X3Y2         | X3Y2 |                   |                 4 |         464 |               0 |       50.000 | dbg_hub/inst/BSCANID.u_xsdbm_id/SWITCH_N_EXT_BSCAN.bscan_inst/SERIES7_BSCAN.bscan_inst/INTERNAL_TCK | dbg_hub/inst/BSCANID.u_xsdbm_id/SWITCH_N_EXT_BSCAN.u_bufg_icon_tck/O                                                                          | dbg_hub/inst/BSCANID.u_xsdbm_id/itck_i                                                                          |
| g2        | src2      | BUFGCE/O        | None       | BUFGCE_X0Y32  | X3Y1         | X3Y1 | n/a               |                 6 |           0 |            3589 |          n/a | n/a                                                                                                 | design_1_i/polar_0/inst/RESET_I/core_reset_n_o_reg_bufg_place/O                                                                               | design_1_i/polar_0/inst/RESET_I/core_reset_n                                                                    |
| g3        | src3      | BUFGCE/O        | None       | BUFGCE_X0Y80  | X3Y3         | X3Y3 | n/a               |                 2 |           0 |            1024 |          n/a | n/a                                                                                                 | design_1_i/polar_1/inst/INNER_CORE_I/PD_G.PD_TOP_I/PPU_I/tvalid_pipe_reg[0]_bufg_place/O                                                      | design_1_i/polar_1/inst/INNER_CORE_I/PD_G.PD_TOP_I/PPU_I/tvalid_pipe_reg[0]_0[0]                                |
| g4        | src4      | BUFGCE/O        | None       | BUFGCE_X0Y86  | X3Y3         | X3Y3 | n/a               |                 5 |           0 |            1136 |          n/a | n/a                                                                                                 | design_1_i/polar_1/inst/INNER_CORE_I/PD_G.PD_TOP_I/PUT_I/CTL_I/enable_reg[3]_bufg_place/O                                                     | design_1_i/polar_1/inst/INNER_CORE_I/PD_G.PD_TOP_I/PUT_I/CTL_I/D[2]                                             |
| g5        | src5      | BUFGCE/O        | None       | BUFGCE_X0Y73  | X3Y3         | X3Y3 | n/a               |                 3 |           0 |            1024 |          n/a | n/a                                                                                                 | design_1_i/polar_1/inst/INNER_CORE_I/PD_G.PD_TOP_I/PUT_I/CTL_I/put_r7_rden_pipe_reg[2]_bufg_place/O                                           | design_1_i/polar_1/inst/INNER_CORE_I/PD_G.PD_TOP_I/PUT_I/CTL_I/put_r7_rden_pipe_reg[2]_0[0]                     |
| g6        | src6      | BUFGCE/O        | None       | BUFGCE_X0Y92  | X3Y3         | X3Y3 | n/a               |                 3 |           0 |            1120 |          n/a | n/a                                                                                                 | design_1_i/polar_1/inst/INNER_CORE_I/PD_G.PD_TOP_I/QUE_I/SRT_PTR_I/SRL_G.GLB_SRL_FIFO_I/s_axis_sorted_metrics_tvalid_pipe[0]_i_1_bufg_place/O | design_1_i/polar_1/inst/INNER_CORE_I/PD_G.PD_TOP_I/QUE_I/SRT_PTR_I/SRL_G.GLB_SRL_FIFO_I/ppu_ptr_tvalid_reg_2[0] |
| g7        | src7      | BUFGCE/O        | None       | BUFGCE_X0Y72  | X3Y3         | X3Y3 | n/a               |                 2 |           0 |            1024 |          n/a | n/a                                                                                                 | design_1_i/polar_1/inst/INNER_CORE_I/PD_G.PD_TOP_I/QUE_I/m_axis_ppu_tvalid_reg_bufg_place/O                                                   | design_1_i/polar_1/inst/INNER_CORE_I/PD_G.PD_TOP_I/QUE_I/m_axis_ppu_tvalid_reg_0[0]                             |
+-----------+-----------+-----------------+------------+---------------+--------------+------+-------------------+-------------------+-------------+-----------------+--------------+-----------------------------------------------------------------------------------------------------+-----------------------------------------------------------------------------------------------------------------------------------------------+-----------------------------------------------------------------------------------------------------------------+
* Clock Loads column represents the clock pin loads (pin count)
** Non-Clock Loads column represents the non-clock pin loads (pin count)


3. Global Clock Source Details
------------------------------

+-----------+-----------+-----------------+------------+------------------+--------------+-------------+-----------------+---------------------+-----------------------------------------------------------------------------------------------------+------------------------------------------------------------------------------------------------------------------------------------+----------------------------------------------------------------------------------------------------------------------------+
| Source Id | Global Id | Driver Type/Pin | Constraint | Site             | Clock Region | Clock Loads | Non-Clock Loads | Source Clock Period | Source Clock                                                                                        | Driver Pin                                                                                                                         | Net                                                                                                                        |
+-----------+-----------+-----------------+------------+------------------+--------------+-------------+-----------------+---------------------+-----------------------------------------------------------------------------------------------------+------------------------------------------------------------------------------------------------------------------------------------+----------------------------------------------------------------------------------------------------------------------------+
| src0      | g0        | PS8/PLCLK[0]    | None       | PS8_X0Y0         | X0Y0         |           1 |               0 |              10.000 | clk_pl_0                                                                                            | design_1_i/zynq_ultra_ps_e_0/inst/PS8_i/PLCLK[0]                                                                                   | design_1_i/zynq_ultra_ps_e_0/inst/pl_clk_unbuffered[0]                                                                     |
| src1      | g1        | BSCANE2/TCK     | None       | CONFIG_SITE_X0Y0 | X3Y1         |           1 |               0 |              50.000 | dbg_hub/inst/BSCANID.u_xsdbm_id/SWITCH_N_EXT_BSCAN.bscan_inst/SERIES7_BSCAN.bscan_inst/INTERNAL_TCK | dbg_hub/inst/BSCANID.u_xsdbm_id/SWITCH_N_EXT_BSCAN.bscan_inst/SERIES7_BSCAN.bscan_inst/TCK                                         | dbg_hub/inst/BSCANID.u_xsdbm_id/SWITCH_N_EXT_BSCAN.bscan_inst/tck_bs                                                       |
| src2      | g2        | FDRE/Q          | None       | SLICE_X72Y115    | X2Y1         |           1 |               0 |                     |                                                                                                     | design_1_i/polar_0/inst/RESET_I/core_reset_n_o_reg_bufg_rep/Q                                                                      | design_1_i/polar_0/inst/RESET_I/core_reset_n_bufg_place_bufg_rep                                                           |
| src3      | g3        | FDRE/Q          | None       | SLICE_X59Y176    | X2Y2         |           1 |               0 |                     |                                                                                                     | design_1_i/polar_1/inst/INNER_CORE_I/PD_G.PD_TOP_I/PPU_I/tvalid_pipe_reg[0]_bufg_rep/Q                                             | design_1_i/polar_1/inst/INNER_CORE_I/PD_G.PD_TOP_I/PPU_I/tvalid_pipe_reg[0]_0[0]_bufg_place_bufg_rep                       |
| src4      | g4        | FDRE/Q          | None       | SLICE_X51Y226    | X1Y3         |           1 |               0 |                     |                                                                                                     | design_1_i/polar_1/inst/INNER_CORE_I/PD_G.PD_TOP_I/PUT_I/CTL_I/enable_reg[3]_bufg_rep/Q                                            | design_1_i/polar_1/inst/INNER_CORE_I/PD_G.PD_TOP_I/PUT_I/CTL_I/D[2]_bufg_place_bufg_rep                                    |
| src5      | g5        | FDRE/Q          | None       | SLICE_X60Y184    | X2Y3         |           1 |               0 |                     |                                                                                                     | design_1_i/polar_1/inst/INNER_CORE_I/PD_G.PD_TOP_I/PUT_I/CTL_I/put_r7_rden_pipe_reg[2]_bufg_rep/Q                                  | design_1_i/polar_1/inst/INNER_CORE_I/PD_G.PD_TOP_I/PUT_I/CTL_I/put_r7_rden_pipe_reg[2]_0[0]_bufg_place_bufg_rep            |
| src6      | g6        | LUT2/O          | None       | SLICE_X60Y259    | X2Y4         |           1 |               3 |                     |                                                                                                     | design_1_i/polar_1/inst/INNER_CORE_I/PD_G.PD_TOP_I/QUE_I/SRT_PTR_I/SRL_G.GLB_SRL_FIFO_I/s_axis_sorted_metrics_tvalid_pipe[0]_i_1/O | design_1_i/polar_1/inst/INNER_CORE_I/PD_G.PD_TOP_I/QUE_I/SRT_PTR_I/SRL_G.GLB_SRL_FIFO_I/ppu_ptr_tvalid_reg_2[0]_bufg_place |
| src7      | g7        | FDRE/Q          | None       | SLICE_X59Y176    | X2Y2         |           1 |               0 |                     |                                                                                                     | design_1_i/polar_1/inst/INNER_CORE_I/PD_G.PD_TOP_I/QUE_I/m_axis_ppu_tvalid_reg_bufg_rep/Q                                          | design_1_i/polar_1/inst/INNER_CORE_I/PD_G.PD_TOP_I/QUE_I/m_axis_ppu_tvalid_reg_0[0]_bufg_place_bufg_rep                    |
+-----------+-----------+-----------------+------------+------------------+--------------+-------------+-----------------+---------------------+-----------------------------------------------------------------------------------------------------+------------------------------------------------------------------------------------------------------------------------------------+----------------------------------------------------------------------------------------------------------------------------+
* Clock Loads column represents the clock pin loads (pin count)
** Non-Clock Loads column represents the non-clock pin loads (pin count)


4. Clock Regions : Clock Primitives
-----------------------------------

+-------------------+--------------+--------------+--------------+--------------+--------------+--------------+--------------+
|                   | Global Clock |    BUFGCE    |  BUFGCE_DIV  |   BUFGCTRL   |    BUFG_GT   |     MMCM     |      PLL     |
+-------------------+------+-------+------+-------+------+-------+------+-------+------+-------+------+-------+------+-------+
| Clock Region Name | Used | Avail | Used | Avail | Used | Avail | Used | Avail | Used | Avail | Used | Avail | Used | Avail |
+-------------------+------+-------+------+-------+------+-------+------+-------+------+-------+------+-------+------+-------+
| X0Y0              |   1* |     0 |    0 |     0 |    0 |     0 |    0 |     0 |    0 |     0 |    0 |     0 |    0 |     0 |
| X1Y0              |    2 |    24 |    0 |     0 |    0 |     0 |    0 |     0 |    0 |     0 |    0 |     0 |    0 |     0 |
| X2Y0              |    2 |    24 |    0 |     0 |    0 |     0 |    0 |     0 |    0 |     0 |    0 |     0 |    0 |     0 |
| X3Y0              |    1 |    24 |    0 |    28 |    0 |     4 |    0 |     8 |    0 |     0 |    0 |     1 |    0 |     2 |
| X0Y1              |    0 |     0 |    0 |     0 |    0 |     0 |    0 |     0 |    0 |     0 |    0 |     0 |    0 |     0 |
| X1Y1              |    2 |    24 |    0 |     0 |    0 |     0 |    0 |     0 |    0 |     0 |    0 |     0 |    0 |     0 |
| X2Y1              |    3 |    24 |    0 |     0 |    0 |     0 |    0 |     0 |    0 |     0 |    0 |     0 |    0 |     0 |
| X3Y1              |    2 |    24 |    1 |    24 |    0 |     4 |    0 |     8 |    0 |     0 |    0 |     1 |    0 |     2 |
| X0Y2              |    0 |     0 |    0 |     0 |    0 |     0 |    0 |     0 |    0 |     0 |    0 |     0 |    0 |     0 |
| X1Y2              |    2 |    24 |    0 |     0 |    0 |     0 |    0 |     0 |    0 |     0 |    0 |     0 |    0 |     0 |
| X2Y2              |    3 |    24 |    0 |     0 |    0 |     0 |    0 |     0 |    0 |     0 |    0 |     0 |    0 |     0 |
| X3Y2              |    3 |    24 |    1 |    24 |    0 |     4 |    0 |     8 |    0 |     0 |    0 |     1 |    0 |     2 |
| X0Y3              |    1 |    24 |    0 |     0 |    0 |     0 |    0 |     0 |    0 |    24 |    0 |     0 |    0 |     0 |
| X1Y3              |    1 |    24 |    0 |     0 |    0 |     0 |    0 |     0 |    0 |     0 |    0 |     0 |    0 |     0 |
| X2Y3              |    2 |    24 |    0 |     0 |    0 |     0 |    0 |     0 |    0 |     0 |    0 |     0 |    0 |     0 |
| X3Y3              |    6 |    24 |    5 |    28 |    0 |     4 |    0 |     8 |    0 |     0 |    0 |     1 |    0 |     2 |
| X0Y4              |    3 |    24 |    0 |     0 |    0 |     0 |    0 |     0 |    0 |    24 |    0 |     0 |    0 |     0 |
| X1Y4              |    3 |    24 |    0 |     0 |    0 |     0 |    0 |     0 |    0 |     0 |    0 |     0 |    0 |     0 |
| X2Y4              |    4 |    24 |    0 |     0 |    0 |     0 |    0 |     0 |    0 |     0 |    0 |     0 |    0 |     0 |
| X3Y4              |    6 |    24 |    0 |     4 |    0 |     0 |    0 |     0 |    0 |    24 |    0 |     0 |    0 |     0 |
| X0Y5              |    1 |    24 |    0 |     0 |    0 |     0 |    0 |     0 |    0 |    24 |    0 |     0 |    0 |     0 |
| X1Y5              |    3 |    24 |    0 |     0 |    0 |     0 |    0 |     0 |    0 |     0 |    0 |     0 |    0 |     0 |
| X2Y5              |    3 |    24 |    0 |     0 |    0 |     0 |    0 |     0 |    0 |     0 |    0 |     0 |    0 |     0 |
| X3Y5              |    2 |    24 |    0 |     4 |    0 |     0 |    0 |     0 |    0 |    24 |    0 |     0 |    0 |     0 |
| X0Y6              |    3 |    24 |    0 |     0 |    0 |     0 |    0 |     0 |    0 |    24 |    0 |     0 |    0 |     0 |
| X1Y6              |    3 |    24 |    0 |     0 |    0 |     0 |    0 |     0 |    0 |     0 |    0 |     0 |    0 |     0 |
| X2Y6              |    3 |    24 |    0 |     0 |    0 |     0 |    0 |     0 |    0 |     0 |    0 |     0 |    0 |     0 |
| X3Y6              |    2 |    24 |    0 |     4 |    0 |     0 |    0 |     0 |    0 |    24 |    0 |     0 |    0 |     0 |
+-------------------+------+-------+------+-------+------+-------+------+-------+------+-------+------+-------+------+-------+
* Global Clock column represents track count; while other columns represents cell counts


5. Clock Regions : Load Primitives
----------------------------------

+-------------------+------------------+------------------+------------------+------------------+------------------+------------------+------------------+
|                   |   Global Clock   |        FF        |      LUTRAM      |  Block RAM (18K) |        DSP       |        GT        |      HARD IP     |
+-------------------+--------+---------+--------+---------+--------+---------+--------+---------+--------+---------+--------+---------+--------+---------+
| Clock Region Name | Used   | Avail   | Used   | Avail   | Used   | Avail   | Used   | Avail   | Used   | Avail   | Used   | Avail   | Used   | Avail   |
+-------------------+--------+---------+--------+---------+--------+---------+--------+---------+--------+---------+--------+---------+--------+---------+
| X0Y0              |     1* |       0 |      0 |       0 |      0 |       0 |      0 |       0 |      0 |       0 |      0 |       0 |      0 |       0 |
| X1Y0              |      2 |      24 |   1838 |   19200 |     51 |    5280 |      0 |      48 |      0 |     120 |      0 |       0 |      0 |       0 |
| X2Y0              |      2 |      24 |    703 |   20160 |     76 |    5280 |      0 |      72 |      0 |      96 |      0 |       0 |      0 |       0 |
| X3Y0              |      1 |      24 |      0 |   19200 |      0 |    4800 |      0 |      72 |      0 |      48 |      0 |       0 |      0 |       0 |
| X0Y1              |      0 |       0 |      0 |       0 |      0 |       0 |      0 |       0 |      0 |       0 |      0 |       0 |      0 |       0 |
| X1Y1              |      2 |      24 |   3196 |   19200 |    142 |    5280 |      3 |      48 |      0 |     120 |      0 |       0 |      0 |       0 |
| X2Y1              |      3 |      24 |   2294 |   20160 |    205 |    5280 |      3 |      72 |      0 |      96 |      0 |       0 |      0 |       0 |
| X3Y1              |      2 |      24 |    160 |   19200 |      0 |    4800 |      0 |      72 |      0 |      48 |      0 |       0 |      0 |       0 |
| X0Y2              |      0 |       0 |      0 |       0 |      0 |       0 |      0 |       0 |      0 |       0 |      0 |       0 |      0 |       0 |
| X1Y2              |      2 |      24 |   4198 |   19200 |    697 |    5280 |     37 |      48 |      0 |     120 |      0 |       0 |      0 |       0 |
| X2Y2              |      3 |      24 |   5432 |   20160 |    184 |    5280 |      9 |      72 |      0 |      96 |      0 |       0 |      0 |       0 |
| X3Y2              |      3 |      24 |    981 |   19200 |      7 |    4800 |      0 |      72 |      0 |      48 |      0 |       0 |      0 |       0 |
| X0Y3              |      1 |      24 |    788 |   27840 |      0 |    7200 |      0 |      96 |      0 |     144 |      0 |       4 |      0 |       0 |
| X1Y3              |      1 |      24 |   4151 |   25920 |    284 |    7200 |      7 |      72 |      0 |     144 |      0 |       0 |      0 |       0 |
| X2Y3              |      2 |      24 |   4987 |   20160 |    812 |    5280 |     19 |      72 |      0 |      96 |      0 |       0 |      0 |       0 |
| X3Y3              |      6 |      24 |    200 |   19200 |      0 |    4800 |      0 |      72 |      0 |      48 |      0 |       0 |      0 |       0 |
| X0Y4              |      3 |      24 |   1824 |   27840 |      0 |    7200 |      0 |      96 |      0 |     144 |      0 |       4 |      0 |       0 |
| X1Y4              |      3 |      24 |   6351 |   25920 |    518 |    7200 |      1 |      72 |      0 |     144 |      0 |       0 |      0 |       0 |
| X2Y4              |      4 |      24 |   3485 |   20160 |      1 |    5280 |      8 |      72 |      0 |      96 |      0 |       0 |      0 |       0 |
| X3Y4              |      6 |      24 |    985 |   19200 |      0 |    4800 |      0 |      72 |      0 |      48 |      0 |       4 |      0 |       0 |
| X0Y5              |      1 |      24 |    102 |   27840 |      0 |    7200 |      0 |      96 |      0 |     144 |      0 |       4 |      0 |       0 |
| X1Y5              |      3 |      24 |   3630 |   25920 |     20 |    7200 |      0 |      72 |      0 |     144 |      0 |       0 |      0 |       0 |
| X2Y5              |      3 |      24 |     72 |   20160 |      5 |    5280 |      0 |      72 |      0 |      96 |      0 |       0 |      0 |       0 |
| X3Y5              |      2 |      24 |      0 |   19200 |      0 |    4800 |      0 |      72 |      0 |      48 |      0 |       4 |      0 |       0 |
| X0Y6              |      3 |      24 |    105 |   27840 |      0 |    7200 |      0 |      96 |      0 |     144 |      0 |       4 |      0 |       0 |
| X1Y6              |      3 |      24 |   3844 |   25920 |      0 |    7200 |      0 |      72 |      0 |     144 |      0 |       0 |      0 |       0 |
| X2Y6              |      3 |      24 |    493 |   20160 |      3 |    5280 |      0 |      72 |      0 |      96 |      0 |       0 |      0 |       0 |
| X3Y6              |      2 |      24 |      0 |   19200 |      0 |    4800 |      0 |      72 |      0 |      48 |      0 |       4 |      0 |       0 |
+-------------------+--------+---------+--------+---------+--------+---------+--------+---------+--------+---------+--------+---------+--------+---------+
* Global Clock column represents track count; while other columns represents cell counts


6. Clock Regions : Global Clock Summary
---------------------------------------

All Modules
+----+----+----+----+----+
|    | X0 | X1 | X2 | X3 |
+----+----+----+----+----+
| Y6 |  3 |  3 |  3 |  2 |
| Y5 |  1 |  3 |  3 |  2 |
| Y4 |  3 |  3 |  4 |  4 |
| Y3 |  1 |  1 |  2 |  2 |
| Y2 |  0 |  2 |  3 |  3 |
| Y1 |  0 |  2 |  3 |  2 |
| Y0 |  0 |  2 |  2 |  1 |
+----+----+----+----+----+


7. Clock Regions : Routing Resource Utilization
-----------------------------------------------

All Modules
+-------------------+----------------------+----------------------+----------------------+----------------------+
|                   |        HROUTES       |        HDISTRS       |        VROUTES       |        VDISTRS       |
+-------------------+------+-------+-------+------+-------+-------+------+-------+-------+------+-------+-------+
| Clock Region Name | Used | Avail | Util% | Used | Avail | Util% | Used | Avail | Util% | Used | Avail | Util% |
+-------------------+------+-------+-------+------+-------+-------+------+-------+-------+------+-------+-------+
| X0Y0              |    0 |     0 |  0.00 |    0 |     0 |  0.00 |    0 |     0 |  0.00 |    0 |     0 |  0.00 |
| X1Y0              |    0 |    24 |  0.00 |    2 |    24 |  8.33 |    0 |    24 |  0.00 |    1 |    24 |  4.17 |
| X2Y0              |    0 |    24 |  0.00 |    2 |    24 |  8.33 |    0 |    24 |  0.00 |    0 |    24 |  0.00 |
| X3Y0              |    0 |    24 |  0.00 |    1 |    24 |  4.17 |    0 |    24 |  0.00 |    1 |    24 |  4.17 |
| X0Y1              |    0 |     0 |  0.00 |    0 |     0 |  0.00 |    0 |     0 |  0.00 |    0 |     0 |  0.00 |
| X1Y1              |    0 |    24 |  0.00 |    2 |    24 |  8.33 |    0 |    24 |  0.00 |    1 |    24 |  4.17 |
| X2Y1              |    0 |    24 |  0.00 |    3 |    24 | 12.50 |    0 |    24 |  0.00 |    0 |    24 |  0.00 |
| X3Y1              |    0 |    24 |  0.00 |    2 |    24 |  8.33 |    0 |    24 |  0.00 |    2 |    24 |  8.33 |
| X0Y2              |    0 |     0 |  0.00 |    0 |     0 |  0.00 |    0 |     0 |  0.00 |    0 |     0 |  0.00 |
| X1Y2              |    1 |    24 |  4.17 |    2 |    24 |  8.33 |    0 |    24 |  0.00 |    1 |    24 |  4.17 |
| X2Y2              |    0 |    24 |  0.00 |    3 |    24 | 12.50 |    0 |    24 |  0.00 |    0 |    24 |  0.00 |
| X3Y2              |    0 |    24 |  0.00 |    3 |    24 | 12.50 |    0 |    24 |  0.00 |    1 |    24 |  4.17 |
| X0Y3              |    0 |    24 |  0.00 |    1 |    24 |  4.17 |    0 |    24 |  0.00 |    0 |    24 |  0.00 |
| X1Y3              |    0 |    24 |  0.00 |    1 |    24 |  4.17 |    1 |    24 |  4.17 |    1 |    24 |  4.17 |
| X2Y3              |    0 |    24 |  0.00 |    2 |    24 |  8.33 |    0 |    24 |  0.00 |    0 |    24 |  0.00 |
| X3Y3              |    5 |    24 | 20.83 |    2 |    24 |  8.33 |    0 |    24 |  0.00 |    5 |    24 | 20.83 |
| X0Y4              |    0 |    24 |  0.00 |    3 |    24 | 12.50 |    0 |    24 |  0.00 |    0 |    24 |  0.00 |
| X1Y4              |    0 |    24 |  0.00 |    3 |    24 | 12.50 |    0 |    24 |  0.00 |    1 |    24 |  4.17 |
| X2Y4              |    0 |    24 |  0.00 |    4 |    24 | 16.67 |    0 |    24 |  0.00 |    0 |    24 |  0.00 |
| X3Y4              |    0 |    24 |  0.00 |    4 |    24 | 16.67 |    0 |    24 |  0.00 |    2 |    24 |  8.33 |
| X0Y5              |    0 |    24 |  0.00 |    1 |    24 |  4.17 |    0 |    24 |  0.00 |    0 |    24 |  0.00 |
| X1Y5              |    0 |    24 |  0.00 |    3 |    24 | 12.50 |    0 |    24 |  0.00 |    1 |    24 |  4.17 |
| X2Y5              |    0 |    24 |  0.00 |    3 |    24 | 12.50 |    0 |    24 |  0.00 |    0 |    24 |  0.00 |
| X3Y5              |    0 |    24 |  0.00 |    2 |    24 |  8.33 |    0 |    24 |  0.00 |    2 |    24 |  8.33 |
| X0Y6              |    0 |    24 |  0.00 |    3 |    24 | 12.50 |    0 |    24 |  0.00 |    0 |    24 |  0.00 |
| X1Y6              |    0 |    24 |  0.00 |    3 |    24 | 12.50 |    0 |    24 |  0.00 |    0 |    24 |  0.00 |
| X2Y6              |    0 |    24 |  0.00 |    3 |    24 | 12.50 |    0 |    24 |  0.00 |    0 |    24 |  0.00 |
| X3Y6              |    0 |    24 |  0.00 |    2 |    24 |  8.33 |    0 |    24 |  0.00 |    0 |    24 |  0.00 |
+-------------------+------+-------+-------+------+-------+-------+------+-------+-------+------+-------+-------+


8. Device Cell Placement Summary for Global Clock g0
----------------------------------------------------

+-----------+-----------------+-------------------+----------+-------------+---------------+----------+-------------+----------+----------------+----------+-------------------------------------------+
| Global Id | Driver Type/Pin | Driver Region (D) | Clock    | Period (ns) | Waveform (ns) | Root (R) | Slice Loads | IO Loads | Clocking Loads | GT Loads | Net                                       |
+-----------+-----------------+-------------------+----------+-------------+---------------+----------+-------------+----------+----------------+----------+-------------------------------------------+
| g0        | BUFG_PS/O       | X1Y2              | clk_pl_0 |      10.000 | {0.000 5.000} | X1Y3     |       52421 |        0 |              0 |        0 | design_1_i/zynq_ultra_ps_e_0/inst/pl_clk0 |
+-----------+-----------------+-------------------+----------+-------------+---------------+----------+-------------+----------+----------------+----------+-------------------------------------------+
* Logic Loads column represents load cell count of all cell types other than IO, GT and clock resources
** IO Loads column represents load cell count of IO types
*** Clocking Loads column represents load cell count that are clock resources (global clock buffer, MMCM, PLL, etc)
**** GT Loads column represents load cell count of GT types


+----+-------+-----------+-------+------+
|    | X0    | X1        | X2    | X3   |
+----+-------+-----------+-------+------+
| Y6 |   105 |      3844 |   496 |    0 |
| Y5 |   102 |      3650 |    77 |    0 |
| Y4 |  1824 |      6870 |  3490 |  985 |
| Y3 |   788 |  (R) 4440 |  5818 |  200 |
| Y2 |     0 |  (D) 4914 |  5394 |  914 |
| Y1 |     0 |      3341 |  2500 |    0 |
| Y0 |     1 |      1889 |   779 |    0 |
+----+-------+-----------+-------+------+


9. Device Cell Placement Summary for Global Clock g1
----------------------------------------------------

+-----------+-----------------+-------------------+-----------------------------------------------------------------------------------------------------+-------------+----------------+----------+-------------+----------+----------------+----------+----------------------------------------+
| Global Id | Driver Type/Pin | Driver Region (D) | Clock                                                                                               | Period (ns) | Waveform (ns)  | Root (R) | Slice Loads | IO Loads | Clocking Loads | GT Loads | Net                                    |
+-----------+-----------------+-------------------+-----------------------------------------------------------------------------------------------------+-------------+----------------+----------+-------------+----------+----------------+----------+----------------------------------------+
| g1        | BUFGCE/O        | X3Y2              | dbg_hub/inst/BSCANID.u_xsdbm_id/SWITCH_N_EXT_BSCAN.bscan_inst/SERIES7_BSCAN.bscan_inst/INTERNAL_TCK |      50.000 | {0.000 25.000} | X3Y2     |         462 |        0 |              0 |        0 | dbg_hub/inst/BSCANID.u_xsdbm_id/itck_i |
+-----------+-----------------+-------------------+-----------------------------------------------------------------------------------------------------+-------------+----------------+----------+-------------+----------+----------------+----------+----------------------------------------+
* Logic Loads column represents load cell count of all cell types other than IO, GT and clock resources
** IO Loads column represents load cell count of IO types
*** Clocking Loads column represents load cell count that are clock resources (global clock buffer, MMCM, PLL, etc)
**** GT Loads column represents load cell count of GT types


+----+----+----+------+------------+
|    | X0 | X1 | X2   | X3         |
+----+----+----+------+------------+
| Y6 |  0 |  0 |    0 |          0 |
| Y5 |  0 |  0 |    0 |          0 |
| Y4 |  0 |  0 |    0 |          0 |
| Y3 |  0 |  0 |    0 |          0 |
| Y2 |  0 |  0 |  227 | (R) (D) 74 |
| Y1 |  0 |  0 |    1 |        160 |
| Y0 |  0 |  0 |    0 |          0 |
+----+----+----+------+------------+


10. Device Cell Placement Summary for Global Clock g2
-----------------------------------------------------

+-----------+-----------------+-------------------+-------+-------------+---------------+----------+-------------+----------+----------------+----------+----------------------------------------------+
| Global Id | Driver Type/Pin | Driver Region (D) | Clock | Period (ns) | Waveform (ns) | Root (R) | Slice Loads | IO Loads | Clocking Loads | GT Loads | Net                                          |
+-----------+-----------------+-------------------+-------+-------------+---------------+----------+-------------+----------+----------------+----------+----------------------------------------------+
| g2        | BUFGCE/O        | X3Y1              |       |             |               | X3Y1     |        3589 |        0 |              0 |        0 | design_1_i/polar_0/inst/RESET_I/core_reset_n |
+-----------+-----------------+-------------------+-------+-------------+---------------+----------+-------------+----------+----------------+----------+----------------------------------------------+
* Logic Loads column represents load cell count of all cell types other than IO, GT and clock resources
** IO Loads column represents load cell count of IO types
*** Clocking Loads column represents load cell count that are clock resources (global clock buffer, MMCM, PLL, etc)
**** GT Loads column represents load cell count of GT types


+----+----+-------+-------+-----------+
|    | X0 | X1    | X2    | X3        |
+----+----+-------+-------+-----------+
| Y6 |  0 |     0 |     0 |         0 |
| Y5 |  0 |     0 |     0 |         0 |
| Y4 |  0 |     0 |     0 |         0 |
| Y3 |  0 |     0 |     0 |         0 |
| Y2 |  0 |   275 |   310 |         0 |
| Y1 |  0 |  1375 |  1031 | (R) (D) 0 |
| Y0 |  0 |   176 |   422 |         0 |
+----+----+-------+-------+-----------+


11. Device Cell Placement Summary for Global Clock g3
-----------------------------------------------------

+-----------+-----------------+-------------------+-------+-------------+---------------+----------+-------------+----------+----------------+----------+----------------------------------------------------------------------------------+
| Global Id | Driver Type/Pin | Driver Region (D) | Clock | Period (ns) | Waveform (ns) | Root (R) | Slice Loads | IO Loads | Clocking Loads | GT Loads | Net                                                                              |
+-----------+-----------------+-------------------+-------+-------------+---------------+----------+-------------+----------+----------------+----------+----------------------------------------------------------------------------------+
| g3        | BUFGCE/O        | X3Y3              |       |             |               | X3Y3     |        1024 |        0 |              0 |        0 | design_1_i/polar_1/inst/INNER_CORE_I/PD_G.PD_TOP_I/PPU_I/tvalid_pipe_reg[0]_0[0] |
+-----------+-----------------+-------------------+-------+-------------+---------------+----------+-------------+----------+----------------+----------+----------------------------------------------------------------------------------+
* Logic Loads column represents load cell count of all cell types other than IO, GT and clock resources
** IO Loads column represents load cell count of IO types
*** Clocking Loads column represents load cell count that are clock resources (global clock buffer, MMCM, PLL, etc)
**** GT Loads column represents load cell count of GT types


+----+------+------+----+-----------+
|    | X0   | X1   | X2 | X3        |
+----+------+------+----+-----------+
| Y6 |    0 |    0 |  0 |         0 |
| Y5 |    0 |    0 |  0 |         0 |
| Y4 |  423 |  601 |  0 |         0 |
| Y3 |    0 |    0 |  0 | (R) (D) 0 |
| Y2 |    0 |    0 |  0 |         0 |
| Y1 |    0 |    0 |  0 |         0 |
| Y0 |    0 |    0 |  0 |         0 |
+----+------+------+----+-----------+


12. Device Cell Placement Summary for Global Clock g4
-----------------------------------------------------

+-----------+-----------------+-------------------+-------+-------------+---------------+----------+-------------+----------+----------------+----------+---------------------------------------------------------------------+
| Global Id | Driver Type/Pin | Driver Region (D) | Clock | Period (ns) | Waveform (ns) | Root (R) | Slice Loads | IO Loads | Clocking Loads | GT Loads | Net                                                                 |
+-----------+-----------------+-------------------+-------+-------------+---------------+----------+-------------+----------+----------------+----------+---------------------------------------------------------------------+
| g4        | BUFGCE/O        | X3Y3              |       |             |               | X3Y3     |        1136 |        0 |              0 |        0 | design_1_i/polar_1/inst/INNER_CORE_I/PD_G.PD_TOP_I/PUT_I/CTL_I/D[2] |
+-----------+-----------------+-------------------+-------+-------------+---------------+----------+-------------+----------+----------------+----------+---------------------------------------------------------------------+
* Logic Loads column represents load cell count of all cell types other than IO, GT and clock resources
** IO Loads column represents load cell count of IO types
*** Clocking Loads column represents load cell count that are clock resources (global clock buffer, MMCM, PLL, etc)
**** GT Loads column represents load cell count of GT types


+----+-----+------+-----+-----------+
|    | X0  | X1   | X2  | X3        |
+----+-----+------+-----+-----------+
| Y6 |  22 |  515 |  47 |         0 |
| Y5 |   0 |  538 |  14 |         0 |
| Y4 |   0 |    0 |   0 |         0 |
| Y3 |   0 |    0 |   0 | (R) (D) 0 |
| Y2 |   0 |    0 |   0 |         0 |
| Y1 |   0 |    0 |   0 |         0 |
| Y0 |   0 |    0 |   0 |         0 |
+----+-----+------+-----+-----------+


13. Device Cell Placement Summary for Global Clock g5
-----------------------------------------------------

+-----------+-----------------+-------------------+-------+-------------+---------------+----------+-------------+----------+----------------+----------+---------------------------------------------------------------------------------------------+
| Global Id | Driver Type/Pin | Driver Region (D) | Clock | Period (ns) | Waveform (ns) | Root (R) | Slice Loads | IO Loads | Clocking Loads | GT Loads | Net                                                                                         |
+-----------+-----------------+-------------------+-------+-------------+---------------+----------+-------------+----------+----------------+----------+---------------------------------------------------------------------------------------------+
| g5        | BUFGCE/O        | X3Y3              |       |             |               | X3Y3     |        1024 |        0 |              0 |        0 | design_1_i/polar_1/inst/INNER_CORE_I/PD_G.PD_TOP_I/PUT_I/CTL_I/put_r7_rden_pipe_reg[2]_0[0] |
+-----------+-----------------+-------------------+-------+-------------+---------------+----------+-------------+----------+----------------+----------+---------------------------------------------------------------------------------------------+
* Logic Loads column represents load cell count of all cell types other than IO, GT and clock resources
** IO Loads column represents load cell count of IO types
*** Clocking Loads column represents load cell count that are clock resources (global clock buffer, MMCM, PLL, etc)
**** GT Loads column represents load cell count of GT types


+----+-----+------+----+-----------+
|    | X0  | X1   | X2 | X3        |
+----+-----+------+----+-----------+
| Y6 |  12 |  480 |  0 |         0 |
| Y5 |   0 |  532 |  0 |         0 |
| Y4 |   0 |    0 |  0 |         0 |
| Y3 |   0 |    0 |  0 | (R) (D) 0 |
| Y2 |   0 |    0 |  0 |         0 |
| Y1 |   0 |    0 |  0 |         0 |
| Y0 |   0 |    0 |  0 |         0 |
+----+-----+------+----+-----------+


14. Device Cell Placement Summary for Global Clock g6
-----------------------------------------------------

+-----------+-----------------+-------------------+-------+-------------+---------------+----------+-------------+----------+----------------+----------+-----------------------------------------------------------------------------------------------------------------+
| Global Id | Driver Type/Pin | Driver Region (D) | Clock | Period (ns) | Waveform (ns) | Root (R) | Slice Loads | IO Loads | Clocking Loads | GT Loads | Net                                                                                                             |
+-----------+-----------------+-------------------+-------+-------------+---------------+----------+-------------+----------+----------------+----------+-----------------------------------------------------------------------------------------------------------------+
| g6        | BUFGCE/O        | X3Y3              |       |             |               | X3Y3     |        1120 |        0 |              0 |        0 | design_1_i/polar_1/inst/INNER_CORE_I/PD_G.PD_TOP_I/QUE_I/SRT_PTR_I/SRL_G.GLB_SRL_FIFO_I/ppu_ptr_tvalid_reg_2[0] |
+-----------+-----------------+-------------------+-------+-------------+---------------+----------+-------------+----------+----------------+----------+-----------------------------------------------------------------------------------------------------------------+
* Logic Loads column represents load cell count of all cell types other than IO, GT and clock resources
** IO Loads column represents load cell count of IO types
*** Clocking Loads column represents load cell count that are clock resources (global clock buffer, MMCM, PLL, etc)
**** GT Loads column represents load cell count of GT types


+----+----+----+------+-----------+
|    | X0 | X1 | X2   | X3        |
+----+----+----+------+-----------+
| Y6 |  0 |  0 |    0 |         0 |
| Y5 |  0 |  0 |    0 |         0 |
| Y4 |  0 |  0 |  342 |       192 |
| Y3 |  0 |  0 |  586 | (R) (D) 0 |
| Y2 |  0 |  0 |    0 |         0 |
| Y1 |  0 |  0 |    0 |         0 |
| Y0 |  0 |  0 |    0 |         0 |
+----+----+----+------+-----------+


15. Device Cell Placement Summary for Global Clock g7
-----------------------------------------------------

+-----------+-----------------+-------------------+-------+-------------+---------------+----------+-------------+----------+----------------+----------+-------------------------------------------------------------------------------------+
| Global Id | Driver Type/Pin | Driver Region (D) | Clock | Period (ns) | Waveform (ns) | Root (R) | Slice Loads | IO Loads | Clocking Loads | GT Loads | Net                                                                                 |
+-----------+-----------------+-------------------+-------+-------------+---------------+----------+-------------+----------+----------------+----------+-------------------------------------------------------------------------------------+
| g7        | BUFGCE/O        | X3Y3              |       |             |               | X3Y3     |        1024 |        0 |              0 |        0 | design_1_i/polar_1/inst/INNER_CORE_I/PD_G.PD_TOP_I/QUE_I/m_axis_ppu_tvalid_reg_0[0] |
+-----------+-----------------+-------------------+-------+-------------+---------------+----------+-------------+----------+----------------+----------+-------------------------------------------------------------------------------------+
* Logic Loads column represents load cell count of all cell types other than IO, GT and clock resources
** IO Loads column represents load cell count of IO types
*** Clocking Loads column represents load cell count that are clock resources (global clock buffer, MMCM, PLL, etc)
**** GT Loads column represents load cell count of GT types


+----+------+------+----+-----------+
|    | X0   | X1   | X2 | X3        |
+----+------+------+----+-----------+
| Y6 |    0 |    0 |  0 |         0 |
| Y5 |    0 |    0 |  0 |         0 |
| Y4 |  443 |  581 |  0 |         0 |
| Y3 |    0 |    0 |  0 | (R) (D) 0 |
| Y2 |    0 |    0 |  0 |         0 |
| Y1 |    0 |    0 |  0 |         0 |
| Y0 |    0 |    0 |  0 |         0 |
+----+------+------+----+-----------+


16. Clock Region Cell Placement per Global Clock: Region X1Y0
-------------------------------------------------------------

+-----------+-------+-----------------+------------+-------------+-----------------+------+--------+------+-----+----+------+-----+---------+----------------------------------------------+
| Global Id | Track | Driver Type/Pin | Constraint | Clock Loads | Non-Clock Loads | FF   | LUTRAM | RAMB | DSP | GT | MMCM | PLL | Hard IP | Net                                          |
+-----------+-------+-----------------+------------+-------------+-----------------+------+--------+------+-----+----+------+-----+---------+----------------------------------------------+
| g0        | 17    | BUFG_PS/O       | None       |        1889 |               0 | 1838 |     51 |    0 |   0 |  0 |    0 |   0 |       0 | design_1_i/zynq_ultra_ps_e_0/inst/pl_clk0    |
| g2        | 8     | BUFGCE/O        | None       |           0 |             176 |  176 |      0 |    0 |   0 |  0 |    0 |   0 |       0 | design_1_i/polar_0/inst/RESET_I/core_reset_n |
+-----------+-------+-----------------+------------+-------------+-----------------+------+--------+------+-----+----+------+-----+---------+----------------------------------------------+
* Clock Loads column represents the clock pin loads (pin count)
** Non-Clock Loads column represents the non-clock pin loads (pin count)
*** Columns FF, LUTRAM, RAMB through 'Hard IP' represents load cell counts


17. Clock Region Cell Placement per Global Clock: Region X2Y0
-------------------------------------------------------------

+-----------+-------+-----------------+------------+-------------+-----------------+-----+--------+------+-----+----+------+-----+---------+----------------------------------------------+
| Global Id | Track | Driver Type/Pin | Constraint | Clock Loads | Non-Clock Loads | FF  | LUTRAM | RAMB | DSP | GT | MMCM | PLL | Hard IP | Net                                          |
+-----------+-------+-----------------+------------+-------------+-----------------+-----+--------+------+-----+----+------+-----+---------+----------------------------------------------+
| g0        | 17    | BUFG_PS/O       | None       |         779 |               0 | 703 |     76 |    0 |   0 |  0 |    0 |   0 |       0 | design_1_i/zynq_ultra_ps_e_0/inst/pl_clk0    |
| g2        | 8     | BUFGCE/O        | None       |           0 |             422 | 422 |      0 |    0 |   0 |  0 |    0 |   0 |       0 | design_1_i/polar_0/inst/RESET_I/core_reset_n |
+-----------+-------+-----------------+------------+-------------+-----------------+-----+--------+------+-----+----+------+-----+---------+----------------------------------------------+
* Clock Loads column represents the clock pin loads (pin count)
** Non-Clock Loads column represents the non-clock pin loads (pin count)
*** Columns FF, LUTRAM, RAMB through 'Hard IP' represents load cell counts


18. Clock Region Cell Placement per Global Clock: Region X3Y0
-------------------------------------------------------------

+-----------+-------+-----------------+------------+-------------+-----------------+----+--------+------+-----+----+------+-----+---------+----------------------------------------------+
| Global Id | Track | Driver Type/Pin | Constraint | Clock Loads | Non-Clock Loads | FF | LUTRAM | RAMB | DSP | GT | MMCM | PLL | Hard IP | Net                                          |
+-----------+-------+-----------------+------------+-------------+-----------------+----+--------+------+-----+----+------+-----+---------+----------------------------------------------+
| g2+       | 8     | BUFGCE/O        | None       |           0 |               0 |  0 |      0 |    0 |   0 |  0 |    0 |   0 |       0 | design_1_i/polar_0/inst/RESET_I/core_reset_n |
+-----------+-------+-----------------+------------+-------------+-----------------+----+--------+------+-----+----+------+-----+---------+----------------------------------------------+
* Clock Loads column represents the clock pin loads (pin count)
** Non-Clock Loads column represents the non-clock pin loads (pin count)
*** Columns FF, LUTRAM, RAMB through 'Hard IP' represents load cell counts
**** In Global Id column, sympbol '+' indicates that global clock was used only to route through the clock region.


19. Clock Region Cell Placement per Global Clock: Region X1Y1
-------------------------------------------------------------

+-----------+-------+-----------------+------------+-------------+-----------------+------+--------+------+-----+----+------+-----+---------+----------------------------------------------+
| Global Id | Track | Driver Type/Pin | Constraint | Clock Loads | Non-Clock Loads | FF   | LUTRAM | RAMB | DSP | GT | MMCM | PLL | Hard IP | Net                                          |
+-----------+-------+-----------------+------------+-------------+-----------------+------+--------+------+-----+----+------+-----+---------+----------------------------------------------+
| g0        | 17    | BUFG_PS/O       | None       |        3341 |               0 | 3196 |    142 |    3 |   0 |  0 |    0 |   0 |       0 | design_1_i/zynq_ultra_ps_e_0/inst/pl_clk0    |
| g2        | 8     | BUFGCE/O        | None       |           0 |            1375 | 1375 |      0 |    0 |   0 |  0 |    0 |   0 |       0 | design_1_i/polar_0/inst/RESET_I/core_reset_n |
+-----------+-------+-----------------+------------+-------------+-----------------+------+--------+------+-----+----+------+-----+---------+----------------------------------------------+
* Clock Loads column represents the clock pin loads (pin count)
** Non-Clock Loads column represents the non-clock pin loads (pin count)
*** Columns FF, LUTRAM, RAMB through 'Hard IP' represents load cell counts


20. Clock Region Cell Placement per Global Clock: Region X2Y1
-------------------------------------------------------------

+-----------+-------+-----------------+------------+-------------+-----------------+------+--------+------+-----+----+------+-----+---------+----------------------------------------------+
| Global Id | Track | Driver Type/Pin | Constraint | Clock Loads | Non-Clock Loads | FF   | LUTRAM | RAMB | DSP | GT | MMCM | PLL | Hard IP | Net                                          |
+-----------+-------+-----------------+------------+-------------+-----------------+------+--------+------+-----+----+------+-----+---------+----------------------------------------------+
| g0        | 17    | BUFG_PS/O       | None       |        2500 |               0 | 2293 |    205 |    2 |   0 |  0 |    0 |   0 |       0 | design_1_i/zynq_ultra_ps_e_0/inst/pl_clk0    |
| g1        | 2     | BUFGCE/O        | None       |           1 |               0 |    1 |      0 |    0 |   0 |  0 |    0 |   0 |       0 | dbg_hub/inst/BSCANID.u_xsdbm_id/itck_i       |
| g2        | 8     | BUFGCE/O        | None       |           0 |            1031 | 1031 |      0 |    0 |   0 |  0 |    0 |   0 |       0 | design_1_i/polar_0/inst/RESET_I/core_reset_n |
+-----------+-------+-----------------+------------+-------------+-----------------+------+--------+------+-----+----+------+-----+---------+----------------------------------------------+
* Clock Loads column represents the clock pin loads (pin count)
** Non-Clock Loads column represents the non-clock pin loads (pin count)
*** Columns FF, LUTRAM, RAMB through 'Hard IP' represents load cell counts


21. Clock Region Cell Placement per Global Clock: Region X3Y1
-------------------------------------------------------------

+-----------+-------+-----------------+------------+-------------+-----------------+-----+--------+------+-----+----+------+-----+---------+----------------------------------------------+
| Global Id | Track | Driver Type/Pin | Constraint | Clock Loads | Non-Clock Loads | FF  | LUTRAM | RAMB | DSP | GT | MMCM | PLL | Hard IP | Net                                          |
+-----------+-------+-----------------+------------+-------------+-----------------+-----+--------+------+-----+----+------+-----+---------+----------------------------------------------+
| g1        | 2     | BUFGCE/O        | None       |         160 |               0 | 160 |      0 |    0 |   0 |  0 |    0 |   0 |       0 | dbg_hub/inst/BSCANID.u_xsdbm_id/itck_i       |
| g2+       | 8     | BUFGCE/O        | None       |           0 |               0 |   0 |      0 |    0 |   0 |  0 |    0 |   0 |       0 | design_1_i/polar_0/inst/RESET_I/core_reset_n |
+-----------+-------+-----------------+------------+-------------+-----------------+-----+--------+------+-----+----+------+-----+---------+----------------------------------------------+
* Clock Loads column represents the clock pin loads (pin count)
** Non-Clock Loads column represents the non-clock pin loads (pin count)
*** Columns FF, LUTRAM, RAMB through 'Hard IP' represents load cell counts
**** In Global Id column, sympbol '+' indicates that global clock was used only to route through the clock region.


22. Clock Region Cell Placement per Global Clock: Region X1Y2
-------------------------------------------------------------

+-----------+-------+-----------------+------------+-------------+-----------------+------+--------+------+-----+----+------+-----+---------+----------------------------------------------+
| Global Id | Track | Driver Type/Pin | Constraint | Clock Loads | Non-Clock Loads | FF   | LUTRAM | RAMB | DSP | GT | MMCM | PLL | Hard IP | Net                                          |
+-----------+-------+-----------------+------------+-------------+-----------------+------+--------+------+-----+----+------+-----+---------+----------------------------------------------+
| g0        | 17    | BUFG_PS/O       | None       |        4914 |               0 | 4198 |    697 |   19 |   0 |  0 |    0 |   0 |       0 | design_1_i/zynq_ultra_ps_e_0/inst/pl_clk0    |
| g2        | 8     | BUFGCE/O        | None       |           0 |             275 |  275 |      0 |    0 |   0 |  0 |    0 |   0 |       0 | design_1_i/polar_0/inst/RESET_I/core_reset_n |
+-----------+-------+-----------------+------------+-------------+-----------------+------+--------+------+-----+----+------+-----+---------+----------------------------------------------+
* Clock Loads column represents the clock pin loads (pin count)
** Non-Clock Loads column represents the non-clock pin loads (pin count)
*** Columns FF, LUTRAM, RAMB through 'Hard IP' represents load cell counts


23. Clock Region Cell Placement per Global Clock: Region X2Y2
-------------------------------------------------------------

+-----------+-------+-----------------+------------+-------------+-----------------+------+--------+------+-----+----+------+-----+---------+----------------------------------------------+
| Global Id | Track | Driver Type/Pin | Constraint | Clock Loads | Non-Clock Loads | FF   | LUTRAM | RAMB | DSP | GT | MMCM | PLL | Hard IP | Net                                          |
+-----------+-------+-----------------+------------+-------------+-----------------+------+--------+------+-----+----+------+-----+---------+----------------------------------------------+
| g0        | 17    | BUFG_PS/O       | None       |        5394 |               0 | 5205 |    184 |    5 |   0 |  0 |    0 |   0 |       0 | design_1_i/zynq_ultra_ps_e_0/inst/pl_clk0    |
| g1        | 2     | BUFGCE/O        | None       |         227 |               0 |  227 |      0 |    0 |   0 |  0 |    0 |   0 |       0 | dbg_hub/inst/BSCANID.u_xsdbm_id/itck_i       |
| g2        | 8     | BUFGCE/O        | None       |           0 |             310 |  310 |      0 |    0 |   0 |  0 |    0 |   0 |       0 | design_1_i/polar_0/inst/RESET_I/core_reset_n |
+-----------+-------+-----------------+------------+-------------+-----------------+------+--------+------+-----+----+------+-----+---------+----------------------------------------------+
* Clock Loads column represents the clock pin loads (pin count)
** Non-Clock Loads column represents the non-clock pin loads (pin count)
*** Columns FF, LUTRAM, RAMB through 'Hard IP' represents load cell counts


24. Clock Region Cell Placement per Global Clock: Region X3Y2
-------------------------------------------------------------

+-----------+-------+-----------------+------------+-------------+-----------------+-----+--------+------+-----+----+------+-----+---------+----------------------------------------------+
| Global Id | Track | Driver Type/Pin | Constraint | Clock Loads | Non-Clock Loads | FF  | LUTRAM | RAMB | DSP | GT | MMCM | PLL | Hard IP | Net                                          |
+-----------+-------+-----------------+------------+-------------+-----------------+-----+--------+------+-----+----+------+-----+---------+----------------------------------------------+
| g0        | 17    | BUFG_PS/O       | None       |         914 |               0 | 907 |      7 |    0 |   0 |  0 |    0 |   0 |       0 | design_1_i/zynq_ultra_ps_e_0/inst/pl_clk0    |
| g1        | 2     | BUFGCE/O        | None       |          74 |               0 |  74 |      0 |    0 |   0 |  0 |    0 |   0 |       0 | dbg_hub/inst/BSCANID.u_xsdbm_id/itck_i       |
| g2+       | 8     | BUFGCE/O        | None       |           0 |               0 |   0 |      0 |    0 |   0 |  0 |    0 |   0 |       0 | design_1_i/polar_0/inst/RESET_I/core_reset_n |
+-----------+-------+-----------------+------------+-------------+-----------------+-----+--------+------+-----+----+------+-----+---------+----------------------------------------------+
* Clock Loads column represents the clock pin loads (pin count)
** Non-Clock Loads column represents the non-clock pin loads (pin count)
*** Columns FF, LUTRAM, RAMB through 'Hard IP' represents load cell counts
**** In Global Id column, sympbol '+' indicates that global clock was used only to route through the clock region.


25. Clock Region Cell Placement per Global Clock: Region X0Y3
-------------------------------------------------------------

+-----------+-------+-----------------+------------+-------------+-----------------+-----+--------+------+-----+----+------+-----+---------+-------------------------------------------+
| Global Id | Track | Driver Type/Pin | Constraint | Clock Loads | Non-Clock Loads | FF  | LUTRAM | RAMB | DSP | GT | MMCM | PLL | Hard IP | Net                                       |
+-----------+-------+-----------------+------------+-------------+-----------------+-----+--------+------+-----+----+------+-----+---------+-------------------------------------------+
| g0        | 17    | BUFG_PS/O       | None       |         788 |               0 | 788 |      0 |    0 |   0 |  0 |    0 |   0 |       0 | design_1_i/zynq_ultra_ps_e_0/inst/pl_clk0 |
+-----------+-------+-----------------+------------+-------------+-----------------+-----+--------+------+-----+----+------+-----+---------+-------------------------------------------+
* Clock Loads column represents the clock pin loads (pin count)
** Non-Clock Loads column represents the non-clock pin loads (pin count)
*** Columns FF, LUTRAM, RAMB through 'Hard IP' represents load cell counts


26. Clock Region Cell Placement per Global Clock: Region X1Y3
-------------------------------------------------------------

+-----------+-------+-----------------+------------+-------------+-----------------+------+--------+------+-----+----+------+-----+---------+-------------------------------------------+
| Global Id | Track | Driver Type/Pin | Constraint | Clock Loads | Non-Clock Loads | FF   | LUTRAM | RAMB | DSP | GT | MMCM | PLL | Hard IP | Net                                       |
+-----------+-------+-----------------+------------+-------------+-----------------+------+--------+------+-----+----+------+-----+---------+-------------------------------------------+
| g0        | 17    | BUFG_PS/O       | None       |        4440 |               0 | 4151 |    284 |    5 |   0 |  0 |    0 |   0 |       0 | design_1_i/zynq_ultra_ps_e_0/inst/pl_clk0 |
+-----------+-------+-----------------+------------+-------------+-----------------+------+--------+------+-----+----+------+-----+---------+-------------------------------------------+
* Clock Loads column represents the clock pin loads (pin count)
** Non-Clock Loads column represents the non-clock pin loads (pin count)
*** Columns FF, LUTRAM, RAMB through 'Hard IP' represents load cell counts


27. Clock Region Cell Placement per Global Clock: Region X2Y3
-------------------------------------------------------------

+-----------+-------+-----------------+------------+-------------+-----------------+------+--------+------+-----+----+------+-----+---------+-----------------------------------------------------------------------------------------------------------------+
| Global Id | Track | Driver Type/Pin | Constraint | Clock Loads | Non-Clock Loads | FF   | LUTRAM | RAMB | DSP | GT | MMCM | PLL | Hard IP | Net                                                                                                             |
+-----------+-------+-----------------+------------+-------------+-----------------+------+--------+------+-----+----+------+-----+---------+-----------------------------------------------------------------------------------------------------------------+
| g0        | 17    | BUFG_PS/O       | None       |        5818 |               0 | 4987 |    812 |   19 |   0 |  0 |    0 |   0 |       0 | design_1_i/zynq_ultra_ps_e_0/inst/pl_clk0                                                                       |
| g6        | 20    | BUFGCE/O        | None       |           0 |             586 |  586 |      0 |    0 |   0 |  0 |    0 |   0 |       0 | design_1_i/polar_1/inst/INNER_CORE_I/PD_G.PD_TOP_I/QUE_I/SRT_PTR_I/SRL_G.GLB_SRL_FIFO_I/ppu_ptr_tvalid_reg_2[0] |
+-----------+-------+-----------------+------------+-------------+-----------------+------+--------+------+-----+----+------+-----+---------+-----------------------------------------------------------------------------------------------------------------+
* Clock Loads column represents the clock pin loads (pin count)
** Non-Clock Loads column represents the non-clock pin loads (pin count)
*** Columns FF, LUTRAM, RAMB through 'Hard IP' represents load cell counts


28. Clock Region Cell Placement per Global Clock: Region X3Y3
-------------------------------------------------------------

+-----------+-------+-----------------+------------+-------------+-----------------+-----+--------+------+-----+----+------+-----+---------+-----------------------------------------------------------------------------------------------------------------+
| Global Id | Track | Driver Type/Pin | Constraint | Clock Loads | Non-Clock Loads | FF  | LUTRAM | RAMB | DSP | GT | MMCM | PLL | Hard IP | Net                                                                                                             |
+-----------+-------+-----------------+------------+-------------+-----------------+-----+--------+------+-----+----+------+-----+---------+-----------------------------------------------------------------------------------------------------------------+
| g0        | 17    | BUFG_PS/O       | None       |         200 |               0 | 200 |      0 |    0 |   0 |  0 |    0 |   0 |       0 | design_1_i/zynq_ultra_ps_e_0/inst/pl_clk0                                                                       |
| g3+       | 8     | BUFGCE/O        | None       |           0 |               0 |   0 |      0 |    0 |   0 |  0 |    0 |   0 |       0 | design_1_i/polar_1/inst/INNER_CORE_I/PD_G.PD_TOP_I/PPU_I/tvalid_pipe_reg[0]_0[0]                                |
| g4+       | 14    | BUFGCE/O        | None       |           0 |               0 |   0 |      0 |    0 |   0 |  0 |    0 |   0 |       0 | design_1_i/polar_1/inst/INNER_CORE_I/PD_G.PD_TOP_I/PUT_I/CTL_I/D[2]                                             |
| g5+       | 1     | BUFGCE/O        | None       |           0 |               0 |   0 |      0 |    0 |   0 |  0 |    0 |   0 |       0 | design_1_i/polar_1/inst/INNER_CORE_I/PD_G.PD_TOP_I/PUT_I/CTL_I/put_r7_rden_pipe_reg[2]_0[0]                     |
| g6+       | 20    | BUFGCE/O        | None       |           0 |               0 |   0 |      0 |    0 |   0 |  0 |    0 |   0 |       0 | design_1_i/polar_1/inst/INNER_CORE_I/PD_G.PD_TOP_I/QUE_I/SRT_PTR_I/SRL_G.GLB_SRL_FIFO_I/ppu_ptr_tvalid_reg_2[0] |
| g7+       | 0     | BUFGCE/O        | None       |           0 |               0 |   0 |      0 |    0 |   0 |  0 |    0 |   0 |       0 | design_1_i/polar_1/inst/INNER_CORE_I/PD_G.PD_TOP_I/QUE_I/m_axis_ppu_tvalid_reg_0[0]                             |
+-----------+-------+-----------------+------------+-------------+-----------------+-----+--------+------+-----+----+------+-----+---------+-----------------------------------------------------------------------------------------------------------------+
* Clock Loads column represents the clock pin loads (pin count)
** Non-Clock Loads column represents the non-clock pin loads (pin count)
*** Columns FF, LUTRAM, RAMB through 'Hard IP' represents load cell counts
**** In Global Id column, sympbol '+' indicates that global clock was used only to route through the clock region.


29. Clock Region Cell Placement per Global Clock: Region X0Y4
-------------------------------------------------------------

+-----------+-------+-----------------+------------+-------------+-----------------+------+--------+------+-----+----+------+-----+---------+-------------------------------------------------------------------------------------+
| Global Id | Track | Driver Type/Pin | Constraint | Clock Loads | Non-Clock Loads | FF   | LUTRAM | RAMB | DSP | GT | MMCM | PLL | Hard IP | Net                                                                                 |
+-----------+-------+-----------------+------------+-------------+-----------------+------+--------+------+-----+----+------+-----+---------+-------------------------------------------------------------------------------------+
| g0        | 17    | BUFG_PS/O       | None       |        1824 |               0 | 1824 |      0 |    0 |   0 |  0 |    0 |   0 |       0 | design_1_i/zynq_ultra_ps_e_0/inst/pl_clk0                                           |
| g3        | 8     | BUFGCE/O        | None       |           0 |             423 |  423 |      0 |    0 |   0 |  0 |    0 |   0 |       0 | design_1_i/polar_1/inst/INNER_CORE_I/PD_G.PD_TOP_I/PPU_I/tvalid_pipe_reg[0]_0[0]    |
| g7        | 0     | BUFGCE/O        | None       |           0 |             443 |  443 |      0 |    0 |   0 |  0 |    0 |   0 |       0 | design_1_i/polar_1/inst/INNER_CORE_I/PD_G.PD_TOP_I/QUE_I/m_axis_ppu_tvalid_reg_0[0] |
+-----------+-------+-----------------+------------+-------------+-----------------+------+--------+------+-----+----+------+-----+---------+-------------------------------------------------------------------------------------+
* Clock Loads column represents the clock pin loads (pin count)
** Non-Clock Loads column represents the non-clock pin loads (pin count)
*** Columns FF, LUTRAM, RAMB through 'Hard IP' represents load cell counts


30. Clock Region Cell Placement per Global Clock: Region X1Y4
-------------------------------------------------------------

+-----------+-------+-----------------+------------+-------------+-----------------+------+--------+------+-----+----+------+-----+---------+-------------------------------------------------------------------------------------+
| Global Id | Track | Driver Type/Pin | Constraint | Clock Loads | Non-Clock Loads | FF   | LUTRAM | RAMB | DSP | GT | MMCM | PLL | Hard IP | Net                                                                                 |
+-----------+-------+-----------------+------------+-------------+-----------------+------+--------+------+-----+----+------+-----+---------+-------------------------------------------------------------------------------------+
| g0        | 17    | BUFG_PS/O       | None       |        6870 |               0 | 6351 |    518 |    1 |   0 |  0 |    0 |   0 |       0 | design_1_i/zynq_ultra_ps_e_0/inst/pl_clk0                                           |
| g3        | 8     | BUFGCE/O        | None       |           0 |             601 |  601 |      0 |    0 |   0 |  0 |    0 |   0 |       0 | design_1_i/polar_1/inst/INNER_CORE_I/PD_G.PD_TOP_I/PPU_I/tvalid_pipe_reg[0]_0[0]    |
| g7        | 0     | BUFGCE/O        | None       |           0 |             581 |  581 |      0 |    0 |   0 |  0 |    0 |   0 |       0 | design_1_i/polar_1/inst/INNER_CORE_I/PD_G.PD_TOP_I/QUE_I/m_axis_ppu_tvalid_reg_0[0] |
+-----------+-------+-----------------+------------+-------------+-----------------+------+--------+------+-----+----+------+-----+---------+-------------------------------------------------------------------------------------+
* Clock Loads column represents the clock pin loads (pin count)
** Non-Clock Loads column represents the non-clock pin loads (pin count)
*** Columns FF, LUTRAM, RAMB through 'Hard IP' represents load cell counts


31. Clock Region Cell Placement per Global Clock: Region X2Y4
-------------------------------------------------------------

+-----------+-------+-----------------+------------+-------------+-----------------+------+--------+------+-----+----+------+-----+---------+-----------------------------------------------------------------------------------------------------------------+
| Global Id | Track | Driver Type/Pin | Constraint | Clock Loads | Non-Clock Loads | FF   | LUTRAM | RAMB | DSP | GT | MMCM | PLL | Hard IP | Net                                                                                                             |
+-----------+-------+-----------------+------------+-------------+-----------------+------+--------+------+-----+----+------+-----+---------+-----------------------------------------------------------------------------------------------------------------+
| g0        | 17    | BUFG_PS/O       | None       |        3490 |               0 | 3485 |      1 |    4 |   0 |  0 |    0 |   0 |       0 | design_1_i/zynq_ultra_ps_e_0/inst/pl_clk0                                                                       |
| g3+       | 8     | BUFGCE/O        | None       |           0 |               0 |    0 |      0 |    0 |   0 |  0 |    0 |   0 |       0 | design_1_i/polar_1/inst/INNER_CORE_I/PD_G.PD_TOP_I/PPU_I/tvalid_pipe_reg[0]_0[0]                                |
| g6        | 20    | BUFGCE/O        | None       |           0 |             342 |  342 |      0 |    0 |   0 |  0 |    0 |   0 |       0 | design_1_i/polar_1/inst/INNER_CORE_I/PD_G.PD_TOP_I/QUE_I/SRT_PTR_I/SRL_G.GLB_SRL_FIFO_I/ppu_ptr_tvalid_reg_2[0] |
| g7+       | 0     | BUFGCE/O        | None       |           0 |               0 |    0 |      0 |    0 |   0 |  0 |    0 |   0 |       0 | design_1_i/polar_1/inst/INNER_CORE_I/PD_G.PD_TOP_I/QUE_I/m_axis_ppu_tvalid_reg_0[0]                             |
+-----------+-------+-----------------+------------+-------------+-----------------+------+--------+------+-----+----+------+-----+---------+-----------------------------------------------------------------------------------------------------------------+
* Clock Loads column represents the clock pin loads (pin count)
** Non-Clock Loads column represents the non-clock pin loads (pin count)
*** Columns FF, LUTRAM, RAMB through 'Hard IP' represents load cell counts
**** In Global Id column, sympbol '+' indicates that global clock was used only to route through the clock region.


32. Clock Region Cell Placement per Global Clock: Region X3Y4
-------------------------------------------------------------

+-----------+-------+-----------------+------------+-------------+-----------------+-----+--------+------+-----+----+------+-----+---------+-----------------------------------------------------------------------------------------------------------------+
| Global Id | Track | Driver Type/Pin | Constraint | Clock Loads | Non-Clock Loads | FF  | LUTRAM | RAMB | DSP | GT | MMCM | PLL | Hard IP | Net                                                                                                             |
+-----------+-------+-----------------+------------+-------------+-----------------+-----+--------+------+-----+----+------+-----+---------+-----------------------------------------------------------------------------------------------------------------+
| g0        | 17    | BUFG_PS/O       | None       |         985 |               0 | 985 |      0 |    0 |   0 |  0 |    0 |   0 |       0 | design_1_i/zynq_ultra_ps_e_0/inst/pl_clk0                                                                       |
| g3+       | 8     | BUFGCE/O        | None       |           0 |               0 |   0 |      0 |    0 |   0 |  0 |    0 |   0 |       0 | design_1_i/polar_1/inst/INNER_CORE_I/PD_G.PD_TOP_I/PPU_I/tvalid_pipe_reg[0]_0[0]                                |
| g4+       | 14    | BUFGCE/O        | None       |           0 |               0 |   0 |      0 |    0 |   0 |  0 |    0 |   0 |       0 | design_1_i/polar_1/inst/INNER_CORE_I/PD_G.PD_TOP_I/PUT_I/CTL_I/D[2]                                             |
| g5+       | 1     | BUFGCE/O        | None       |           0 |               0 |   0 |      0 |    0 |   0 |  0 |    0 |   0 |       0 | design_1_i/polar_1/inst/INNER_CORE_I/PD_G.PD_TOP_I/PUT_I/CTL_I/put_r7_rden_pipe_reg[2]_0[0]                     |
| g6        | 20    | BUFGCE/O        | None       |           0 |             192 | 192 |      0 |    0 |   0 |  0 |    0 |   0 |       0 | design_1_i/polar_1/inst/INNER_CORE_I/PD_G.PD_TOP_I/QUE_I/SRT_PTR_I/SRL_G.GLB_SRL_FIFO_I/ppu_ptr_tvalid_reg_2[0] |
| g7+       | 0     | BUFGCE/O        | None       |           0 |               0 |   0 |      0 |    0 |   0 |  0 |    0 |   0 |       0 | design_1_i/polar_1/inst/INNER_CORE_I/PD_G.PD_TOP_I/QUE_I/m_axis_ppu_tvalid_reg_0[0]                             |
+-----------+-------+-----------------+------------+-------------+-----------------+-----+--------+------+-----+----+------+-----+---------+-----------------------------------------------------------------------------------------------------------------+
* Clock Loads column represents the clock pin loads (pin count)
** Non-Clock Loads column represents the non-clock pin loads (pin count)
*** Columns FF, LUTRAM, RAMB through 'Hard IP' represents load cell counts
**** In Global Id column, sympbol '+' indicates that global clock was used only to route through the clock region.


33. Clock Region Cell Placement per Global Clock: Region X0Y5
-------------------------------------------------------------

+-----------+-------+-----------------+------------+-------------+-----------------+-----+--------+------+-----+----+------+-----+---------+-------------------------------------------+
| Global Id | Track | Driver Type/Pin | Constraint | Clock Loads | Non-Clock Loads | FF  | LUTRAM | RAMB | DSP | GT | MMCM | PLL | Hard IP | Net                                       |
+-----------+-------+-----------------+------------+-------------+-----------------+-----+--------+------+-----+----+------+-----+---------+-------------------------------------------+
| g0        | 17    | BUFG_PS/O       | None       |         102 |               0 | 102 |      0 |    0 |   0 |  0 |    0 |   0 |       0 | design_1_i/zynq_ultra_ps_e_0/inst/pl_clk0 |
+-----------+-------+-----------------+------------+-------------+-----------------+-----+--------+------+-----+----+------+-----+---------+-------------------------------------------+
* Clock Loads column represents the clock pin loads (pin count)
** Non-Clock Loads column represents the non-clock pin loads (pin count)
*** Columns FF, LUTRAM, RAMB through 'Hard IP' represents load cell counts


34. Clock Region Cell Placement per Global Clock: Region X1Y5
-------------------------------------------------------------

+-----------+-------+-----------------+------------+-------------+-----------------+------+--------+------+-----+----+------+-----+---------+---------------------------------------------------------------------------------------------+
| Global Id | Track | Driver Type/Pin | Constraint | Clock Loads | Non-Clock Loads | FF   | LUTRAM | RAMB | DSP | GT | MMCM | PLL | Hard IP | Net                                                                                         |
+-----------+-------+-----------------+------------+-------------+-----------------+------+--------+------+-----+----+------+-----+---------+---------------------------------------------------------------------------------------------+
| g0        | 17    | BUFG_PS/O       | None       |        3650 |               0 | 3630 |     20 |    0 |   0 |  0 |    0 |   0 |       0 | design_1_i/zynq_ultra_ps_e_0/inst/pl_clk0                                                   |
| g4        | 14    | BUFGCE/O        | None       |           0 |             538 |  538 |      0 |    0 |   0 |  0 |    0 |   0 |       0 | design_1_i/polar_1/inst/INNER_CORE_I/PD_G.PD_TOP_I/PUT_I/CTL_I/D[2]                         |
| g5        | 1     | BUFGCE/O        | None       |           0 |             532 |  532 |      0 |    0 |   0 |  0 |    0 |   0 |       0 | design_1_i/polar_1/inst/INNER_CORE_I/PD_G.PD_TOP_I/PUT_I/CTL_I/put_r7_rden_pipe_reg[2]_0[0] |
+-----------+-------+-----------------+------------+-------------+-----------------+------+--------+------+-----+----+------+-----+---------+---------------------------------------------------------------------------------------------+
* Clock Loads column represents the clock pin loads (pin count)
** Non-Clock Loads column represents the non-clock pin loads (pin count)
*** Columns FF, LUTRAM, RAMB through 'Hard IP' represents load cell counts


35. Clock Region Cell Placement per Global Clock: Region X2Y5
-------------------------------------------------------------

+-----------+-------+-----------------+------------+-------------+-----------------+----+--------+------+-----+----+------+-----+---------+---------------------------------------------------------------------------------------------+
| Global Id | Track | Driver Type/Pin | Constraint | Clock Loads | Non-Clock Loads | FF | LUTRAM | RAMB | DSP | GT | MMCM | PLL | Hard IP | Net                                                                                         |
+-----------+-------+-----------------+------------+-------------+-----------------+----+--------+------+-----+----+------+-----+---------+---------------------------------------------------------------------------------------------+
| g0        | 17    | BUFG_PS/O       | None       |          77 |               0 | 72 |      5 |    0 |   0 |  0 |    0 |   0 |       0 | design_1_i/zynq_ultra_ps_e_0/inst/pl_clk0                                                   |
| g4        | 14    | BUFGCE/O        | None       |           0 |              14 | 14 |      0 |    0 |   0 |  0 |    0 |   0 |       0 | design_1_i/polar_1/inst/INNER_CORE_I/PD_G.PD_TOP_I/PUT_I/CTL_I/D[2]                         |
| g5+       | 1     | BUFGCE/O        | None       |           0 |               0 |  0 |      0 |    0 |   0 |  0 |    0 |   0 |       0 | design_1_i/polar_1/inst/INNER_CORE_I/PD_G.PD_TOP_I/PUT_I/CTL_I/put_r7_rden_pipe_reg[2]_0[0] |
+-----------+-------+-----------------+------------+-------------+-----------------+----+--------+------+-----+----+------+-----+---------+---------------------------------------------------------------------------------------------+
* Clock Loads column represents the clock pin loads (pin count)
** Non-Clock Loads column represents the non-clock pin loads (pin count)
*** Columns FF, LUTRAM, RAMB through 'Hard IP' represents load cell counts
**** In Global Id column, sympbol '+' indicates that global clock was used only to route through the clock region.


36. Clock Region Cell Placement per Global Clock: Region X3Y5
-------------------------------------------------------------

+-----------+-------+-----------------+------------+-------------+-----------------+----+--------+------+-----+----+------+-----+---------+---------------------------------------------------------------------------------------------+
| Global Id | Track | Driver Type/Pin | Constraint | Clock Loads | Non-Clock Loads | FF | LUTRAM | RAMB | DSP | GT | MMCM | PLL | Hard IP | Net                                                                                         |
+-----------+-------+-----------------+------------+-------------+-----------------+----+--------+------+-----+----+------+-----+---------+---------------------------------------------------------------------------------------------+
| g4+       | 14    | BUFGCE/O        | None       |           0 |               0 |  0 |      0 |    0 |   0 |  0 |    0 |   0 |       0 | design_1_i/polar_1/inst/INNER_CORE_I/PD_G.PD_TOP_I/PUT_I/CTL_I/D[2]                         |
| g5+       | 1     | BUFGCE/O        | None       |           0 |               0 |  0 |      0 |    0 |   0 |  0 |    0 |   0 |       0 | design_1_i/polar_1/inst/INNER_CORE_I/PD_G.PD_TOP_I/PUT_I/CTL_I/put_r7_rden_pipe_reg[2]_0[0] |
+-----------+-------+-----------------+------------+-------------+-----------------+----+--------+------+-----+----+------+-----+---------+---------------------------------------------------------------------------------------------+
* Clock Loads column represents the clock pin loads (pin count)
** Non-Clock Loads column represents the non-clock pin loads (pin count)
*** Columns FF, LUTRAM, RAMB through 'Hard IP' represents load cell counts
**** In Global Id column, sympbol '+' indicates that global clock was used only to route through the clock region.


37. Clock Region Cell Placement per Global Clock: Region X0Y6
-------------------------------------------------------------

+-----------+-------+-----------------+------------+-------------+-----------------+-----+--------+------+-----+----+------+-----+---------+---------------------------------------------------------------------------------------------+
| Global Id | Track | Driver Type/Pin | Constraint | Clock Loads | Non-Clock Loads | FF  | LUTRAM | RAMB | DSP | GT | MMCM | PLL | Hard IP | Net                                                                                         |
+-----------+-------+-----------------+------------+-------------+-----------------+-----+--------+------+-----+----+------+-----+---------+---------------------------------------------------------------------------------------------+
| g0        | 17    | BUFG_PS/O       | None       |         105 |               0 | 105 |      0 |    0 |   0 |  0 |    0 |   0 |       0 | design_1_i/zynq_ultra_ps_e_0/inst/pl_clk0                                                   |
| g4        | 14    | BUFGCE/O        | None       |           0 |              22 |  22 |      0 |    0 |   0 |  0 |    0 |   0 |       0 | design_1_i/polar_1/inst/INNER_CORE_I/PD_G.PD_TOP_I/PUT_I/CTL_I/D[2]                         |
| g5        | 1     | BUFGCE/O        | None       |           0 |              12 |  12 |      0 |    0 |   0 |  0 |    0 |   0 |       0 | design_1_i/polar_1/inst/INNER_CORE_I/PD_G.PD_TOP_I/PUT_I/CTL_I/put_r7_rden_pipe_reg[2]_0[0] |
+-----------+-------+-----------------+------------+-------------+-----------------+-----+--------+------+-----+----+------+-----+---------+---------------------------------------------------------------------------------------------+
* Clock Loads column represents the clock pin loads (pin count)
** Non-Clock Loads column represents the non-clock pin loads (pin count)
*** Columns FF, LUTRAM, RAMB through 'Hard IP' represents load cell counts


38. Clock Region Cell Placement per Global Clock: Region X1Y6
-------------------------------------------------------------

+-----------+-------+-----------------+------------+-------------+-----------------+------+--------+------+-----+----+------+-----+---------+---------------------------------------------------------------------------------------------+
| Global Id | Track | Driver Type/Pin | Constraint | Clock Loads | Non-Clock Loads | FF   | LUTRAM | RAMB | DSP | GT | MMCM | PLL | Hard IP | Net                                                                                         |
+-----------+-------+-----------------+------------+-------------+-----------------+------+--------+------+-----+----+------+-----+---------+---------------------------------------------------------------------------------------------+
| g0        | 17    | BUFG_PS/O       | None       |        3844 |               0 | 3844 |      0 |    0 |   0 |  0 |    0 |   0 |       0 | design_1_i/zynq_ultra_ps_e_0/inst/pl_clk0                                                   |
| g4        | 14    | BUFGCE/O        | None       |           0 |             515 |  515 |      0 |    0 |   0 |  0 |    0 |   0 |       0 | design_1_i/polar_1/inst/INNER_CORE_I/PD_G.PD_TOP_I/PUT_I/CTL_I/D[2]                         |
| g5        | 1     | BUFGCE/O        | None       |           0 |             480 |  480 |      0 |    0 |   0 |  0 |    0 |   0 |       0 | design_1_i/polar_1/inst/INNER_CORE_I/PD_G.PD_TOP_I/PUT_I/CTL_I/put_r7_rden_pipe_reg[2]_0[0] |
+-----------+-------+-----------------+------------+-------------+-----------------+------+--------+------+-----+----+------+-----+---------+---------------------------------------------------------------------------------------------+
* Clock Loads column represents the clock pin loads (pin count)
** Non-Clock Loads column represents the non-clock pin loads (pin count)
*** Columns FF, LUTRAM, RAMB through 'Hard IP' represents load cell counts


39. Clock Region Cell Placement per Global Clock: Region X2Y6
-------------------------------------------------------------

+-----------+-------+-----------------+------------+-------------+-----------------+-----+--------+------+-----+----+------+-----+---------+---------------------------------------------------------------------------------------------+
| Global Id | Track | Driver Type/Pin | Constraint | Clock Loads | Non-Clock Loads | FF  | LUTRAM | RAMB | DSP | GT | MMCM | PLL | Hard IP | Net                                                                                         |
+-----------+-------+-----------------+------------+-------------+-----------------+-----+--------+------+-----+----+------+-----+---------+---------------------------------------------------------------------------------------------+
| g0        | 17    | BUFG_PS/O       | None       |         496 |               0 | 493 |      3 |    0 |   0 |  0 |    0 |   0 |       0 | design_1_i/zynq_ultra_ps_e_0/inst/pl_clk0                                                   |
| g4        | 14    | BUFGCE/O        | None       |           0 |              47 |  47 |      0 |    0 |   0 |  0 |    0 |   0 |       0 | design_1_i/polar_1/inst/INNER_CORE_I/PD_G.PD_TOP_I/PUT_I/CTL_I/D[2]                         |
| g5+       | 1     | BUFGCE/O        | None       |           0 |               0 |   0 |      0 |    0 |   0 |  0 |    0 |   0 |       0 | design_1_i/polar_1/inst/INNER_CORE_I/PD_G.PD_TOP_I/PUT_I/CTL_I/put_r7_rden_pipe_reg[2]_0[0] |
+-----------+-------+-----------------+------------+-------------+-----------------+-----+--------+------+-----+----+------+-----+---------+---------------------------------------------------------------------------------------------+
* Clock Loads column represents the clock pin loads (pin count)
** Non-Clock Loads column represents the non-clock pin loads (pin count)
*** Columns FF, LUTRAM, RAMB through 'Hard IP' represents load cell counts
**** In Global Id column, sympbol '+' indicates that global clock was used only to route through the clock region.


40. Clock Region Cell Placement per Global Clock: Region X3Y6
-------------------------------------------------------------

+-----------+-------+-----------------+------------+-------------+-----------------+----+--------+------+-----+----+------+-----+---------+---------------------------------------------------------------------------------------------+
| Global Id | Track | Driver Type/Pin | Constraint | Clock Loads | Non-Clock Loads | FF | LUTRAM | RAMB | DSP | GT | MMCM | PLL | Hard IP | Net                                                                                         |
+-----------+-------+-----------------+------------+-------------+-----------------+----+--------+------+-----+----+------+-----+---------+---------------------------------------------------------------------------------------------+
| g4+       | 14    | BUFGCE/O        | None       |           0 |               0 |  0 |      0 |    0 |   0 |  0 |    0 |   0 |       0 | design_1_i/polar_1/inst/INNER_CORE_I/PD_G.PD_TOP_I/PUT_I/CTL_I/D[2]                         |
| g5+       | 1     | BUFGCE/O        | None       |           0 |               0 |  0 |      0 |    0 |   0 |  0 |    0 |   0 |       0 | design_1_i/polar_1/inst/INNER_CORE_I/PD_G.PD_TOP_I/PUT_I/CTL_I/put_r7_rden_pipe_reg[2]_0[0] |
+-----------+-------+-----------------+------------+-------------+-----------------+----+--------+------+-----+----+------+-----+---------+---------------------------------------------------------------------------------------------+
* Clock Loads column represents the clock pin loads (pin count)
** Non-Clock Loads column represents the non-clock pin loads (pin count)
*** Columns FF, LUTRAM, RAMB through 'Hard IP' represents load cell counts
**** In Global Id column, sympbol '+' indicates that global clock was used only to route through the clock region.


