Copyright 1986-2018 Xilinx, Inc. All Rights Reserved.
-----------------------------------------------------------------------------------------------------------------------------
| Tool Version : Vivado v.2018.3 (lin64) Build 2405991 Thu Dec  6 23:36:41 MST 2018
| Date         : Mon Mar  9 11:39:09 2020
| Host         : shubham-HP-Desktop-Pro-G1-MT running 64-bit Ubuntu 18.04.1 LTS
| Command      : report_utilization -file design_1_wrapper_utilization_placed.rpt -pb design_1_wrapper_utilization_placed.pb
| Design       : design_1_wrapper
| Device       : xczu9egffvb1156-2
| Design State : Fully Placed
-----------------------------------------------------------------------------------------------------------------------------

Utilization Design Information

Table of Contents
-----------------
1. CLB Logic
1.1 Summary of Registers by Type
2. CLB Logic Distribution
3. BLOCKRAM
4. ARITHMETIC
5. I/O
6. CLOCK
7. ADVANCED
8. CONFIGURATION
9. Primitives
10. Black Boxes
11. Instantiated Netlists

1. CLB Logic
------------

+----------------------------+-------+-------+-----------+-------+
|          Site Type         |  Used | Fixed | Available | Util% |
+----------------------------+-------+-------+-----------+-------+
| CLB LUTs                   | 66045 |     0 |    274080 | 24.10 |
|   LUT as Logic             | 53506 |     0 |    274080 | 19.52 |
|   LUT as Memory            | 12539 |     0 |    144000 |  8.71 |
|     LUT as Distributed RAM | 10202 |     0 |           |       |
|     LUT as Shift Register  |  2337 |     0 |           |       |
| CLB Registers              | 49819 |     0 |    548160 |  9.09 |
|   Register as Flip Flop    | 49819 |     0 |    548160 |  9.09 |
|   Register as Latch        |     0 |     0 |    548160 |  0.00 |
| CARRY8                     |   812 |     0 |     34260 |  2.37 |
| F7 Muxes                   |  4137 |     0 |    137040 |  3.02 |
| F8 Muxes                   |   357 |     0 |     68520 |  0.52 |
| F9 Muxes                   |     0 |     0 |     34260 |  0.00 |
+----------------------------+-------+-------+-----------+-------+


1.1 Summary of Registers by Type
--------------------------------

+-------+--------------+-------------+--------------+
| Total | Clock Enable | Synchronous | Asynchronous |
+-------+--------------+-------------+--------------+
| 0     |            _ |           - |            - |
| 0     |            _ |           - |          Set |
| 0     |            _ |           - |        Reset |
| 0     |            _ |         Set |            - |
| 0     |            _ |       Reset |            - |
| 0     |          Yes |           - |            - |
| 73    |          Yes |           - |          Set |
| 246   |          Yes |           - |        Reset |
| 2454  |          Yes |         Set |            - |
| 47046 |          Yes |       Reset |            - |
+-------+--------------+-------------+--------------+


2. CLB Logic Distribution
-------------------------

+--------------------------------------------+-------+-------+-----------+-------+
|                  Site Type                 |  Used | Fixed | Available | Util% |
+--------------------------------------------+-------+-------+-----------+-------+
| CLB                                        | 12048 |     0 |     34260 | 35.17 |
|   CLBL                                     |  5404 |     0 |           |       |
|   CLBM                                     |  6644 |     0 |           |       |
| LUT as Logic                               | 53506 |     0 |    274080 | 19.52 |
|   using O5 output only                     |   419 |       |           |       |
|   using O6 output only                     | 43718 |       |           |       |
|   using O5 and O6                          |  9369 |       |           |       |
| LUT as Memory                              | 12539 |     0 |    144000 |  8.71 |
|   LUT as Distributed RAM                   | 10202 |     0 |           |       |
|     using O5 output only                   |     0 |       |           |       |
|     using O6 output only                   |  7810 |       |           |       |
|     using O5 and O6                        |  2392 |       |           |       |
|   LUT as Shift Register                    |  2337 |     0 |           |       |
|     using O5 output only                   |     0 |       |           |       |
|     using O6 output only                   |   493 |       |           |       |
|     using O5 and O6                        |  1844 |       |           |       |
| CLB Registers                              | 49819 |     0 |    548160 |  9.09 |
|   Register driven from within the CLB      | 31840 |       |           |       |
|   Register driven from outside the CLB     | 17979 |       |           |       |
|     LUT in front of the register is unused | 11567 |       |           |       |
|     LUT in front of the register is used   |  6412 |       |           |       |
| Unique Control Sets                        |  1764 |       |     68520 |  2.57 |
+--------------------------------------------+-------+-------+-----------+-------+
* Note: Available Control Sets calculated as CLB Registers / 8, Review the Control Sets Report for more information regarding control sets.


3. BLOCKRAM
-----------

+-------------------+------+-------+-----------+-------+
|     Site Type     | Used | Fixed | Available | Util% |
+-------------------+------+-------+-----------+-------+
| Block RAM Tile    | 43.5 |     0 |       912 |  4.77 |
|   RAMB36/FIFO*    |   29 |     0 |       912 |  3.18 |
|     RAMB36E2 only |   29 |       |           |       |
|   RAMB18          |   29 |     0 |      1824 |  1.59 |
|     RAMB18E2 only |   29 |       |           |       |
+-------------------+------+-------+-----------+-------+
* Note: Each Block RAM Tile only has one FIFO logic available and therefore can accommodate only one FIFO36E2 or one FIFO18E2. However, if a FIFO18E2 occupies a Block RAM Tile, that tile can still accommodate a RAMB18E2


4. ARITHMETIC
-------------

+-----------+------+-------+-----------+-------+
| Site Type | Used | Fixed | Available | Util% |
+-----------+------+-------+-----------+-------+
| DSPs      |    0 |     0 |      2520 |  0.00 |
+-----------+------+-------+-----------+-------+


5. I/O
------

+------------------+------+-------+-----------+-------+
|     Site Type    | Used | Fixed | Available | Util% |
+------------------+------+-------+-----------+-------+
| Bonded IOB       |    0 |     0 |       328 |  0.00 |
| HPIOB_M          |    0 |     0 |        96 |  0.00 |
| HPIOB_S          |    0 |     0 |        96 |  0.00 |
| HDIOB_M          |    0 |     0 |        60 |  0.00 |
| HDIOB_S          |    0 |     0 |        60 |  0.00 |
| HPIOB_SNGL       |    0 |     0 |        16 |  0.00 |
| HPIOBDIFFINBUF   |    0 |     0 |        96 |  0.00 |
| HPIOBDIFFOUTBUF  |    0 |     0 |        96 |  0.00 |
| HDIOBDIFFINBUF   |    0 |     0 |        60 |  0.00 |
| BITSLICE_CONTROL |    0 |     0 |        32 |  0.00 |
| BITSLICE_RX_TX   |    0 |     0 |       208 |  0.00 |
| BITSLICE_TX      |    0 |     0 |        32 |  0.00 |
| RIU_OR           |    0 |     0 |        16 |  0.00 |
+------------------+------+-------+-----------+-------+


6. CLOCK
--------

+----------------------+------+-------+-----------+-------+
|       Site Type      | Used | Fixed | Available | Util% |
+----------------------+------+-------+-----------+-------+
| GLOBAL CLOCK BUFFERs |    8 |     0 |       404 |  1.98 |
|   BUFGCE             |    7 |     0 |       116 |  6.03 |
|   BUFGCE_DIV         |    0 |     0 |        16 |  0.00 |
|   BUFG_GT            |    0 |     0 |       168 |  0.00 |
|   BUFG_PS            |    1 |     0 |        72 |  1.39 |
|   BUFGCTRL*          |    0 |     0 |        32 |  0.00 |
| PLL                  |    0 |     0 |         8 |  0.00 |
| MMCM                 |    0 |     0 |         4 |  0.00 |
+----------------------+------+-------+-----------+-------+
* Note: Each used BUFGCTRL counts as two global buffer resources. This table does not include global clocking resources, only buffer cell usage. See the Clock Utilization Report (report_clock_utilization) for detailed accounting of global clocking resource availability.


7. ADVANCED
-----------

+-----------------+------+-------+-----------+--------+
|    Site Type    | Used | Fixed | Available |  Util% |
+-----------------+------+-------+-----------+--------+
| GTHE4_CHANNEL   |    0 |     0 |        24 |   0.00 |
| GTHE4_COMMON    |    0 |     0 |         6 |   0.00 |
| OBUFDS_GTE4     |    0 |     0 |        12 |   0.00 |
| OBUFDS_GTE4_ADV |    0 |     0 |        12 |   0.00 |
| PS8             |    1 |     0 |         1 | 100.00 |
| SYSMONE4        |    0 |     0 |         1 |   0.00 |
+-----------------+------+-------+-----------+--------+


8. CONFIGURATION
----------------

+-------------+------+-------+-----------+-------+
|  Site Type  | Used | Fixed | Available | Util% |
+-------------+------+-------+-----------+-------+
| BSCANE2     |    1 |     0 |         4 | 25.00 |
| DNA_PORTE2  |    0 |     0 |         1 |  0.00 |
| EFUSE_USR   |    0 |     0 |         1 |  0.00 |
| FRAME_ECCE4 |    0 |     0 |         1 |  0.00 |
| ICAPE3      |    0 |     0 |         2 |  0.00 |
| MASTER_JTAG |    0 |     0 |         1 |  0.00 |
| STARTUPE3   |    0 |     0 |         1 |  0.00 |
+-------------+------+-------+-----------+-------+


9. Primitives
-------------

+----------+-------+---------------------+
| Ref Name |  Used | Functional Category |
+----------+-------+---------------------+
| FDRE     | 47046 |            Register |
| LUT6     | 34263 |                 CLB |
| LUT3     |  9877 |                 CLB |
| LUT5     |  8550 |                 CLB |
| RAMD64E  |  7664 |                 CLB |
| LUT4     |  6525 |                 CLB |
| RAMD32   |  4600 |                 CLB |
| MUXF7    |  4137 |                 CLB |
| SRL16E   |  3374 |                 CLB |
| LUT2     |  3148 |                 CLB |
| FDSE     |  2454 |            Register |
| CARRY8   |   812 |                 CLB |
| SRLC32E  |   805 |                 CLB |
| LUT1     |   512 |                 CLB |
| MUXF8    |   357 |                 CLB |
| RAMS32   |   328 |                 CLB |
| FDCE     |   246 |            Register |
| FDPE     |    73 |            Register |
| RAMB36E2 |    29 |           Block Ram |
| RAMB18E2 |    29 |           Block Ram |
| BUFGCE   |     7 |               Clock |
| SRLC16E  |     2 |                 CLB |
| RAMS64E  |     2 |                 CLB |
| PS8      |     1 |            Advanced |
| BUFG_PS  |     1 |               Clock |
| BSCANE2  |     1 |       Configuration |
+----------+-------+---------------------+


10. Black Boxes
---------------

+----------+------+
| Ref Name | Used |
+----------+------+


11. Instantiated Netlists
-------------------------

+------------------------------+------+
|           Ref Name           | Used |
+------------------------------+------+
| design_1_zynq_ultra_ps_e_0_0 |    1 |
| design_1_xbar_0              |    1 |
| design_1_vio_0_0             |    1 |
| design_1_system_ila_0_0      |    1 |
| design_1_rst_ps8_0_96M_0     |    1 |
| design_1_polar_1_0           |    1 |
| design_1_polar_0_0           |    1 |
| design_1_llr_0_0             |    1 |
| design_1_datag_0_0           |    1 |
| design_1_auto_pc_0           |    1 |
| design_1_auto_ds_0           |    1 |
| dbg_hub                      |    1 |
+------------------------------+------+


