#-----------------------------------------------------------
# Webtalk v2018.3 (64-bit)
# SW Build 2405991 on Thu Dec  6 23:36:41 MST 2018
# 
# Start of session at: Fri Dec 27 20:13:21 2019
# Process ID: 12501
# Current directory: /home/shubham/Vivado_Exercises/edt_zcu102/webtalk
# Command line: wbtcv -mode batch -source sdk_webtalk.tcl
# Log file: /home/shubham/Vivado_Exercises/edt_zcu102/webtalk/webtalk.log
# Journal file: /home/shubham/Vivado_Exercises/edt_zcu102/webtalk/webtalk.jou
#-----------------------------------------------------------
source sdk_webtalk.tcl
# webtalk_init -webtalk_dir /home/shubham/Vivado_Exercises/edt_zcu102/webtalk
# webtalk_register_client -client project
# webtalk_add_data -client project -key date_generated -value "2019-12-27 20:13:21" -context "software_version_and_target_device"
# webtalk_add_data -client project -key product_version -value "SDK v2018.3" -context "software_version_and_target_device"
# webtalk_add_data -client project -key build_version -value "2018.3" -context "software_version_and_target_device"
# webtalk_add_data -client project -key os_platform -value "amd64" -context "software_version_and_target_device"
# webtalk_add_data -client project -key registration_id -value "211528478_1777544339_210704364_923" -context "software_version_and_target_device"
# webtalk_add_data -client project -key tool_flow -value "SDK" -context "software_version_and_target_device"
# webtalk_add_data -client project -key beta -value "false" -context "software_version_and_target_device"
# webtalk_add_data -client project -key route_design -value "NA" -context "software_version_and_target_device"
# webtalk_add_data -client project -key target_family -value "NA" -context "software_version_and_target_device"
# webtalk_add_data -client project -key target_device -value "NA" -context "software_version_and_target_device"
# webtalk_add_data -client project -key target_package -value "NA" -context "software_version_and_target_device"
# webtalk_add_data -client project -key target_speed -value "NA" -context "software_version_and_target_device"
# webtalk_add_data -client project -key random_id -value "vc60i7jfb6n89ri0aj0qetqub0" -context "software_version_and_target_device"
# webtalk_add_data -client project -key project_id -value "2018.3_15" -context "software_version_and_target_device"
# webtalk_add_data -client project -key project_iteration -value "15" -context "software_version_and_target_device"
# webtalk_add_data -client project -key os_name -value "Ubuntu" -context "user_environment"
# webtalk_add_data -client project -key os_release -value "Ubuntu 18.04.1 LTS" -context "user_environment"
# webtalk_add_data -client project -key cpu_name -value "Intel(R) Core(TM) i7-8700 CPU @ 3.20GHz" -context "user_environment"
# webtalk_add_data -client project -key cpu_speed -value "4234.473 MHz" -context "user_environment"
# webtalk_add_data -client project -key total_processors -value "1" -context "user_environment"
# webtalk_add_data -client project -key system_ram -value "16.646 GB" -context "user_environment"
# webtalk_register_client -client sdk
# webtalk_add_data -client sdk -key uid -value "1577455928000" -context "sdk\\\\hardware/1577455928000"
# webtalk_add_data -client sdk -key isZynq -value "false" -context "sdk\\\\hardware/1577455928000"
# webtalk_add_data -client sdk -key isZynqMP -value "true" -context "sdk\\\\hardware/1577455928000"
# webtalk_add_data -client sdk -key Processors -value "7" -context "sdk\\\\hardware/1577455928000"
# webtalk_add_data -client sdk -key VivadoVersion -value "2018.3" -context "sdk\\\\hardware/1577455928000"
# webtalk_add_data -client sdk -key Arch -value "zynquplus" -context "sdk\\\\hardware/1577455928000"
# webtalk_add_data -client sdk -key Device -value "xczu9eg" -context "sdk\\\\hardware/1577455928000"
# webtalk_add_data -client sdk -key IsHandoff -value "true" -context "sdk\\\\hardware/1577455928000"
# webtalk_add_data -client sdk -key os -value "NA" -context "sdk\\\\hardware/1577455928000"
# webtalk_add_data -client sdk -key apptemplate -value "NA" -context "sdk\\\\hardware/1577455928000"
# webtalk_add_data -client sdk -key RecordType -value "HWCreation" -context "sdk\\\\hardware/1577455928000"
# webtalk_add_data -client sdk -key uid -value "1577457603000" -context "sdk\\\\bsp/1577457603000"
# webtalk_add_data -client sdk -key hwid -value "1577455928000" -context "sdk\\\\bsp/1577457603000"
# webtalk_add_data -client sdk -key os -value "standalone" -context "sdk\\\\bsp/1577457603000"
# webtalk_add_data -client sdk -key apptemplate -value "hello_world" -context "sdk\\\\bsp/1577457603000"
# webtalk_add_data -client sdk -key RecordType -value "BSPCreation" -context "sdk\\\\bsp/1577457603000"
# webtalk_add_data -client sdk -key uid -value "1577457609000" -context "sdk\\\\application/1577457609000"
# webtalk_add_data -client sdk -key hwid -value "1577455928000" -context "sdk\\\\application/1577457609000"
# webtalk_add_data -client sdk -key bspid -value "1577457603000" -context "sdk\\\\application/1577457609000"
# webtalk_add_data -client sdk -key newbsp -value "true" -context "sdk\\\\application/1577457609000"
# webtalk_add_data -client sdk -key os -value "standalone" -context "sdk\\\\application/1577457609000"
# webtalk_add_data -client sdk -key apptemplate -value "hello_world" -context "sdk\\\\application/1577457609000"
# webtalk_add_data -client sdk -key RecordType -value "APPCreation" -context "sdk\\\\application/1577457609000"
# webtalk_add_data -client sdk -key LangUsed -value "C" -context "sdk\\\\application/1577457609000"
# webtalk_add_data -client sdk -key Procused -value "psu_cortexa53" -context "sdk\\\\application/1577457609000"
# webtalk_add_data -client sdk -key uid -value "1577457737000" -context "sdk\\\\bsp/1577457737000"
# webtalk_add_data -client sdk -key hwid -value "1577455928000" -context "sdk\\\\bsp/1577457737000"
# webtalk_add_data -client sdk -key os -value "standalone" -context "sdk\\\\bsp/1577457737000"
# webtalk_add_data -client sdk -key apptemplate -value "hello_world" -context "sdk\\\\bsp/1577457737000"
# webtalk_add_data -client sdk -key RecordType -value "BSPCreation" -context "sdk\\\\bsp/1577457737000"
# webtalk_add_data -client sdk -key uid -value "1577457738000" -context "sdk\\\\application/1577457738000"
# webtalk_add_data -client sdk -key hwid -value "1577455928000" -context "sdk\\\\application/1577457738000"
# webtalk_add_data -client sdk -key bspid -value "1577457737000" -context "sdk\\\\application/1577457738000"
# webtalk_add_data -client sdk -key newbsp -value "true" -context "sdk\\\\application/1577457738000"
# webtalk_add_data -client sdk -key os -value "standalone" -context "sdk\\\\application/1577457738000"
# webtalk_add_data -client sdk -key apptemplate -value "hello_world" -context "sdk\\\\application/1577457738000"
# webtalk_add_data -client sdk -key RecordType -value "APPCreation" -context "sdk\\\\application/1577457738000"
# webtalk_add_data -client sdk -key LangUsed -value "C" -context "sdk\\\\application/1577457738000"
# webtalk_add_data -client sdk -key Procused -value "psu_cortexa53" -context "sdk\\\\application/1577457738000"
# webtalk_add_data -client sdk -key projSize -value "226.828125" -context "sdk\\\\application/1577457738000"
# webtalk_add_data -client sdk -key uid -value "NA" -context "sdk\\\\bsp/1577457801196"
# webtalk_add_data -client sdk -key RecordType -value "ToolUsage" -context "sdk\\\\bsp/1577457801196"
# webtalk_add_data -client sdk -key BootgenCount -value "0" -context "sdk\\\\bsp/1577457801196"
# webtalk_add_data -client sdk -key DebugCount -value "2" -context "sdk\\\\bsp/1577457801196"
# webtalk_add_data -client sdk -key PerfCount -value "0" -context "sdk\\\\bsp/1577457801196"
# webtalk_add_data -client sdk -key FlashCount -value "0" -context "sdk\\\\bsp/1577457801196"
# webtalk_add_data -client sdk -key CrossTriggCount -value "0" -context "sdk\\\\bsp/1577457801196"
# webtalk_add_data -client sdk -key QemuDebugCount -value "0" -context "sdk\\\\bsp/1577457801196"
# webtalk_transmit -clientid 3656146717 -regid "211528478_1777544339_210704364_923" -xml /home/shubham/Vivado_Exercises/edt_zcu102/webtalk/usage_statistics_ext_sdk.xml -html /home/shubham/Vivado_Exercises/edt_zcu102/webtalk/usage_statistics_ext_sdk.html -wdm /home/shubham/Vivado_Exercises/edt_zcu102/webtalk/sdk_webtalk.wdm -intro "<H3>SDK Usage Report</H3><BR>"
INFO: [Common 17-186] '/home/shubham/Vivado_Exercises/edt_zcu102/webtalk/usage_statistics_ext_sdk.xml' has been successfully sent to Xilinx on Fri Dec 27 20:13:26 2019. For additional details about this file, please refer to the WebTalk help file at /home/shubham/Xilinx2018.3/SDK/2018.3/doc/webtalk_introduction.html.
# webtalk_terminate
INFO: [Common 17-206] Exiting Webtalk at Fri Dec 27 20:13:26 2019...
