19:36:50 INFO  : Registering command handlers for SDK TCF services
19:36:53 INFO  : Launching XSCT server: xsct -n -interactive /home/shubham/Vivado_Exercises/edt_zcu102/edt_zcu102.sdk/temp_xsdb_launch_script.tcl
19:36:56 INFO  : XSCT server has started successfully.
19:37:02 INFO  : Successfully done setting XSCT server connection channel  
19:37:02 INFO  : Successfully done setting SDK workspace  
19:37:02 INFO  : Processing command line option -hwspec /home/shubham/Vivado_Exercises/edt_zcu102/edt_zcu102.sdk/edt_zcu102_wrapper.hdf.
14:08:19 INFO  : Launching XSCT server: xsct -n -interactive /home/shubham/Vivado_Exercises/edt_zcu102/edt_zcu102.sdk/temp_xsdb_launch_script.tcl
14:08:21 INFO  : XSCT server has started successfully.
14:08:21 INFO  : Successfully done setting XSCT server connection channel  
14:08:25 INFO  : Successfully done setting SDK workspace  
14:08:27 INFO  : Registering command handlers for SDK TCF services
14:08:28 INFO  : Processing command line option -hwspec /home/shubham/Vivado_Exercises/edt_zcu102/edt_zcu102.sdk/edt_zcu102_wrapper.hdf.
14:08:28 INFO  : Checking for hwspec changes in the project edt_zcu102_wrapper_hw_platform_0.
20:45:54 INFO  : Launching XSCT server: xsct -n -interactive /home/shubham/Vivado_Exercises/edt_zcu102/edt_zcu102.sdk/temp_xsdb_launch_script.tcl
20:45:58 INFO  : XSCT server has started successfully.
20:46:07 INFO  : Successfully done setting XSCT server connection channel  
20:46:07 INFO  : Successfully done setting SDK workspace  
20:46:10 INFO  : Registering command handlers for SDK TCF services
20:46:11 INFO  : Processing command line option -hwspec /home/shubham/Vivado_Exercises/edt_zcu102/edt_zcu102.sdk/edt_zcu102_wrapper.hdf.
20:46:11 INFO  : Checking for hwspec changes in the project edt_zcu102_wrapper_hw_platform_0.
20:49:54 INFO  : Launching XSCT server: xsct -n -interactive /home/shubham/Vivado_Exercises/edt_zcu102/edt_zcu102.sdk/temp_xsdb_launch_script.tcl
20:49:56 INFO  : XSCT server has started successfully.
20:49:56 INFO  : Successfully done setting XSCT server connection channel  
20:50:00 INFO  : Successfully done setting SDK workspace  
20:50:02 INFO  : Registering command handlers for SDK TCF services
20:50:03 INFO  : Processing command line option -hwspec /home/shubham/Vivado_Exercises/edt_zcu102/edt_zcu102.sdk/edt_zcu102_wrapper.hdf.
20:50:03 INFO  : Checking for hwspec changes in the project edt_zcu102_wrapper_hw_platform_0.
12:17:01 INFO  : Launching XSCT server: xsct -n -interactive /home/shubham/Vivado_Exercises/edt_zcu102/edt_zcu102.sdk/temp_xsdb_launch_script.tcl
12:17:02 INFO  : XSCT server has started successfully.
12:17:02 INFO  : Successfully done setting XSCT server connection channel  
12:17:06 INFO  : Successfully done setting SDK workspace  
12:17:08 INFO  : Registering command handlers for SDK TCF services
12:17:09 INFO  : Processing command line option -hwspec /home/shubham/Vivado_Exercises/edt_zcu102/edt_zcu102.sdk/edt_zcu102_wrapper.hdf.
12:17:09 INFO  : Checking for hwspec changes in the project edt_zcu102_wrapper_hw_platform_0.
12:29:38 INFO  : Invoking Bootgen: bootgen -image output.bif -arch zynqmp -o /home/shubham/Vivado_Exercises/edt_zcu102/BOOT.bin
12:29:38 INFO  : Creating new bif file /home/shubham/Vivado_Exercises/edt_zcu102/output.bif
12:29:39 INFO  : Bootgen command execution is done.
12:35:34 INFO  : Invoking Bootgen: bootgen -image sd_boot.bif -arch zynqmp -o /home/shubham/Vivado_Exercises/edt_zcu102/BOOT.bin -w on
12:35:35 INFO  : Bootgen command execution is done.
16:14:31 INFO  : Launching XSCT server: xsct -n -interactive /home/shubham/Vivado_Exercises/edt_zcu102/edt_zcu102.sdk/temp_xsdb_launch_script.tcl
16:14:33 INFO  : XSCT server has started successfully.
16:14:33 INFO  : Successfully done setting XSCT server connection channel  
16:14:37 INFO  : Successfully done setting SDK workspace  
16:14:39 INFO  : Registering command handlers for SDK TCF services
16:14:40 INFO  : Processing command line option -hwspec /home/shubham/Vivado_Exercises/edt_zcu102/edt_zcu102.sdk/edt_zcu102_wrapper.hdf.
16:14:40 INFO  : Checking for hwspec changes in the project edt_zcu102_wrapper_hw_platform_0.
16:14:40 INFO  : SDK has detected change in the last modified timestamps for source hardware specification file Source:1577788843000,  Project:1577455595000
16:14:40 INFO  : The hardware specification for project 'edt_zcu102_wrapper_hw_platform_0' is different from /home/shubham/Vivado_Exercises/edt_zcu102/edt_zcu102.sdk/edt_zcu102_wrapper.hdf.
16:14:41 INFO  : Copied contents of /home/shubham/Vivado_Exercises/edt_zcu102/edt_zcu102.sdk/edt_zcu102_wrapper.hdf into /edt_zcu102_wrapper_hw_platform_0/system.hdf.
16:14:48 INFO  : Synchronizing projects in the workspace with the hardware platform specification changes.
16:14:48 INFO  : Clearing existing target manager status.
16:14:48 INFO  : Workspace synchronized with the new hardware specification file. Cleaning dependent projects...
16:14:48 WARN  : Linker script will not be updated automatically. Users need to update it manually.
18:28:59 INFO  : Registering command handlers for SDK TCF services
18:29:00 INFO  : Launching XSCT server: xsct -n -interactive /home/shubham/Vivado_Exercises/edt_zcu102/edt_zcu102.sdk/temp_xsdb_launch_script.tcl
18:29:02 INFO  : XSCT server has started successfully.
18:29:02 INFO  : Successfully done setting XSCT server connection channel  
18:29:02 INFO  : Successfully done setting SDK workspace  
18:29:02 INFO  : Processing command line option -hwspec /home/shubham/Vivado_Exercises/edt_zcu102/edt_zcu102.sdk/edt_zcu102_wrapper.hdf.
18:29:02 INFO  : Checking for hwspec changes in the project edt_zcu102_wrapper_hw_platform_0.
19:00:26 INFO  : Invoking Bootgen: bootgen -image design.bif -arch zynqmp -o /home/shubham/Vivado_Exercises/edt_zcu102/design1/BOOT.bin
19:00:26 INFO  : Creating new bif file /home/shubham/Vivado_Exercises/edt_zcu102/design1/design.bif
19:00:27 INFO  : Bootgen command execution is done.
19:03:06 INFO  : Invoking Bootgen: bootgen -image design.bif -arch zynqmp -o /home/shubham/Vivado_Exercises/edt_zcu102/design1/BOOT.bin -w on
19:03:07 INFO  : Bootgen command execution is done.
15:08:25 ERROR : (XSDB Server)Hangup

