#-----------------------------------------------------------
# Webtalk v2018.3 (64-bit)
# SW Build 2405991 on Thu Dec  6 23:36:41 MST 2018
# 
# Start of session at: Fri Jan  3 16:50:50 2020
# Process ID: 17946
# Current directory: /home/shubham/Vivado_Exercises/customWalaProject/webtalk
# Command line: wbtcv -mode batch -source sdk_webtalk.tcl
# Log file: /home/shubham/Vivado_Exercises/customWalaProject/webtalk/webtalk.log
# Journal file: /home/shubham/Vivado_Exercises/customWalaProject/webtalk/webtalk.jou
#-----------------------------------------------------------
source sdk_webtalk.tcl
# webtalk_init -webtalk_dir /home/shubham/Vivado_Exercises/customWalaProject/webtalk
# webtalk_register_client -client project
# webtalk_add_data -client project -key date_generated -value "2020-01-03 16:50:49" -context "software_version_and_target_device"
# webtalk_add_data -client project -key product_version -value "SDK v2018.3" -context "software_version_and_target_device"
# webtalk_add_data -client project -key build_version -value "2018.3" -context "software_version_and_target_device"
# webtalk_add_data -client project -key os_platform -value "amd64" -context "software_version_and_target_device"
# webtalk_add_data -client project -key registration_id -value "211528478_1777544339_210704364_923" -context "software_version_and_target_device"
# webtalk_add_data -client project -key tool_flow -value "SDK" -context "software_version_and_target_device"
# webtalk_add_data -client project -key beta -value "false" -context "software_version_and_target_device"
# webtalk_add_data -client project -key route_design -value "NA" -context "software_version_and_target_device"
# webtalk_add_data -client project -key target_family -value "NA" -context "software_version_and_target_device"
# webtalk_add_data -client project -key target_device -value "NA" -context "software_version_and_target_device"
# webtalk_add_data -client project -key target_package -value "NA" -context "software_version_and_target_device"
# webtalk_add_data -client project -key target_speed -value "NA" -context "software_version_and_target_device"
# webtalk_add_data -client project -key random_id -value "upgfjeagc58i8nos2b9dub25gq" -context "software_version_and_target_device"
# webtalk_add_data -client project -key project_id -value "2018.3_19" -context "software_version_and_target_device"
# webtalk_add_data -client project -key project_iteration -value "19" -context "software_version_and_target_device"
# webtalk_add_data -client project -key os_name -value "Ubuntu" -context "user_environment"
# webtalk_add_data -client project -key os_release -value "Ubuntu 18.04.1 LTS" -context "user_environment"
# webtalk_add_data -client project -key cpu_name -value "Intel(R) Core(TM) i7-8700 CPU @ 3.20GHz" -context "user_environment"
# webtalk_add_data -client project -key cpu_speed -value "4133.614 MHz" -context "user_environment"
# webtalk_add_data -client project -key total_processors -value "1" -context "user_environment"
# webtalk_add_data -client project -key system_ram -value "16.646 GB" -context "user_environment"
# webtalk_register_client -client sdk
# webtalk_add_data -client sdk -key uid -value "1578046825000" -context "sdk\\\\hardware/1578046825000"
# webtalk_add_data -client sdk -key isZynq -value "false" -context "sdk\\\\hardware/1578046825000"
# webtalk_add_data -client sdk -key isZynqMP -value "true" -context "sdk\\\\hardware/1578046825000"
# webtalk_add_data -client sdk -key Processors -value "7" -context "sdk\\\\hardware/1578046825000"
# webtalk_add_data -client sdk -key VivadoVersion -value "2018.3" -context "sdk\\\\hardware/1578046825000"
# webtalk_add_data -client sdk -key Arch -value "zynquplus" -context "sdk\\\\hardware/1578046825000"
# webtalk_add_data -client sdk -key Device -value "xczu9eg" -context "sdk\\\\hardware/1578046825000"
# webtalk_add_data -client sdk -key IsHandoff -value "true" -context "sdk\\\\hardware/1578046825000"
# webtalk_add_data -client sdk -key os -value "NA" -context "sdk\\\\hardware/1578046825000"
# webtalk_add_data -client sdk -key apptemplate -value "NA" -context "sdk\\\\hardware/1578046825000"
# webtalk_add_data -client sdk -key RecordType -value "HWCreation" -context "sdk\\\\hardware/1578046825000"
# webtalk_add_data -client sdk -key uid -value "1578047422000" -context "sdk\\\\bsp/1578047422000"
# webtalk_add_data -client sdk -key hwid -value "1578046825000" -context "sdk\\\\bsp/1578047422000"
# webtalk_add_data -client sdk -key os -value "standalone" -context "sdk\\\\bsp/1578047422000"
# webtalk_add_data -client sdk -key apptemplate -value "hello_world" -context "sdk\\\\bsp/1578047422000"
# webtalk_add_data -client sdk -key RecordType -value "BSPCreation" -context "sdk\\\\bsp/1578047422000"
# webtalk_add_data -client sdk -key uid -value "1578047426000" -context "sdk\\\\application/1578047426000"
# webtalk_add_data -client sdk -key hwid -value "1578046825000" -context "sdk\\\\application/1578047426000"
# webtalk_add_data -client sdk -key bspid -value "1578047422000" -context "sdk\\\\application/1578047426000"
# webtalk_add_data -client sdk -key newbsp -value "true" -context "sdk\\\\application/1578047426000"
# webtalk_add_data -client sdk -key os -value "standalone" -context "sdk\\\\application/1578047426000"
# webtalk_add_data -client sdk -key apptemplate -value "hello_world" -context "sdk\\\\application/1578047426000"
# webtalk_add_data -client sdk -key RecordType -value "APPCreation" -context "sdk\\\\application/1578047426000"
# webtalk_add_data -client sdk -key LangUsed -value "C" -context "sdk\\\\application/1578047426000"
# webtalk_add_data -client sdk -key Procused -value "psu_cortexa53" -context "sdk\\\\application/1578047426000"
# webtalk_add_data -client sdk -key projSize -value "215.3984375" -context "sdk\\\\application/1578047426000"
# webtalk_add_data -client sdk -key uid -value "NA" -context "sdk\\\\bsp/1578050449551"
# webtalk_add_data -client sdk -key RecordType -value "ToolUsage" -context "sdk\\\\bsp/1578050449551"
# webtalk_add_data -client sdk -key BootgenCount -value "0" -context "sdk\\\\bsp/1578050449551"
# webtalk_add_data -client sdk -key DebugCount -value "6" -context "sdk\\\\bsp/1578050449551"
# webtalk_add_data -client sdk -key PerfCount -value "0" -context "sdk\\\\bsp/1578050449551"
# webtalk_add_data -client sdk -key FlashCount -value "0" -context "sdk\\\\bsp/1578050449551"
# webtalk_add_data -client sdk -key CrossTriggCount -value "0" -context "sdk\\\\bsp/1578050449551"
# webtalk_add_data -client sdk -key QemuDebugCount -value "0" -context "sdk\\\\bsp/1578050449551"
# webtalk_transmit -clientid 2321634607 -regid "211528478_1777544339_210704364_923" -xml /home/shubham/Vivado_Exercises/customWalaProject/webtalk/usage_statistics_ext_sdk.xml -html /home/shubham/Vivado_Exercises/customWalaProject/webtalk/usage_statistics_ext_sdk.html -wdm /home/shubham/Vivado_Exercises/customWalaProject/webtalk/sdk_webtalk.wdm -intro "<H3>SDK Usage Report</H3><BR>"
# webtalk_terminate
INFO: [Common 17-206] Exiting Webtalk at Fri Jan  3 16:50:50 2020...
