12:53:58 INFO  : Registering command handlers for SDK TCF services
12:54:00 INFO  : Launching XSCT server: xsct -n -interactive /home/shubham/Vivado_Exercises/PSPolar/PSPolar.sdk/temp_xsdb_launch_script.tcl
12:54:03 INFO  : XSCT server has started successfully.
12:54:03 INFO  : Successfully done setting XSCT server connection channel  
12:54:09 INFO  : Successfully done setting SDK workspace  
12:54:09 INFO  : Processing command line option -hwspec /home/shubham/Vivado_Exercises/PSPolar/PSPolar.sdk/design_1_wrapper.hdf.
13:08:01 INFO  : Connected to target on host '127.0.0.1' and port '3121'.
13:08:22 INFO  : Jtag cable 'Digilent JTAG-SMT2NC 210308A7A26D' is selected.
13:08:22 INFO  : 'jtag frequency' command is executed.
13:08:22 INFO  : Sourcing of '/home/shubham/Xilinx2018.3/SDK/2018.3/scripts/sdk/util/zynqmp_utils.tcl' is done.
13:08:22 INFO  : Context for 'APU' is selected.
13:08:23 INFO  : System reset is completed.
13:08:26 INFO  : 'after 3000' command is executed.
13:08:26 INFO  : Context for 'APU' is selected.
13:08:26 INFO  : Cleared APU and A53 resets
13:08:26 INFO  : Context for 'RPU' is selected.
13:08:27 INFO  : Cleared RPU and R5 resets
13:08:27 INFO  : 'targets -set -filter {jtag_cable_name =~ "Digilent JTAG-SMT2NC 210308A7A26D" && level==0} -index 0' command is executed.
13:08:42 INFO  : FPGA configured successfully with bitstream "/home/shubham/Vivado_Exercises/PSPolar/PSPolar.sdk/design_1_wrapper_hw_platform_0/design_1_wrapper.bit"
13:08:42 INFO  : Context for 'APU' is selected.
13:08:42 INFO  : Hardware design information is loaded from '/home/shubham/Vivado_Exercises/PSPolar/PSPolar.sdk/design_1_wrapper_hw_platform_0/system.hdf'.
13:08:42 INFO  : 'configparams force-mem-access 1' command is executed.
13:08:42 INFO  : Context for 'APU' is selected.
13:08:42 INFO  : Sourcing of '/home/shubham/Vivado_Exercises/PSPolar/PSPolar.sdk/design_1_wrapper_hw_platform_0/psu_init.tcl' is done.
13:08:44 INFO  : 'psu_init' command is executed.
13:08:45 INFO  : 'after 1000' command is executed.
13:08:45 INFO  : 'psu_ps_pl_isolation_removal' command is executed.
13:08:46 INFO  : 'after 1000' command is executed.
13:08:46 INFO  : 'psu_ps_pl_reset_config' command is executed.
13:08:46 INFO  : 'catch {psu_protection}' command is executed.
13:08:46 INFO  : Context for processor 'psu_cortexa53_0' is selected.
13:08:46 INFO  : Processor reset is completed for 'psu_cortexa53_0'.
13:08:46 INFO  : The application '/home/shubham/Vivado_Exercises/PSPolar/PSPolar.sdk/PSPolar/Debug/PSPolar.elf' is downloaded to processor 'psu_cortexa53_0'.
13:08:46 INFO  : 'configparams force-mem-access 0' command is executed.
13:08:46 INFO  : ----------------XSDB Script----------------
connect -url tcp:127.0.0.1:3121
source /home/shubham/Xilinx2018.3/SDK/2018.3/scripts/sdk/util/zynqmp_utils.tcl
targets -set -nocase -filter {name =~"APU*" && jtag_cable_name =~ "Digilent JTAG-SMT2NC 210308A7A26D"} -index 1
rst -system
after 3000
targets -set -nocase -filter {name =~"APU*" && jtag_cable_name =~ "Digilent JTAG-SMT2NC 210308A7A26D"} -index 1
reset_apu
targets -set -nocase -filter {name =~"RPU*" && jtag_cable_name =~ "Digilent JTAG-SMT2NC 210308A7A26D"} -index 1
clear_rpu_reset
targets -set -filter {jtag_cable_name =~ "Digilent JTAG-SMT2NC 210308A7A26D" && level==0} -index 0
fpga -file /home/shubham/Vivado_Exercises/PSPolar/PSPolar.sdk/design_1_wrapper_hw_platform_0/design_1_wrapper.bit
targets -set -nocase -filter {name =~"APU*" && jtag_cable_name =~ "Digilent JTAG-SMT2NC 210308A7A26D"} -index 1
loadhw -hw /home/shubham/Vivado_Exercises/PSPolar/PSPolar.sdk/design_1_wrapper_hw_platform_0/system.hdf -mem-ranges [list {0x80000000 0xbfffffff} {0x400000000 0x5ffffffff} {0x1000000000 0x7fffffffff}]
configparams force-mem-access 1
targets -set -nocase -filter {name =~"APU*" && jtag_cable_name =~ "Digilent JTAG-SMT2NC 210308A7A26D"} -index 1
source /home/shubham/Vivado_Exercises/PSPolar/PSPolar.sdk/design_1_wrapper_hw_platform_0/psu_init.tcl
psu_init
after 1000
psu_ps_pl_isolation_removal
after 1000
psu_ps_pl_reset_config
catch {psu_protection}
targets -set -nocase -filter {name =~"*A53*0" && jtag_cable_name =~ "Digilent JTAG-SMT2NC 210308A7A26D"} -index 1
rst -processor
dow /home/shubham/Vivado_Exercises/PSPolar/PSPolar.sdk/PSPolar/Debug/PSPolar.elf
configparams force-mem-access 0
----------------End of Script----------------

13:08:46 INFO  : Context for processor 'psu_cortexa53_0' is selected.
13:08:46 INFO  : 'con' command is executed.
13:08:46 INFO  : ----------------XSDB Script (After Launch)----------------
targets -set -nocase -filter {name =~"*A53*0" && jtag_cable_name =~ "Digilent JTAG-SMT2NC 210308A7A26D"} -index 1
con
----------------End of Script----------------

13:08:46 INFO  : Launch script is exported to file '/home/shubham/Vivado_Exercises/PSPolar/PSPolar.sdk/.sdk/launch_scripts/xilinx_c-c++_application_(system_debugger)/system_debugger_using_debug_pspolar.elf_on_local.tcl'
13:13:58 INFO  : Disconnected from the channel tcfchan#1.
13:13:59 INFO  : Connected to target on host '127.0.0.1' and port '3121'.
13:14:03 INFO  : Jtag cable 'Digilent JTAG-SMT2NC 210308A7A26D' is selected.
13:14:03 INFO  : 'jtag frequency' command is executed.
13:14:03 INFO  : Sourcing of '/home/shubham/Xilinx2018.3/SDK/2018.3/scripts/sdk/util/zynqmp_utils.tcl' is done.
13:14:03 INFO  : Context for 'APU' is selected.
13:14:04 INFO  : System reset is completed.
13:14:07 INFO  : 'after 3000' command is executed.
13:14:07 INFO  : Context for 'APU' is selected.
13:14:07 INFO  : Cleared APU and A53 resets
13:14:07 INFO  : Context for 'RPU' is selected.
13:14:08 INFO  : Cleared RPU and R5 resets
13:14:08 INFO  : 'targets -set -filter {jtag_cable_name =~ "Digilent JTAG-SMT2NC 210308A7A26D" && level==0} -index 0' command is executed.
13:14:23 INFO  : FPGA configured successfully with bitstream "/home/shubham/Vivado_Exercises/PSPolar/PSPolar.sdk/design_1_wrapper_hw_platform_0/design_1_wrapper.bit"
13:14:23 INFO  : Context for 'APU' is selected.
13:14:23 INFO  : Hardware design information is loaded from '/home/shubham/Vivado_Exercises/PSPolar/PSPolar.sdk/design_1_wrapper_hw_platform_0/system.hdf'.
13:14:23 INFO  : 'configparams force-mem-access 1' command is executed.
13:14:23 INFO  : Context for 'APU' is selected.
13:14:23 INFO  : Sourcing of '/home/shubham/Vivado_Exercises/PSPolar/PSPolar.sdk/design_1_wrapper_hw_platform_0/psu_init.tcl' is done.
13:14:24 INFO  : 'psu_init' command is executed.
13:14:25 INFO  : 'after 1000' command is executed.
13:14:25 INFO  : 'psu_ps_pl_isolation_removal' command is executed.
13:14:26 INFO  : 'after 1000' command is executed.
13:14:26 INFO  : 'psu_ps_pl_reset_config' command is executed.
13:14:26 INFO  : 'catch {psu_protection}' command is executed.
13:14:26 INFO  : Context for processor 'psu_cortexa53_0' is selected.
13:14:26 INFO  : Processor reset is completed for 'psu_cortexa53_0'.
13:14:26 INFO  : The application '/home/shubham/Vivado_Exercises/PSPolar/PSPolar.sdk/PSPolar/Debug/PSPolar.elf' is downloaded to processor 'psu_cortexa53_0'.
13:14:26 INFO  : 'configparams force-mem-access 0' command is executed.
13:14:26 INFO  : ----------------XSDB Script----------------
connect -url tcp:127.0.0.1:3121
source /home/shubham/Xilinx2018.3/SDK/2018.3/scripts/sdk/util/zynqmp_utils.tcl
targets -set -nocase -filter {name =~"APU*" && jtag_cable_name =~ "Digilent JTAG-SMT2NC 210308A7A26D"} -index 1
rst -system
after 3000
targets -set -nocase -filter {name =~"APU*" && jtag_cable_name =~ "Digilent JTAG-SMT2NC 210308A7A26D"} -index 1
reset_apu
targets -set -nocase -filter {name =~"RPU*" && jtag_cable_name =~ "Digilent JTAG-SMT2NC 210308A7A26D"} -index 1
clear_rpu_reset
targets -set -filter {jtag_cable_name =~ "Digilent JTAG-SMT2NC 210308A7A26D" && level==0} -index 0
fpga -file /home/shubham/Vivado_Exercises/PSPolar/PSPolar.sdk/design_1_wrapper_hw_platform_0/design_1_wrapper.bit
targets -set -nocase -filter {name =~"APU*" && jtag_cable_name =~ "Digilent JTAG-SMT2NC 210308A7A26D"} -index 1
loadhw -hw /home/shubham/Vivado_Exercises/PSPolar/PSPolar.sdk/design_1_wrapper_hw_platform_0/system.hdf -mem-ranges [list {0x80000000 0xbfffffff} {0x400000000 0x5ffffffff} {0x1000000000 0x7fffffffff}]
configparams force-mem-access 1
targets -set -nocase -filter {name =~"APU*" && jtag_cable_name =~ "Digilent JTAG-SMT2NC 210308A7A26D"} -index 1
source /home/shubham/Vivado_Exercises/PSPolar/PSPolar.sdk/design_1_wrapper_hw_platform_0/psu_init.tcl
psu_init
after 1000
psu_ps_pl_isolation_removal
after 1000
psu_ps_pl_reset_config
catch {psu_protection}
targets -set -nocase -filter {name =~"*A53*0" && jtag_cable_name =~ "Digilent JTAG-SMT2NC 210308A7A26D"} -index 1
rst -processor
dow /home/shubham/Vivado_Exercises/PSPolar/PSPolar.sdk/PSPolar/Debug/PSPolar.elf
configparams force-mem-access 0
----------------End of Script----------------

13:14:26 INFO  : Context for processor 'psu_cortexa53_0' is selected.
13:14:26 INFO  : 'con' command is executed.
13:14:26 INFO  : ----------------XSDB Script (After Launch)----------------
targets -set -nocase -filter {name =~"*A53*0" && jtag_cable_name =~ "Digilent JTAG-SMT2NC 210308A7A26D"} -index 1
con
----------------End of Script----------------

13:14:26 INFO  : Launch script is exported to file '/home/shubham/Vivado_Exercises/PSPolar/PSPolar.sdk/.sdk/launch_scripts/xilinx_c-c++_application_(system_debugger)/system_debugger_using_debug_pspolar.elf_on_local.tcl'
13:20:10 INFO  : Disconnected from the channel tcfchan#2.
13:20:11 INFO  : Connected to target on host '127.0.0.1' and port '3121'.
13:20:15 INFO  : Jtag cable 'Digilent JTAG-SMT2NC 210308A7A26D' is selected.
13:20:15 INFO  : 'jtag frequency' command is executed.
13:20:15 INFO  : Sourcing of '/home/shubham/Xilinx2018.3/SDK/2018.3/scripts/sdk/util/zynqmp_utils.tcl' is done.
13:20:15 INFO  : Context for 'APU' is selected.
13:20:16 INFO  : System reset is completed.
13:20:19 INFO  : 'after 3000' command is executed.
13:20:19 INFO  : Context for 'APU' is selected.
13:20:19 INFO  : Cleared APU and A53 resets
13:20:19 INFO  : Context for 'RPU' is selected.
13:20:19 INFO  : Cleared RPU and R5 resets
13:20:20 INFO  : 'targets -set -filter {jtag_cable_name =~ "Digilent JTAG-SMT2NC 210308A7A26D" && level==0} -index 0' command is executed.
13:20:35 INFO  : FPGA configured successfully with bitstream "/home/shubham/Vivado_Exercises/PSPolar/PSPolar.sdk/design_1_wrapper_hw_platform_0/design_1_wrapper.bit"
13:20:35 INFO  : Context for 'APU' is selected.
13:20:35 INFO  : Hardware design information is loaded from '/home/shubham/Vivado_Exercises/PSPolar/PSPolar.sdk/design_1_wrapper_hw_platform_0/system.hdf'.
13:20:35 INFO  : 'configparams force-mem-access 1' command is executed.
13:20:35 INFO  : Context for 'APU' is selected.
13:20:35 INFO  : Sourcing of '/home/shubham/Vivado_Exercises/PSPolar/PSPolar.sdk/design_1_wrapper_hw_platform_0/psu_init.tcl' is done.
13:20:36 INFO  : 'psu_init' command is executed.
13:20:37 INFO  : 'after 1000' command is executed.
13:20:37 INFO  : 'psu_ps_pl_isolation_removal' command is executed.
13:20:38 INFO  : 'after 1000' command is executed.
13:20:38 INFO  : 'psu_ps_pl_reset_config' command is executed.
13:20:38 INFO  : 'catch {psu_protection}' command is executed.
13:20:38 INFO  : Context for processor 'psu_cortexa53_0' is selected.
13:20:38 INFO  : Processor reset is completed for 'psu_cortexa53_0'.
13:20:38 INFO  : The application '/home/shubham/Vivado_Exercises/PSPolar/PSPolar.sdk/PSPolar/Debug/PSPolar.elf' is downloaded to processor 'psu_cortexa53_0'.
13:20:38 INFO  : 'configparams force-mem-access 0' command is executed.
13:20:38 INFO  : ----------------XSDB Script----------------
connect -url tcp:127.0.0.1:3121
source /home/shubham/Xilinx2018.3/SDK/2018.3/scripts/sdk/util/zynqmp_utils.tcl
targets -set -nocase -filter {name =~"APU*" && jtag_cable_name =~ "Digilent JTAG-SMT2NC 210308A7A26D"} -index 1
rst -system
after 3000
targets -set -nocase -filter {name =~"APU*" && jtag_cable_name =~ "Digilent JTAG-SMT2NC 210308A7A26D"} -index 1
reset_apu
targets -set -nocase -filter {name =~"RPU*" && jtag_cable_name =~ "Digilent JTAG-SMT2NC 210308A7A26D"} -index 1
clear_rpu_reset
targets -set -filter {jtag_cable_name =~ "Digilent JTAG-SMT2NC 210308A7A26D" && level==0} -index 0
fpga -file /home/shubham/Vivado_Exercises/PSPolar/PSPolar.sdk/design_1_wrapper_hw_platform_0/design_1_wrapper.bit
targets -set -nocase -filter {name =~"APU*" && jtag_cable_name =~ "Digilent JTAG-SMT2NC 210308A7A26D"} -index 1
loadhw -hw /home/shubham/Vivado_Exercises/PSPolar/PSPolar.sdk/design_1_wrapper_hw_platform_0/system.hdf -mem-ranges [list {0x80000000 0xbfffffff} {0x400000000 0x5ffffffff} {0x1000000000 0x7fffffffff}]
configparams force-mem-access 1
targets -set -nocase -filter {name =~"APU*" && jtag_cable_name =~ "Digilent JTAG-SMT2NC 210308A7A26D"} -index 1
source /home/shubham/Vivado_Exercises/PSPolar/PSPolar.sdk/design_1_wrapper_hw_platform_0/psu_init.tcl
psu_init
after 1000
psu_ps_pl_isolation_removal
after 1000
psu_ps_pl_reset_config
catch {psu_protection}
targets -set -nocase -filter {name =~"*A53*0" && jtag_cable_name =~ "Digilent JTAG-SMT2NC 210308A7A26D"} -index 1
rst -processor
dow /home/shubham/Vivado_Exercises/PSPolar/PSPolar.sdk/PSPolar/Debug/PSPolar.elf
configparams force-mem-access 0
----------------End of Script----------------

13:20:38 INFO  : Context for processor 'psu_cortexa53_0' is selected.
13:20:38 INFO  : 'con' command is executed.
13:20:38 INFO  : ----------------XSDB Script (After Launch)----------------
targets -set -nocase -filter {name =~"*A53*0" && jtag_cable_name =~ "Digilent JTAG-SMT2NC 210308A7A26D"} -index 1
con
----------------End of Script----------------

13:20:38 INFO  : Launch script is exported to file '/home/shubham/Vivado_Exercises/PSPolar/PSPolar.sdk/.sdk/launch_scripts/xilinx_c-c++_application_(system_debugger)/system_debugger_using_debug_pspolar.elf_on_local.tcl'
13:25:57 INFO  : Disconnected from the channel tcfchan#3.
13:25:58 INFO  : Connected to target on host '127.0.0.1' and port '3121'.
13:26:03 INFO  : Jtag cable 'Digilent JTAG-SMT2NC 210308A7A26D' is selected.
13:26:03 INFO  : 'jtag frequency' command is executed.
13:26:03 INFO  : Sourcing of '/home/shubham/Xilinx2018.3/SDK/2018.3/scripts/sdk/util/zynqmp_utils.tcl' is done.
13:26:03 INFO  : Context for 'APU' is selected.
13:26:04 INFO  : System reset is completed.
13:26:07 INFO  : 'after 3000' command is executed.
13:26:07 INFO  : Context for 'APU' is selected.
13:26:07 INFO  : Cleared APU and A53 resets
13:26:07 INFO  : Context for 'RPU' is selected.
13:26:07 INFO  : Cleared RPU and R5 resets
13:26:07 INFO  : 'targets -set -filter {jtag_cable_name =~ "Digilent JTAG-SMT2NC 210308A7A26D" && level==0} -index 0' command is executed.
13:26:22 INFO  : FPGA configured successfully with bitstream "/home/shubham/Vivado_Exercises/PSPolar/PSPolar.sdk/design_1_wrapper_hw_platform_0/design_1_wrapper.bit"
13:26:22 INFO  : Context for 'APU' is selected.
13:26:22 INFO  : Hardware design information is loaded from '/home/shubham/Vivado_Exercises/PSPolar/PSPolar.sdk/design_1_wrapper_hw_platform_0/system.hdf'.
13:26:22 INFO  : 'configparams force-mem-access 1' command is executed.
13:26:22 INFO  : Context for 'APU' is selected.
13:26:22 INFO  : Sourcing of '/home/shubham/Vivado_Exercises/PSPolar/PSPolar.sdk/design_1_wrapper_hw_platform_0/psu_init.tcl' is done.
13:26:23 INFO  : 'psu_init' command is executed.
13:26:24 INFO  : 'after 1000' command is executed.
13:26:24 INFO  : 'psu_ps_pl_isolation_removal' command is executed.
13:26:25 INFO  : 'after 1000' command is executed.
13:26:25 INFO  : 'psu_ps_pl_reset_config' command is executed.
13:26:25 INFO  : 'catch {psu_protection}' command is executed.
13:26:25 INFO  : Context for processor 'psu_cortexa53_0' is selected.
13:26:25 INFO  : Processor reset is completed for 'psu_cortexa53_0'.
13:26:26 INFO  : The application '/home/shubham/Vivado_Exercises/PSPolar/PSPolar.sdk/PSPolar/Debug/PSPolar.elf' is downloaded to processor 'psu_cortexa53_0'.
13:26:26 INFO  : 'configparams force-mem-access 0' command is executed.
13:26:26 INFO  : ----------------XSDB Script----------------
connect -url tcp:127.0.0.1:3121
source /home/shubham/Xilinx2018.3/SDK/2018.3/scripts/sdk/util/zynqmp_utils.tcl
targets -set -nocase -filter {name =~"APU*" && jtag_cable_name =~ "Digilent JTAG-SMT2NC 210308A7A26D"} -index 1
rst -system
after 3000
targets -set -nocase -filter {name =~"APU*" && jtag_cable_name =~ "Digilent JTAG-SMT2NC 210308A7A26D"} -index 1
reset_apu
targets -set -nocase -filter {name =~"RPU*" && jtag_cable_name =~ "Digilent JTAG-SMT2NC 210308A7A26D"} -index 1
clear_rpu_reset
targets -set -filter {jtag_cable_name =~ "Digilent JTAG-SMT2NC 210308A7A26D" && level==0} -index 0
fpga -file /home/shubham/Vivado_Exercises/PSPolar/PSPolar.sdk/design_1_wrapper_hw_platform_0/design_1_wrapper.bit
targets -set -nocase -filter {name =~"APU*" && jtag_cable_name =~ "Digilent JTAG-SMT2NC 210308A7A26D"} -index 1
loadhw -hw /home/shubham/Vivado_Exercises/PSPolar/PSPolar.sdk/design_1_wrapper_hw_platform_0/system.hdf -mem-ranges [list {0x80000000 0xbfffffff} {0x400000000 0x5ffffffff} {0x1000000000 0x7fffffffff}]
configparams force-mem-access 1
targets -set -nocase -filter {name =~"APU*" && jtag_cable_name =~ "Digilent JTAG-SMT2NC 210308A7A26D"} -index 1
source /home/shubham/Vivado_Exercises/PSPolar/PSPolar.sdk/design_1_wrapper_hw_platform_0/psu_init.tcl
psu_init
after 1000
psu_ps_pl_isolation_removal
after 1000
psu_ps_pl_reset_config
catch {psu_protection}
targets -set -nocase -filter {name =~"*A53*0" && jtag_cable_name =~ "Digilent JTAG-SMT2NC 210308A7A26D"} -index 1
rst -processor
dow /home/shubham/Vivado_Exercises/PSPolar/PSPolar.sdk/PSPolar/Debug/PSPolar.elf
configparams force-mem-access 0
----------------End of Script----------------

13:26:26 INFO  : Context for processor 'psu_cortexa53_0' is selected.
13:26:26 INFO  : 'con' command is executed.
13:26:26 INFO  : ----------------XSDB Script (After Launch)----------------
targets -set -nocase -filter {name =~"*A53*0" && jtag_cable_name =~ "Digilent JTAG-SMT2NC 210308A7A26D"} -index 1
con
----------------End of Script----------------

13:26:26 INFO  : Launch script is exported to file '/home/shubham/Vivado_Exercises/PSPolar/PSPolar.sdk/.sdk/launch_scripts/xilinx_c-c++_application_(system_debugger)/system_debugger_using_debug_pspolar.elf_on_local.tcl'
15:14:56 INFO  : Connected to target on host '127.0.0.1' and port '3121'.
15:14:56 INFO  : Jtag cable 'Digilent JTAG-SMT2NC 210308A7A26D' is selected.
15:14:56 INFO  : 'jtag frequency' command is executed.
15:14:56 INFO  : Sourcing of '/home/shubham/Xilinx2018.3/SDK/2018.3/scripts/sdk/util/zynqmp_utils.tcl' is done.
15:14:56 INFO  : Context for 'APU' is selected.
15:14:57 INFO  : System reset is completed.
15:15:00 INFO  : 'after 3000' command is executed.
15:15:00 INFO  : Context for 'APU' is selected.
15:15:01 INFO  : Cleared APU and A53 resets
15:15:01 INFO  : Context for 'RPU' is selected.
15:15:01 INFO  : Cleared RPU and R5 resets
15:15:01 INFO  : 'targets -set -filter {jtag_cable_name =~ "Digilent JTAG-SMT2NC 210308A7A26D" && level==0} -index 0' command is executed.
15:15:16 INFO  : FPGA configured successfully with bitstream "/home/shubham/Vivado_Exercises/PSPolar/PSPolar.sdk/design_1_wrapper_hw_platform_0/design_1_wrapper.bit"
15:15:16 INFO  : Context for 'APU' is selected.
15:15:16 INFO  : Hardware design information is loaded from '/home/shubham/Vivado_Exercises/PSPolar/PSPolar.sdk/design_1_wrapper_hw_platform_0/system.hdf'.
15:15:16 INFO  : 'configparams force-mem-access 1' command is executed.
15:15:16 INFO  : Context for 'APU' is selected.
15:15:16 INFO  : Sourcing of '/home/shubham/Vivado_Exercises/PSPolar/PSPolar.sdk/design_1_wrapper_hw_platform_0/psu_init.tcl' is done.
15:15:17 INFO  : 'psu_init' command is executed.
15:15:18 INFO  : 'after 1000' command is executed.
15:15:18 INFO  : 'psu_ps_pl_isolation_removal' command is executed.
15:15:19 INFO  : 'after 1000' command is executed.
15:15:19 INFO  : 'psu_ps_pl_reset_config' command is executed.
15:15:19 INFO  : 'catch {psu_protection}' command is executed.
15:15:19 INFO  : Context for processor 'psu_cortexa53_0' is selected.
15:15:20 INFO  : Processor reset is completed for 'psu_cortexa53_0'.
15:15:20 INFO  : The application '/home/shubham/Vivado_Exercises/PSPolar/PSPolar.sdk/PSPolar/Debug/PSPolar.elf' is downloaded to processor 'psu_cortexa53_0'.
15:15:20 INFO  : 'configparams force-mem-access 0' command is executed.
15:15:20 INFO  : ----------------XSDB Script----------------
connect -url tcp:127.0.0.1:3121
source /home/shubham/Xilinx2018.3/SDK/2018.3/scripts/sdk/util/zynqmp_utils.tcl
targets -set -nocase -filter {name =~"APU*" && jtag_cable_name =~ "Digilent JTAG-SMT2NC 210308A7A26D"} -index 1
rst -system
after 3000
targets -set -nocase -filter {name =~"APU*" && jtag_cable_name =~ "Digilent JTAG-SMT2NC 210308A7A26D"} -index 1
reset_apu
targets -set -nocase -filter {name =~"RPU*" && jtag_cable_name =~ "Digilent JTAG-SMT2NC 210308A7A26D"} -index 1
clear_rpu_reset
targets -set -filter {jtag_cable_name =~ "Digilent JTAG-SMT2NC 210308A7A26D" && level==0} -index 0
fpga -file /home/shubham/Vivado_Exercises/PSPolar/PSPolar.sdk/design_1_wrapper_hw_platform_0/design_1_wrapper.bit
targets -set -nocase -filter {name =~"APU*" && jtag_cable_name =~ "Digilent JTAG-SMT2NC 210308A7A26D"} -index 1
loadhw -hw /home/shubham/Vivado_Exercises/PSPolar/PSPolar.sdk/design_1_wrapper_hw_platform_0/system.hdf -mem-ranges [list {0x80000000 0xbfffffff} {0x400000000 0x5ffffffff} {0x1000000000 0x7fffffffff}]
configparams force-mem-access 1
targets -set -nocase -filter {name =~"APU*" && jtag_cable_name =~ "Digilent JTAG-SMT2NC 210308A7A26D"} -index 1
source /home/shubham/Vivado_Exercises/PSPolar/PSPolar.sdk/design_1_wrapper_hw_platform_0/psu_init.tcl
psu_init
after 1000
psu_ps_pl_isolation_removal
after 1000
psu_ps_pl_reset_config
catch {psu_protection}
targets -set -nocase -filter {name =~"*A53*0" && jtag_cable_name =~ "Digilent JTAG-SMT2NC 210308A7A26D"} -index 1
rst -processor
dow /home/shubham/Vivado_Exercises/PSPolar/PSPolar.sdk/PSPolar/Debug/PSPolar.elf
configparams force-mem-access 0
----------------End of Script----------------

15:15:20 INFO  : Context for processor 'psu_cortexa53_0' is selected.
15:15:20 INFO  : 'con' command is executed.
15:15:20 INFO  : ----------------XSDB Script (After Launch)----------------
targets -set -nocase -filter {name =~"*A53*0" && jtag_cable_name =~ "Digilent JTAG-SMT2NC 210308A7A26D"} -index 1
con
----------------End of Script----------------

15:15:20 INFO  : Disconnected from the channel tcfchan#4.
15:34:34 WARN  : channel "tcfchan#4" closed
15:34:35 INFO  : Connected to target on host '127.0.0.1' and port '3121'.
15:34:35 INFO  : Jtag cable 'Digilent JTAG-SMT2NC 210308A7A26D' is selected.
15:34:35 INFO  : 'jtag frequency' command is executed.
15:34:35 INFO  : Sourcing of '/home/shubham/Xilinx2018.3/SDK/2018.3/scripts/sdk/util/zynqmp_utils.tcl' is done.
15:34:35 INFO  : Context for 'APU' is selected.
15:34:36 INFO  : System reset is completed.
15:34:39 INFO  : 'after 3000' command is executed.
15:34:39 INFO  : Context for 'APU' is selected.
15:34:39 INFO  : Cleared APU and A53 resets
15:34:39 INFO  : Context for 'RPU' is selected.
15:34:39 INFO  : Cleared RPU and R5 resets
15:34:39 INFO  : 'targets -set -filter {jtag_cable_name =~ "Digilent JTAG-SMT2NC 210308A7A26D" && level==0} -index 0' command is executed.
15:34:55 INFO  : FPGA configured successfully with bitstream "/home/shubham/Vivado_Exercises/PSPolar/PSPolar.sdk/design_1_wrapper_hw_platform_0/design_1_wrapper.bit"
15:34:55 INFO  : Context for 'APU' is selected.
15:34:55 INFO  : Hardware design information is loaded from '/home/shubham/Vivado_Exercises/PSPolar/PSPolar.sdk/design_1_wrapper_hw_platform_0/system.hdf'.
15:34:55 INFO  : 'configparams force-mem-access 1' command is executed.
15:34:55 INFO  : Context for 'APU' is selected.
15:34:55 INFO  : Sourcing of '/home/shubham/Vivado_Exercises/PSPolar/PSPolar.sdk/design_1_wrapper_hw_platform_0/psu_init.tcl' is done.
15:34:56 INFO  : 'psu_init' command is executed.
15:34:57 INFO  : 'after 1000' command is executed.
15:34:57 INFO  : 'psu_ps_pl_isolation_removal' command is executed.
15:34:58 INFO  : 'after 1000' command is executed.
15:34:58 INFO  : 'psu_ps_pl_reset_config' command is executed.
15:34:58 INFO  : 'catch {psu_protection}' command is executed.
15:34:58 INFO  : Context for processor 'psu_cortexa53_0' is selected.
15:34:58 INFO  : Processor reset is completed for 'psu_cortexa53_0'.
15:34:58 INFO  : The application '/home/shubham/Vivado_Exercises/PSPolar/PSPolar.sdk/PSPolar/Debug/PSPolar.elf' is downloaded to processor 'psu_cortexa53_0'.
15:34:58 INFO  : 'configparams force-mem-access 0' command is executed.
15:34:58 INFO  : ----------------XSDB Script----------------
connect -url tcp:127.0.0.1:3121
source /home/shubham/Xilinx2018.3/SDK/2018.3/scripts/sdk/util/zynqmp_utils.tcl
targets -set -nocase -filter {name =~"APU*" && jtag_cable_name =~ "Digilent JTAG-SMT2NC 210308A7A26D"} -index 1
rst -system
after 3000
targets -set -nocase -filter {name =~"APU*" && jtag_cable_name =~ "Digilent JTAG-SMT2NC 210308A7A26D"} -index 1
reset_apu
targets -set -nocase -filter {name =~"RPU*" && jtag_cable_name =~ "Digilent JTAG-SMT2NC 210308A7A26D"} -index 1
clear_rpu_reset
targets -set -filter {jtag_cable_name =~ "Digilent JTAG-SMT2NC 210308A7A26D" && level==0} -index 0
fpga -file /home/shubham/Vivado_Exercises/PSPolar/PSPolar.sdk/design_1_wrapper_hw_platform_0/design_1_wrapper.bit
targets -set -nocase -filter {name =~"APU*" && jtag_cable_name =~ "Digilent JTAG-SMT2NC 210308A7A26D"} -index 1
loadhw -hw /home/shubham/Vivado_Exercises/PSPolar/PSPolar.sdk/design_1_wrapper_hw_platform_0/system.hdf -mem-ranges [list {0x80000000 0xbfffffff} {0x400000000 0x5ffffffff} {0x1000000000 0x7fffffffff}]
configparams force-mem-access 1
targets -set -nocase -filter {name =~"APU*" && jtag_cable_name =~ "Digilent JTAG-SMT2NC 210308A7A26D"} -index 1
source /home/shubham/Vivado_Exercises/PSPolar/PSPolar.sdk/design_1_wrapper_hw_platform_0/psu_init.tcl
psu_init
after 1000
psu_ps_pl_isolation_removal
after 1000
psu_ps_pl_reset_config
catch {psu_protection}
targets -set -nocase -filter {name =~"*A53*0" && jtag_cable_name =~ "Digilent JTAG-SMT2NC 210308A7A26D"} -index 1
rst -processor
dow /home/shubham/Vivado_Exercises/PSPolar/PSPolar.sdk/PSPolar/Debug/PSPolar.elf
configparams force-mem-access 0
----------------End of Script----------------

15:34:58 INFO  : Context for processor 'psu_cortexa53_0' is selected.
15:34:58 INFO  : 'con' command is executed.
15:34:58 INFO  : ----------------XSDB Script (After Launch)----------------
targets -set -nocase -filter {name =~"*A53*0" && jtag_cable_name =~ "Digilent JTAG-SMT2NC 210308A7A26D"} -index 1
con
----------------End of Script----------------

15:34:58 INFO  : Launch script is exported to file '/home/shubham/Vivado_Exercises/PSPolar/PSPolar.sdk/.sdk/launch_scripts/xilinx_c-c++_application_(system_debugger)/system_debugger_using_debug_pspolar.elf_on_local.tcl'
16:04:22 INFO  : Connected to target on host '127.0.0.1' and port '3121'.
16:04:22 INFO  : Jtag cable 'Digilent JTAG-SMT2NC 210308A7A26D' is selected.
16:04:22 INFO  : 'jtag frequency' command is executed.
16:04:22 INFO  : Sourcing of '/home/shubham/Xilinx2018.3/SDK/2018.3/scripts/sdk/util/zynqmp_utils.tcl' is done.
16:04:22 INFO  : Context for 'APU' is selected.
16:04:23 INFO  : System reset is completed.
16:04:26 INFO  : 'after 3000' command is executed.
16:04:26 INFO  : Context for 'APU' is selected.
16:04:27 INFO  : Cleared APU and A53 resets
16:04:27 INFO  : Context for 'RPU' is selected.
16:04:27 INFO  : Cleared RPU and R5 resets
16:04:27 INFO  : 'targets -set -filter {jtag_cable_name =~ "Digilent JTAG-SMT2NC 210308A7A26D" && level==0} -index 0' command is executed.
16:04:42 INFO  : FPGA configured successfully with bitstream "/home/shubham/Vivado_Exercises/PSPolar/PSPolar.sdk/design_1_wrapper_hw_platform_0/design_1_wrapper.bit"
16:04:42 INFO  : Context for 'APU' is selected.
16:04:42 INFO  : Hardware design information is loaded from '/home/shubham/Vivado_Exercises/PSPolar/PSPolar.sdk/design_1_wrapper_hw_platform_0/system.hdf'.
16:04:42 INFO  : 'configparams force-mem-access 1' command is executed.
16:04:42 INFO  : Context for 'APU' is selected.
16:04:42 INFO  : Sourcing of '/home/shubham/Vivado_Exercises/PSPolar/PSPolar.sdk/design_1_wrapper_hw_platform_0/psu_init.tcl' is done.
16:04:43 INFO  : 'psu_init' command is executed.
16:04:44 INFO  : 'after 1000' command is executed.
16:04:45 INFO  : 'psu_ps_pl_isolation_removal' command is executed.
16:04:46 INFO  : 'after 1000' command is executed.
16:04:46 INFO  : 'psu_ps_pl_reset_config' command is executed.
16:04:46 INFO  : 'catch {psu_protection}' command is executed.
16:04:46 INFO  : Context for processor 'psu_cortexa53_0' is selected.
16:04:46 INFO  : Processor reset is completed for 'psu_cortexa53_0'.
16:04:46 INFO  : The application '/home/shubham/Vivado_Exercises/PSPolar/PSPolar.sdk/PSPolar/Debug/PSPolar.elf' is downloaded to processor 'psu_cortexa53_0'.
16:04:46 INFO  : 'configparams force-mem-access 0' command is executed.
16:04:46 INFO  : ----------------XSDB Script----------------
connect -url tcp:127.0.0.1:3121
source /home/shubham/Xilinx2018.3/SDK/2018.3/scripts/sdk/util/zynqmp_utils.tcl
targets -set -nocase -filter {name =~"APU*" && jtag_cable_name =~ "Digilent JTAG-SMT2NC 210308A7A26D"} -index 1
rst -system
after 3000
targets -set -nocase -filter {name =~"APU*" && jtag_cable_name =~ "Digilent JTAG-SMT2NC 210308A7A26D"} -index 1
reset_apu
targets -set -nocase -filter {name =~"RPU*" && jtag_cable_name =~ "Digilent JTAG-SMT2NC 210308A7A26D"} -index 1
clear_rpu_reset
targets -set -filter {jtag_cable_name =~ "Digilent JTAG-SMT2NC 210308A7A26D" && level==0} -index 0
fpga -file /home/shubham/Vivado_Exercises/PSPolar/PSPolar.sdk/design_1_wrapper_hw_platform_0/design_1_wrapper.bit
targets -set -nocase -filter {name =~"APU*" && jtag_cable_name =~ "Digilent JTAG-SMT2NC 210308A7A26D"} -index 1
loadhw -hw /home/shubham/Vivado_Exercises/PSPolar/PSPolar.sdk/design_1_wrapper_hw_platform_0/system.hdf -mem-ranges [list {0x80000000 0xbfffffff} {0x400000000 0x5ffffffff} {0x1000000000 0x7fffffffff}]
configparams force-mem-access 1
targets -set -nocase -filter {name =~"APU*" && jtag_cable_name =~ "Digilent JTAG-SMT2NC 210308A7A26D"} -index 1
source /home/shubham/Vivado_Exercises/PSPolar/PSPolar.sdk/design_1_wrapper_hw_platform_0/psu_init.tcl
psu_init
after 1000
psu_ps_pl_isolation_removal
after 1000
psu_ps_pl_reset_config
catch {psu_protection}
targets -set -nocase -filter {name =~"*A53*0" && jtag_cable_name =~ "Digilent JTAG-SMT2NC 210308A7A26D"} -index 1
rst -processor
dow /home/shubham/Vivado_Exercises/PSPolar/PSPolar.sdk/PSPolar/Debug/PSPolar.elf
configparams force-mem-access 0
----------------End of Script----------------

16:04:46 INFO  : Context for processor 'psu_cortexa53_0' is selected.
16:04:46 INFO  : 'con' command is executed.
16:04:46 INFO  : ----------------XSDB Script (After Launch)----------------
targets -set -nocase -filter {name =~"*A53*0" && jtag_cable_name =~ "Digilent JTAG-SMT2NC 210308A7A26D"} -index 1
con
----------------End of Script----------------

16:04:46 INFO  : Disconnected from the channel tcfchan#5.
18:03:20 WARN  : channel "tcfchan#5" closed
18:03:22 INFO  : Connected to target on host '127.0.0.1' and port '3121'.
18:03:22 INFO  : Jtag cable 'Digilent JTAG-SMT2NC 210308A7A26D' is selected.
18:03:22 INFO  : 'jtag frequency' command is executed.
18:03:22 INFO  : Sourcing of '/home/shubham/Xilinx2018.3/SDK/2018.3/scripts/sdk/util/zynqmp_utils.tcl' is done.
18:03:22 INFO  : Context for 'APU' is selected.
18:03:23 INFO  : System reset is completed.
18:03:26 INFO  : 'after 3000' command is executed.
18:03:26 INFO  : Context for 'APU' is selected.
18:03:26 INFO  : Cleared APU and A53 resets
18:03:26 ERROR : no targets found with "name =~"RPU*" && jtag_cable_name =~ "Digilent JTAG-SMT2NC 210308A7A26D"". available targets:
  1  PS TAP
     2  PMU
     3  PL
  4  PSU
     5  RPU (Reset)
        6  Cortex-R5 #0 (RPU Reset)
        7  Cortex-R5 #1 (RPU Reset)
     8* APU
        9  Cortex-A53 #0 (Reset Catch, EL3(S)/A64)
       10  Cortex-A53 #1 (Reset Catch, EL3(S)/A64)
       11  Cortex-A53 #2 (Reset Catch, EL3(S)/A64)
       12  Cortex-A53 #3 (Reset Catch, EL3(S)/A64)
18:03:26 INFO  : ----------------XSDB Script----------------
connect -url tcp:127.0.0.1:3121
source /home/shubham/Xilinx2018.3/SDK/2018.3/scripts/sdk/util/zynqmp_utils.tcl
targets -set -nocase -filter {name =~"APU*" && jtag_cable_name =~ "Digilent JTAG-SMT2NC 210308A7A26D"} -index 1
rst -system
after 3000
targets -set -nocase -filter {name =~"APU*" && jtag_cable_name =~ "Digilent JTAG-SMT2NC 210308A7A26D"} -index 1
reset_apu
targets -set -nocase -filter {name =~"RPU*" && jtag_cable_name =~ "Digilent JTAG-SMT2NC 210308A7A26D"} -index 0
----------------End of Script----------------

18:03:42 INFO  : Connected to target on host '127.0.0.1' and port '3121'.
18:03:42 INFO  : Jtag cable 'Digilent JTAG-SMT2NC 210308A7A26D' is selected.
18:03:42 INFO  : 'jtag frequency' command is executed.
18:03:42 INFO  : Sourcing of '/home/shubham/Xilinx2018.3/SDK/2018.3/scripts/sdk/util/zynqmp_utils.tcl' is done.
18:03:42 INFO  : Context for 'APU' is selected.
18:03:43 INFO  : System reset is completed.
18:03:46 INFO  : 'after 3000' command is executed.
18:03:46 INFO  : Context for 'APU' is selected.
18:03:47 INFO  : Cleared APU and A53 resets
18:03:47 INFO  : Context for 'RPU' is selected.
18:03:47 INFO  : Cleared RPU and R5 resets
18:03:47 INFO  : 'targets -set -filter {jtag_cable_name =~ "Digilent JTAG-SMT2NC 210308A7A26D" && level==0} -index 0' command is executed.
18:04:02 INFO  : FPGA configured successfully with bitstream "/home/shubham/Vivado_Exercises/PSPolar/PSPolar.sdk/design_1_wrapper_hw_platform_0/design_1_wrapper.bit"
18:04:02 INFO  : Context for 'APU' is selected.
18:04:02 INFO  : Hardware design information is loaded from '/home/shubham/Vivado_Exercises/PSPolar/PSPolar.sdk/design_1_wrapper_hw_platform_0/system.hdf'.
18:04:02 INFO  : 'configparams force-mem-access 1' command is executed.
18:04:02 INFO  : Context for 'APU' is selected.
18:04:02 INFO  : Sourcing of '/home/shubham/Vivado_Exercises/PSPolar/PSPolar.sdk/design_1_wrapper_hw_platform_0/psu_init.tcl' is done.
18:04:04 INFO  : 'psu_init' command is executed.
18:04:05 INFO  : 'after 1000' command is executed.
18:04:05 INFO  : 'psu_ps_pl_isolation_removal' command is executed.
18:04:06 INFO  : 'after 1000' command is executed.
18:04:06 INFO  : 'psu_ps_pl_reset_config' command is executed.
18:04:06 INFO  : 'catch {psu_protection}' command is executed.
18:04:06 INFO  : Context for processor 'psu_cortexa53_0' is selected.
18:04:06 INFO  : Processor reset is completed for 'psu_cortexa53_0'.
18:04:07 INFO  : The application '/home/shubham/Vivado_Exercises/PSPolar/PSPolar.sdk/PSPolar/Debug/PSPolar.elf' is downloaded to processor 'psu_cortexa53_0'.
18:04:07 INFO  : 'configparams force-mem-access 0' command is executed.
18:04:07 INFO  : ----------------XSDB Script----------------
connect -url tcp:127.0.0.1:3121
source /home/shubham/Xilinx2018.3/SDK/2018.3/scripts/sdk/util/zynqmp_utils.tcl
targets -set -nocase -filter {name =~"APU*" && jtag_cable_name =~ "Digilent JTAG-SMT2NC 210308A7A26D"} -index 1
rst -system
after 3000
targets -set -nocase -filter {name =~"APU*" && jtag_cable_name =~ "Digilent JTAG-SMT2NC 210308A7A26D"} -index 1
reset_apu
targets -set -nocase -filter {name =~"RPU*" && jtag_cable_name =~ "Digilent JTAG-SMT2NC 210308A7A26D"} -index 1
clear_rpu_reset
targets -set -filter {jtag_cable_name =~ "Digilent JTAG-SMT2NC 210308A7A26D" && level==0} -index 0
fpga -file /home/shubham/Vivado_Exercises/PSPolar/PSPolar.sdk/design_1_wrapper_hw_platform_0/design_1_wrapper.bit
targets -set -nocase -filter {name =~"APU*" && jtag_cable_name =~ "Digilent JTAG-SMT2NC 210308A7A26D"} -index 1
loadhw -hw /home/shubham/Vivado_Exercises/PSPolar/PSPolar.sdk/design_1_wrapper_hw_platform_0/system.hdf -mem-ranges [list {0x80000000 0xbfffffff} {0x400000000 0x5ffffffff} {0x1000000000 0x7fffffffff}]
configparams force-mem-access 1
targets -set -nocase -filter {name =~"APU*" && jtag_cable_name =~ "Digilent JTAG-SMT2NC 210308A7A26D"} -index 1
source /home/shubham/Vivado_Exercises/PSPolar/PSPolar.sdk/design_1_wrapper_hw_platform_0/psu_init.tcl
psu_init
after 1000
psu_ps_pl_isolation_removal
after 1000
psu_ps_pl_reset_config
catch {psu_protection}
targets -set -nocase -filter {name =~"*A53*0" && jtag_cable_name =~ "Digilent JTAG-SMT2NC 210308A7A26D"} -index 1
rst -processor
dow /home/shubham/Vivado_Exercises/PSPolar/PSPolar.sdk/PSPolar/Debug/PSPolar.elf
configparams force-mem-access 0
----------------End of Script----------------

18:04:07 INFO  : Context for processor 'psu_cortexa53_0' is selected.
18:04:07 INFO  : 'con' command is executed.
18:04:07 INFO  : ----------------XSDB Script (After Launch)----------------
targets -set -nocase -filter {name =~"*A53*0" && jtag_cable_name =~ "Digilent JTAG-SMT2NC 210308A7A26D"} -index 1
con
----------------End of Script----------------

18:04:07 INFO  : Launch script is exported to file '/home/shubham/Vivado_Exercises/PSPolar/PSPolar.sdk/.sdk/launch_scripts/xilinx_c-c++_application_(system_debugger)/system_debugger_using_debug_pspolar.elf_on_local.tcl'
18:21:21 INFO  : SDK has detected change in the last modified timestamps for source hardware specification file Source:1581943697000,  Project:1581924219000
18:21:21 INFO  : Project design_1_wrapper_hw_platform_0's source hardware specification located at /home/shubham/Vivado_Exercises/PSPolar/PSPolar.sdk/design_1_wrapper.hdf is now different from the local copy.
		 The local copy will be replaced with the source specification and your workspace will be updated.
18:21:23 INFO  : Copied contents of /home/shubham/Vivado_Exercises/PSPolar/PSPolar.sdk/design_1_wrapper.hdf into /design_1_wrapper_hw_platform_0/system.hdf.
18:21:33 INFO  : Synchronizing projects in the workspace with the hardware platform specification changes.
18:21:36 INFO  : 
18:21:36 INFO  : Updating hardware inferred compiler options for PSPolar.
18:21:36 INFO  : Clearing existing target manager status.
18:21:36 INFO  : Closing and re-opening the MSS file of ther project PSPolar_bsp
18:21:38 INFO  : Workspace synchronized with the new hardware specification file. Cleaning dependent projects...
18:21:38 WARN  : Linker script will not be updated automatically. Users need to update it manually.
18:22:04 INFO  : Disconnected from the channel tcfchan#6.
18:22:05 INFO  : Connected to target on host '127.0.0.1' and port '3121'.
18:22:05 INFO  : Jtag cable 'Digilent JTAG-SMT2NC 210308A7A26D' is selected.
18:22:05 INFO  : 'jtag frequency' command is executed.
18:22:05 INFO  : Sourcing of '/home/shubham/Xilinx2018.3/SDK/2018.3/scripts/sdk/util/zynqmp_utils.tcl' is done.
18:22:05 INFO  : Context for 'APU' is selected.
18:22:06 INFO  : System reset is completed.
18:22:09 INFO  : 'after 3000' command is executed.
18:22:09 INFO  : Context for 'APU' is selected.
18:22:09 INFO  : Cleared APU and A53 resets
18:22:09 INFO  : Context for 'RPU' is selected.
18:22:09 INFO  : Cleared RPU and R5 resets
18:22:09 INFO  : 'targets -set -filter {jtag_cable_name =~ "Digilent JTAG-SMT2NC 210308A7A26D" && level==0} -index 0' command is executed.
18:22:25 INFO  : FPGA configured successfully with bitstream "/home/shubham/Vivado_Exercises/PSPolar/PSPolar.sdk/design_1_wrapper_hw_platform_0/design_1_wrapper.bit"
18:22:25 INFO  : Context for 'APU' is selected.
18:22:25 INFO  : Hardware design information is loaded from '/home/shubham/Vivado_Exercises/PSPolar/PSPolar.sdk/design_1_wrapper_hw_platform_0/system.hdf'.
18:22:25 INFO  : 'configparams force-mem-access 1' command is executed.
18:22:25 INFO  : Context for 'APU' is selected.
18:22:25 INFO  : Sourcing of '/home/shubham/Vivado_Exercises/PSPolar/PSPolar.sdk/design_1_wrapper_hw_platform_0/psu_init.tcl' is done.
18:22:26 INFO  : 'psu_init' command is executed.
18:22:27 INFO  : 'after 1000' command is executed.
18:22:27 INFO  : 'psu_ps_pl_isolation_removal' command is executed.
18:22:28 INFO  : 'after 1000' command is executed.
18:22:28 INFO  : 'psu_ps_pl_reset_config' command is executed.
18:22:28 INFO  : 'catch {psu_protection}' command is executed.
18:22:28 INFO  : Context for processor 'psu_cortexa53_0' is selected.
18:22:28 INFO  : Processor reset is completed for 'psu_cortexa53_0'.
18:22:29 INFO  : The application '/home/shubham/Vivado_Exercises/PSPolar/PSPolar.sdk/PSPolar/Debug/PSPolar.elf' is downloaded to processor 'psu_cortexa53_0'.
18:22:29 INFO  : 'configparams force-mem-access 0' command is executed.
18:22:29 INFO  : ----------------XSDB Script----------------
connect -url tcp:127.0.0.1:3121
source /home/shubham/Xilinx2018.3/SDK/2018.3/scripts/sdk/util/zynqmp_utils.tcl
targets -set -nocase -filter {name =~"APU*" && jtag_cable_name =~ "Digilent JTAG-SMT2NC 210308A7A26D"} -index 1
rst -system
after 3000
targets -set -nocase -filter {name =~"APU*" && jtag_cable_name =~ "Digilent JTAG-SMT2NC 210308A7A26D"} -index 1
reset_apu
targets -set -nocase -filter {name =~"RPU*" && jtag_cable_name =~ "Digilent JTAG-SMT2NC 210308A7A26D"} -index 1
clear_rpu_reset
targets -set -filter {jtag_cable_name =~ "Digilent JTAG-SMT2NC 210308A7A26D" && level==0} -index 0
fpga -file /home/shubham/Vivado_Exercises/PSPolar/PSPolar.sdk/design_1_wrapper_hw_platform_0/design_1_wrapper.bit
targets -set -nocase -filter {name =~"APU*" && jtag_cable_name =~ "Digilent JTAG-SMT2NC 210308A7A26D"} -index 1
loadhw -hw /home/shubham/Vivado_Exercises/PSPolar/PSPolar.sdk/design_1_wrapper_hw_platform_0/system.hdf -mem-ranges [list {0x80000000 0xbfffffff} {0x400000000 0x5ffffffff} {0x1000000000 0x7fffffffff}]
configparams force-mem-access 1
targets -set -nocase -filter {name =~"APU*" && jtag_cable_name =~ "Digilent JTAG-SMT2NC 210308A7A26D"} -index 1
source /home/shubham/Vivado_Exercises/PSPolar/PSPolar.sdk/design_1_wrapper_hw_platform_0/psu_init.tcl
psu_init
after 1000
psu_ps_pl_isolation_removal
after 1000
psu_ps_pl_reset_config
catch {psu_protection}
targets -set -nocase -filter {name =~"*A53*0" && jtag_cable_name =~ "Digilent JTAG-SMT2NC 210308A7A26D"} -index 1
rst -processor
dow /home/shubham/Vivado_Exercises/PSPolar/PSPolar.sdk/PSPolar/Debug/PSPolar.elf
configparams force-mem-access 0
----------------End of Script----------------

18:22:29 INFO  : Context for processor 'psu_cortexa53_0' is selected.
18:22:29 INFO  : 'con' command is executed.
18:22:29 INFO  : ----------------XSDB Script (After Launch)----------------
targets -set -nocase -filter {name =~"*A53*0" && jtag_cable_name =~ "Digilent JTAG-SMT2NC 210308A7A26D"} -index 1
con
----------------End of Script----------------

18:22:29 INFO  : Launch script is exported to file '/home/shubham/Vivado_Exercises/PSPolar/PSPolar.sdk/.sdk/launch_scripts/xilinx_c-c++_application_(system_debugger)/system_debugger_using_debug_pspolar.elf_on_local.tcl'
