
*** Running vivado
    with args -log design_1_wrapper.vdi -applog -m64 -product Vivado -messageDb vivado.pb -mode batch -source design_1_wrapper.tcl -notrace


****** Vivado v2018.3 (64-bit)
  **** SW Build 2405991 on Thu Dec  6 23:36:41 MST 2018
  **** IP Build 2404404 on Fri Dec  7 01:43:56 MST 2018
    ** Copyright 1986-2018 Xilinx, Inc. All Rights Reserved.

source design_1_wrapper.tcl -notrace
INFO: [IP_Flow 19-234] Refreshing IP repositories
INFO: [IP_Flow 19-1704] No user IP repositories specified
INFO: [IP_Flow 19-2313] Loaded Vivado IP repository '/home/shubham/Xilinx2018.3/Vivado/2018.3/data/ip'.
Command: link_design -top design_1_wrapper -part xczu9eg-ffvb1156-2-e
Design is defaulting to srcset: sources_1
Design is defaulting to constrset: constrs_1
INFO: [Project 1-454] Reading design checkpoint '/home/shubham/Vivado_Exercises/temp/temp.srcs/sources_1/bd/design_1/ip/design_1_axi_gpio_0_1/design_1_axi_gpio_0_1.dcp' for cell 'design_1_i/axi_gpio_0'
INFO: [Project 1-454] Reading design checkpoint '/home/shubham/Vivado_Exercises/temp/temp.srcs/sources_1/bd/design_1/ip/design_1_axi_gpio_1_1/design_1_axi_gpio_1_1.dcp' for cell 'design_1_i/axi_gpio_1'
INFO: [Project 1-454] Reading design checkpoint '/home/shubham/Vivado_Exercises/temp/temp.srcs/sources_1/bd/design_1/ip/design_1_rst_ps8_0_99M_1/design_1_rst_ps8_0_99M_1.dcp' for cell 'design_1_i/rst_ps8_0_99M'
INFO: [Project 1-454] Reading design checkpoint '/home/shubham/Vivado_Exercises/temp/temp.srcs/sources_1/bd/design_1/ip/design_1_zynq_ultra_ps_e_0_1/design_1_zynq_ultra_ps_e_0_1.dcp' for cell 'design_1_i/zynq_ultra_ps_e_0'
INFO: [Project 1-454] Reading design checkpoint '/home/shubham/Vivado_Exercises/temp/temp.srcs/sources_1/bd/design_1/ip/design_1_xbar_1/design_1_xbar_1.dcp' for cell 'design_1_i/ps8_0_axi_periph/xbar'
INFO: [Project 1-454] Reading design checkpoint '/home/shubham/Vivado_Exercises/temp/temp.srcs/sources_1/bd/design_1/ip/design_1_auto_ds_2/design_1_auto_ds_2.dcp' for cell 'design_1_i/ps8_0_axi_periph/s00_couplers/auto_ds'
INFO: [Project 1-454] Reading design checkpoint '/home/shubham/Vivado_Exercises/temp/temp.srcs/sources_1/bd/design_1/ip/design_1_auto_pc_2/design_1_auto_pc_2.dcp' for cell 'design_1_i/ps8_0_axi_periph/s00_couplers/auto_pc'
INFO: [Project 1-454] Reading design checkpoint '/home/shubham/Vivado_Exercises/temp/temp.srcs/sources_1/bd/design_1/ip/design_1_auto_ds_3/design_1_auto_ds_3.dcp' for cell 'design_1_i/ps8_0_axi_periph/s01_couplers/auto_ds'
INFO: [Project 1-454] Reading design checkpoint '/home/shubham/Vivado_Exercises/temp/temp.srcs/sources_1/bd/design_1/ip/design_1_auto_pc_3/design_1_auto_pc_3.dcp' for cell 'design_1_i/ps8_0_axi_periph/s01_couplers/auto_pc'
INFO: [Netlist 29-17] Analyzing 43 Unisim elements for replacement
INFO: [Netlist 29-28] Unisim Transformation completed in 0 CPU seconds
INFO: [Project 1-479] Netlist was created with Vivado 2018.3
INFO: [Device 21-403] Loading part xczu9eg-ffvb1156-2-e
INFO: [Project 1-570] Preparing netlist for logic optimization
Parsing XDC File [/home/shubham/Vivado_Exercises/temp/temp.srcs/sources_1/bd/design_1/ip/design_1_zynq_ultra_ps_e_0_1/design_1_zynq_ultra_ps_e_0_1.xdc] for cell 'design_1_i/zynq_ultra_ps_e_0/inst'
Finished Parsing XDC File [/home/shubham/Vivado_Exercises/temp/temp.srcs/sources_1/bd/design_1/ip/design_1_zynq_ultra_ps_e_0_1/design_1_zynq_ultra_ps_e_0_1.xdc] for cell 'design_1_i/zynq_ultra_ps_e_0/inst'
Parsing XDC File [/home/shubham/Vivado_Exercises/temp/temp.srcs/sources_1/bd/design_1/ip/design_1_axi_gpio_0_1/design_1_axi_gpio_0_1_board.xdc] for cell 'design_1_i/axi_gpio_0/U0'
Finished Parsing XDC File [/home/shubham/Vivado_Exercises/temp/temp.srcs/sources_1/bd/design_1/ip/design_1_axi_gpio_0_1/design_1_axi_gpio_0_1_board.xdc] for cell 'design_1_i/axi_gpio_0/U0'
Parsing XDC File [/home/shubham/Vivado_Exercises/temp/temp.srcs/sources_1/bd/design_1/ip/design_1_axi_gpio_0_1/design_1_axi_gpio_0_1.xdc] for cell 'design_1_i/axi_gpio_0/U0'
Finished Parsing XDC File [/home/shubham/Vivado_Exercises/temp/temp.srcs/sources_1/bd/design_1/ip/design_1_axi_gpio_0_1/design_1_axi_gpio_0_1.xdc] for cell 'design_1_i/axi_gpio_0/U0'
Parsing XDC File [/home/shubham/Vivado_Exercises/temp/temp.srcs/sources_1/bd/design_1/ip/design_1_axi_gpio_1_1/design_1_axi_gpio_1_1_board.xdc] for cell 'design_1_i/axi_gpio_1/U0'
Finished Parsing XDC File [/home/shubham/Vivado_Exercises/temp/temp.srcs/sources_1/bd/design_1/ip/design_1_axi_gpio_1_1/design_1_axi_gpio_1_1_board.xdc] for cell 'design_1_i/axi_gpio_1/U0'
Parsing XDC File [/home/shubham/Vivado_Exercises/temp/temp.srcs/sources_1/bd/design_1/ip/design_1_axi_gpio_1_1/design_1_axi_gpio_1_1.xdc] for cell 'design_1_i/axi_gpio_1/U0'
Finished Parsing XDC File [/home/shubham/Vivado_Exercises/temp/temp.srcs/sources_1/bd/design_1/ip/design_1_axi_gpio_1_1/design_1_axi_gpio_1_1.xdc] for cell 'design_1_i/axi_gpio_1/U0'
Parsing XDC File [/home/shubham/Vivado_Exercises/temp/temp.srcs/sources_1/bd/design_1/ip/design_1_rst_ps8_0_99M_1/design_1_rst_ps8_0_99M_1_board.xdc] for cell 'design_1_i/rst_ps8_0_99M/U0'
Finished Parsing XDC File [/home/shubham/Vivado_Exercises/temp/temp.srcs/sources_1/bd/design_1/ip/design_1_rst_ps8_0_99M_1/design_1_rst_ps8_0_99M_1_board.xdc] for cell 'design_1_i/rst_ps8_0_99M/U0'
Parsing XDC File [/home/shubham/Vivado_Exercises/temp/temp.srcs/sources_1/bd/design_1/ip/design_1_rst_ps8_0_99M_1/design_1_rst_ps8_0_99M_1.xdc] for cell 'design_1_i/rst_ps8_0_99M/U0'
Finished Parsing XDC File [/home/shubham/Vivado_Exercises/temp/temp.srcs/sources_1/bd/design_1/ip/design_1_rst_ps8_0_99M_1/design_1_rst_ps8_0_99M_1.xdc] for cell 'design_1_i/rst_ps8_0_99M/U0'
Parsing XDC File [/home/shubham/Vivado_Exercises/temp/temp.srcs/sources_1/bd/design_1/ip/design_1_auto_ds_2/design_1_auto_ds_2_clocks.xdc] for cell 'design_1_i/ps8_0_axi_periph/s00_couplers/auto_ds/inst'
Finished Parsing XDC File [/home/shubham/Vivado_Exercises/temp/temp.srcs/sources_1/bd/design_1/ip/design_1_auto_ds_2/design_1_auto_ds_2_clocks.xdc] for cell 'design_1_i/ps8_0_axi_periph/s00_couplers/auto_ds/inst'
Parsing XDC File [/home/shubham/Vivado_Exercises/temp/temp.srcs/sources_1/bd/design_1/ip/design_1_auto_ds_3/design_1_auto_ds_3_clocks.xdc] for cell 'design_1_i/ps8_0_axi_periph/s01_couplers/auto_ds/inst'
Finished Parsing XDC File [/home/shubham/Vivado_Exercises/temp/temp.srcs/sources_1/bd/design_1/ip/design_1_auto_ds_3/design_1_auto_ds_3_clocks.xdc] for cell 'design_1_i/ps8_0_axi_periph/s01_couplers/auto_ds/inst'
Sourcing Tcl File [/home/shubham/Xilinx2018.3/Vivado/2018.3/data/ip/xpm/xpm_cdc/tcl/xpm_cdc_async_rst.tcl] for cell 'design_1_i/ps8_0_axi_periph/s00_couplers/auto_ds/inst/gen_downsizer.gen_simple_downsizer.axi_downsizer_inst/USE_READ.read_addr_inst/cmd_queue/inst/fifo_gen_inst/inst_fifo_gen/gconvfifo.rf/grf.rf/rstblk/ngwrdrst.grst.g7serrst.gnsckt_wrst.rst_wr_reg2_inst'
INFO: [Timing 38-35] Done setting XDC timing constraints. [/home/shubham/Xilinx2018.3/Vivado/2018.3/data/ip/xpm/xpm_cdc/tcl/xpm_cdc_async_rst.tcl:2]
Finished Sourcing Tcl File [/home/shubham/Xilinx2018.3/Vivado/2018.3/data/ip/xpm/xpm_cdc/tcl/xpm_cdc_async_rst.tcl] for cell 'design_1_i/ps8_0_axi_periph/s00_couplers/auto_ds/inst/gen_downsizer.gen_simple_downsizer.axi_downsizer_inst/USE_READ.read_addr_inst/cmd_queue/inst/fifo_gen_inst/inst_fifo_gen/gconvfifo.rf/grf.rf/rstblk/ngwrdrst.grst.g7serrst.gnsckt_wrst.rst_wr_reg2_inst'
Sourcing Tcl File [/home/shubham/Xilinx2018.3/Vivado/2018.3/data/ip/xpm/xpm_cdc/tcl/xpm_cdc_async_rst.tcl] for cell 'design_1_i/ps8_0_axi_periph/s00_couplers/auto_ds/inst/gen_downsizer.gen_simple_downsizer.axi_downsizer_inst/USE_WRITE.write_addr_inst/USE_B_CHANNEL.cmd_b_queue/inst/fifo_gen_inst/inst_fifo_gen/gconvfifo.rf/grf.rf/rstblk/ngwrdrst.grst.g7serrst.gnsckt_wrst.rst_wr_reg2_inst'
Finished Sourcing Tcl File [/home/shubham/Xilinx2018.3/Vivado/2018.3/data/ip/xpm/xpm_cdc/tcl/xpm_cdc_async_rst.tcl] for cell 'design_1_i/ps8_0_axi_periph/s00_couplers/auto_ds/inst/gen_downsizer.gen_simple_downsizer.axi_downsizer_inst/USE_WRITE.write_addr_inst/USE_B_CHANNEL.cmd_b_queue/inst/fifo_gen_inst/inst_fifo_gen/gconvfifo.rf/grf.rf/rstblk/ngwrdrst.grst.g7serrst.gnsckt_wrst.rst_wr_reg2_inst'
Sourcing Tcl File [/home/shubham/Xilinx2018.3/Vivado/2018.3/data/ip/xpm/xpm_cdc/tcl/xpm_cdc_async_rst.tcl] for cell 'design_1_i/ps8_0_axi_periph/s00_couplers/auto_ds/inst/gen_downsizer.gen_simple_downsizer.axi_downsizer_inst/USE_WRITE.write_addr_inst/cmd_queue/inst/fifo_gen_inst/inst_fifo_gen/gconvfifo.rf/grf.rf/rstblk/ngwrdrst.grst.g7serrst.gnsckt_wrst.rst_wr_reg2_inst'
Finished Sourcing Tcl File [/home/shubham/Xilinx2018.3/Vivado/2018.3/data/ip/xpm/xpm_cdc/tcl/xpm_cdc_async_rst.tcl] for cell 'design_1_i/ps8_0_axi_periph/s00_couplers/auto_ds/inst/gen_downsizer.gen_simple_downsizer.axi_downsizer_inst/USE_WRITE.write_addr_inst/cmd_queue/inst/fifo_gen_inst/inst_fifo_gen/gconvfifo.rf/grf.rf/rstblk/ngwrdrst.grst.g7serrst.gnsckt_wrst.rst_wr_reg2_inst'
Sourcing Tcl File [/home/shubham/Xilinx2018.3/Vivado/2018.3/data/ip/xpm/xpm_cdc/tcl/xpm_cdc_async_rst.tcl] for cell 'design_1_i/ps8_0_axi_periph/s01_couplers/auto_ds/inst/gen_downsizer.gen_simple_downsizer.axi_downsizer_inst/USE_READ.read_addr_inst/cmd_queue/inst/fifo_gen_inst/inst_fifo_gen/gconvfifo.rf/grf.rf/rstblk/ngwrdrst.grst.g7serrst.gnsckt_wrst.rst_wr_reg2_inst'
Finished Sourcing Tcl File [/home/shubham/Xilinx2018.3/Vivado/2018.3/data/ip/xpm/xpm_cdc/tcl/xpm_cdc_async_rst.tcl] for cell 'design_1_i/ps8_0_axi_periph/s01_couplers/auto_ds/inst/gen_downsizer.gen_simple_downsizer.axi_downsizer_inst/USE_READ.read_addr_inst/cmd_queue/inst/fifo_gen_inst/inst_fifo_gen/gconvfifo.rf/grf.rf/rstblk/ngwrdrst.grst.g7serrst.gnsckt_wrst.rst_wr_reg2_inst'
Sourcing Tcl File [/home/shubham/Xilinx2018.3/Vivado/2018.3/data/ip/xpm/xpm_cdc/tcl/xpm_cdc_async_rst.tcl] for cell 'design_1_i/ps8_0_axi_periph/s01_couplers/auto_ds/inst/gen_downsizer.gen_simple_downsizer.axi_downsizer_inst/USE_WRITE.write_addr_inst/USE_B_CHANNEL.cmd_b_queue/inst/fifo_gen_inst/inst_fifo_gen/gconvfifo.rf/grf.rf/rstblk/ngwrdrst.grst.g7serrst.gnsckt_wrst.rst_wr_reg2_inst'
Finished Sourcing Tcl File [/home/shubham/Xilinx2018.3/Vivado/2018.3/data/ip/xpm/xpm_cdc/tcl/xpm_cdc_async_rst.tcl] for cell 'design_1_i/ps8_0_axi_periph/s01_couplers/auto_ds/inst/gen_downsizer.gen_simple_downsizer.axi_downsizer_inst/USE_WRITE.write_addr_inst/USE_B_CHANNEL.cmd_b_queue/inst/fifo_gen_inst/inst_fifo_gen/gconvfifo.rf/grf.rf/rstblk/ngwrdrst.grst.g7serrst.gnsckt_wrst.rst_wr_reg2_inst'
Sourcing Tcl File [/home/shubham/Xilinx2018.3/Vivado/2018.3/data/ip/xpm/xpm_cdc/tcl/xpm_cdc_async_rst.tcl] for cell 'design_1_i/ps8_0_axi_periph/s01_couplers/auto_ds/inst/gen_downsizer.gen_simple_downsizer.axi_downsizer_inst/USE_WRITE.write_addr_inst/cmd_queue/inst/fifo_gen_inst/inst_fifo_gen/gconvfifo.rf/grf.rf/rstblk/ngwrdrst.grst.g7serrst.gnsckt_wrst.rst_wr_reg2_inst'
Finished Sourcing Tcl File [/home/shubham/Xilinx2018.3/Vivado/2018.3/data/ip/xpm/xpm_cdc/tcl/xpm_cdc_async_rst.tcl] for cell 'design_1_i/ps8_0_axi_periph/s01_couplers/auto_ds/inst/gen_downsizer.gen_simple_downsizer.axi_downsizer_inst/USE_WRITE.write_addr_inst/cmd_queue/inst/fifo_gen_inst/inst_fifo_gen/gconvfifo.rf/grf.rf/rstblk/ngwrdrst.grst.g7serrst.gnsckt_wrst.rst_wr_reg2_inst'
INFO: [Opt 31-138] Pushed 0 inverter(s) to 0 load pin(s).
Netlist sorting complete. Time (s): cpu = 00:00:00 ; elapsed = 00:00:00 . Memory (MB): peak = 2695.422 ; gain = 0.000 ; free physical = 3385 ; free virtual = 9897
INFO: [Project 1-111] Unisim Transformation Summary:
  A total of 27 instances were transformed.
  IBUF => IBUF (IBUFCTRL, INBUF): 13 instances
  RAM32M16 => RAM32M16 (RAMD32, RAMD32, RAMD32, RAMD32, RAMD32, RAMD32, RAMD32, RAMD32, RAMD32, RAMD32, RAMD32, RAMD32, RAMD32, RAMD32, RAMS32, RAMS32): 14 instances

20 Infos, 0 Warnings, 0 Critical Warnings and 0 Errors encountered.
link_design completed successfully
link_design: Time (s): cpu = 00:00:14 ; elapsed = 00:00:22 . Memory (MB): peak = 2695.422 ; gain = 1311.371 ; free physical = 3385 ; free virtual = 9897
CRITICAL WARNING: [Pfi 67-13] Hardware Handoff file design_1_zynq_ultra_ps_e_0_0.hwdef does not exist for instance design_1_i/zynq_ultra_ps_e_0/inst
Command: opt_design
Attempting to get a license for feature 'Implementation' and/or device 'xczu9eg'
INFO: [Common 17-349] Got license for feature 'Implementation' and/or device 'xczu9eg'
Running DRC as a precondition to command opt_design

Starting DRC Task
INFO: [DRC 23-27] Running DRC with 8 threads
INFO: [Project 1-461] DRC finished with 0 Errors
INFO: [Project 1-462] Please refer to the DRC report (report_drc) for more information.

Time (s): cpu = 00:00:02 ; elapsed = 00:00:02 . Memory (MB): peak = 2695.422 ; gain = 0.000 ; free physical = 3376 ; free virtual = 9888

Starting Cache Timing Information Task
INFO: [Timing 38-35] Done setting XDC timing constraints.
Ending Cache Timing Information Task | Checksum: 1ae467e9d

Time (s): cpu = 00:00:00.34 ; elapsed = 00:00:00.18 . Memory (MB): peak = 2695.422 ; gain = 0.000 ; free physical = 3358 ; free virtual = 9870

Starting Logic Optimization Task

Phase 1 Retarget
INFO: [Opt 31-138] Pushed 10 inverter(s) to 813 load pin(s).
INFO: [Opt 31-49] Retargeted 0 cell(s).
Phase 1 Retarget | Checksum: 1fc09ec9d

Time (s): cpu = 00:00:00.52 ; elapsed = 00:00:00.31 . Memory (MB): peak = 2695.422 ; gain = 0.000 ; free physical = 3301 ; free virtual = 9812
INFO: [Opt 31-389] Phase Retarget created 10 cells and removed 301 cells
INFO: [Opt 31-1021] In phase Retarget, 45 netlist objects are constrained preventing optimization. Please run opt_design with -debug_log to get more detail. 

Phase 2 Constant propagation
INFO: [Opt 31-138] Pushed 0 inverter(s) to 0 load pin(s).
Phase 2 Constant propagation | Checksum: 200c96a57

Time (s): cpu = 00:00:00.58 ; elapsed = 00:00:00.37 . Memory (MB): peak = 2695.422 ; gain = 0.000 ; free physical = 3301 ; free virtual = 9812
INFO: [Opt 31-389] Phase Constant propagation created 2 cells and removed 48 cells
INFO: [Opt 31-1021] In phase Constant propagation, 30 netlist objects are constrained preventing optimization. Please run opt_design with -debug_log to get more detail. 

Phase 3 Sweep
Phase 3 Sweep | Checksum: 1aeab9192

Time (s): cpu = 00:00:01 ; elapsed = 00:00:01 . Memory (MB): peak = 2695.422 ; gain = 0.000 ; free physical = 3300 ; free virtual = 9812
INFO: [Opt 31-389] Phase Sweep created 8 cells and removed 446 cells
INFO: [Opt 31-1021] In phase Sweep, 157 netlist objects are constrained preventing optimization. Please run opt_design with -debug_log to get more detail. 

Phase 4 BUFG optimization
Phase 4 BUFG optimization | Checksum: 1aeab9192

Time (s): cpu = 00:00:01 ; elapsed = 00:00:01 . Memory (MB): peak = 2695.422 ; gain = 0.000 ; free physical = 3300 ; free virtual = 9812
INFO: [Opt 31-662] Phase BUFG optimization created 0 cells of which 0 are BUFGs and removed 0 cells.

Phase 5 Shift Register Optimization
Phase 5 Shift Register Optimization | Checksum: 25c697936

Time (s): cpu = 00:00:02 ; elapsed = 00:00:02 . Memory (MB): peak = 2695.422 ; gain = 0.000 ; free physical = 3299 ; free virtual = 9811
INFO: [Opt 31-389] Phase Shift Register Optimization created 0 cells and removed 0 cells

Phase 6 Post Processing Netlist
Phase 6 Post Processing Netlist | Checksum: 278610ccc

Time (s): cpu = 00:00:02 ; elapsed = 00:00:02 . Memory (MB): peak = 2695.422 ; gain = 0.000 ; free physical = 3299 ; free virtual = 9811
INFO: [Opt 31-389] Phase Post Processing Netlist created 0 cells and removed 0 cells
INFO: [Opt 31-1021] In phase Post Processing Netlist, 31 netlist objects are constrained preventing optimization. Please run opt_design with -debug_log to get more detail. 
Opt_design Change Summary
=========================


-------------------------------------------------------------------------------------------------------------------------
|  Phase                        |  #Cells created  |  #Cells Removed  |  #Constrained objects preventing optimizations  |
-------------------------------------------------------------------------------------------------------------------------
|  Retarget                     |              10  |             301  |                                             45  |
|  Constant propagation         |               2  |              48  |                                             30  |
|  Sweep                        |               8  |             446  |                                            157  |
|  BUFG optimization            |               0  |               0  |                                              0  |
|  Shift Register Optimization  |               0  |               0  |                                              0  |
|  Post Processing Netlist      |               0  |               0  |                                             31  |
-------------------------------------------------------------------------------------------------------------------------



Starting Connectivity Check Task

Time (s): cpu = 00:00:00 ; elapsed = 00:00:00.01 . Memory (MB): peak = 2695.422 ; gain = 0.000 ; free physical = 3299 ; free virtual = 9811
Ending Logic Optimization Task | Checksum: 278610ccc

Time (s): cpu = 00:00:02 ; elapsed = 00:00:02 . Memory (MB): peak = 2695.422 ; gain = 0.000 ; free physical = 3299 ; free virtual = 9811

Starting Power Optimization Task
INFO: [Pwropt 34-132] Skipping clock gating for clocks with a period < 2.00 ns.
Ending Power Optimization Task | Checksum: 278610ccc

Time (s): cpu = 00:00:00.01 ; elapsed = 00:00:00.01 . Memory (MB): peak = 2695.422 ; gain = 0.000 ; free physical = 3299 ; free virtual = 9811

Starting Final Cleanup Task
Ending Final Cleanup Task | Checksum: 278610ccc

Time (s): cpu = 00:00:00 ; elapsed = 00:00:00 . Memory (MB): peak = 2695.422 ; gain = 0.000 ; free physical = 3299 ; free virtual = 9811

Starting Netlist Obfuscation Task
Netlist sorting complete. Time (s): cpu = 00:00:00 ; elapsed = 00:00:00 . Memory (MB): peak = 2695.422 ; gain = 0.000 ; free physical = 3299 ; free virtual = 9811
Ending Netlist Obfuscation Task | Checksum: 278610ccc

Time (s): cpu = 00:00:00 ; elapsed = 00:00:00 . Memory (MB): peak = 2695.422 ; gain = 0.000 ; free physical = 3299 ; free virtual = 9811
INFO: [Common 17-83] Releasing license: Implementation
40 Infos, 0 Warnings, 1 Critical Warnings and 0 Errors encountered.
opt_design completed successfully
Netlist sorting complete. Time (s): cpu = 00:00:00 ; elapsed = 00:00:00 . Memory (MB): peak = 2695.422 ; gain = 0.000 ; free physical = 3299 ; free virtual = 9811
INFO: [Timing 38-480] Writing timing data to binary archive.
Writing placer database...
Writing XDEF routing.
Writing XDEF routing logical nets.
Writing XDEF routing special nets.
Write XDEF Complete: Time (s): cpu = 00:00:00.08 ; elapsed = 00:00:00.02 . Memory (MB): peak = 2695.422 ; gain = 0.000 ; free physical = 3294 ; free virtual = 9810
Netlist sorting complete. Time (s): cpu = 00:00:00 ; elapsed = 00:00:00 . Memory (MB): peak = 2695.422 ; gain = 0.000 ; free physical = 3293 ; free virtual = 9809
INFO: [Common 17-1381] The checkpoint '/home/shubham/Vivado_Exercises/temp/temp.runs/impl_1/design_1_wrapper_opt.dcp' has been generated.
INFO: [runtcl-4] Executing : report_drc -file design_1_wrapper_drc_opted.rpt -pb design_1_wrapper_drc_opted.pb -rpx design_1_wrapper_drc_opted.rpx
Command: report_drc -file design_1_wrapper_drc_opted.rpt -pb design_1_wrapper_drc_opted.pb -rpx design_1_wrapper_drc_opted.rpx
INFO: [IP_Flow 19-1839] IP Catalog is up to date.
INFO: [DRC 23-27] Running DRC with 8 threads
INFO: [Coretcl 2-168] The results of DRC are in file /home/shubham/Vivado_Exercises/temp/temp.runs/impl_1/design_1_wrapper_drc_opted.rpt.
report_drc completed successfully
Command: place_design
Attempting to get a license for feature 'Implementation' and/or device 'xczu9eg'
INFO: [Common 17-349] Got license for feature 'Implementation' and/or device 'xczu9eg'
INFO: [DRC 23-27] Running DRC with 8 threads
INFO: [Vivado_Tcl 4-198] DRC finished with 0 Errors
INFO: [Vivado_Tcl 4-199] Please refer to the DRC report (report_drc) for more information.
Running DRC as a precondition to command place_design
INFO: [DRC 23-27] Running DRC with 8 threads
INFO: [Vivado_Tcl 4-198] DRC finished with 0 Errors
INFO: [Vivado_Tcl 4-199] Please refer to the DRC report (report_drc) for more information.

Starting Placer Task
INFO: [Place 30-611] Multithreading enabled for place_design using a maximum of 8 CPUs

Phase 1 Placer Initialization

Phase 1.1 Placer Initialization Netlist Sorting
Netlist sorting complete. Time (s): cpu = 00:00:00 ; elapsed = 00:00:00 . Memory (MB): peak = 2764.410 ; gain = 0.000 ; free physical = 3256 ; free virtual = 9770
Phase 1.1 Placer Initialization Netlist Sorting | Checksum: 1e1ad8ff3

Time (s): cpu = 00:00:00 ; elapsed = 00:00:00.03 . Memory (MB): peak = 2764.410 ; gain = 0.000 ; free physical = 3256 ; free virtual = 9770
Netlist sorting complete. Time (s): cpu = 00:00:00 ; elapsed = 00:00:00.01 . Memory (MB): peak = 2764.410 ; gain = 0.000 ; free physical = 3257 ; free virtual = 9771

Phase 1.2 IO Placement/ Clock Placement/ Build Placer Device
INFO: [Timing 38-35] Done setting XDC timing constraints.
Phase 1.2 IO Placement/ Clock Placement/ Build Placer Device | Checksum: 11e1ce341

Time (s): cpu = 00:00:27 ; elapsed = 00:00:39 . Memory (MB): peak = 3871.832 ; gain = 1107.422 ; free physical = 2369 ; free virtual = 8884

Phase 1.3 Build Placer Netlist Model
Phase 1.3 Build Placer Netlist Model | Checksum: 21bf0f5d8

Time (s): cpu = 00:00:30 ; elapsed = 00:00:42 . Memory (MB): peak = 3910.875 ; gain = 1146.465 ; free physical = 2329 ; free virtual = 8843

Phase 1.4 Constrain Clocks/Macros
Phase 1.4 Constrain Clocks/Macros | Checksum: 21bf0f5d8

Time (s): cpu = 00:00:30 ; elapsed = 00:00:42 . Memory (MB): peak = 3910.875 ; gain = 1146.465 ; free physical = 2329 ; free virtual = 8843
Phase 1 Placer Initialization | Checksum: 21bf0f5d8

Time (s): cpu = 00:00:30 ; elapsed = 00:00:42 . Memory (MB): peak = 3910.875 ; gain = 1146.465 ; free physical = 2329 ; free virtual = 8843

Phase 2 Global Placement

Phase 2.1 Floorplanning
Phase 2.1 Floorplanning | Checksum: 20e361f3d

Time (s): cpu = 00:00:33 ; elapsed = 00:00:43 . Memory (MB): peak = 3910.875 ; gain = 1146.465 ; free physical = 2246 ; free virtual = 8761

Phase 2.2 Physical Synthesis In Placer
INFO: [Physopt 32-65] No nets found for high-fanout optimization.
INFO: [Physopt 32-232] Optimized 0 net. Created 0 new instance.
INFO: [Physopt 32-775] End 1 Pass. Optimized 0 net or cell. Created 0 new cell, deleted 0 existing cell and moved 0 existing cell
INFO: [Physopt 32-670] No setup violation found.  DSP Register Optimization was not performed.
INFO: [Physopt 32-670] No setup violation found.  Shift Register Optimization was not performed.
INFO: [Physopt 32-670] No setup violation found.  BRAM Register Optimization was not performed.
INFO: [Physopt 32-949] No candidate nets found for HD net replication
INFO: [Physopt 32-775] End 1 Pass. Optimized 0 net or cell. Created 0 new cell, deleted 0 existing cell and moved 0 existing cell
Netlist sorting complete. Time (s): cpu = 00:00:00 ; elapsed = 00:00:00 . Memory (MB): peak = 3918.879 ; gain = 0.000 ; free physical = 2230 ; free virtual = 8744

Summary of Physical Synthesis Optimizations
============================================


----------------------------------------------------------------------------------------------------------------------------------------
|  Optimization                  |  Added Cells  |  Removed Cells  |  Optimized Cells/Nets  |  Dont Touch  |  Iterations  |  Elapsed   |
----------------------------------------------------------------------------------------------------------------------------------------
|  Very High Fanout              |            0  |              0  |                     0  |           0  |           1  |  00:00:00  |
|  DSP Register                  |            0  |              0  |                     0  |           0  |           0  |  00:00:00  |
|  Shift Register                |            0  |              0  |                     0  |           0  |           0  |  00:00:00  |
|  BRAM Register                 |            0  |              0  |                     0  |           0  |           0  |  00:00:00  |
|  HD Interface Net Replication  |            0  |              0  |                     0  |           0  |           1  |  00:00:00  |
|  Total                         |            0  |              0  |                     0  |           0  |           2  |  00:00:00  |
----------------------------------------------------------------------------------------------------------------------------------------


Phase 2.2 Physical Synthesis In Placer | Checksum: 12bbca56d

Time (s): cpu = 00:00:47 ; elapsed = 00:00:46 . Memory (MB): peak = 3918.879 ; gain = 1154.469 ; free physical = 2231 ; free virtual = 8745
Phase 2 Global Placement | Checksum: 185fcb2bf

Time (s): cpu = 00:00:50 ; elapsed = 00:00:47 . Memory (MB): peak = 3918.879 ; gain = 1154.469 ; free physical = 2227 ; free virtual = 8742

Phase 3 Detail Placement

Phase 3.1 Commit Multi Column Macros
Phase 3.1 Commit Multi Column Macros | Checksum: 185fcb2bf

Time (s): cpu = 00:00:50 ; elapsed = 00:00:47 . Memory (MB): peak = 3918.879 ; gain = 1154.469 ; free physical = 2227 ; free virtual = 8742

Phase 3.2 Commit Most Macros & LUTRAMs
Phase 3.2 Commit Most Macros & LUTRAMs | Checksum: 1ff23e9a9

Time (s): cpu = 00:00:51 ; elapsed = 00:00:47 . Memory (MB): peak = 3918.879 ; gain = 1154.469 ; free physical = 2224 ; free virtual = 8738

Phase 3.3 Area Swap Optimization
Phase 3.3 Area Swap Optimization | Checksum: 1fae5d65f

Time (s): cpu = 00:00:51 ; elapsed = 00:00:47 . Memory (MB): peak = 3918.879 ; gain = 1154.469 ; free physical = 2223 ; free virtual = 8738

Phase 3.4 Small Shape Clustering
Phase 3.4 Small Shape Clustering | Checksum: 25b9ac028

Time (s): cpu = 00:00:51 ; elapsed = 00:00:47 . Memory (MB): peak = 3918.879 ; gain = 1154.469 ; free physical = 2212 ; free virtual = 8726

Phase 3.5 Flow Legalize Slice Clusters
Phase 3.5 Flow Legalize Slice Clusters | Checksum: 217f45241

Time (s): cpu = 00:00:52 ; elapsed = 00:00:47 . Memory (MB): peak = 3918.879 ; gain = 1154.469 ; free physical = 2212 ; free virtual = 8727

Phase 3.6 Slice Area Swap
Phase 3.6 Slice Area Swap | Checksum: 1c370a593

Time (s): cpu = 00:00:52 ; elapsed = 00:00:48 . Memory (MB): peak = 3918.879 ; gain = 1154.469 ; free physical = 2191 ; free virtual = 8705

Phase 3.7 Commit Slice Clusters
Phase 3.7 Commit Slice Clusters | Checksum: 2147fdc57

Time (s): cpu = 00:00:53 ; elapsed = 00:00:48 . Memory (MB): peak = 3918.879 ; gain = 1154.469 ; free physical = 2212 ; free virtual = 8726

Phase 3.8 Re-assign LUT pins
Phase 3.8 Re-assign LUT pins | Checksum: 12c26811a

Time (s): cpu = 00:00:54 ; elapsed = 00:00:48 . Memory (MB): peak = 3918.879 ; gain = 1154.469 ; free physical = 2211 ; free virtual = 8725

Phase 3.9 Pipeline Register Optimization
Phase 3.9 Pipeline Register Optimization | Checksum: 16a86abba

Time (s): cpu = 00:00:54 ; elapsed = 00:00:48 . Memory (MB): peak = 3918.879 ; gain = 1154.469 ; free physical = 2211 ; free virtual = 8725
Phase 3 Detail Placement | Checksum: 16a86abba

Time (s): cpu = 00:00:54 ; elapsed = 00:00:48 . Memory (MB): peak = 3918.879 ; gain = 1154.469 ; free physical = 2211 ; free virtual = 8725

Phase 4 Post Placement Optimization and Clean-Up

Phase 4.1 Post Commit Optimization
INFO: [Timing 38-35] Done setting XDC timing constraints.

Phase 4.1.1 Post Placement Optimization
Post Placement Optimization Initialization | Checksum: a14241eb

Phase 4.1.1.1 BUFG Insertion
INFO: [Place 46-46] BUFG insertion identified 0 candidate nets, 0 success, 0 bufg driver replicated, 0 skipped for placement/routing, 0 skipped for timing, 0 skipped for netlist change reason
Phase 4.1.1.1 BUFG Insertion | Checksum: a14241eb

Time (s): cpu = 00:00:56 ; elapsed = 00:00:49 . Memory (MB): peak = 3918.879 ; gain = 1154.469 ; free physical = 2212 ; free virtual = 8727
INFO: [Place 30-746] Post Placement Timing Summary WNS=4.423. For the most accurate timing information please run report_timing.
Phase 4.1.1 Post Placement Optimization | Checksum: 93991cea

Time (s): cpu = 00:00:56 ; elapsed = 00:00:49 . Memory (MB): peak = 3918.879 ; gain = 1154.469 ; free physical = 2212 ; free virtual = 8727
Phase 4.1 Post Commit Optimization | Checksum: 93991cea

Time (s): cpu = 00:00:56 ; elapsed = 00:00:49 . Memory (MB): peak = 3918.879 ; gain = 1154.469 ; free physical = 2212 ; free virtual = 8727

Phase 4.2 Post Placement Cleanup
Phase 4.2 Post Placement Cleanup | Checksum: 93991cea

Time (s): cpu = 00:00:56 ; elapsed = 00:00:49 . Memory (MB): peak = 3918.879 ; gain = 1154.469 ; free physical = 2224 ; free virtual = 8738
Netlist sorting complete. Time (s): cpu = 00:00:00 ; elapsed = 00:00:00 . Memory (MB): peak = 3918.879 ; gain = 0.000 ; free physical = 2206 ; free virtual = 8720

Phase 4.3 Placer Reporting
Phase 4.3 Placer Reporting | Checksum: df2acff5

Time (s): cpu = 00:01:01 ; elapsed = 00:00:54 . Memory (MB): peak = 3918.879 ; gain = 1154.469 ; free physical = 2206 ; free virtual = 8720

Phase 4.4 Final Placement Cleanup
Netlist sorting complete. Time (s): cpu = 00:00:00 ; elapsed = 00:00:00 . Memory (MB): peak = 3918.879 ; gain = 0.000 ; free physical = 2206 ; free virtual = 8720
Phase 4.4 Final Placement Cleanup | Checksum: 177f5a41f

Time (s): cpu = 00:01:01 ; elapsed = 00:00:54 . Memory (MB): peak = 3918.879 ; gain = 1154.469 ; free physical = 2206 ; free virtual = 8720
Phase 4 Post Placement Optimization and Clean-Up | Checksum: 177f5a41f

Time (s): cpu = 00:01:01 ; elapsed = 00:00:54 . Memory (MB): peak = 3918.879 ; gain = 1154.469 ; free physical = 2206 ; free virtual = 8720
Ending Placer Task | Checksum: fc4a8e21

Time (s): cpu = 00:01:01 ; elapsed = 00:00:54 . Memory (MB): peak = 3918.879 ; gain = 1154.469 ; free physical = 2284 ; free virtual = 8798
INFO: [Common 17-83] Releasing license: Implementation
67 Infos, 0 Warnings, 1 Critical Warnings and 0 Errors encountered.
place_design completed successfully
place_design: Time (s): cpu = 00:01:04 ; elapsed = 00:00:56 . Memory (MB): peak = 3918.879 ; gain = 1154.469 ; free physical = 2284 ; free virtual = 8798
Netlist sorting complete. Time (s): cpu = 00:00:00 ; elapsed = 00:00:00.01 . Memory (MB): peak = 3918.879 ; gain = 0.000 ; free physical = 2284 ; free virtual = 8798
INFO: [Timing 38-480] Writing timing data to binary archive.
Writing placer database...
Netlist sorting complete. Time (s): cpu = 00:00:00 ; elapsed = 00:00:00 . Memory (MB): peak = 3918.879 ; gain = 0.000 ; free physical = 2278 ; free virtual = 8795
Writing XDEF routing.
Writing XDEF routing logical nets.
Writing XDEF routing special nets.
Write XDEF Complete: Time (s): cpu = 00:00:00.71 ; elapsed = 00:00:00.23 . Memory (MB): peak = 3918.879 ; gain = 0.000 ; free physical = 2269 ; free virtual = 8795
INFO: [Common 17-1381] The checkpoint '/home/shubham/Vivado_Exercises/temp/temp.runs/impl_1/design_1_wrapper_placed.dcp' has been generated.
INFO: [runtcl-4] Executing : report_io -file design_1_wrapper_io_placed.rpt
report_io: Time (s): cpu = 00:00:00.15 ; elapsed = 00:00:00.19 . Memory (MB): peak = 3918.879 ; gain = 0.000 ; free physical = 2252 ; free virtual = 8771
INFO: [runtcl-4] Executing : report_utilization -file design_1_wrapper_utilization_placed.rpt -pb design_1_wrapper_utilization_placed.pb
INFO: [runtcl-4] Executing : report_control_sets -verbose -file design_1_wrapper_control_sets_placed.rpt
report_control_sets: Time (s): cpu = 00:00:00.04 ; elapsed = 00:00:00.09 . Memory (MB): peak = 3918.879 ; gain = 0.000 ; free physical = 2279 ; free virtual = 8797
Command: route_design
Attempting to get a license for feature 'Implementation' and/or device 'xczu9eg'
INFO: [Common 17-349] Got license for feature 'Implementation' and/or device 'xczu9eg'
Running DRC as a precondition to command route_design
INFO: [DRC 23-27] Running DRC with 8 threads
INFO: [Vivado_Tcl 4-198] DRC finished with 0 Errors
INFO: [Vivado_Tcl 4-199] Please refer to the DRC report (report_drc) for more information.


Starting Routing Task
INFO: [Route 35-254] Multithreading enabled for route_design using a maximum of 8 CPUs
Checksum: PlaceDB: 9fa3043 ConstDB: 0 ShapeSum: a6beaad3 RouteDB: 4b91b30b

Phase 1 Build RT Design
Phase 1 Build RT Design | Checksum: 11d843f17

Time (s): cpu = 00:00:45 ; elapsed = 00:00:36 . Memory (MB): peak = 4116.320 ; gain = 197.441 ; free physical = 2005 ; free virtual = 8524
Post Restoration Checksum: NetGraph: af55e817 NumContArr: 7d1abd44 Constraints: 9673e92f Timing: 0

Phase 2 Router Initialization

Phase 2.1 Create Timer
Phase 2.1 Create Timer | Checksum: 1c2e48e8a

Time (s): cpu = 00:00:45 ; elapsed = 00:00:36 . Memory (MB): peak = 4129.652 ; gain = 210.773 ; free physical = 1977 ; free virtual = 8496

Phase 2.2 Fix Topology Constraints
Phase 2.2 Fix Topology Constraints | Checksum: 1c2e48e8a

Time (s): cpu = 00:00:45 ; elapsed = 00:00:36 . Memory (MB): peak = 4179.699 ; gain = 260.820 ; free physical = 1944 ; free virtual = 8463

Phase 2.3 Pre Route Cleanup
Phase 2.3 Pre Route Cleanup | Checksum: 1c2e48e8a

Time (s): cpu = 00:00:45 ; elapsed = 00:00:36 . Memory (MB): peak = 4179.699 ; gain = 260.820 ; free physical = 1944 ; free virtual = 8463

Phase 2.4 Global Clock Net Routing
 Number of Nodes with overlaps = 0
Phase 2.4 Global Clock Net Routing | Checksum: a59130d5

Time (s): cpu = 00:00:46 ; elapsed = 00:00:37 . Memory (MB): peak = 4219.027 ; gain = 300.148 ; free physical = 1923 ; free virtual = 8442

Phase 2.5 Update Timing
Phase 2.5 Update Timing | Checksum: c50877cb

Time (s): cpu = 00:00:48 ; elapsed = 00:00:38 . Memory (MB): peak = 4219.027 ; gain = 300.148 ; free physical = 1932 ; free virtual = 8451
INFO: [Route 35-416] Intermediate Timing Summary | WNS=4.582  | TNS=0.000  | WHS=-0.046 | THS=-3.581 |

Phase 2 Router Initialization | Checksum: 18f085be5

Time (s): cpu = 00:00:50 ; elapsed = 00:00:38 . Memory (MB): peak = 4219.027 ; gain = 300.148 ; free physical = 1933 ; free virtual = 8452

Phase 3 Initial Routing
Phase 3 Initial Routing | Checksum: 264fb7b01

Time (s): cpu = 00:00:57 ; elapsed = 00:00:41 . Memory (MB): peak = 4219.027 ; gain = 300.148 ; free physical = 1928 ; free virtual = 8446

Phase 4 Rip-up And Reroute

Phase 4.1 Global Iteration 0
 Number of Nodes with overlaps = 1175
 Number of Nodes with overlaps = 98
 Number of Nodes with overlaps = 1
 Number of Nodes with overlaps = 0
INFO: [Route 35-416] Intermediate Timing Summary | WNS=3.178  | TNS=0.000  | WHS=0.007  | THS=0.000  |

Phase 4.1 Global Iteration 0 | Checksum: 2c25b9efe

Time (s): cpu = 00:01:06 ; elapsed = 00:00:44 . Memory (MB): peak = 4219.027 ; gain = 300.148 ; free physical = 1928 ; free virtual = 8447

Phase 4.2 Additional Iteration for Hold
Phase 4.2 Additional Iteration for Hold | Checksum: 2190a4f30

Time (s): cpu = 00:01:06 ; elapsed = 00:00:44 . Memory (MB): peak = 4219.027 ; gain = 300.148 ; free physical = 1928 ; free virtual = 8446
Phase 4 Rip-up And Reroute | Checksum: 2190a4f30

Time (s): cpu = 00:01:06 ; elapsed = 00:00:44 . Memory (MB): peak = 4219.027 ; gain = 300.148 ; free physical = 1928 ; free virtual = 8446

Phase 5 Delay and Skew Optimization

Phase 5.1 Delay CleanUp
Phase 5.1 Delay CleanUp | Checksum: 1f3d81234

Time (s): cpu = 00:01:06 ; elapsed = 00:00:44 . Memory (MB): peak = 4219.027 ; gain = 300.148 ; free physical = 1932 ; free virtual = 8450

Phase 5.2 Clock Skew Optimization
Phase 5.2 Clock Skew Optimization | Checksum: 1f3d81234

Time (s): cpu = 00:01:06 ; elapsed = 00:00:44 . Memory (MB): peak = 4219.027 ; gain = 300.148 ; free physical = 1932 ; free virtual = 8450
Phase 5 Delay and Skew Optimization | Checksum: 1f3d81234

Time (s): cpu = 00:01:06 ; elapsed = 00:00:44 . Memory (MB): peak = 4219.027 ; gain = 300.148 ; free physical = 1932 ; free virtual = 8450

Phase 6 Post Hold Fix

Phase 6.1 Hold Fix Iter

Phase 6.1.1 Update Timing
Phase 6.1.1 Update Timing | Checksum: 2b3a35a35

Time (s): cpu = 00:01:07 ; elapsed = 00:00:44 . Memory (MB): peak = 4219.027 ; gain = 300.148 ; free physical = 1934 ; free virtual = 8452
INFO: [Route 35-416] Intermediate Timing Summary | WNS=3.178  | TNS=0.000  | WHS=0.007  | THS=0.000  |

Phase 6.1 Hold Fix Iter | Checksum: 237d880da

Time (s): cpu = 00:01:07 ; elapsed = 00:00:44 . Memory (MB): peak = 4219.027 ; gain = 300.148 ; free physical = 1934 ; free virtual = 8452
Phase 6 Post Hold Fix | Checksum: 237d880da

Time (s): cpu = 00:01:07 ; elapsed = 00:00:44 . Memory (MB): peak = 4219.027 ; gain = 300.148 ; free physical = 1934 ; free virtual = 8452

Phase 7 Route finalize

Router Utilization Summary
  Global Vertical Routing Utilization    = 0.778978 %
  Global Horizontal Routing Utilization  = 0.359197 %
  Routable Net Status*
  *Does not include unroutable nets such as driverless and loadless.
  Run report_route_status for detailed report.
  Number of Failed Nets               = 0
  Number of Unrouted Nets             = 0
  Number of Partially Routed Nets     = 0
  Number of Node Overlaps             = 0

Phase 7 Route finalize | Checksum: 2a6d615f8

Time (s): cpu = 00:01:08 ; elapsed = 00:00:44 . Memory (MB): peak = 4219.027 ; gain = 300.148 ; free physical = 1930 ; free virtual = 8448

Phase 8 Verifying routed nets

 Verification completed successfully
Phase 8 Verifying routed nets | Checksum: 2a6d615f8

Time (s): cpu = 00:01:08 ; elapsed = 00:00:45 . Memory (MB): peak = 4219.027 ; gain = 300.148 ; free physical = 1930 ; free virtual = 8448

Phase 9 Depositing Routes
Phase 9 Depositing Routes | Checksum: 2a6d615f8

Time (s): cpu = 00:01:08 ; elapsed = 00:00:45 . Memory (MB): peak = 4219.027 ; gain = 300.148 ; free physical = 1929 ; free virtual = 8448

Phase 10 Post Router Timing
INFO: [Route 35-57] Estimated Timing Summary | WNS=3.178  | TNS=0.000  | WHS=0.007  | THS=0.000  |

INFO: [Route 35-327] The final timing numbers are based on the router estimated timing analysis. For a complete and accurate timing signoff, please run report_timing_summary.
Phase 10 Post Router Timing | Checksum: 2a6d615f8

Time (s): cpu = 00:01:08 ; elapsed = 00:00:45 . Memory (MB): peak = 4219.027 ; gain = 300.148 ; free physical = 1933 ; free virtual = 8451
INFO: [Route 35-16] Router Completed Successfully

Time (s): cpu = 00:01:08 ; elapsed = 00:00:45 . Memory (MB): peak = 4219.027 ; gain = 300.148 ; free physical = 2007 ; free virtual = 8525

Routing Is Done.
INFO: [Common 17-83] Releasing license: Implementation
84 Infos, 0 Warnings, 1 Critical Warnings and 0 Errors encountered.
route_design completed successfully
route_design: Time (s): cpu = 00:01:11 ; elapsed = 00:00:47 . Memory (MB): peak = 4219.027 ; gain = 300.148 ; free physical = 2007 ; free virtual = 8525
Netlist sorting complete. Time (s): cpu = 00:00:00 ; elapsed = 00:00:00 . Memory (MB): peak = 4219.027 ; gain = 0.000 ; free physical = 2007 ; free virtual = 8525
INFO: [Timing 38-480] Writing timing data to binary archive.
Writing placer database...
Netlist sorting complete. Time (s): cpu = 00:00:00.01 ; elapsed = 00:00:00.01 . Memory (MB): peak = 4219.027 ; gain = 0.000 ; free physical = 2002 ; free virtual = 8524
Writing XDEF routing.
Writing XDEF routing logical nets.
Writing XDEF routing special nets.
Write XDEF Complete: Time (s): cpu = 00:00:00.72 ; elapsed = 00:00:00.23 . Memory (MB): peak = 4219.027 ; gain = 0.000 ; free physical = 1989 ; free virtual = 8522
INFO: [Common 17-1381] The checkpoint '/home/shubham/Vivado_Exercises/temp/temp.runs/impl_1/design_1_wrapper_routed.dcp' has been generated.
INFO: [runtcl-4] Executing : report_drc -file design_1_wrapper_drc_routed.rpt -pb design_1_wrapper_drc_routed.pb -rpx design_1_wrapper_drc_routed.rpx
Command: report_drc -file design_1_wrapper_drc_routed.rpt -pb design_1_wrapper_drc_routed.pb -rpx design_1_wrapper_drc_routed.rpx
INFO: [IP_Flow 19-1839] IP Catalog is up to date.
INFO: [DRC 23-27] Running DRC with 8 threads
INFO: [Coretcl 2-168] The results of DRC are in file /home/shubham/Vivado_Exercises/temp/temp.runs/impl_1/design_1_wrapper_drc_routed.rpt.
report_drc completed successfully
INFO: [runtcl-4] Executing : report_methodology -file design_1_wrapper_methodology_drc_routed.rpt -pb design_1_wrapper_methodology_drc_routed.pb -rpx design_1_wrapper_methodology_drc_routed.rpx
Command: report_methodology -file design_1_wrapper_methodology_drc_routed.rpt -pb design_1_wrapper_methodology_drc_routed.pb -rpx design_1_wrapper_methodology_drc_routed.rpx
INFO: [Timing 38-35] Done setting XDC timing constraints.
INFO: [DRC 23-133] Running Methodology with 8 threads
INFO: [Coretcl 2-1520] The results of Report Methodology are in file /home/shubham/Vivado_Exercises/temp/temp.runs/impl_1/design_1_wrapper_methodology_drc_routed.rpt.
report_methodology completed successfully
INFO: [runtcl-4] Executing : report_power -file design_1_wrapper_power_routed.rpt -pb design_1_wrapper_power_summary_routed.pb -rpx design_1_wrapper_power_routed.rpx
Command: report_power -file design_1_wrapper_power_routed.rpt -pb design_1_wrapper_power_summary_routed.pb -rpx design_1_wrapper_power_routed.rpx
INFO: [Timing 38-35] Done setting XDC timing constraints.
Running Vector-less Activity Propagation...

Finished Running Vector-less Activity Propagation
96 Infos, 0 Warnings, 1 Critical Warnings and 0 Errors encountered.
report_power completed successfully
INFO: [runtcl-4] Executing : report_route_status -file design_1_wrapper_route_status.rpt -pb design_1_wrapper_route_status.pb
INFO: [runtcl-4] Executing : report_timing_summary -max_paths 10 -file design_1_wrapper_timing_summary_routed.rpt -pb design_1_wrapper_timing_summary_routed.pb -rpx design_1_wrapper_timing_summary_routed.rpx -warn_on_violation 
INFO: [Timing 38-91] UpdateTimingParams: Speed grade: -2, Temperature grade: E, Delay Type: min_max.
INFO: [Timing 38-191] Multithreading enabled for timing update using a maximum of 8 CPUs
INFO: [runtcl-4] Executing : report_incremental_reuse -file design_1_wrapper_incremental_reuse_routed.rpt
INFO: [Vivado_Tcl 4-1062] Incremental flow is disabled. No incremental reuse Info to report.
INFO: [runtcl-4] Executing : report_clock_utilization -file design_1_wrapper_clock_utilization_routed.rpt
INFO: [runtcl-4] Executing : report_bus_skew -warn_on_violation -file design_1_wrapper_bus_skew_routed.rpt -pb design_1_wrapper_bus_skew_routed.pb -rpx design_1_wrapper_bus_skew_routed.rpx
INFO: [Timing 38-91] UpdateTimingParams: Speed grade: -2, Temperature grade: E, Delay Type: min_max.
INFO: [Timing 38-191] Multithreading enabled for timing update using a maximum of 8 CPUs
INFO: [Common 17-206] Exiting Vivado at Tue Jan  7 16:08:00 2020...

*** Running vivado
    with args -log design_1_wrapper.vdi -applog -m64 -product Vivado -messageDb vivado.pb -mode batch -source design_1_wrapper.tcl -notrace


****** Vivado v2018.3 (64-bit)
  **** SW Build 2405991 on Thu Dec  6 23:36:41 MST 2018
  **** IP Build 2404404 on Fri Dec  7 01:43:56 MST 2018
    ** Copyright 1986-2018 Xilinx, Inc. All Rights Reserved.

source design_1_wrapper.tcl -notrace
Command: open_checkpoint design_1_wrapper_routed.dcp

Starting open_checkpoint Task

Time (s): cpu = 00:00:00.03 ; elapsed = 00:00:00.05 . Memory (MB): peak = 1338.488 ; gain = 0.000 ; free physical = 4322 ; free virtual = 10863
INFO: [Netlist 29-17] Analyzing 43 Unisim elements for replacement
INFO: [Netlist 29-28] Unisim Transformation completed in 0 CPU seconds
INFO: [Project 1-479] Netlist was created with Vivado 2018.3
INFO: [Device 21-403] Loading part xczu9eg-ffvb1156-2-e
INFO: [Project 1-570] Preparing netlist for logic optimization
INFO: [Timing 38-478] Restoring timing data from binary archive.
INFO: [Timing 38-479] Binary timing data restore complete.
INFO: [Project 1-856] Restoring constraints from binary archive.
INFO: [Project 1-853] Binary constraint restore complete.
Reading XDEF placement.
Reading placer database...
Reading XDEF routing.
Read XDEF File: Time (s): cpu = 00:00:00.84 ; elapsed = 00:00:00.88 . Memory (MB): peak = 2434.770 ; gain = 13.000 ; free physical = 3210 ; free virtual = 9753
Restored from archive | CPU: 0.880000 secs | Memory: 7.427658 MB |
Finished XDEF File Restore: Time (s): cpu = 00:00:00.84 ; elapsed = 00:00:00.88 . Memory (MB): peak = 2434.770 ; gain = 13.000 ; free physical = 3210 ; free virtual = 9753
Netlist sorting complete. Time (s): cpu = 00:00:00 ; elapsed = 00:00:00 . Memory (MB): peak = 2434.770 ; gain = 0.000 ; free physical = 3212 ; free virtual = 9754
INFO: [Project 1-111] Unisim Transformation Summary:
  A total of 27 instances were transformed.
  IBUF => IBUF (IBUFCTRL, INBUF): 13 instances
  RAM32M16 => RAM32M16 (RAMD32, RAMD32, RAMD32, RAMD32, RAMD32, RAMD32, RAMD32, RAMD32, RAMD32, RAMD32, RAMD32, RAMD32, RAMD32, RAMD32, RAMS32, RAMS32): 14 instances

INFO: [Project 1-604] Checkpoint was created with Vivado v2018.3 (64-bit) build 2405991
open_checkpoint: Time (s): cpu = 00:00:14 ; elapsed = 00:00:23 . Memory (MB): peak = 2434.770 ; gain = 1096.281 ; free physical = 3211 ; free virtual = 9754
Command: write_bitstream -force design_1_wrapper.bit
Attempting to get a license for feature 'Implementation' and/or device 'xczu9eg'
INFO: [Common 17-349] Got license for feature 'Implementation' and/or device 'xczu9eg'
Running DRC as a precondition to command write_bitstream
INFO: [IP_Flow 19-234] Refreshing IP repositories
INFO: [IP_Flow 19-1704] No user IP repositories specified
INFO: [IP_Flow 19-2313] Loaded Vivado IP repository '/home/shubham/Xilinx2018.3/Vivado/2018.3/data/ip'.
INFO: [DRC 23-27] Running DRC with 8 threads
WARNING: [DRC RTSTAT-10] No routable loads: 30 net(s) have no routable loads. The problem bus(es) and/or net(s) are design_1_i/ps8_0_axi_periph/s00_couplers/auto_ds/inst/gen_downsizer.gen_simple_downsizer.axi_downsizer_inst/USE_WRITE.write_addr_inst/USE_B_CHANNEL.cmd_b_queue/inst/fifo_gen_inst/inst_fifo_gen/gconvfifo.rf/grf.rf/gntv_or_sync_fifo.gl0.rd/gr1.gr1_int.rfwft/aempty_fwft_i, design_1_i/ps8_0_axi_periph/s01_couplers/auto_ds/inst/gen_downsizer.gen_simple_downsizer.axi_downsizer_inst/USE_READ.read_addr_inst/cmd_queue/inst/fifo_gen_inst/inst_fifo_gen/gconvfifo.rf/grf.rf/gntv_or_sync_fifo.gl0.rd/gr1.gr1_int.rfwft/aempty_fwft_i, design_1_i/ps8_0_axi_periph/s00_couplers/auto_ds/inst/gen_downsizer.gen_simple_downsizer.axi_downsizer_inst/USE_WRITE.write_addr_inst/cmd_queue/inst/fifo_gen_inst/inst_fifo_gen/gconvfifo.rf/grf.rf/gntv_or_sync_fifo.gl0.rd/gr1.gr1_int.rfwft/aempty_fwft_i, design_1_i/ps8_0_axi_periph/s01_couplers/auto_ds/inst/gen_downsizer.gen_simple_downsizer.axi_downsizer_inst/USE_WRITE.write_addr_inst/cmd_queue/inst/fifo_gen_inst/inst_fifo_gen/gconvfifo.rf/grf.rf/gntv_or_sync_fifo.gl0.rd/gr1.gr1_int.rfwft/aempty_fwft_i, design_1_i/ps8_0_axi_periph/s00_couplers/auto_ds/inst/gen_downsizer.gen_simple_downsizer.axi_downsizer_inst/USE_READ.read_addr_inst/cmd_queue/inst/fifo_gen_inst/inst_fifo_gen/gconvfifo.rf/grf.rf/gntv_or_sync_fifo.gl0.rd/gr1.gr1_int.rfwft/aempty_fwft_i, design_1_i/ps8_0_axi_periph/s01_couplers/auto_ds/inst/gen_downsizer.gen_simple_downsizer.axi_downsizer_inst/USE_WRITE.write_addr_inst/USE_B_CHANNEL.cmd_b_queue/inst/fifo_gen_inst/inst_fifo_gen/gconvfifo.rf/grf.rf/gntv_or_sync_fifo.gl0.rd/gr1.gr1_int.rfwft/aempty_fwft_i, design_1_i/ps8_0_axi_periph/s01_couplers/auto_ds/inst/gen_downsizer.gen_simple_downsizer.axi_downsizer_inst/USE_READ.read_addr_inst/cmd_queue/inst/fifo_gen_inst/inst_fifo_gen/gconvfifo.rf/grf.rf/gntv_or_sync_fifo.gl0.wr/gwss.wsts/ram_afull_fb, design_1_i/ps8_0_axi_periph/s00_couplers/auto_ds/inst/gen_downsizer.gen_simple_downsizer.axi_downsizer_inst/USE_WRITE.write_addr_inst/USE_B_CHANNEL.cmd_b_queue/inst/fifo_gen_inst/inst_fifo_gen/gconvfifo.rf/grf.rf/gntv_or_sync_fifo.gl0.wr/gwss.wsts/ram_afull_fb, design_1_i/ps8_0_axi_periph/s01_couplers/auto_ds/inst/gen_downsizer.gen_simple_downsizer.axi_downsizer_inst/USE_WRITE.write_addr_inst/cmd_queue/inst/fifo_gen_inst/inst_fifo_gen/gconvfifo.rf/grf.rf/gntv_or_sync_fifo.gl0.wr/gwss.wsts/ram_afull_fb, design_1_i/ps8_0_axi_periph/s00_couplers/auto_ds/inst/gen_downsizer.gen_simple_downsizer.axi_downsizer_inst/USE_WRITE.write_addr_inst/cmd_queue/inst/fifo_gen_inst/inst_fifo_gen/gconvfifo.rf/grf.rf/gntv_or_sync_fifo.gl0.wr/gwss.wsts/ram_afull_fb, design_1_i/ps8_0_axi_periph/s01_couplers/auto_ds/inst/gen_downsizer.gen_simple_downsizer.axi_downsizer_inst/USE_WRITE.write_addr_inst/USE_B_CHANNEL.cmd_b_queue/inst/fifo_gen_inst/inst_fifo_gen/gconvfifo.rf/grf.rf/gntv_or_sync_fifo.gl0.wr/gwss.wsts/ram_afull_fb, design_1_i/ps8_0_axi_periph/s00_couplers/auto_ds/inst/gen_downsizer.gen_simple_downsizer.axi_downsizer_inst/USE_READ.read_addr_inst/cmd_queue/inst/fifo_gen_inst/inst_fifo_gen/gconvfifo.rf/grf.rf/gntv_or_sync_fifo.gl0.wr/gwss.wsts/ram_afull_fb, design_1_i/ps8_0_axi_periph/s01_couplers/auto_ds/inst/gen_downsizer.gen_simple_downsizer.axi_downsizer_inst/USE_READ.read_addr_inst/cmd_queue/inst/fifo_gen_inst/inst_fifo_gen/gconvfifo.rf/grf.rf/gntv_or_sync_fifo.gl0.wr/gwss.wsts/ram_afull_i, design_1_i/ps8_0_axi_periph/s01_couplers/auto_ds/inst/gen_downsizer.gen_simple_downsizer.axi_downsizer_inst/USE_WRITE.write_addr_inst/cmd_queue/inst/fifo_gen_inst/inst_fifo_gen/gconvfifo.rf/grf.rf/gntv_or_sync_fifo.gl0.wr/gwss.wsts/ram_afull_i, design_1_i/ps8_0_axi_periph/s01_couplers/auto_ds/inst/gen_downsizer.gen_simple_downsizer.axi_downsizer_inst/USE_WRITE.write_addr_inst/USE_B_CHANNEL.cmd_b_queue/inst/fifo_gen_inst/inst_fifo_gen/gconvfifo.rf/grf.rf/gntv_or_sync_fifo.gl0.wr/gwss.wsts/ram_afull_i... and (the first 15 of 30 listed).
INFO: [Vivado 12-3199] DRC finished with 0 Errors, 1 Warnings
INFO: [Vivado 12-3200] Please refer to the DRC report (report_drc) for more information.
INFO: [Designutils 20-2272] Running write_bitstream with 8 threads.
Loading data files...
Loading site data...
Loading route data...
Processing options...
Creating bitmap...
Creating bitstream...
Writing bitstream ./design_1_wrapper.bit...
INFO: [Vivado 12-1842] Bitgen Completed Successfully.
INFO: [Project 1-118] WebTalk data collection is enabled (User setting is ON. Install Setting is ON.).
INFO: [Common 17-186] '/home/shubham/Vivado_Exercises/temp/temp.runs/impl_1/usage_statistics_webtalk.xml' has been successfully sent to Xilinx on Tue Jan  7 16:10:20 2020. For additional details about this file, please refer to the WebTalk help file at /home/shubham/Xilinx2018.3/Vivado/2018.3/doc/webtalk_introduction.html.
INFO: [Common 17-83] Releasing license: Implementation
23 Infos, 1 Warnings, 0 Critical Warnings and 0 Errors encountered.
write_bitstream completed successfully
write_bitstream: Time (s): cpu = 00:00:20 ; elapsed = 00:01:08 . Memory (MB): peak = 2922.043 ; gain = 487.273 ; free physical = 3110 ; free virtual = 9672
INFO: [Common 17-206] Exiting Vivado at Tue Jan  7 16:10:20 2020...

*** Running vivado
    with args -log design_1_wrapper.vdi -applog -m64 -product Vivado -messageDb vivado.pb -mode batch -source design_1_wrapper.tcl -notrace


****** Vivado v2018.3 (64-bit)
  **** SW Build 2405991 on Thu Dec  6 23:36:41 MST 2018
  **** IP Build 2404404 on Fri Dec  7 01:43:56 MST 2018
    ** Copyright 1986-2018 Xilinx, Inc. All Rights Reserved.

source design_1_wrapper.tcl -notrace
Command: open_checkpoint design_1_wrapper_routed.dcp

Starting open_checkpoint Task

Time (s): cpu = 00:00:00.03 ; elapsed = 00:00:00.06 . Memory (MB): peak = 1338.496 ; gain = 0.000 ; free physical = 5046 ; free virtual = 11661
INFO: [Netlist 29-17] Analyzing 43 Unisim elements for replacement
INFO: [Netlist 29-28] Unisim Transformation completed in 0 CPU seconds
INFO: [Project 1-479] Netlist was created with Vivado 2018.3
INFO: [Device 21-403] Loading part xczu9eg-ffvb1156-2-e
INFO: [Project 1-570] Preparing netlist for logic optimization
INFO: [Timing 38-478] Restoring timing data from binary archive.
INFO: [Timing 38-479] Binary timing data restore complete.
INFO: [Project 1-856] Restoring constraints from binary archive.
INFO: [Project 1-853] Binary constraint restore complete.
Reading XDEF placement.
Reading placer database...
Reading XDEF routing.
Read XDEF File: Time (s): cpu = 00:00:00.84 ; elapsed = 00:00:00.89 . Memory (MB): peak = 2434.777 ; gain = 13.000 ; free physical = 3993 ; free virtual = 10607
Restored from archive | CPU: 0.890000 secs | Memory: 7.427658 MB |
Finished XDEF File Restore: Time (s): cpu = 00:00:00.85 ; elapsed = 00:00:00.89 . Memory (MB): peak = 2434.777 ; gain = 13.000 ; free physical = 3993 ; free virtual = 10607
Netlist sorting complete. Time (s): cpu = 00:00:00 ; elapsed = 00:00:00 . Memory (MB): peak = 2434.777 ; gain = 0.000 ; free physical = 3994 ; free virtual = 10608
INFO: [Project 1-111] Unisim Transformation Summary:
  A total of 27 instances were transformed.
  IBUF => IBUF (IBUFCTRL, INBUF): 13 instances
  RAM32M16 => RAM32M16 (RAMD32, RAMD32, RAMD32, RAMD32, RAMD32, RAMD32, RAMD32, RAMD32, RAMD32, RAMD32, RAMD32, RAMD32, RAMD32, RAMD32, RAMS32, RAMS32): 14 instances

INFO: [Project 1-604] Checkpoint was created with Vivado v2018.3 (64-bit) build 2405991
open_checkpoint: Time (s): cpu = 00:00:14 ; elapsed = 00:00:23 . Memory (MB): peak = 2434.777 ; gain = 1096.281 ; free physical = 3993 ; free virtual = 10608
Command: write_bitstream -force design_1_wrapper.bit
Attempting to get a license for feature 'Implementation' and/or device 'xczu9eg'
INFO: [Common 17-349] Got license for feature 'Implementation' and/or device 'xczu9eg'
Running DRC as a precondition to command write_bitstream
INFO: [IP_Flow 19-234] Refreshing IP repositories
INFO: [IP_Flow 19-1704] No user IP repositories specified
INFO: [IP_Flow 19-2313] Loaded Vivado IP repository '/home/shubham/Xilinx2018.3/Vivado/2018.3/data/ip'.
INFO: [DRC 23-27] Running DRC with 8 threads
WARNING: [DRC RTSTAT-10] No routable loads: 30 net(s) have no routable loads. The problem bus(es) and/or net(s) are design_1_i/ps8_0_axi_periph/s00_couplers/auto_ds/inst/gen_downsizer.gen_simple_downsizer.axi_downsizer_inst/USE_WRITE.write_addr_inst/USE_B_CHANNEL.cmd_b_queue/inst/fifo_gen_inst/inst_fifo_gen/gconvfifo.rf/grf.rf/gntv_or_sync_fifo.gl0.rd/gr1.gr1_int.rfwft/aempty_fwft_i, design_1_i/ps8_0_axi_periph/s01_couplers/auto_ds/inst/gen_downsizer.gen_simple_downsizer.axi_downsizer_inst/USE_READ.read_addr_inst/cmd_queue/inst/fifo_gen_inst/inst_fifo_gen/gconvfifo.rf/grf.rf/gntv_or_sync_fifo.gl0.rd/gr1.gr1_int.rfwft/aempty_fwft_i, design_1_i/ps8_0_axi_periph/s00_couplers/auto_ds/inst/gen_downsizer.gen_simple_downsizer.axi_downsizer_inst/USE_WRITE.write_addr_inst/cmd_queue/inst/fifo_gen_inst/inst_fifo_gen/gconvfifo.rf/grf.rf/gntv_or_sync_fifo.gl0.rd/gr1.gr1_int.rfwft/aempty_fwft_i, design_1_i/ps8_0_axi_periph/s01_couplers/auto_ds/inst/gen_downsizer.gen_simple_downsizer.axi_downsizer_inst/USE_WRITE.write_addr_inst/cmd_queue/inst/fifo_gen_inst/inst_fifo_gen/gconvfifo.rf/grf.rf/gntv_or_sync_fifo.gl0.rd/gr1.gr1_int.rfwft/aempty_fwft_i, design_1_i/ps8_0_axi_periph/s00_couplers/auto_ds/inst/gen_downsizer.gen_simple_downsizer.axi_downsizer_inst/USE_READ.read_addr_inst/cmd_queue/inst/fifo_gen_inst/inst_fifo_gen/gconvfifo.rf/grf.rf/gntv_or_sync_fifo.gl0.rd/gr1.gr1_int.rfwft/aempty_fwft_i, design_1_i/ps8_0_axi_periph/s01_couplers/auto_ds/inst/gen_downsizer.gen_simple_downsizer.axi_downsizer_inst/USE_WRITE.write_addr_inst/USE_B_CHANNEL.cmd_b_queue/inst/fifo_gen_inst/inst_fifo_gen/gconvfifo.rf/grf.rf/gntv_or_sync_fifo.gl0.rd/gr1.gr1_int.rfwft/aempty_fwft_i, design_1_i/ps8_0_axi_periph/s01_couplers/auto_ds/inst/gen_downsizer.gen_simple_downsizer.axi_downsizer_inst/USE_READ.read_addr_inst/cmd_queue/inst/fifo_gen_inst/inst_fifo_gen/gconvfifo.rf/grf.rf/gntv_or_sync_fifo.gl0.wr/gwss.wsts/ram_afull_fb, design_1_i/ps8_0_axi_periph/s00_couplers/auto_ds/inst/gen_downsizer.gen_simple_downsizer.axi_downsizer_inst/USE_WRITE.write_addr_inst/USE_B_CHANNEL.cmd_b_queue/inst/fifo_gen_inst/inst_fifo_gen/gconvfifo.rf/grf.rf/gntv_or_sync_fifo.gl0.wr/gwss.wsts/ram_afull_fb, design_1_i/ps8_0_axi_periph/s01_couplers/auto_ds/inst/gen_downsizer.gen_simple_downsizer.axi_downsizer_inst/USE_WRITE.write_addr_inst/cmd_queue/inst/fifo_gen_inst/inst_fifo_gen/gconvfifo.rf/grf.rf/gntv_or_sync_fifo.gl0.wr/gwss.wsts/ram_afull_fb, design_1_i/ps8_0_axi_periph/s00_couplers/auto_ds/inst/gen_downsizer.gen_simple_downsizer.axi_downsizer_inst/USE_WRITE.write_addr_inst/cmd_queue/inst/fifo_gen_inst/inst_fifo_gen/gconvfifo.rf/grf.rf/gntv_or_sync_fifo.gl0.wr/gwss.wsts/ram_afull_fb, design_1_i/ps8_0_axi_periph/s01_couplers/auto_ds/inst/gen_downsizer.gen_simple_downsizer.axi_downsizer_inst/USE_WRITE.write_addr_inst/USE_B_CHANNEL.cmd_b_queue/inst/fifo_gen_inst/inst_fifo_gen/gconvfifo.rf/grf.rf/gntv_or_sync_fifo.gl0.wr/gwss.wsts/ram_afull_fb, design_1_i/ps8_0_axi_periph/s00_couplers/auto_ds/inst/gen_downsizer.gen_simple_downsizer.axi_downsizer_inst/USE_READ.read_addr_inst/cmd_queue/inst/fifo_gen_inst/inst_fifo_gen/gconvfifo.rf/grf.rf/gntv_or_sync_fifo.gl0.wr/gwss.wsts/ram_afull_fb, design_1_i/ps8_0_axi_periph/s01_couplers/auto_ds/inst/gen_downsizer.gen_simple_downsizer.axi_downsizer_inst/USE_READ.read_addr_inst/cmd_queue/inst/fifo_gen_inst/inst_fifo_gen/gconvfifo.rf/grf.rf/gntv_or_sync_fifo.gl0.wr/gwss.wsts/ram_afull_i, design_1_i/ps8_0_axi_periph/s01_couplers/auto_ds/inst/gen_downsizer.gen_simple_downsizer.axi_downsizer_inst/USE_WRITE.write_addr_inst/cmd_queue/inst/fifo_gen_inst/inst_fifo_gen/gconvfifo.rf/grf.rf/gntv_or_sync_fifo.gl0.wr/gwss.wsts/ram_afull_i, design_1_i/ps8_0_axi_periph/s01_couplers/auto_ds/inst/gen_downsizer.gen_simple_downsizer.axi_downsizer_inst/USE_WRITE.write_addr_inst/USE_B_CHANNEL.cmd_b_queue/inst/fifo_gen_inst/inst_fifo_gen/gconvfifo.rf/grf.rf/gntv_or_sync_fifo.gl0.wr/gwss.wsts/ram_afull_i... and (the first 15 of 30 listed).
INFO: [Vivado 12-3199] DRC finished with 0 Errors, 1 Warnings
INFO: [Vivado 12-3200] Please refer to the DRC report (report_drc) for more information.
INFO: [Designutils 20-2272] Running write_bitstream with 8 threads.
Loading data files...
Loading site data...
Loading route data...
Processing options...
Creating bitmap...
Creating bitstream...
Writing bitstream ./design_1_wrapper.bit...
INFO: [Vivado 12-1842] Bitgen Completed Successfully.
INFO: [Project 1-118] WebTalk data collection is enabled (User setting is ON. Install Setting is ON.).
INFO: [Common 17-186] '/home/shubham/Vivado_Exercises/temp/temp.runs/impl_1/usage_statistics_webtalk.xml' has been successfully sent to Xilinx on Tue Jan  7 16:25:07 2020. For additional details about this file, please refer to the WebTalk help file at /home/shubham/Xilinx2018.3/Vivado/2018.3/doc/webtalk_introduction.html.
INFO: [Common 17-83] Releasing license: Implementation
23 Infos, 1 Warnings, 0 Critical Warnings and 0 Errors encountered.
write_bitstream completed successfully
write_bitstream: Time (s): cpu = 00:00:19 ; elapsed = 00:00:59 . Memory (MB): peak = 2921.629 ; gain = 486.852 ; free physical = 3832 ; free virtual = 10498
INFO: [Common 17-206] Exiting Vivado at Tue Jan  7 16:25:07 2020...
