20:02:13 INFO  : Registering command handlers for SDK TCF services
20:02:14 INFO  : Launching XSCT server: xsct -n -interactive /home/shubham/Vivado_Exercises/Custom2/Custom2.sdk/temp_xsdb_launch_script.tcl
20:02:16 INFO  : XSCT server has started successfully.
20:02:16 INFO  : Successfully done setting XSCT server connection channel  
20:02:16 INFO  : Successfully done setting SDK workspace  
20:02:16 INFO  : Processing command line option -hwspec /home/shubham/Vivado_Exercises/Custom2/Custom2.sdk/design_1_wrapper.hdf.
20:33:28 INFO  : Connected to target on host '127.0.0.1' and port '3121'.
20:33:29 INFO  : Jtag cable 'Digilent JTAG-SMT2NC 210308A7A5CC' is selected.
20:33:29 INFO  : 'jtag frequency' command is executed.
20:33:29 INFO  : Sourcing of '/home/shubham/Xilinx2018.3/SDK/2018.3/scripts/sdk/util/zynqmp_utils.tcl' is done.
20:33:29 INFO  : Context for 'APU' is selected.
20:33:29 INFO  : Hardware design information is loaded from '/home/shubham/Vivado_Exercises/Custom2/Custom2.sdk/design_1_wrapper_hw_platform_0/system.hdf'.
20:33:29 INFO  : 'configparams force-mem-access 1' command is executed.
20:33:29 INFO  : Context for 'APU' is selected.
20:33:29 INFO  : Sourcing of '/home/shubham/Vivado_Exercises/Custom2/Custom2.sdk/design_1_wrapper_hw_platform_0/psu_init.tcl' is done.
20:33:29 INFO  : 'psu_init' command is executed.
20:33:30 INFO  : 'after 1000' command is executed.
20:33:30 INFO  : 'psu_ps_pl_isolation_removal' command is executed.
20:33:31 INFO  : 'after 1000' command is executed.
20:33:31 INFO  : 'psu_ps_pl_reset_config' command is executed.
20:33:31 INFO  : 'catch {psu_protection}' command is executed.
20:33:31 INFO  : Context for processor 'psu_cortexa53_0' is selected.
20:33:31 INFO  : Processor reset is completed for 'psu_cortexa53_0'.
20:33:32 INFO  : The application '/home/shubham/Vivado_Exercises/Custom2/Custom2.sdk/custon/Debug/custon.elf' is downloaded to processor 'psu_cortexa53_0'.
20:33:32 INFO  : 'configparams force-mem-access 0' command is executed.
20:33:32 INFO  : ----------------XSDB Script----------------
connect -url tcp:127.0.0.1:3121
source /home/shubham/Xilinx2018.3/SDK/2018.3/scripts/sdk/util/zynqmp_utils.tcl
targets -set -nocase -filter {name =~"APU*" && jtag_cable_name =~ "Digilent JTAG-SMT2NC 210308A7A5CC"} -index 1
loadhw -hw /home/shubham/Vivado_Exercises/Custom2/Custom2.sdk/design_1_wrapper_hw_platform_0/system.hdf -mem-ranges [list {0x80000000 0xbfffffff} {0x400000000 0x5ffffffff} {0x1000000000 0x7fffffffff}]
configparams force-mem-access 1
targets -set -nocase -filter {name =~"APU*" && jtag_cable_name =~ "Digilent JTAG-SMT2NC 210308A7A5CC"} -index 1
source /home/shubham/Vivado_Exercises/Custom2/Custom2.sdk/design_1_wrapper_hw_platform_0/psu_init.tcl
psu_init
after 1000
psu_ps_pl_isolation_removal
after 1000
psu_ps_pl_reset_config
catch {psu_protection}
targets -set -nocase -filter {name =~"*A53*0" && jtag_cable_name =~ "Digilent JTAG-SMT2NC 210308A7A5CC"} -index 1
rst -processor
dow /home/shubham/Vivado_Exercises/Custom2/Custom2.sdk/custon/Debug/custon.elf
configparams force-mem-access 0
----------------End of Script----------------

20:33:32 INFO  : Context for processor 'psu_cortexa53_0' is selected.
20:33:32 INFO  : 'con' command is executed.
20:33:32 INFO  : ----------------XSDB Script (After Launch)----------------
targets -set -nocase -filter {name =~"*A53*0" && jtag_cable_name =~ "Digilent JTAG-SMT2NC 210308A7A5CC"} -index 1
con
----------------End of Script----------------

20:33:32 INFO  : Launch script is exported to file '/home/shubham/Vivado_Exercises/Custom2/Custom2.sdk/.sdk/launch_scripts/xilinx_c-c++_application_(system_debugger)/system_debugger_using_debug_custon.elf_on_local.tcl'
20:36:25 INFO  : Connected to target on host '127.0.0.1' and port '3121'.
20:36:25 INFO  : 'targets -set -filter {jtag_cable_name =~ "Digilent JTAG-SMT2NC 210308A7A5CC" && level==0} -index 0' command is executed.
20:36:40 INFO  : FPGA configured successfully with bitstream "/home/shubham/Vivado_Exercises/Custom2/Custom2.sdk/design_1_wrapper_hw_platform_0/design_1_wrapper.bit"
20:36:49 INFO  : Disconnected from the channel tcfchan#1.
20:36:50 INFO  : Connected to target on host '127.0.0.1' and port '3121'.
20:36:53 INFO  : Jtag cable 'Digilent JTAG-SMT2NC 210308A7A5CC' is selected.
20:36:53 INFO  : 'jtag frequency' command is executed.
20:36:53 INFO  : Sourcing of '/home/shubham/Xilinx2018.3/SDK/2018.3/scripts/sdk/util/zynqmp_utils.tcl' is done.
20:36:53 INFO  : Context for 'APU' is selected.
20:36:53 INFO  : Hardware design information is loaded from '/home/shubham/Vivado_Exercises/Custom2/Custom2.sdk/design_1_wrapper_hw_platform_0/system.hdf'.
20:36:53 INFO  : 'configparams force-mem-access 1' command is executed.
20:36:53 INFO  : Context for 'APU' is selected.
20:36:53 INFO  : Sourcing of '/home/shubham/Vivado_Exercises/Custom2/Custom2.sdk/design_1_wrapper_hw_platform_0/psu_init.tcl' is done.
20:36:53 INFO  : 'psu_init' command is executed.
20:36:54 INFO  : 'after 1000' command is executed.
20:36:54 INFO  : 'psu_ps_pl_isolation_removal' command is executed.
20:36:55 INFO  : 'after 1000' command is executed.
20:36:55 INFO  : 'psu_ps_pl_reset_config' command is executed.
20:36:56 INFO  : 'catch {psu_protection}' command is executed.
20:36:56 INFO  : Context for processor 'psu_cortexa53_0' is selected.
20:36:56 INFO  : Processor reset is completed for 'psu_cortexa53_0'.
20:36:56 INFO  : The application '/home/shubham/Vivado_Exercises/Custom2/Custom2.sdk/custon/Debug/custon.elf' is downloaded to processor 'psu_cortexa53_0'.
20:36:56 INFO  : 'configparams force-mem-access 0' command is executed.
20:36:56 INFO  : ----------------XSDB Script----------------
connect -url tcp:127.0.0.1:3121
source /home/shubham/Xilinx2018.3/SDK/2018.3/scripts/sdk/util/zynqmp_utils.tcl
targets -set -nocase -filter {name =~"APU*" && jtag_cable_name =~ "Digilent JTAG-SMT2NC 210308A7A5CC"} -index 1
loadhw -hw /home/shubham/Vivado_Exercises/Custom2/Custom2.sdk/design_1_wrapper_hw_platform_0/system.hdf -mem-ranges [list {0x80000000 0xbfffffff} {0x400000000 0x5ffffffff} {0x1000000000 0x7fffffffff}]
configparams force-mem-access 1
targets -set -nocase -filter {name =~"APU*" && jtag_cable_name =~ "Digilent JTAG-SMT2NC 210308A7A5CC"} -index 1
source /home/shubham/Vivado_Exercises/Custom2/Custom2.sdk/design_1_wrapper_hw_platform_0/psu_init.tcl
psu_init
after 1000
psu_ps_pl_isolation_removal
after 1000
psu_ps_pl_reset_config
catch {psu_protection}
targets -set -nocase -filter {name =~"*A53*0" && jtag_cable_name =~ "Digilent JTAG-SMT2NC 210308A7A5CC"} -index 1
rst -processor
dow /home/shubham/Vivado_Exercises/Custom2/Custom2.sdk/custon/Debug/custon.elf
configparams force-mem-access 0
----------------End of Script----------------

20:36:56 INFO  : Context for processor 'psu_cortexa53_0' is selected.
20:36:56 INFO  : 'con' command is executed.
20:36:56 INFO  : ----------------XSDB Script (After Launch)----------------
targets -set -nocase -filter {name =~"*A53*0" && jtag_cable_name =~ "Digilent JTAG-SMT2NC 210308A7A5CC"} -index 1
con
----------------End of Script----------------

20:36:56 INFO  : Launch script is exported to file '/home/shubham/Vivado_Exercises/Custom2/Custom2.sdk/.sdk/launch_scripts/xilinx_c-c++_application_(system_debugger)/system_debugger_using_debug_custon.elf_on_local.tcl'
20:38:16 INFO  : Disconnected from the channel tcfchan#2.
20:38:17 INFO  : Connected to target on host '127.0.0.1' and port '3121'.
20:38:20 INFO  : Jtag cable 'Digilent JTAG-SMT2NC 210308A7A5CC' is selected.
20:38:20 INFO  : 'jtag frequency' command is executed.
20:38:20 INFO  : Sourcing of '/home/shubham/Xilinx2018.3/SDK/2018.3/scripts/sdk/util/zynqmp_utils.tcl' is done.
20:38:20 INFO  : Context for 'APU' is selected.
20:38:20 INFO  : Hardware design information is loaded from '/home/shubham/Vivado_Exercises/Custom2/Custom2.sdk/design_1_wrapper_hw_platform_0/system.hdf'.
20:38:20 INFO  : 'configparams force-mem-access 1' command is executed.
20:38:20 INFO  : Context for 'APU' is selected.
20:38:20 INFO  : Sourcing of '/home/shubham/Vivado_Exercises/Custom2/Custom2.sdk/design_1_wrapper_hw_platform_0/psu_init.tcl' is done.
20:38:21 INFO  : 'psu_init' command is executed.
20:38:22 INFO  : 'after 1000' command is executed.
20:38:22 INFO  : 'psu_ps_pl_isolation_removal' command is executed.
20:38:23 INFO  : 'after 1000' command is executed.
20:38:23 INFO  : 'psu_ps_pl_reset_config' command is executed.
20:38:23 INFO  : 'catch {psu_protection}' command is executed.
20:38:23 INFO  : Context for processor 'psu_cortexa53_0' is selected.
20:38:23 INFO  : Processor reset is completed for 'psu_cortexa53_0'.
20:38:23 INFO  : The application '/home/shubham/Vivado_Exercises/Custom2/Custom2.sdk/custon/Debug/custon.elf' is downloaded to processor 'psu_cortexa53_0'.
20:38:23 INFO  : 'configparams force-mem-access 0' command is executed.
20:38:23 INFO  : ----------------XSDB Script----------------
connect -url tcp:127.0.0.1:3121
source /home/shubham/Xilinx2018.3/SDK/2018.3/scripts/sdk/util/zynqmp_utils.tcl
targets -set -nocase -filter {name =~"APU*" && jtag_cable_name =~ "Digilent JTAG-SMT2NC 210308A7A5CC"} -index 1
loadhw -hw /home/shubham/Vivado_Exercises/Custom2/Custom2.sdk/design_1_wrapper_hw_platform_0/system.hdf -mem-ranges [list {0x80000000 0xbfffffff} {0x400000000 0x5ffffffff} {0x1000000000 0x7fffffffff}]
configparams force-mem-access 1
targets -set -nocase -filter {name =~"APU*" && jtag_cable_name =~ "Digilent JTAG-SMT2NC 210308A7A5CC"} -index 1
source /home/shubham/Vivado_Exercises/Custom2/Custom2.sdk/design_1_wrapper_hw_platform_0/psu_init.tcl
psu_init
after 1000
psu_ps_pl_isolation_removal
after 1000
psu_ps_pl_reset_config
catch {psu_protection}
targets -set -nocase -filter {name =~"*A53*0" && jtag_cable_name =~ "Digilent JTAG-SMT2NC 210308A7A5CC"} -index 1
rst -processor
dow /home/shubham/Vivado_Exercises/Custom2/Custom2.sdk/custon/Debug/custon.elf
configparams force-mem-access 0
----------------End of Script----------------

20:38:23 INFO  : Context for processor 'psu_cortexa53_0' is selected.
20:38:23 INFO  : 'con' command is executed.
20:38:23 INFO  : ----------------XSDB Script (After Launch)----------------
targets -set -nocase -filter {name =~"*A53*0" && jtag_cable_name =~ "Digilent JTAG-SMT2NC 210308A7A5CC"} -index 1
con
----------------End of Script----------------

20:38:23 INFO  : Launch script is exported to file '/home/shubham/Vivado_Exercises/Custom2/Custom2.sdk/.sdk/launch_scripts/xilinx_c-c++_application_(system_debugger)/system_debugger_using_debug_custon.elf_on_local.tcl'
20:38:34 INFO  : Connected to target on host '127.0.0.1' and port '3121'.
20:38:35 INFO  : 'targets -set -filter {jtag_cable_name =~ "Digilent JTAG-SMT2NC 210308A7A5CC" && level==0} -index 0' command is executed.
20:38:50 INFO  : FPGA configured successfully with bitstream "/home/shubham/Vivado_Exercises/Custom2/Custom2.sdk/design_1_wrapper_hw_platform_0/design_1_wrapper.bit"
