Copyright 1986-2018 Xilinx, Inc. All Rights Reserved.
-----------------------------------------------------------------------------------------------------------------------------
| Tool Version : Vivado v.2018.3 (lin64) Build 2405991 Thu Dec  6 23:36:41 MST 2018
| Date         : Tue Mar  3 11:52:52 2020
| Host         : shubham-HP-Desktop-Pro-G1-MT running 64-bit Ubuntu 18.04.1 LTS
| Command      : report_utilization -file design_1_wrapper_utilization_placed.rpt -pb design_1_wrapper_utilization_placed.pb
| Design       : design_1_wrapper
| Device       : xczu9egffvb1156-2
| Design State : Fully Placed
-----------------------------------------------------------------------------------------------------------------------------

Utilization Design Information

Table of Contents
-----------------
1. CLB Logic
1.1 Summary of Registers by Type
2. CLB Logic Distribution
3. BLOCKRAM
4. ARITHMETIC
5. I/O
6. CLOCK
7. ADVANCED
8. CONFIGURATION
9. Primitives
10. Black Boxes
11. Instantiated Netlists

1. CLB Logic
------------

+----------------------------+-------+-------+-----------+-------+
|          Site Type         |  Used | Fixed | Available | Util% |
+----------------------------+-------+-------+-----------+-------+
| CLB LUTs                   | 54210 |     0 |    274080 | 19.78 |
|   LUT as Logic             | 42877 |     0 |    274080 | 15.64 |
|   LUT as Memory            | 11333 |     0 |    144000 |  7.87 |
|     LUT as Distributed RAM |  9625 |     0 |           |       |
|     LUT as Shift Register  |  1708 |     0 |           |       |
| CLB Registers              | 39038 |     0 |    548160 |  7.12 |
|   Register as Flip Flop    | 39038 |     0 |    548160 |  7.12 |
|   Register as Latch        |     0 |     0 |    548160 |  0.00 |
| CARRY8                     |   690 |     0 |     34260 |  2.01 |
| F7 Muxes                   |  4007 |     0 |    137040 |  2.92 |
| F8 Muxes                   |   339 |     0 |     68520 |  0.49 |
| F9 Muxes                   |     0 |     0 |     34260 |  0.00 |
+----------------------------+-------+-------+-----------+-------+


1.1 Summary of Registers by Type
--------------------------------

+-------+--------------+-------------+--------------+
| Total | Clock Enable | Synchronous | Asynchronous |
+-------+--------------+-------------+--------------+
| 0     |            _ |           - |            - |
| 0     |            _ |           - |          Set |
| 0     |            _ |           - |        Reset |
| 0     |            _ |         Set |            - |
| 0     |            _ |       Reset |            - |
| 0     |          Yes |           - |            - |
| 73    |          Yes |           - |          Set |
| 246   |          Yes |           - |        Reset |
| 2220  |          Yes |         Set |            - |
| 36499 |          Yes |       Reset |            - |
+-------+--------------+-------------+--------------+


2. CLB Logic Distribution
-------------------------

+--------------------------------------------+-------+-------+-----------+-------+
|                  Site Type                 |  Used | Fixed | Available | Util% |
+--------------------------------------------+-------+-------+-----------+-------+
| CLB                                        |  9878 |     0 |     34260 | 28.83 |
|   CLBL                                     |  4393 |     0 |           |       |
|   CLBM                                     |  5485 |     0 |           |       |
| LUT as Logic                               | 42877 |     0 |    274080 | 15.64 |
|   using O5 output only                     |   354 |       |           |       |
|   using O6 output only                     | 35409 |       |           |       |
|   using O5 and O6                          |  7114 |       |           |       |
| LUT as Memory                              | 11333 |     0 |    144000 |  7.87 |
|   LUT as Distributed RAM                   |  9625 |     0 |           |       |
|     using O5 output only                   |     0 |       |           |       |
|     using O6 output only                   |  7681 |       |           |       |
|     using O5 and O6                        |  1944 |       |           |       |
|   LUT as Shift Register                    |  1708 |     0 |           |       |
|     using O5 output only                   |     0 |       |           |       |
|     using O6 output only                   |   337 |       |           |       |
|     using O5 and O6                        |  1371 |       |           |       |
| CLB Registers                              | 39038 |     0 |    548160 |  7.12 |
|   Register driven from within the CLB      | 25760 |       |           |       |
|   Register driven from outside the CLB     | 13278 |       |           |       |
|     LUT in front of the register is unused |  8398 |       |           |       |
|     LUT in front of the register is used   |  4880 |       |           |       |
| Unique Control Sets                        |  1506 |       |     68520 |  2.20 |
+--------------------------------------------+-------+-------+-----------+-------+
* Note: Available Control Sets calculated as CLB Registers / 8, Review the Control Sets Report for more information regarding control sets.


3. BLOCKRAM
-----------

+-------------------+------+-------+-----------+-------+
|     Site Type     | Used | Fixed | Available | Util% |
+-------------------+------+-------+-----------+-------+
| Block RAM Tile    | 32.5 |     0 |       912 |  3.56 |
|   RAMB36/FIFO*    |   20 |     0 |       912 |  2.19 |
|     RAMB36E2 only |   20 |       |           |       |
|   RAMB18          |   25 |     0 |      1824 |  1.37 |
|     RAMB18E2 only |   25 |       |           |       |
+-------------------+------+-------+-----------+-------+
* Note: Each Block RAM Tile only has one FIFO logic available and therefore can accommodate only one FIFO36E2 or one FIFO18E2. However, if a FIFO18E2 occupies a Block RAM Tile, that tile can still accommodate a RAMB18E2


4. ARITHMETIC
-------------

+-----------+------+-------+-----------+-------+
| Site Type | Used | Fixed | Available | Util% |
+-----------+------+-------+-----------+-------+
| DSPs      |    0 |     0 |      2520 |  0.00 |
+-----------+------+-------+-----------+-------+


5. I/O
------

+------------------+------+-------+-----------+-------+
|     Site Type    | Used | Fixed | Available | Util% |
+------------------+------+-------+-----------+-------+
| Bonded IOB       |    0 |     0 |       328 |  0.00 |
| HPIOB_M          |    0 |     0 |        96 |  0.00 |
| HPIOB_S          |    0 |     0 |        96 |  0.00 |
| HDIOB_M          |    0 |     0 |        60 |  0.00 |
| HDIOB_S          |    0 |     0 |        60 |  0.00 |
| HPIOB_SNGL       |    0 |     0 |        16 |  0.00 |
| HPIOBDIFFINBUF   |    0 |     0 |        96 |  0.00 |
| HPIOBDIFFOUTBUF  |    0 |     0 |        96 |  0.00 |
| HDIOBDIFFINBUF   |    0 |     0 |        60 |  0.00 |
| BITSLICE_CONTROL |    0 |     0 |        32 |  0.00 |
| BITSLICE_RX_TX   |    0 |     0 |       208 |  0.00 |
| BITSLICE_TX      |    0 |     0 |        32 |  0.00 |
| RIU_OR           |    0 |     0 |        16 |  0.00 |
+------------------+------+-------+-----------+-------+


6. CLOCK
--------

+----------------------+------+-------+-----------+-------+
|       Site Type      | Used | Fixed | Available | Util% |
+----------------------+------+-------+-----------+-------+
| GLOBAL CLOCK BUFFERs |    9 |     0 |       404 |  2.23 |
|   BUFGCE             |    8 |     0 |       116 |  6.90 |
|   BUFGCE_DIV         |    0 |     0 |        16 |  0.00 |
|   BUFG_GT            |    0 |     0 |       168 |  0.00 |
|   BUFG_PS            |    1 |     0 |        72 |  1.39 |
|   BUFGCTRL*          |    0 |     0 |        32 |  0.00 |
| PLL                  |    0 |     0 |         8 |  0.00 |
| MMCM                 |    0 |     0 |         4 |  0.00 |
+----------------------+------+-------+-----------+-------+
* Note: Each used BUFGCTRL counts as two global buffer resources. This table does not include global clocking resources, only buffer cell usage. See the Clock Utilization Report (report_clock_utilization) for detailed accounting of global clocking resource availability.


7. ADVANCED
-----------

+-----------------+------+-------+-----------+--------+
|    Site Type    | Used | Fixed | Available |  Util% |
+-----------------+------+-------+-----------+--------+
| GTHE4_CHANNEL   |    0 |     0 |        24 |   0.00 |
| GTHE4_COMMON    |    0 |     0 |         6 |   0.00 |
| OBUFDS_GTE4     |    0 |     0 |        12 |   0.00 |
| OBUFDS_GTE4_ADV |    0 |     0 |        12 |   0.00 |
| PS8             |    1 |     0 |         1 | 100.00 |
| SYSMONE4        |    0 |     0 |         1 |   0.00 |
+-----------------+------+-------+-----------+--------+


8. CONFIGURATION
----------------

+-------------+------+-------+-----------+-------+
|  Site Type  | Used | Fixed | Available | Util% |
+-------------+------+-------+-----------+-------+
| BSCANE2     |    1 |     0 |         4 | 25.00 |
| DNA_PORTE2  |    0 |     0 |         1 |  0.00 |
| EFUSE_USR   |    0 |     0 |         1 |  0.00 |
| FRAME_ECCE4 |    0 |     0 |         1 |  0.00 |
| ICAPE3      |    0 |     0 |         2 |  0.00 |
| MASTER_JTAG |    0 |     0 |         1 |  0.00 |
| STARTUPE3   |    0 |     0 |         1 |  0.00 |
+-------------+------+-------+-----------+-------+


9. Primitives
-------------

+----------+-------+---------------------+
| Ref Name |  Used | Functional Category |
+----------+-------+---------------------+
| FDRE     | 36499 |            Register |
| LUT6     | 27656 |                 CLB |
| RAMD64E  |  7536 |                 CLB |
| LUT3     |  7217 |                 CLB |
| LUT5     |  7039 |                 CLB |
| LUT4     |  5076 |                 CLB |
| MUXF7    |  4007 |                 CLB |
| RAMD32   |  3784 |                 CLB |
| LUT2     |  2574 |                 CLB |
| SRL16E   |  2536 |                 CLB |
| FDSE     |  2220 |            Register |
| CARRY8   |   690 |                 CLB |
| SRLC32E  |   541 |                 CLB |
| LUT1     |   429 |                 CLB |
| MUXF8    |   339 |                 CLB |
| RAMS32   |   248 |                 CLB |
| FDCE     |   246 |            Register |
| FDPE     |    73 |            Register |
| RAMB18E2 |    25 |           Block Ram |
| RAMB36E2 |    20 |           Block Ram |
| BUFGCE   |     8 |               Clock |
| SRLC16E  |     2 |                 CLB |
| RAMS64E  |     1 |                 CLB |
| PS8      |     1 |            Advanced |
| BUFG_PS  |     1 |               Clock |
| BSCANE2  |     1 |       Configuration |
+----------+-------+---------------------+


10. Black Boxes
---------------

+----------+------+
| Ref Name | Used |
+----------+------+


11. Instantiated Netlists
-------------------------

+------------------------------+------+
|           Ref Name           | Used |
+------------------------------+------+
| design_1_zynq_ultra_ps_e_0_0 |    1 |
| design_1_vio_0_1             |    1 |
| design_1_system_ila_0_0      |    1 |
| design_1_rst_ps8_0_99M_0     |    1 |
| design_1_polar_0_0           |    1 |
| design_1_datag_0_0           |    1 |
| design_1_auto_pc_0           |    1 |
| design_1_auto_ds_0           |    1 |
| dbg_hub                      |    1 |
+------------------------------+------+


