19:42:01 INFO  : Registering command handlers for SDK TCF services
19:42:02 INFO  : Launching XSCT server: xsct -n -interactive /home/shubham/Vivado_Exercises/edt_zcu102/temp_xsdb_launch_script.tcl
19:42:04 INFO  : XSCT server has started successfully.
19:42:04 INFO  : Successfully done setting XSCT server connection channel  
19:42:04 INFO  : Successfully done setting SDK workspace  
19:42:04 INFO  : Processing command line option -hwspec /home/shubham/Vivado_Exercises/edt_zcu102/edt_zcu102.sdk/edt_zcu102_wrapper.hdf.
20:10:44 INFO  : Connected to target on host '127.0.0.1' and port '3121'.
20:10:58 INFO  : ----------------XSDB Script----------------
connect -url tcp:127.0.0.1:3121
----------------End of Script----------------

20:12:57 INFO  : Connected to target on host '127.0.0.1' and port '3121'.
20:12:57 INFO  : Jtag cable 'Digilent JTAG-SMT2NC 210308A7A5CC' is selected.
20:12:57 INFO  : 'jtag frequency' command is executed.
20:12:57 INFO  : Sourcing of '/home/shubham/Xilinx2018.3/SDK/2018.3/scripts/sdk/util/zynqmp_utils.tcl' is done.
20:12:57 INFO  : Context for 'APU' is selected.
20:12:57 INFO  : Hardware design information is loaded from '/home/shubham/Vivado_Exercises/edt_zcu102/edt_zcu102_wrapper_hw_platform_0/system.hdf'.
20:12:57 INFO  : 'configparams force-mem-access 1' command is executed.
20:12:57 INFO  : Context for 'APU' is selected.
20:12:57 INFO  : Sourcing of '/home/shubham/Vivado_Exercises/edt_zcu102/edt_zcu102_wrapper_hw_platform_0/psu_init.tcl' is done.
20:12:58 INFO  : 'psu_init' command is executed.
20:12:58 INFO  : 'catch {psu_protection}' command is executed.
20:12:58 INFO  : Context for processor 'psu_cortexa53_0' is selected.
20:12:58 INFO  : Processor reset is completed for 'psu_cortexa53_0'.
20:12:58 INFO  : The application '/home/shubham/Vivado_Exercises/edt_zcu102/test_a53/Debug/test_a53.elf' is downloaded to processor 'psu_cortexa53_0'.
20:12:58 INFO  : 'configparams force-mem-access 0' command is executed.
20:12:58 INFO  : ----------------XSDB Script----------------
connect -url tcp:127.0.0.1:3121
source /home/shubham/Xilinx2018.3/SDK/2018.3/scripts/sdk/util/zynqmp_utils.tcl
targets -set -nocase -filter {name =~"APU*" && jtag_cable_name =~ "Digilent JTAG-SMT2NC 210308A7A5CC"} -index 1
loadhw -hw /home/shubham/Vivado_Exercises/edt_zcu102/edt_zcu102_wrapper_hw_platform_0/system.hdf -mem-ranges [list {0x80000000 0xbfffffff} {0x400000000 0x5ffffffff} {0x1000000000 0x7fffffffff}]
configparams force-mem-access 1
targets -set -nocase -filter {name =~"APU*" && jtag_cable_name =~ "Digilent JTAG-SMT2NC 210308A7A5CC"} -index 1
source /home/shubham/Vivado_Exercises/edt_zcu102/edt_zcu102_wrapper_hw_platform_0/psu_init.tcl
psu_init
catch {psu_protection}
targets -set -nocase -filter {name =~"*A53*0" && jtag_cable_name =~ "Digilent JTAG-SMT2NC 210308A7A5CC"} -index 1
rst -processor
dow /home/shubham/Vivado_Exercises/edt_zcu102/test_a53/Debug/test_a53.elf
configparams force-mem-access 0
----------------End of Script----------------

20:12:58 INFO  : Context for processor 'psu_cortexa53_0' is selected.
20:12:58 INFO  : 'con' command is executed.
20:12:58 INFO  : ----------------XSDB Script (After Launch)----------------
targets -set -nocase -filter {name =~"*A53*0" && jtag_cable_name =~ "Digilent JTAG-SMT2NC 210308A7A5CC"} -index 1
con
----------------End of Script----------------

20:12:58 INFO  : Launch script is exported to file '/home/shubham/Vivado_Exercises/edt_zcu102/.sdk/launch_scripts/xilinx_c-c++_application_(system_debugger)/system_debugger_using_debug_test_a53.elf_on_local.tcl'
20:13:21 INFO  : Disconnected from the channel tcfchan#1.
14:08:42 INFO  : Launching XSCT server: xsct -n -interactive /home/shubham/Vivado_Exercises/edt_zcu102/temp_xsdb_launch_script.tcl
14:08:44 INFO  : XSCT server has started successfully.
14:08:44 INFO  : Successfully done setting XSCT server connection channel  
14:08:44 INFO  : Successfully done setting SDK workspace  
14:08:50 INFO  : Registering command handlers for SDK TCF services
14:08:50 INFO  : Processing command line option -hwspec /home/shubham/Vivado_Exercises/edt_zcu102/edt_zcu102.sdk/edt_zcu102_wrapper.hdf.
14:08:50 INFO  : Checking for hwspec changes in the project edt_zcu102_wrapper_hw_platform_0.
15:06:22 INFO  : Refreshed build settings on project fsbl_r5
15:06:22 INFO  : Refreshed build settings on project testapp_r5
17:08:27 ERROR : (XSDB Server)Hangup

20:47:36 INFO  : Registering command handlers for SDK TCF services
20:47:36 INFO  : Launching XSCT server: xsct -n -interactive /home/shubham/Vivado_Exercises/edt_zcu102/temp_xsdb_launch_script.tcl
20:47:38 INFO  : XSCT server has started successfully.
20:47:38 INFO  : Successfully done setting XSCT server connection channel  
20:47:38 INFO  : Successfully done setting SDK workspace  
20:47:38 INFO  : Processing command line option -hwspec /home/shubham/Vivado_Exercises/edt_zcu102/edt_zcu102.sdk/edt_zcu102_wrapper.hdf.
20:47:38 INFO  : Checking for hwspec changes in the project edt_zcu102_wrapper_hw_platform_0.
20:48:55 INFO  : Connected to target on host '127.0.0.1' and port '3121'.
20:49:13 INFO  : ----------------XSDB Script----------------
connect -url tcp:127.0.0.1:3121
----------------End of Script----------------

20:50:12 INFO  : Registering command handlers for SDK TCF services
20:50:13 INFO  : Launching XSCT server: xsct -n -interactive /home/shubham/Vivado_Exercises/edt_zcu102/temp_xsdb_launch_script.tcl
20:50:15 INFO  : XSCT server has started successfully.
20:50:15 INFO  : Successfully done setting XSCT server connection channel  
20:50:15 INFO  : Successfully done setting SDK workspace  
20:50:15 INFO  : Processing command line option -hwspec /home/shubham/Vivado_Exercises/edt_zcu102/edt_zcu102.sdk/edt_zcu102_wrapper.hdf.
20:50:15 INFO  : Checking for hwspec changes in the project edt_zcu102_wrapper_hw_platform_0.
20:51:22 INFO  : Connected to target on host '127.0.0.1' and port '3121'.
20:51:23 INFO  : Jtag cable 'Digilent JTAG-SMT2NC 210308A7A5CC' is selected.
20:51:23 INFO  : 'jtag frequency' command is executed.
20:51:23 INFO  : Sourcing of '/home/shubham/Xilinx2018.3/SDK/2018.3/scripts/sdk/util/zynqmp_utils.tcl' is done.
20:51:23 INFO  : Context for 'APU' is selected.
20:51:23 INFO  : Hardware design information is loaded from '/home/shubham/Vivado_Exercises/edt_zcu102/edt_zcu102_wrapper_hw_platform_0/system.hdf'.
20:51:23 INFO  : 'configparams force-mem-access 1' command is executed.
20:51:23 INFO  : Context for 'APU' is selected.
20:51:23 INFO  : Sourcing of '/home/shubham/Vivado_Exercises/edt_zcu102/edt_zcu102_wrapper_hw_platform_0/psu_init.tcl' is done.
20:51:24 INFO  : 'psu_init' command is executed.
20:51:24 INFO  : 'catch {psu_protection}' command is executed.
20:51:24 INFO  : Context for processor 'psu_cortexa53_0' is selected.
20:51:24 INFO  : Processor reset is completed for 'psu_cortexa53_0'.
20:51:24 INFO  : The application '/home/shubham/Vivado_Exercises/edt_zcu102/test_a53/Debug/test_a53.elf' is downloaded to processor 'psu_cortexa53_0'.
20:51:24 INFO  : 'configparams force-mem-access 0' command is executed.
20:51:24 INFO  : ----------------XSDB Script----------------
connect -url tcp:127.0.0.1:3121
source /home/shubham/Xilinx2018.3/SDK/2018.3/scripts/sdk/util/zynqmp_utils.tcl
targets -set -nocase -filter {name =~"APU*" && jtag_cable_name =~ "Digilent JTAG-SMT2NC 210308A7A5CC"} -index 1
loadhw -hw /home/shubham/Vivado_Exercises/edt_zcu102/edt_zcu102_wrapper_hw_platform_0/system.hdf -mem-ranges [list {0x80000000 0xbfffffff} {0x400000000 0x5ffffffff} {0x1000000000 0x7fffffffff}]
configparams force-mem-access 1
targets -set -nocase -filter {name =~"APU*" && jtag_cable_name =~ "Digilent JTAG-SMT2NC 210308A7A5CC"} -index 1
source /home/shubham/Vivado_Exercises/edt_zcu102/edt_zcu102_wrapper_hw_platform_0/psu_init.tcl
psu_init
catch {psu_protection}
targets -set -nocase -filter {name =~"*A53*0" && jtag_cable_name =~ "Digilent JTAG-SMT2NC 210308A7A5CC"} -index 1
rst -processor
dow /home/shubham/Vivado_Exercises/edt_zcu102/test_a53/Debug/test_a53.elf
configparams force-mem-access 0
----------------End of Script----------------

20:51:24 INFO  : Context for processor 'psu_cortexa53_0' is selected.
20:51:24 INFO  : 'con' command is executed.
20:51:24 INFO  : ----------------XSDB Script (After Launch)----------------
targets -set -nocase -filter {name =~"*A53*0" && jtag_cable_name =~ "Digilent JTAG-SMT2NC 210308A7A5CC"} -index 1
con
----------------End of Script----------------

20:51:24 INFO  : Launch script is exported to file '/home/shubham/Vivado_Exercises/edt_zcu102/.sdk/launch_scripts/xilinx_c-c++_application_(system_debugger)/system_debugger_using_debug_test_a53.elf_on_local.tcl'
20:58:03 INFO  : Disconnected from the channel tcfchan#1.
13:14:39 INFO  : Registering command handlers for SDK TCF services
13:14:39 INFO  : Launching XSCT server: xsct -n -interactive /home/shubham/Vivado_Exercises/edt_zcu102/temp_xsdb_launch_script.tcl
13:14:41 INFO  : XSCT server has started successfully.
13:14:42 INFO  : Successfully done setting XSCT server connection channel  
13:14:42 INFO  : Successfully done setting SDK workspace  
13:14:42 INFO  : Processing command line option -hwspec /home/shubham/Vivado_Exercises/edt_zcu102/edt_zcu102.sdk/edt_zcu102_wrapper.hdf.
13:14:42 INFO  : Checking for hwspec changes in the project edt_zcu102_wrapper_hw_platform_0.
13:21:45 INFO  : Invoking Bootgen: bootgen -image output.bif -arch zynqmp -o /home/shubham/Vivado_Exercises/edt_zcu102/BOOT.bin
13:21:45 INFO  : Creating new bif file /home/shubham/Vivado_Exercises/edt_zcu102/output.bif
13:21:46 INFO  : Bootgen command execution is done.
13:24:38 INFO  : Invoking Bootgen: bootgen -image output.bif -arch zynqmp -o /home/shubham/Vivado_Exercises/edt_zcu102/BOOT.bin -w on
13:24:39 INFO  : Bootgen command execution is done.
