Copyright 1986-2018 Xilinx, Inc. All Rights Reserved.
-------------------------------------------------------------------------------------------------------------------------------------------------------
| Tool Version : Vivado v.2018.3 (lin64) Build 2405991 Thu Dec  6 23:36:41 MST 2018
| Date         : Fri Dec 27 13:34:11 2019
| Host         : shubham-HP-Desktop-Pro-G1-MT running 64-bit Ubuntu 18.04.1 LTS
| Command      : report_utilization -file zynq_interrupt_system_wrapper_utilization_placed.rpt -pb zynq_interrupt_system_wrapper_utilization_placed.pb
| Design       : zynq_interrupt_system_wrapper
| Device       : xczu9egffvb1156-2
| Design State : Fully Placed
-------------------------------------------------------------------------------------------------------------------------------------------------------

Utilization Design Information

Table of Contents
-----------------
1. CLB Logic
1.1 Summary of Registers by Type
2. CLB Logic Distribution
3. BLOCKRAM
4. ARITHMETIC
5. I/O
6. CLOCK
7. ADVANCED
8. CONFIGURATION
9. Primitives
10. Black Boxes
11. Instantiated Netlists

1. CLB Logic
------------

+----------------------------+------+-------+-----------+-------+
|          Site Type         | Used | Fixed | Available | Util% |
+----------------------------+------+-------+-----------+-------+
| CLB LUTs                   | 1767 |     0 |    274080 |  0.64 |
|   LUT as Logic             | 1665 |     0 |    274080 |  0.61 |
|   LUT as Memory            |  102 |     0 |    144000 |  0.07 |
|     LUT as Distributed RAM |   56 |     0 |           |       |
|     LUT as Shift Register  |   46 |     0 |           |       |
| CLB Registers              | 1926 |     0 |    548160 |  0.35 |
|   Register as Flip Flop    | 1926 |     0 |    548160 |  0.35 |
|   Register as Latch        |    0 |     0 |    548160 |  0.00 |
| CARRY8                     |   48 |     0 |     34260 |  0.14 |
| F7 Muxes                   |    0 |     0 |    137040 |  0.00 |
| F8 Muxes                   |    0 |     0 |     68520 |  0.00 |
| F9 Muxes                   |    0 |     0 |     34260 |  0.00 |
+----------------------------+------+-------+-----------+-------+


1.1 Summary of Registers by Type
--------------------------------

+-------+--------------+-------------+--------------+
| Total | Clock Enable | Synchronous | Asynchronous |
+-------+--------------+-------------+--------------+
| 0     |            _ |           - |            - |
| 0     |            _ |           - |          Set |
| 0     |            _ |           - |        Reset |
| 0     |            _ |         Set |            - |
| 0     |            _ |       Reset |            - |
| 0     |          Yes |           - |            - |
| 33    |          Yes |           - |          Set |
| 69    |          Yes |           - |        Reset |
| 33    |          Yes |         Set |            - |
| 1791  |          Yes |       Reset |            - |
+-------+--------------+-------------+--------------+


2. CLB Logic Distribution
-------------------------

+--------------------------------------------+------+-------+-----------+-------+
|                  Site Type                 | Used | Fixed | Available | Util% |
+--------------------------------------------+------+-------+-----------+-------+
| CLB                                        |  399 |     0 |     34260 |  1.16 |
|   CLBL                                     |  187 |     0 |           |       |
|   CLBM                                     |  212 |     0 |           |       |
| LUT as Logic                               | 1665 |     0 |    274080 |  0.61 |
|   using O5 output only                     |   51 |       |           |       |
|   using O6 output only                     | 1246 |       |           |       |
|   using O5 and O6                          |  368 |       |           |       |
| LUT as Memory                              |  102 |     0 |    144000 |  0.07 |
|   LUT as Distributed RAM                   |   56 |     0 |           |       |
|     using O5 output only                   |    0 |       |           |       |
|     using O6 output only                   |    0 |       |           |       |
|     using O5 and O6                        |   56 |       |           |       |
|   LUT as Shift Register                    |   46 |     0 |           |       |
|     using O5 output only                   |    0 |       |           |       |
|     using O6 output only                   |   46 |       |           |       |
|     using O5 and O6                        |    0 |       |           |       |
| CLB Registers                              | 1926 |     0 |    548160 |  0.35 |
|   Register driven from within the CLB      | 1054 |       |           |       |
|   Register driven from outside the CLB     |  872 |       |           |       |
|     LUT in front of the register is unused |  569 |       |           |       |
|     LUT in front of the register is used   |  303 |       |           |       |
| Unique Control Sets                        |  108 |       |     68520 |  0.16 |
+--------------------------------------------+------+-------+-----------+-------+
* Note: Available Control Sets calculated as CLB Registers / 8, Review the Control Sets Report for more information regarding control sets.


3. BLOCKRAM
-----------

+----------------+------+-------+-----------+-------+
|    Site Type   | Used | Fixed | Available | Util% |
+----------------+------+-------+-----------+-------+
| Block RAM Tile |    0 |     0 |       912 |  0.00 |
|   RAMB36/FIFO* |    0 |     0 |       912 |  0.00 |
|   RAMB18       |    0 |     0 |      1824 |  0.00 |
+----------------+------+-------+-----------+-------+
* Note: Each Block RAM Tile only has one FIFO logic available and therefore can accommodate only one FIFO36E2 or one FIFO18E2. However, if a FIFO18E2 occupies a Block RAM Tile, that tile can still accommodate a RAMB18E2


4. ARITHMETIC
-------------

+-----------+------+-------+-----------+-------+
| Site Type | Used | Fixed | Available | Util% |
+-----------+------+-------+-----------+-------+
| DSPs      |    0 |     0 |      2520 |  0.00 |
+-----------+------+-------+-----------+-------+


5. I/O
------

+------------------+------+-------+-----------+-------+
|     Site Type    | Used | Fixed | Available | Util% |
+------------------+------+-------+-----------+-------+
| Bonded IOB       |   13 |    13 |       328 |  3.96 |
| HPIOB_M          |    0 |     0 |        96 |  0.00 |
| HPIOB_S          |    0 |     0 |        96 |  0.00 |
| HDIOB_M          |    6 |     6 |        60 | 10.00 |
|   INPUT          |    2 |       |           |       |
|   OUTPUT         |    4 |       |           |       |
|   BIDIR          |    0 |       |           |       |
| HDIOB_S          |    7 |     7 |        60 | 11.67 |
|   INPUT          |    3 |       |           |       |
|   OUTPUT         |    4 |       |           |       |
|   BIDIR          |    0 |       |           |       |
| HPIOB_SNGL       |    0 |     0 |        16 |  0.00 |
| HPIOBDIFFINBUF   |    0 |     0 |        96 |  0.00 |
| HPIOBDIFFOUTBUF  |    0 |     0 |        96 |  0.00 |
| HDIOBDIFFINBUF   |    0 |     0 |        60 |  0.00 |
| BITSLICE_CONTROL |    0 |     0 |        32 |  0.00 |
| BITSLICE_RX_TX   |    0 |     0 |       208 |  0.00 |
| BITSLICE_TX      |    0 |     0 |        32 |  0.00 |
| RIU_OR           |    0 |     0 |        16 |  0.00 |
+------------------+------+-------+-----------+-------+


6. CLOCK
--------

+----------------------+------+-------+-----------+-------+
|       Site Type      | Used | Fixed | Available | Util% |
+----------------------+------+-------+-----------+-------+
| GLOBAL CLOCK BUFFERs |    1 |     0 |       404 |  0.25 |
|   BUFGCE             |    0 |     0 |       116 |  0.00 |
|   BUFGCE_DIV         |    0 |     0 |        16 |  0.00 |
|   BUFG_GT            |    0 |     0 |       168 |  0.00 |
|   BUFG_PS            |    1 |     0 |        72 |  1.39 |
|   BUFGCTRL*          |    0 |     0 |        32 |  0.00 |
| PLL                  |    0 |     0 |         8 |  0.00 |
| MMCM                 |    0 |     0 |         4 |  0.00 |
+----------------------+------+-------+-----------+-------+
* Note: Each used BUFGCTRL counts as two global buffer resources. This table does not include global clocking resources, only buffer cell usage. See the Clock Utilization Report (report_clock_utilization) for detailed accounting of global clocking resource availability.


7. ADVANCED
-----------

+-----------------+------+-------+-----------+--------+
|    Site Type    | Used | Fixed | Available |  Util% |
+-----------------+------+-------+-----------+--------+
| GTHE4_CHANNEL   |    0 |     0 |        24 |   0.00 |
| GTHE4_COMMON    |    0 |     0 |         6 |   0.00 |
| OBUFDS_GTE4     |    0 |     0 |        12 |   0.00 |
| OBUFDS_GTE4_ADV |    0 |     0 |        12 |   0.00 |
| PS8             |    1 |     0 |         1 | 100.00 |
| SYSMONE4        |    0 |     0 |         1 |   0.00 |
+-----------------+------+-------+-----------+--------+


8. CONFIGURATION
----------------

+-------------+------+-------+-----------+-------+
|  Site Type  | Used | Fixed | Available | Util% |
+-------------+------+-------+-----------+-------+
| BSCANE2     |    0 |     0 |         4 |  0.00 |
| DNA_PORTE2  |    0 |     0 |         1 |  0.00 |
| EFUSE_USR   |    0 |     0 |         1 |  0.00 |
| FRAME_ECCE4 |    0 |     0 |         1 |  0.00 |
| ICAPE3      |    0 |     0 |         2 |  0.00 |
| MASTER_JTAG |    0 |     0 |         1 |  0.00 |
| STARTUPE3   |    0 |     0 |         1 |  0.00 |
+-------------+------+-------+-----------+-------+


9. Primitives
-------------

+----------+------+---------------------+
| Ref Name | Used | Functional Category |
+----------+------+---------------------+
| FDRE     | 1791 |            Register |
| LUT6     |  650 |                 CLB |
| LUT5     |  408 |                 CLB |
| LUT3     |  406 |                 CLB |
| LUT4     |  291 |                 CLB |
| LUT2     |  237 |                 CLB |
| RAMD32   |   98 |                 CLB |
| FDCE     |   69 |            Register |
| CARRY8   |   48 |                 CLB |
| LUT1     |   41 |                 CLB |
| SRLC32E  |   35 |                 CLB |
| FDSE     |   33 |            Register |
| FDPE     |   33 |            Register |
| RAMS32   |   14 |                 CLB |
| SRL16E   |   11 |                 CLB |
| OBUF     |    8 |                 I/O |
| INBUF    |    5 |                 I/O |
| IBUFCTRL |    5 |              Others |
| PS8      |    1 |            Advanced |
| BUFG_PS  |    1 |               Clock |
+----------+------+---------------------+


10. Black Boxes
---------------

+----------+------+
| Ref Name | Used |
+----------+------+


11. Instantiated Netlists
-------------------------

+-------------------------------------------+------+
|                  Ref Name                 | Used |
+-------------------------------------------+------+
| zynq_interrupt_system_zynq_ultra_ps_e_0_0 |    1 |
| zynq_interrupt_system_xbar_0              |    1 |
| zynq_interrupt_system_rst_ps8_0_99M_1     |    1 |
| zynq_interrupt_system_axi_timer_0_0       |    1 |
| zynq_interrupt_system_axi_gpio_1_0        |    1 |
| zynq_interrupt_system_axi_gpio_0_2        |    1 |
| zynq_interrupt_system_auto_pc_0           |    1 |
| zynq_interrupt_system_auto_ds_0           |    1 |
+-------------------------------------------+------+


