15:50:18 INFO  : Registering command handlers for SDK TCF services
15:50:19 INFO  : Launching XSCT server: xsct -n -interactive /home/shubham/Vivado_Exercises/customWalaProject/temp_xsdb_launch_script.tcl
15:50:21 INFO  : XSCT server has started successfully.
15:50:21 INFO  : Successfully done setting XSCT server connection channel  
15:50:21 INFO  : Successfully done setting SDK workspace  
15:50:21 INFO  : Processing command line option -hwspec /home/shubham/Vivado_Exercises/customWalaProject/customWalaProject.sdk/design_1_wrapper.hdf.
16:01:34 INFO  : Connected to target on host '127.0.0.1' and port '3121'.
16:01:49 INFO  : ----------------XSDB Script----------------
connect -url tcp:127.0.0.1:3121
----------------End of Script----------------

16:09:34 INFO  : Connected to target on host '127.0.0.1' and port '3121'.
16:09:34 INFO  : Jtag cable 'Digilent JTAG-SMT2NC 210308A7A5CC' is selected.
16:09:34 INFO  : 'jtag frequency' command is executed.
16:09:34 INFO  : Sourcing of '/home/shubham/Xilinx2018.3/SDK/2018.3/scripts/sdk/util/zynqmp_utils.tcl' is done.
16:09:34 INFO  : Context for 'APU' is selected.
16:09:34 INFO  : Hardware design information is loaded from '/home/shubham/Vivado_Exercises/customWalaProject/design_1_wrapper_hw_platform_0/system.hdf'.
16:09:34 INFO  : 'configparams force-mem-access 1' command is executed.
16:09:34 INFO  : Context for 'APU' is selected.
16:09:34 INFO  : Sourcing of '/home/shubham/Vivado_Exercises/customWalaProject/design_1_wrapper_hw_platform_0/psu_init.tcl' is done.
16:09:34 INFO  : 'psu_init' command is executed.
16:09:35 INFO  : 'after 1000' command is executed.
16:09:35 INFO  : 'psu_ps_pl_isolation_removal' command is executed.
16:09:36 INFO  : 'after 1000' command is executed.
16:09:36 INFO  : 'psu_ps_pl_reset_config' command is executed.
16:09:36 INFO  : 'catch {psu_protection}' command is executed.
16:09:36 INFO  : Context for processor 'psu_cortexa53_0' is selected.
16:09:37 INFO  : Processor reset is completed for 'psu_cortexa53_0'.
16:09:37 INFO  : The application '/home/shubham/Vivado_Exercises/customWalaProject/customTest/Debug/customTest.elf' is downloaded to processor 'psu_cortexa53_0'.
16:09:37 INFO  : 'configparams force-mem-access 0' command is executed.
16:09:37 INFO  : ----------------XSDB Script----------------
connect -url tcp:127.0.0.1:3121
source /home/shubham/Xilinx2018.3/SDK/2018.3/scripts/sdk/util/zynqmp_utils.tcl
targets -set -nocase -filter {name =~"APU*" && jtag_cable_name =~ "Digilent JTAG-SMT2NC 210308A7A5CC"} -index 1
loadhw -hw /home/shubham/Vivado_Exercises/customWalaProject/design_1_wrapper_hw_platform_0/system.hdf -mem-ranges [list {0x80000000 0xbfffffff} {0x400000000 0x5ffffffff} {0x1000000000 0x7fffffffff}]
configparams force-mem-access 1
targets -set -nocase -filter {name =~"APU*" && jtag_cable_name =~ "Digilent JTAG-SMT2NC 210308A7A5CC"} -index 1
source /home/shubham/Vivado_Exercises/customWalaProject/design_1_wrapper_hw_platform_0/psu_init.tcl
psu_init
after 1000
psu_ps_pl_isolation_removal
after 1000
psu_ps_pl_reset_config
catch {psu_protection}
targets -set -nocase -filter {name =~"*A53*0" && jtag_cable_name =~ "Digilent JTAG-SMT2NC 210308A7A5CC"} -index 1
rst -processor
dow /home/shubham/Vivado_Exercises/customWalaProject/customTest/Debug/customTest.elf
configparams force-mem-access 0
----------------End of Script----------------

16:09:37 INFO  : Context for processor 'psu_cortexa53_0' is selected.
16:09:37 INFO  : 'con' command is executed.
16:09:37 INFO  : ----------------XSDB Script (After Launch)----------------
targets -set -nocase -filter {name =~"*A53*0" && jtag_cable_name =~ "Digilent JTAG-SMT2NC 210308A7A5CC"} -index 1
con
----------------End of Script----------------

16:09:37 INFO  : Launch script is exported to file '/home/shubham/Vivado_Exercises/customWalaProject/.sdk/launch_scripts/xilinx_c-c++_application_(system_debugger)/system_debugger_using_debug_customtest.elf_on_local.tcl'
16:12:06 INFO  : Disconnected from the channel tcfchan#1.
16:12:07 INFO  : Connected to target on host '127.0.0.1' and port '3121'.
16:12:10 INFO  : Jtag cable 'Digilent JTAG-SMT2NC 210308A7A5CC' is selected.
16:12:10 INFO  : 'jtag frequency' command is executed.
16:12:10 INFO  : Sourcing of '/home/shubham/Xilinx2018.3/SDK/2018.3/scripts/sdk/util/zynqmp_utils.tcl' is done.
16:12:10 INFO  : Context for 'APU' is selected.
16:12:10 INFO  : Hardware design information is loaded from '/home/shubham/Vivado_Exercises/customWalaProject/design_1_wrapper_hw_platform_0/system.hdf'.
16:12:10 INFO  : 'configparams force-mem-access 1' command is executed.
16:12:10 INFO  : Context for 'APU' is selected.
16:12:10 INFO  : Sourcing of '/home/shubham/Vivado_Exercises/customWalaProject/design_1_wrapper_hw_platform_0/psu_init.tcl' is done.
16:12:10 INFO  : 'psu_init' command is executed.
16:12:11 INFO  : 'after 1000' command is executed.
16:12:12 INFO  : 'psu_ps_pl_isolation_removal' command is executed.
16:12:13 INFO  : 'after 1000' command is executed.
16:12:13 INFO  : 'psu_ps_pl_reset_config' command is executed.
16:12:13 INFO  : 'catch {psu_protection}' command is executed.
16:12:13 INFO  : Context for processor 'psu_cortexa53_0' is selected.
16:12:13 INFO  : Processor reset is completed for 'psu_cortexa53_0'.
16:12:13 INFO  : The application '/home/shubham/Vivado_Exercises/customWalaProject/customTest/Debug/customTest.elf' is downloaded to processor 'psu_cortexa53_0'.
16:12:13 INFO  : 'configparams force-mem-access 0' command is executed.
16:12:13 INFO  : ----------------XSDB Script----------------
connect -url tcp:127.0.0.1:3121
source /home/shubham/Xilinx2018.3/SDK/2018.3/scripts/sdk/util/zynqmp_utils.tcl
targets -set -nocase -filter {name =~"APU*" && jtag_cable_name =~ "Digilent JTAG-SMT2NC 210308A7A5CC"} -index 1
loadhw -hw /home/shubham/Vivado_Exercises/customWalaProject/design_1_wrapper_hw_platform_0/system.hdf -mem-ranges [list {0x80000000 0xbfffffff} {0x400000000 0x5ffffffff} {0x1000000000 0x7fffffffff}]
configparams force-mem-access 1
targets -set -nocase -filter {name =~"APU*" && jtag_cable_name =~ "Digilent JTAG-SMT2NC 210308A7A5CC"} -index 1
source /home/shubham/Vivado_Exercises/customWalaProject/design_1_wrapper_hw_platform_0/psu_init.tcl
psu_init
after 1000
psu_ps_pl_isolation_removal
after 1000
psu_ps_pl_reset_config
catch {psu_protection}
targets -set -nocase -filter {name =~"*A53*0" && jtag_cable_name =~ "Digilent JTAG-SMT2NC 210308A7A5CC"} -index 1
rst -processor
dow /home/shubham/Vivado_Exercises/customWalaProject/customTest/Debug/customTest.elf
configparams force-mem-access 0
----------------End of Script----------------

16:12:13 INFO  : Context for processor 'psu_cortexa53_0' is selected.
16:12:13 INFO  : 'con' command is executed.
16:12:13 INFO  : ----------------XSDB Script (After Launch)----------------
targets -set -nocase -filter {name =~"*A53*0" && jtag_cable_name =~ "Digilent JTAG-SMT2NC 210308A7A5CC"} -index 1
con
----------------End of Script----------------

16:12:13 INFO  : Launch script is exported to file '/home/shubham/Vivado_Exercises/customWalaProject/.sdk/launch_scripts/xilinx_c-c++_application_(system_debugger)/system_debugger_using_debug_customtest.elf_on_local.tcl'
16:25:09 INFO  : SDK has detected change in the last modified timestamps for source hardware specification file Source:1578048892000,  Project:1578046707000
16:25:09 INFO  : Project design_1_wrapper_hw_platform_0's source hardware specification located at /home/shubham/Vivado_Exercises/customWalaProject/customWalaProject.sdk/design_1_wrapper.hdf is now different from the local copy.
		 The local copy will be replaced with the source specification and your workspace will be updated.
16:25:15 INFO  : Copied contents of /home/shubham/Vivado_Exercises/customWalaProject/customWalaProject.sdk/design_1_wrapper.hdf into /design_1_wrapper_hw_platform_0/system.hdf.
16:25:21 INFO  : Synchronizing projects in the workspace with the hardware platform specification changes.
16:25:22 INFO  : 
16:25:23 INFO  : Updating hardware inferred compiler options for customTest.
16:25:23 INFO  : Clearing existing target manager status.
16:25:23 INFO  : Closing and re-opening the MSS file of ther project customTest_bsp
16:25:24 INFO  : Workspace synchronized with the new hardware specification file. Cleaning dependent projects...
16:25:24 WARN  : Linker script will not be updated automatically. Users need to update it manually.
16:26:18 INFO  : Disconnected from the channel tcfchan#2.
16:26:20 INFO  : Connected to target on host '127.0.0.1' and port '3121'.
16:26:20 INFO  : Jtag cable 'Digilent JTAG-SMT2NC 210308A7A5CC' is selected.
16:26:20 INFO  : 'jtag frequency' command is executed.
16:26:20 INFO  : Sourcing of '/home/shubham/Xilinx2018.3/SDK/2018.3/scripts/sdk/util/zynqmp_utils.tcl' is done.
16:26:20 INFO  : Context for 'APU' is selected.
16:26:20 INFO  : Hardware design information is loaded from '/home/shubham/Vivado_Exercises/customWalaProject/design_1_wrapper_hw_platform_0/system.hdf'.
16:26:20 INFO  : 'configparams force-mem-access 1' command is executed.
16:26:20 INFO  : Context for 'APU' is selected.
16:26:20 INFO  : Sourcing of '/home/shubham/Vivado_Exercises/customWalaProject/design_1_wrapper_hw_platform_0/psu_init.tcl' is done.
16:26:20 INFO  : 'psu_init' command is executed.
16:26:21 INFO  : 'after 1000' command is executed.
16:26:21 INFO  : 'psu_ps_pl_isolation_removal' command is executed.
16:26:22 INFO  : 'after 1000' command is executed.
16:26:22 INFO  : 'psu_ps_pl_reset_config' command is executed.
16:26:22 INFO  : 'catch {psu_protection}' command is executed.
16:26:23 INFO  : Context for processor 'psu_cortexa53_0' is selected.
16:26:23 INFO  : Processor reset is completed for 'psu_cortexa53_0'.
16:26:23 INFO  : The application '/home/shubham/Vivado_Exercises/customWalaProject/customTest/Debug/customTest.elf' is downloaded to processor 'psu_cortexa53_0'.
16:26:23 INFO  : 'configparams force-mem-access 0' command is executed.
16:26:23 INFO  : ----------------XSDB Script----------------
connect -url tcp:127.0.0.1:3121
source /home/shubham/Xilinx2018.3/SDK/2018.3/scripts/sdk/util/zynqmp_utils.tcl
targets -set -nocase -filter {name =~"APU*" && jtag_cable_name =~ "Digilent JTAG-SMT2NC 210308A7A5CC"} -index 1
loadhw -hw /home/shubham/Vivado_Exercises/customWalaProject/design_1_wrapper_hw_platform_0/system.hdf -mem-ranges [list {0x80000000 0xbfffffff} {0x400000000 0x5ffffffff} {0x1000000000 0x7fffffffff}]
configparams force-mem-access 1
targets -set -nocase -filter {name =~"APU*" && jtag_cable_name =~ "Digilent JTAG-SMT2NC 210308A7A5CC"} -index 1
source /home/shubham/Vivado_Exercises/customWalaProject/design_1_wrapper_hw_platform_0/psu_init.tcl
psu_init
after 1000
psu_ps_pl_isolation_removal
after 1000
psu_ps_pl_reset_config
catch {psu_protection}
targets -set -nocase -filter {name =~"*A53*0" && jtag_cable_name =~ "Digilent JTAG-SMT2NC 210308A7A5CC"} -index 1
rst -processor
dow /home/shubham/Vivado_Exercises/customWalaProject/customTest/Debug/customTest.elf
configparams force-mem-access 0
----------------End of Script----------------

16:26:23 INFO  : Context for processor 'psu_cortexa53_0' is selected.
16:26:23 INFO  : 'con' command is executed.
16:26:23 INFO  : ----------------XSDB Script (After Launch)----------------
targets -set -nocase -filter {name =~"*A53*0" && jtag_cable_name =~ "Digilent JTAG-SMT2NC 210308A7A5CC"} -index 1
con
----------------End of Script----------------

16:26:23 INFO  : Launch script is exported to file '/home/shubham/Vivado_Exercises/customWalaProject/.sdk/launch_scripts/xilinx_c-c++_application_(system_debugger)/system_debugger_using_debug_customtest.elf_on_local.tcl'
16:47:19 INFO  : SDK has detected change in the last modified timestamps for source hardware specification file Source:1578050221000,  Project:1578048892000
16:47:19 INFO  : Project design_1_wrapper_hw_platform_0's source hardware specification located at /home/shubham/Vivado_Exercises/customWalaProject/customWalaProject.sdk/design_1_wrapper.hdf is now different from the local copy.
		 The local copy will be replaced with the source specification and your workspace will be updated.
16:47:21 INFO  : Copied contents of /home/shubham/Vivado_Exercises/customWalaProject/customWalaProject.sdk/design_1_wrapper.hdf into /design_1_wrapper_hw_platform_0/system.hdf.
16:47:27 INFO  : Synchronizing projects in the workspace with the hardware platform specification changes.
16:47:28 INFO  : 
16:47:28 INFO  : Updating hardware inferred compiler options for customTest.
16:47:28 INFO  : Clearing existing target manager status.
16:47:28 INFO  : Closing and re-opening the MSS file of ther project customTest_bsp
16:47:29 INFO  : Workspace synchronized with the new hardware specification file. Cleaning dependent projects...
16:47:29 WARN  : Linker script will not be updated automatically. Users need to update it manually.
16:48:20 INFO  : Disconnected from the channel tcfchan#3.
16:48:21 INFO  : Connected to target on host '127.0.0.1' and port '3121'.
16:48:22 INFO  : Jtag cable 'Digilent JTAG-SMT2NC 210308A7A5CC' is selected.
16:48:22 INFO  : 'jtag frequency' command is executed.
16:48:22 INFO  : Sourcing of '/home/shubham/Xilinx2018.3/SDK/2018.3/scripts/sdk/util/zynqmp_utils.tcl' is done.
16:48:22 INFO  : Context for 'APU' is selected.
16:48:22 INFO  : Hardware design information is loaded from '/home/shubham/Vivado_Exercises/customWalaProject/design_1_wrapper_hw_platform_0/system.hdf'.
16:48:22 INFO  : 'configparams force-mem-access 1' command is executed.
16:48:22 INFO  : Context for 'APU' is selected.
16:48:22 INFO  : Sourcing of '/home/shubham/Vivado_Exercises/customWalaProject/design_1_wrapper_hw_platform_0/psu_init.tcl' is done.
16:48:22 INFO  : 'psu_init' command is executed.
16:48:23 INFO  : 'after 1000' command is executed.
16:48:23 INFO  : 'psu_ps_pl_isolation_removal' command is executed.
16:48:24 INFO  : 'after 1000' command is executed.
16:48:24 INFO  : 'psu_ps_pl_reset_config' command is executed.
16:48:24 INFO  : 'catch {psu_protection}' command is executed.
16:48:24 INFO  : Context for processor 'psu_cortexa53_0' is selected.
16:48:24 INFO  : Processor reset is completed for 'psu_cortexa53_0'.
16:48:25 INFO  : The application '/home/shubham/Vivado_Exercises/customWalaProject/customTest/Debug/customTest.elf' is downloaded to processor 'psu_cortexa53_0'.
16:48:25 INFO  : 'configparams force-mem-access 0' command is executed.
16:48:25 INFO  : ----------------XSDB Script----------------
connect -url tcp:127.0.0.1:3121
source /home/shubham/Xilinx2018.3/SDK/2018.3/scripts/sdk/util/zynqmp_utils.tcl
targets -set -nocase -filter {name =~"APU*" && jtag_cable_name =~ "Digilent JTAG-SMT2NC 210308A7A5CC"} -index 1
loadhw -hw /home/shubham/Vivado_Exercises/customWalaProject/design_1_wrapper_hw_platform_0/system.hdf -mem-ranges [list {0x80000000 0xbfffffff} {0x400000000 0x5ffffffff} {0x1000000000 0x7fffffffff}]
configparams force-mem-access 1
targets -set -nocase -filter {name =~"APU*" && jtag_cable_name =~ "Digilent JTAG-SMT2NC 210308A7A5CC"} -index 1
source /home/shubham/Vivado_Exercises/customWalaProject/design_1_wrapper_hw_platform_0/psu_init.tcl
psu_init
after 1000
psu_ps_pl_isolation_removal
after 1000
psu_ps_pl_reset_config
catch {psu_protection}
targets -set -nocase -filter {name =~"*A53*0" && jtag_cable_name =~ "Digilent JTAG-SMT2NC 210308A7A5CC"} -index 1
rst -processor
dow /home/shubham/Vivado_Exercises/customWalaProject/customTest/Debug/customTest.elf
configparams force-mem-access 0
----------------End of Script----------------

16:48:25 INFO  : Context for processor 'psu_cortexa53_0' is selected.
16:48:25 INFO  : 'con' command is executed.
16:48:25 INFO  : ----------------XSDB Script (After Launch)----------------
targets -set -nocase -filter {name =~"*A53*0" && jtag_cable_name =~ "Digilent JTAG-SMT2NC 210308A7A5CC"} -index 1
con
----------------End of Script----------------

16:48:25 INFO  : Launch script is exported to file '/home/shubham/Vivado_Exercises/customWalaProject/.sdk/launch_scripts/xilinx_c-c++_application_(system_debugger)/system_debugger_using_debug_customtest.elf_on_local.tcl'
16:49:57 INFO  : Disconnected from the channel tcfchan#4.
16:49:58 INFO  : Connected to target on host '127.0.0.1' and port '3121'.
16:49:58 INFO  : Jtag cable 'Digilent JTAG-SMT2NC 210308A7A5CC' is selected.
16:49:58 INFO  : 'jtag frequency' command is executed.
16:49:58 INFO  : Sourcing of '/home/shubham/Xilinx2018.3/SDK/2018.3/scripts/sdk/util/zynqmp_utils.tcl' is done.
16:49:58 INFO  : Context for 'APU' is selected.
16:49:58 INFO  : Hardware design information is loaded from '/home/shubham/Vivado_Exercises/customWalaProject/design_1_wrapper_hw_platform_0/system.hdf'.
16:49:58 INFO  : 'configparams force-mem-access 1' command is executed.
16:49:58 INFO  : Context for 'APU' is selected.
16:49:58 INFO  : Sourcing of '/home/shubham/Vivado_Exercises/customWalaProject/design_1_wrapper_hw_platform_0/psu_init.tcl' is done.
16:49:58 INFO  : 'psu_init' command is executed.
16:49:59 INFO  : 'after 1000' command is executed.
16:49:59 INFO  : 'psu_ps_pl_isolation_removal' command is executed.
16:50:00 INFO  : 'after 1000' command is executed.
16:50:00 INFO  : 'psu_ps_pl_reset_config' command is executed.
16:50:00 INFO  : 'catch {psu_protection}' command is executed.
16:50:00 INFO  : Context for processor 'psu_cortexa53_0' is selected.
16:50:00 INFO  : Processor reset is completed for 'psu_cortexa53_0'.
16:50:01 INFO  : The application '/home/shubham/Vivado_Exercises/customWalaProject/customTest/Debug/customTest.elf' is downloaded to processor 'psu_cortexa53_0'.
16:50:01 INFO  : 'configparams force-mem-access 0' command is executed.
16:50:01 INFO  : ----------------XSDB Script----------------
connect -url tcp:127.0.0.1:3121
source /home/shubham/Xilinx2018.3/SDK/2018.3/scripts/sdk/util/zynqmp_utils.tcl
targets -set -nocase -filter {name =~"APU*" && jtag_cable_name =~ "Digilent JTAG-SMT2NC 210308A7A5CC"} -index 1
loadhw -hw /home/shubham/Vivado_Exercises/customWalaProject/design_1_wrapper_hw_platform_0/system.hdf -mem-ranges [list {0x80000000 0xbfffffff} {0x400000000 0x5ffffffff} {0x1000000000 0x7fffffffff}]
configparams force-mem-access 1
targets -set -nocase -filter {name =~"APU*" && jtag_cable_name =~ "Digilent JTAG-SMT2NC 210308A7A5CC"} -index 1
source /home/shubham/Vivado_Exercises/customWalaProject/design_1_wrapper_hw_platform_0/psu_init.tcl
psu_init
after 1000
psu_ps_pl_isolation_removal
after 1000
psu_ps_pl_reset_config
catch {psu_protection}
targets -set -nocase -filter {name =~"*A53*0" && jtag_cable_name =~ "Digilent JTAG-SMT2NC 210308A7A5CC"} -index 1
rst -processor
dow /home/shubham/Vivado_Exercises/customWalaProject/customTest/Debug/customTest.elf
configparams force-mem-access 0
----------------End of Script----------------

16:50:01 INFO  : Context for processor 'psu_cortexa53_0' is selected.
16:50:01 INFO  : 'con' command is executed.
16:50:01 INFO  : ----------------XSDB Script (After Launch)----------------
targets -set -nocase -filter {name =~"*A53*0" && jtag_cable_name =~ "Digilent JTAG-SMT2NC 210308A7A5CC"} -index 1
con
----------------End of Script----------------

16:50:01 INFO  : Launch script is exported to file '/home/shubham/Vivado_Exercises/customWalaProject/.sdk/launch_scripts/xilinx_c-c++_application_(system_debugger)/system_debugger_using_debug_customtest.elf_on_local.tcl'
16:50:49 INFO  : Disconnected from the channel tcfchan#5.
17:50:28 INFO  : Registering command handlers for SDK TCF services
17:50:28 INFO  : Launching XSCT server: xsct -n -interactive /home/shubham/Vivado_Exercises/customWalaProject/temp_xsdb_launch_script.tcl
17:50:30 INFO  : XSCT server has started successfully.
17:50:30 INFO  : Successfully done setting XSCT server connection channel  
17:50:30 INFO  : Successfully done setting SDK workspace  
17:50:30 INFO  : Processing command line option -hwspec /home/shubham/Vivado_Exercises/customWalaProject/customWalaProject.sdk/design_1_wrapper.hdf.
17:50:30 INFO  : Checking for hwspec changes in the project design_1_wrapper_hw_platform_0.
17:50:59 INFO  : Connected to target on host '127.0.0.1' and port '3121'.
17:51:22 INFO  : Jtag cable 'Digilent JTAG-SMT2NC 210308A7A5CC' is selected.
17:51:22 INFO  : 'jtag frequency' command is executed.
17:51:22 INFO  : Sourcing of '/home/shubham/Xilinx2018.3/SDK/2018.3/scripts/sdk/util/zynqmp_utils.tcl' is done.
17:51:22 INFO  : Context for 'APU' is selected.
17:51:22 INFO  : Hardware design information is loaded from '/home/shubham/Vivado_Exercises/customWalaProject/design_1_wrapper_hw_platform_0/system.hdf'.
17:51:22 INFO  : 'configparams force-mem-access 1' command is executed.
17:51:22 INFO  : Context for 'APU' is selected.
17:51:22 INFO  : Sourcing of '/home/shubham/Vivado_Exercises/customWalaProject/design_1_wrapper_hw_platform_0/psu_init.tcl' is done.
17:51:23 INFO  : 'psu_init' command is executed.
17:51:24 INFO  : 'after 1000' command is executed.
17:51:24 INFO  : 'psu_ps_pl_isolation_removal' command is executed.
17:51:25 INFO  : 'after 1000' command is executed.
17:51:25 INFO  : 'psu_ps_pl_reset_config' command is executed.
17:51:25 INFO  : 'catch {psu_protection}' command is executed.
17:51:25 INFO  : Context for processor 'psu_cortexa53_0' is selected.
17:51:25 INFO  : Processor reset is completed for 'psu_cortexa53_0'.
17:51:25 INFO  : The application '/home/shubham/Vivado_Exercises/customWalaProject/customTest/Debug/customTest.elf' is downloaded to processor 'psu_cortexa53_0'.
17:51:25 INFO  : 'configparams force-mem-access 0' command is executed.
17:51:25 INFO  : ----------------XSDB Script----------------
connect -url tcp:127.0.0.1:3121
source /home/shubham/Xilinx2018.3/SDK/2018.3/scripts/sdk/util/zynqmp_utils.tcl
targets -set -nocase -filter {name =~"APU*" && jtag_cable_name =~ "Digilent JTAG-SMT2NC 210308A7A5CC"} -index 1
loadhw -hw /home/shubham/Vivado_Exercises/customWalaProject/design_1_wrapper_hw_platform_0/system.hdf -mem-ranges [list {0x80000000 0xbfffffff} {0x400000000 0x5ffffffff} {0x1000000000 0x7fffffffff}]
configparams force-mem-access 1
targets -set -nocase -filter {name =~"APU*" && jtag_cable_name =~ "Digilent JTAG-SMT2NC 210308A7A5CC"} -index 1
source /home/shubham/Vivado_Exercises/customWalaProject/design_1_wrapper_hw_platform_0/psu_init.tcl
psu_init
after 1000
psu_ps_pl_isolation_removal
after 1000
psu_ps_pl_reset_config
catch {psu_protection}
targets -set -nocase -filter {name =~"*A53*0" && jtag_cable_name =~ "Digilent JTAG-SMT2NC 210308A7A5CC"} -index 1
rst -processor
dow /home/shubham/Vivado_Exercises/customWalaProject/customTest/Debug/customTest.elf
configparams force-mem-access 0
----------------End of Script----------------

17:51:25 INFO  : Context for processor 'psu_cortexa53_0' is selected.
17:51:25 INFO  : 'con' command is executed.
17:51:25 INFO  : ----------------XSDB Script (After Launch)----------------
targets -set -nocase -filter {name =~"*A53*0" && jtag_cable_name =~ "Digilent JTAG-SMT2NC 210308A7A5CC"} -index 1
con
----------------End of Script----------------

17:51:25 INFO  : Launch script is exported to file '/home/shubham/Vivado_Exercises/customWalaProject/.sdk/launch_scripts/xilinx_c-c++_application_(system_debugger)/system_debugger_using_debug_customtest.elf_on_local.tcl'
18:57:08 INFO  : SDK has detected change in the last modified timestamps for source hardware specification file Source:1578058024000,  Project:1578050221000
18:57:08 INFO  : Project design_1_wrapper_hw_platform_0's source hardware specification located at /home/shubham/Vivado_Exercises/customWalaProject/customWalaProject.sdk/design_1_wrapper.hdf is now different from the local copy.
		 The local copy will be replaced with the source specification and your workspace will be updated.
18:57:09 INFO  : Copied contents of /home/shubham/Vivado_Exercises/customWalaProject/customWalaProject.sdk/design_1_wrapper.hdf into /design_1_wrapper_hw_platform_0/system.hdf.
18:57:15 INFO  : Synchronizing projects in the workspace with the hardware platform specification changes.
18:57:18 INFO  : 
18:57:19 INFO  : Updating hardware inferred compiler options for customTest.
18:57:19 INFO  : Clearing existing target manager status.
18:59:15 INFO  : Connected to target on host '127.0.0.1' and port '3121'.
18:59:16 INFO  : Jtag cable 'Digilent JTAG-SMT2NC 210308A7A5CC' is selected.
18:59:16 INFO  : 'jtag frequency' command is executed.
18:59:16 INFO  : Sourcing of '/home/shubham/Xilinx2018.3/SDK/2018.3/scripts/sdk/util/zynqmp_utils.tcl' is done.
18:59:16 INFO  : Context for 'APU' is selected.
18:59:16 INFO  : Hardware design information is loaded from '/home/shubham/Vivado_Exercises/customWalaProject/design_1_wrapper_hw_platform_0/system.hdf'.
18:59:16 INFO  : 'configparams force-mem-access 1' command is executed.
18:59:16 INFO  : Context for 'APU' is selected.
18:59:16 INFO  : Sourcing of '/home/shubham/Vivado_Exercises/customWalaProject/design_1_wrapper_hw_platform_0/psu_init.tcl' is done.
18:59:16 INFO  : 'psu_init' command is executed.
18:59:16 INFO  : 'catch {psu_protection}' command is executed.
18:59:16 INFO  : Context for processor 'psu_cortexa53_0' is selected.
18:59:16 INFO  : Processor reset is completed for 'psu_cortexa53_0'.
18:59:16 INFO  : The application '/home/shubham/Vivado_Exercises/customWalaProject/customTest/Debug/customTest.elf' is downloaded to processor 'psu_cortexa53_0'.
18:59:16 INFO  : 'configparams force-mem-access 0' command is executed.
18:59:16 INFO  : ----------------XSDB Script----------------
connect -url tcp:127.0.0.1:3121
source /home/shubham/Xilinx2018.3/SDK/2018.3/scripts/sdk/util/zynqmp_utils.tcl
targets -set -nocase -filter {name =~"APU*" && jtag_cable_name =~ "Digilent JTAG-SMT2NC 210308A7A5CC"} -index 1
loadhw -hw /home/shubham/Vivado_Exercises/customWalaProject/design_1_wrapper_hw_platform_0/system.hdf -mem-ranges [list {0x80000000 0xbfffffff} {0x400000000 0x5ffffffff} {0x1000000000 0x7fffffffff}]
configparams force-mem-access 1
targets -set -nocase -filter {name =~"APU*" && jtag_cable_name =~ "Digilent JTAG-SMT2NC 210308A7A5CC"} -index 1
source /home/shubham/Vivado_Exercises/customWalaProject/design_1_wrapper_hw_platform_0/psu_init.tcl
psu_init
catch {psu_protection}
targets -set -nocase -filter {name =~"*A53*0" && jtag_cable_name =~ "Digilent JTAG-SMT2NC 210308A7A5CC"} -index 1
rst -processor
dow /home/shubham/Vivado_Exercises/customWalaProject/customTest/Debug/customTest.elf
configparams force-mem-access 0
----------------End of Script----------------

18:59:17 INFO  : Context for processor 'psu_cortexa53_0' is selected.
18:59:17 INFO  : 'con' command is executed.
18:59:17 INFO  : ----------------XSDB Script (After Launch)----------------
targets -set -nocase -filter {name =~"*A53*0" && jtag_cable_name =~ "Digilent JTAG-SMT2NC 210308A7A5CC"} -index 1
con
----------------End of Script----------------

18:59:17 INFO  : Launch script is exported to file '/home/shubham/Vivado_Exercises/customWalaProject/.sdk/launch_scripts/xilinx_c-c++_application_(system_debugger)/system_debugger_using_debug_customtest.elf_on_local.tcl'
19:08:59 INFO  : SDK has detected change in the last modified timestamps for source hardware specification file Source:1578058734000,  Project:1578058024000
19:08:59 INFO  : Project design_1_wrapper_hw_platform_0's source hardware specification located at /home/shubham/Vivado_Exercises/customWalaProject/customWalaProject.sdk/design_1_wrapper.hdf is now different from the local copy.
		 The local copy will be replaced with the source specification and your workspace will be updated.
19:09:01 INFO  : Copied contents of /home/shubham/Vivado_Exercises/customWalaProject/customWalaProject.sdk/design_1_wrapper.hdf into /design_1_wrapper_hw_platform_0/system.hdf.
19:09:06 INFO  : Synchronizing projects in the workspace with the hardware platform specification changes.
19:09:07 INFO  : 
19:09:08 INFO  : Updating hardware inferred compiler options for customTest.
19:09:08 INFO  : Clearing existing target manager status.
19:09:38 INFO  : Disconnected from the channel tcfchan#1.
19:09:39 INFO  : Connected to target on host '127.0.0.1' and port '3121'.
19:09:39 INFO  : Jtag cable 'Digilent JTAG-SMT2NC 210308A7A5CC' is selected.
19:09:39 INFO  : 'jtag frequency' command is executed.
19:09:39 INFO  : Sourcing of '/home/shubham/Xilinx2018.3/SDK/2018.3/scripts/sdk/util/zynqmp_utils.tcl' is done.
19:09:39 INFO  : Context for 'APU' is selected.
19:09:39 INFO  : Hardware design information is loaded from '/home/shubham/Vivado_Exercises/customWalaProject/design_1_wrapper_hw_platform_0/system.hdf'.
19:09:39 INFO  : 'configparams force-mem-access 1' command is executed.
19:09:39 INFO  : Context for 'APU' is selected.
19:09:39 INFO  : Sourcing of '/home/shubham/Vivado_Exercises/customWalaProject/design_1_wrapper_hw_platform_0/psu_init.tcl' is done.
19:09:39 INFO  : 'psu_init' command is executed.
19:09:39 INFO  : 'catch {psu_protection}' command is executed.
19:09:39 INFO  : Context for processor 'psu_cortexa53_0' is selected.
19:09:39 INFO  : Processor reset is completed for 'psu_cortexa53_0'.
19:09:40 INFO  : The application '/home/shubham/Vivado_Exercises/customWalaProject/customTest/Debug/customTest.elf' is downloaded to processor 'psu_cortexa53_0'.
19:09:40 INFO  : 'configparams force-mem-access 0' command is executed.
19:09:40 INFO  : ----------------XSDB Script----------------
connect -url tcp:127.0.0.1:3121
source /home/shubham/Xilinx2018.3/SDK/2018.3/scripts/sdk/util/zynqmp_utils.tcl
targets -set -nocase -filter {name =~"APU*" && jtag_cable_name =~ "Digilent JTAG-SMT2NC 210308A7A5CC"} -index 1
loadhw -hw /home/shubham/Vivado_Exercises/customWalaProject/design_1_wrapper_hw_platform_0/system.hdf -mem-ranges [list {0x80000000 0xbfffffff} {0x400000000 0x5ffffffff} {0x1000000000 0x7fffffffff}]
configparams force-mem-access 1
targets -set -nocase -filter {name =~"APU*" && jtag_cable_name =~ "Digilent JTAG-SMT2NC 210308A7A5CC"} -index 1
source /home/shubham/Vivado_Exercises/customWalaProject/design_1_wrapper_hw_platform_0/psu_init.tcl
psu_init
catch {psu_protection}
targets -set -nocase -filter {name =~"*A53*0" && jtag_cable_name =~ "Digilent JTAG-SMT2NC 210308A7A5CC"} -index 1
rst -processor
dow /home/shubham/Vivado_Exercises/customWalaProject/customTest/Debug/customTest.elf
configparams force-mem-access 0
----------------End of Script----------------

19:09:40 INFO  : Context for processor 'psu_cortexa53_0' is selected.
19:09:40 INFO  : 'con' command is executed.
19:09:40 INFO  : ----------------XSDB Script (After Launch)----------------
targets -set -nocase -filter {name =~"*A53*0" && jtag_cable_name =~ "Digilent JTAG-SMT2NC 210308A7A5CC"} -index 1
con
----------------End of Script----------------

19:09:40 INFO  : Launch script is exported to file '/home/shubham/Vivado_Exercises/customWalaProject/.sdk/launch_scripts/xilinx_c-c++_application_(system_debugger)/system_debugger_using_debug_customtest.elf_on_local.tcl'
19:14:02 WARN  : channel "tcfchan#1" closed
19:14:02 INFO  : Disconnected from the channel tcfchan#2.
