#-----------------------------------------------------------
# Webtalk v2018.3 (64-bit)
# SW Build 2405991 on Thu Dec  6 23:36:41 MST 2018
# 
# Start of session at: Fri Dec 27 00:55:04 2019
# Process ID: 12372
# Current directory: /home/shubham/Vivado_Exercises/first_zynq_design/first_zynq_design.sdk/webtalk
# Command line: wbtcv -mode batch -source sdk_webtalk.tcl
# Log file: /home/shubham/Vivado_Exercises/first_zynq_design/first_zynq_design.sdk/webtalk/webtalk.log
# Journal file: /home/shubham/Vivado_Exercises/first_zynq_design/first_zynq_design.sdk/webtalk/webtalk.jou
#-----------------------------------------------------------
source sdk_webtalk.tcl
# webtalk_init -webtalk_dir /home/shubham/Vivado_Exercises/first_zynq_design/first_zynq_design.sdk/webtalk
# webtalk_register_client -client project
# webtalk_add_data -client project -key date_generated -value "2019-12-27 00:55:03" -context "software_version_and_target_device"
# webtalk_add_data -client project -key product_version -value "SDK v2018.3" -context "software_version_and_target_device"
# webtalk_add_data -client project -key build_version -value "2018.3" -context "software_version_and_target_device"
# webtalk_add_data -client project -key os_platform -value "amd64" -context "software_version_and_target_device"
# webtalk_add_data -client project -key registration_id -value "211528478_1777544339_210704364_923" -context "software_version_and_target_device"
# webtalk_add_data -client project -key tool_flow -value "SDK" -context "software_version_and_target_device"
# webtalk_add_data -client project -key beta -value "false" -context "software_version_and_target_device"
# webtalk_add_data -client project -key route_design -value "NA" -context "software_version_and_target_device"
# webtalk_add_data -client project -key target_family -value "NA" -context "software_version_and_target_device"
# webtalk_add_data -client project -key target_device -value "NA" -context "software_version_and_target_device"
# webtalk_add_data -client project -key target_package -value "NA" -context "software_version_and_target_device"
# webtalk_add_data -client project -key target_speed -value "NA" -context "software_version_and_target_device"
# webtalk_add_data -client project -key random_id -value "eaqpl6vuefrlrvdhkrognb8k0n" -context "software_version_and_target_device"
# webtalk_add_data -client project -key project_id -value "2018.3_13" -context "software_version_and_target_device"
# webtalk_add_data -client project -key project_iteration -value "13" -context "software_version_and_target_device"
# webtalk_add_data -client project -key os_name -value "Ubuntu" -context "user_environment"
# webtalk_add_data -client project -key os_release -value "Ubuntu 18.04.1 LTS" -context "user_environment"
# webtalk_add_data -client project -key cpu_name -value "Intel(R) Core(TM) i7-8700 CPU @ 3.20GHz" -context "user_environment"
# webtalk_add_data -client project -key cpu_speed -value "4357.711 MHz" -context "user_environment"
# webtalk_add_data -client project -key total_processors -value "1" -context "user_environment"
# webtalk_add_data -client project -key system_ram -value "16.646 GB" -context "user_environment"
# webtalk_register_client -client sdk
# webtalk_add_data -client sdk -key uid -value "1577388038000" -context "sdk\\\\bsp/1577388038000"
# webtalk_add_data -client sdk -key hwid -value "1577387368000" -context "sdk\\\\bsp/1577388038000"
# webtalk_add_data -client sdk -key os -value "standalone" -context "sdk\\\\bsp/1577388038000"
# webtalk_add_data -client sdk -key apptemplate -value "empty_application" -context "sdk\\\\bsp/1577388038000"
# webtalk_add_data -client sdk -key RecordType -value "BSPCreation" -context "sdk\\\\bsp/1577388038000"
# webtalk_add_data -client sdk -key uid -value "1577388039000" -context "sdk\\\\application/1577388039000"
# webtalk_add_data -client sdk -key hwid -value "1577387368000" -context "sdk\\\\application/1577388039000"
# webtalk_add_data -client sdk -key bspid -value "1577388038000" -context "sdk\\\\application/1577388039000"
# webtalk_add_data -client sdk -key newbsp -value "true" -context "sdk\\\\application/1577388039000"
# webtalk_add_data -client sdk -key os -value "standalone" -context "sdk\\\\application/1577388039000"
# webtalk_add_data -client sdk -key apptemplate -value "empty_application" -context "sdk\\\\application/1577388039000"
# webtalk_add_data -client sdk -key RecordType -value "APPCreation" -context "sdk\\\\application/1577388039000"
# webtalk_add_data -client sdk -key LangUsed -value "C" -context "sdk\\\\application/1577388039000"
# webtalk_add_data -client sdk -key Procused -value "psu_cortexa53" -context "sdk\\\\application/1577388039000"
# webtalk_add_data -client sdk -key projSize -value "264.6640625" -context "sdk\\\\application/1577388039000"
# webtalk_add_data -client sdk -key uid -value "NA" -context "sdk\\\\bsp/1577388303891"
# webtalk_add_data -client sdk -key RecordType -value "ToolUsage" -context "sdk\\\\bsp/1577388303891"
# webtalk_add_data -client sdk -key BootgenCount -value "0" -context "sdk\\\\bsp/1577388303891"
# webtalk_add_data -client sdk -key DebugCount -value "0" -context "sdk\\\\bsp/1577388303891"
# webtalk_add_data -client sdk -key PerfCount -value "0" -context "sdk\\\\bsp/1577388303891"
# webtalk_add_data -client sdk -key FlashCount -value "0" -context "sdk\\\\bsp/1577388303891"
# webtalk_add_data -client sdk -key CrossTriggCount -value "0" -context "sdk\\\\bsp/1577388303891"
# webtalk_add_data -client sdk -key QemuDebugCount -value "0" -context "sdk\\\\bsp/1577388303891"
# webtalk_transmit -clientid 1702422410 -regid "211528478_1777544339_210704364_923" -xml /home/shubham/Vivado_Exercises/first_zynq_design/first_zynq_design.sdk/webtalk/usage_statistics_ext_sdk.xml -html /home/shubham/Vivado_Exercises/first_zynq_design/first_zynq_design.sdk/webtalk/usage_statistics_ext_sdk.html -wdm /home/shubham/Vivado_Exercises/first_zynq_design/first_zynq_design.sdk/webtalk/sdk_webtalk.wdm -intro "<H3>SDK Usage Report</H3><BR>"
# webtalk_terminate
INFO: [Common 17-206] Exiting Webtalk at Fri Dec 27 00:55:04 2019...
