Vivado Simulator 2018.3
Copyright 1986-1999, 2001-2018 Xilinx, Inc. All Rights Reserved.
Running: /home/shubham/Xilinx2018.3/Vivado/2018.3/bin/unwrapped/lnx64.o/xelab -wto 2bca4621c1be4c6daa0644a0e821ffb9 --incr --debug typical --relax --mt 8 -L ecc_v2_0_12 -L fec_5g_common_v1_1_0 -L polar_v1_0_2 -L xil_defaultlib -L unisims_ver -L unimacro_ver -L secureip -L xpm --snapshot example_tb_behav xil_defaultlib.example_tb xil_defaultlib.glbl -log elaborate.log 
Using 8 slave threads.
Starting static elaboration
Completed static elaboration
Starting simulation data flow analysis
Completed simulation data flow analysis
Time Resolution for simulation is 1ps
Compiling package polar_v1_0_2.polar_v1_0_2_common_pkg
Compiling package fec_5g_common_v1_1_0.fec_5g_common_v1_1_0_pkg
Compiling package polar_v1_0_2.polar_v1_0_2_axi_lite_pkg
Compiling package polar_v1_0_2.polar_v1_0_2_pkg
Compiling package polar_v1_0_2.polar_v1_0_2_pd_pkg
Compiling package polar_v1_0_2.polar_v1_0_2_crc_pkg
Compiling package polar_v1_0_2.polar_v1_0_2_interleave_pkg
Compiling module xil_defaultlib.writeAxiStream(TAG="CTRL")
Compiling module xil_defaultlib.writeAxiStream(BPT=16,WIDTH=128,...
Compiling module xil_defaultlib.readAxiStream(TAG="STATUS")
Compiling module xil_defaultlib.readAxiStream(BPT=16,WIDTH=128,T...
Compiling module xil_defaultlib.writeAxiStream(BPT=1,WIDTH=8,TAG...
Compiling module xil_defaultlib.writeAxiStream(BPT=1,WIDTH=8,TAG...
Compiling module polar_v1_0_2.polar_v1_0_2_reset
Compiling module fec_5g_common_v1_1_0.fec_5g_common_v1_1_0_fifo_ctrl(D...
Compiling module fec_5g_common_v1_1_0.fec_5g_common_v1_1_0_fifo(DTYPE=...
Compiling module fec_5g_common_v1_1_0.fec_5g_common_v1_1_0_fifo(DTYPE=...
Compiling module fec_5g_common_v1_1_0.fec_5g_common_v1_1_0_fifo_ctrl(D...
Compiling module fec_5g_common_v1_1_0.fec_5g_common_v1_1_0_fifo(DTYPE=...
Compiling module polar_v1_0_2.polar_v1_0_2_axi_lite_conv_rd
Compiling module polar_v1_0_2.polar_v1_0_2_axi_lite_conv
Compiling module fec_5g_common_v1_1_0.fec_5g_common_v1_1_0_fifo(DTYPE=...
Compiling module fec_5g_common_v1_1_0.fec_5g_common_v1_1_0_fifo(DTYPE=...
Compiling module fec_5g_common_v1_1_0.fec_5g_common_v1_1_0_fifo(DTYPE=...
Compiling module fec_5g_common_v1_1_0.fec_5g_common_v1_1_0_fifo(DTYPE=...
Compiling module fec_5g_common_v1_1_0.fec_5g_common_v1_1_0_fifo(DTYPE=...
Compiling module fec_5g_common_v1_1_0.fec_5g_common_v1_1_0_fifo(DTYPE=...
Compiling module polar_v1_0_2.polar_v1_0_2_wrapper_top
Compiling module polar_v1_0_2.polar_v1_0_2_reg_decode_rd(REG_A...
Compiling module polar_v1_0_2.polar_v1_0_2_reg_decode_wr(REG_A...
Compiling module ecc_v2_0_12.ecc_v2_0_12_reg_stage(C_DATA_WID...
Compiling module ecc_v2_0_12.ecc_v2_0_12_hsiao_gen(CODE_WIDTH...
Compiling module ecc_v2_0_12.ecc_v2_0_12_reg_stage(C_DATA_WID...
Compiling module ecc_v2_0_12.ecc_v2_0_12_reg_stage(C_DATA_WID...
Compiling module ecc_v2_0_12.ecc_v2_0_12_hsiao_enc(C_DATA_WID...
Compiling module ecc_v2_0_12.ecc_v2_0_12(C_FAMILY="zynquplus"...
Compiling module fec_5g_common_v1_1_0.fec_5g_common_v1_1_0_pipe_reg(DT...
Compiling module fec_5g_common_v1_1_0.fec_5g_common_v1_1_0_pipe_reg(DT...
Compiling module fec_5g_common_v1_1_0.fec_5g_common_v1_1_0_sdp_ram_rtl...
Compiling module fec_5g_common_v1_1_0.fec_5g_common_v1_1_0_pipe_reg(DT...
Compiling module ecc_v2_0_12.ecc_v2_0_12_reg_stage(C_DATA_WID...
Compiling module ecc_v2_0_12.ecc_v2_0_12_reg_stage(C_DATA_WID...
Compiling module ecc_v2_0_12.ecc_v2_0_12_reg_stage(C_DATA_WID...
Compiling module ecc_v2_0_12.ecc_v2_0_12_hsiao_dec(C_DATA_WID...
Compiling module ecc_v2_0_12.ecc_v2_0_12(C_FAMILY="zynquplus"...
Compiling module fec_5g_common_v1_1_0.fec_5g_common_v1_1_0_sdp_ram(C_X...
Compiling module ecc_v2_0_12.ecc_v2_0_12_reg_stage(C_DATA_WID...
Compiling module ecc_v2_0_12.ecc_v2_0_12_hsiao_gen(CODE_WIDTH...
Compiling module ecc_v2_0_12.ecc_v2_0_12_reg_stage(C_DATA_WID...
Compiling module ecc_v2_0_12.ecc_v2_0_12_reg_stage(C_DATA_WID...
Compiling module ecc_v2_0_12.ecc_v2_0_12_hsiao_enc(C_DATA_WID...
Compiling module ecc_v2_0_12.ecc_v2_0_12(C_FAMILY="zynquplus"...
Compiling module fec_5g_common_v1_1_0.fec_5g_common_v1_1_0_pipe_reg(DT...
Compiling module fec_5g_common_v1_1_0.fec_5g_common_v1_1_0_pipe_reg(DT...
Compiling module fec_5g_common_v1_1_0.fec_5g_common_v1_1_0_sdp_ram_rtl...
Compiling module ecc_v2_0_12.ecc_v2_0_12_reg_stage(C_DATA_WID...
Compiling module ecc_v2_0_12.ecc_v2_0_12_reg_stage(C_DATA_WID...
Compiling module ecc_v2_0_12.ecc_v2_0_12_reg_stage(C_DATA_WID...
Compiling module ecc_v2_0_12.ecc_v2_0_12_hsiao_dec(C_DATA_WID...
Compiling module ecc_v2_0_12.ecc_v2_0_12(C_FAMILY="zynquplus"...
Compiling module fec_5g_common_v1_1_0.fec_5g_common_v1_1_0_sdp_ram(C_X...
Compiling module ecc_v2_0_12.ecc_v2_0_12_reg_stage(C_DATA_WID...
Compiling module ecc_v2_0_12.ecc_v2_0_12_hsiao_gen(CODE_WIDTH...
Compiling module ecc_v2_0_12.ecc_v2_0_12_reg_stage(C_DATA_WID...
Compiling module ecc_v2_0_12.ecc_v2_0_12_reg_stage(C_DATA_WID...
Compiling module ecc_v2_0_12.ecc_v2_0_12_hsiao_enc(C_DATA_WID...
Compiling module ecc_v2_0_12.ecc_v2_0_12(C_FAMILY="zynquplus"...
Compiling module fec_5g_common_v1_1_0.fec_5g_common_v1_1_0_pipe_reg(DT...
Compiling module fec_5g_common_v1_1_0.fec_5g_common_v1_1_0_pipe_reg(DT...
Compiling module fec_5g_common_v1_1_0.fec_5g_common_v1_1_0_sdp_ram_rtl...
Compiling module ecc_v2_0_12.ecc_v2_0_12_reg_stage(C_DATA_WID...
Compiling module ecc_v2_0_12.ecc_v2_0_12_reg_stage(C_DATA_WID...
Compiling module ecc_v2_0_12.ecc_v2_0_12_reg_stage(C_DATA_WID...
Compiling module ecc_v2_0_12.ecc_v2_0_12_hsiao_dec(C_DATA_WID...
Compiling module ecc_v2_0_12.ecc_v2_0_12(C_FAMILY="zynquplus"...
Compiling module fec_5g_common_v1_1_0.fec_5g_common_v1_1_0_sdp_ram(C_X...
Compiling module ecc_v2_0_12.ecc_v2_0_12_reg_stage(C_DATA_WID...
Compiling module ecc_v2_0_12.ecc_v2_0_12_hsiao_gen(CODE_WIDTH...
Compiling module ecc_v2_0_12.ecc_v2_0_12_reg_stage(C_DATA_WID...
Compiling module ecc_v2_0_12.ecc_v2_0_12_reg_stage(C_DATA_WID...
Compiling module ecc_v2_0_12.ecc_v2_0_12_hsiao_enc(C_DATA_WID...
Compiling module ecc_v2_0_12.ecc_v2_0_12(C_FAMILY="zynquplus"...
Compiling module fec_5g_common_v1_1_0.fec_5g_common_v1_1_0_pipe_reg(DT...
Compiling module fec_5g_common_v1_1_0.fec_5g_common_v1_1_0_pipe_reg(DT...
Compiling module fec_5g_common_v1_1_0.fec_5g_common_v1_1_0_sdp_ram_rtl...
Compiling module ecc_v2_0_12.ecc_v2_0_12_reg_stage(C_DATA_WID...
Compiling module ecc_v2_0_12.ecc_v2_0_12_reg_stage(C_DATA_WID...
Compiling module ecc_v2_0_12.ecc_v2_0_12_reg_stage(C_DATA_WID...
Compiling module ecc_v2_0_12.ecc_v2_0_12_hsiao_dec(C_DATA_WID...
Compiling module ecc_v2_0_12.ecc_v2_0_12(C_FAMILY="zynquplus"...
Compiling module fec_5g_common_v1_1_0.fec_5g_common_v1_1_0_sdp_ram(C_X...
Compiling module polar_v1_0_2.polar_v1_0_2_axi_lite_if(C_XDEVI...
Compiling module polar_v1_0_2.polar_v1_0_2_ctrl_if(ENCODE=1'b1...
Compiling module fec_5g_common_v1_1_0.fec_5g_common_v1_1_0_fifo(DTYPE=...
Compiling module polar_v1_0_2.polar_v1_0_2_axis_fork2(DTYPE=po...
Compiling module fec_5g_common_v1_1_0.fec_5g_common_v1_1_0_words_if(EN...
Compiling module fec_5g_common_v1_1_0.fec_5g_common_v1_1_0_fifo(DTYPE=...
Compiling module fec_5g_common_v1_1_0.fec_5g_common_v1_1_0_din_words_i...
Compiling module polar_v1_0_2.polar_v1_0_2_ip_addr_gen(ENCODE=...
Compiling module fec_5g_common_v1_1_0.fec_5g_common_v1_1_0_srl_fifo(WI...
Compiling module fec_5g_common_v1_1_0.fec_5g_common_v1_1_0_fifo(DTYPE=...
Compiling module fec_5g_common_v1_1_0.fec_5g_common_v1_1_0_tlast_check
Compiling module fec_5g_common_v1_1_0.fec_5g_common_v1_1_0_gearbox_ctr...
Compiling module fec_5g_common_v1_1_0.fec_5g_common_v1_1_0_gearbox(OP_...
Compiling module fec_5g_common_v1_1_0.fec_5g_common_v1_1_0_srl_fifo(WI...
Compiling module fec_5g_common_v1_1_0.fec_5g_common_v1_1_0_fifo(DTYPE=...
Compiling module fec_5g_common_v1_1_0.fec_5g_common_v1_1_0_srl_fifo(WI...
Compiling module fec_5g_common_v1_1_0.fec_5g_common_v1_1_0_fifo(DTYPE=...
Compiling module polar_v1_0_2.polar_v1_0_2_block_output(DEPTH_...
Compiling module polar_v1_0_2.polar_v1_0_2_ip_if(ENCODE=1'b1)
Compiling module fec_5g_common_v1_1_0.fec_5g_common_v1_1_0_axis_reg(DT...
Compiling module polar_v1_0_2.polar_v1_0_2_param(ECC=1'b1)
Compiling module fec_5g_common_v1_1_0.fec_5g_common_v1_1_0_mem_manage(...
Compiling module polar_v1_0_2.polar_v1_0_2_pe_mem_manage
Compiling module unisims_ver.RAM64X1S
Compiling module fec_5g_common_v1_1_0.fec_5g_common_v1_1_0_srl_fifo(WI...
Compiling module fec_5g_common_v1_1_0.fec_5g_common_v1_1_0_fifo(DTYPE=...
Compiling module fec_5g_common_v1_1_0.fec_5g_common_v1_1_0_fifo(DTYPE=...
Compiling module polar_v1_0_2.polar_v1_0_2_axis_fork2(DTYPE=po...
Compiling module polar_v1_0_2.polar_v1_0_2_pe_schedule(EVAL=1'...
Compiling module polar_v1_0_2.polar_v1_0_2_encoder_ctrl(EVAL=1...
Compiling module fec_5g_common_v1_1_0.fec_5g_common_v1_1_0_fifo(DTYPE=...
Compiling module fec_5g_common_v1_1_0.fec_5g_common_v1_1_0_axis_fork3(...
Compiling module polar_v1_0_2.polar_v1_0_2_pe_addr_gen_default
Compiling module fec_5g_common_v1_1_0.fec_5g_common_v1_1_0_fifo_ctrl(L...
Compiling module fec_5g_common_v1_1_0.fec_5g_common_v1_1_0_fifo(DTYPE=...
Compiling module polar_v1_0_2.polar_v1_0_2_crc_insert_ctrl
Compiling module polar_v1_0_2.polar_v1_0_2_crc_insert
Compiling module fec_5g_common_v1_1_0.fec_5g_common_v1_1_0_srl_fifo(WI...
Compiling module fec_5g_common_v1_1_0.fec_5g_common_v1_1_0_fifo(DTYPE=...
Compiling module fec_5g_common_v1_1_0.fec_5g_common_v1_1_0_srl_fifo(WI...
Compiling module fec_5g_common_v1_1_0.fec_5g_common_v1_1_0_fifo(DTYPE=...
Compiling module fec_5g_common_v1_1_0.fec_5g_common_v1_1_0_gearbox_ctr...
Compiling module fec_5g_common_v1_1_0.fec_5g_common_v1_1_0_gearbox(IP_...
Compiling module fec_5g_common_v1_1_0.fec_5g_common_v1_1_0_srl_fifo(WI...
Compiling module fec_5g_common_v1_1_0.fec_5g_common_v1_1_0_fifo(DTYPE=...
Compiling module fec_5g_common_v1_1_0.fec_5g_common_v1_1_0_axis_reg(DT...
Compiling module polar_v1_0_2.polar_v1_0_2_zero_insert_default
Compiling module polar_v1_0_2.polar_v1_0_2_null_remove_default
Compiling module fec_5g_common_v1_1_0.fec_5g_common_v1_1_0_srl_fifo(WI...
Compiling module fec_5g_common_v1_1_0.fec_5g_common_v1_1_0_fifo(DTYPE=...
Compiling module fec_5g_common_v1_1_0.fec_5g_common_v1_1_0_srl_fifo(WI...
Compiling module fec_5g_common_v1_1_0.fec_5g_common_v1_1_0_fifo(DTYPE=...
Compiling module polar_v1_0_2.polar_v1_0_2_interleave_default
Compiling module fec_5g_common_v1_1_0.fec_5g_common_v1_1_0_srl_fifo(WI...
Compiling module fec_5g_common_v1_1_0.fec_5g_common_v1_1_0_fifo(DTYPE=...
Compiling module fec_5g_common_v1_1_0.fec_5g_common_v1_1_0_srl_fifo(WI...
Compiling module fec_5g_common_v1_1_0.fec_5g_common_v1_1_0_fifo(DTYPE=...
Compiling module fec_5g_common_v1_1_0.fec_5g_common_v1_1_0_gearbox_ctr...
Compiling module fec_5g_common_v1_1_0.fec_5g_common_v1_1_0_gearbox(IP_...
Compiling module fec_5g_common_v1_1_0.fec_5g_common_v1_1_0_srl_fifo(WI...
Compiling module fec_5g_common_v1_1_0.fec_5g_common_v1_1_0_fifo(DTYPE=...
Compiling module polar_v1_0_2.polar_v1_0_2_info_count(ECC=1'b1...
Compiling module polar_v1_0_2.polar_v1_0_2_pc_insert
Compiling module polar_v1_0_2.polar_v1_0_2_pe_xor_array_ctrl(P...
Compiling module polar_v1_0_2.polar_v1_0_2_pe_xor_array_calc(P...
Compiling module polar_v1_0_2.polar_v1_0_2_pe_xor_array(PE_XOA...
Compiling module fec_5g_common_v1_1_0.fec_5g_common_v1_1_0_sdp_ram_rtl...
Compiling module fec_5g_common_v1_1_0.fec_5g_common_v1_1_0_sdp_ram(C_X...
Compiling module fec_5g_common_v1_1_0.fec_5g_common_v1_1_0_sdp_ram_rtl...
Compiling module fec_5g_common_v1_1_0.fec_5g_common_v1_1_0_sdp_ram(C_X...
Compiling module fec_5g_common_v1_1_0.fec_5g_common_v1_1_0_sdp_ram_rtl...
Compiling module fec_5g_common_v1_1_0.fec_5g_common_v1_1_0_sdp_ram(C_X...
Compiling module fec_5g_common_v1_1_0.fec_5g_common_v1_1_0_sdp_ram_rtl...
Compiling module fec_5g_common_v1_1_0.fec_5g_common_v1_1_0_sdp_ram(C_X...
Compiling module polar_v1_0_2.polar_v1_0_2_pe_mem_if(C_XDEVICE...
Compiling module polar_v1_0_2.polar_v1_0_2_encoder(C_XDEVICEFA...
Compiling module polar_v1_0_2.polar_v1_0_2_status_if(ENCODE=1'...
Compiling module fec_5g_common_v1_1_0.fec_5g_common_v1_1_0_fifo(DTYPE=...
Compiling module polar_v1_0_2.polar_v1_0_2_axis_fork2(DTYPE=po...
Compiling module polar_v1_0_2.polar_v1_0_2_op_addr_gen(ENCODE=...
Compiling module polar_v1_0_2.polar_v1_0_2_op_data_mem_if(P_OP...
Compiling module fec_5g_common_v1_1_0.fec_5g_common_v1_1_0_srl_fifo(WI...
Compiling module fec_5g_common_v1_1_0.fec_5g_common_v1_1_0_fifo(DTYPE=...
Compiling module fec_5g_common_v1_1_0.fec_5g_common_v1_1_0_fifo_ctrl(L...
Compiling module fec_5g_common_v1_1_0.fec_5g_common_v1_1_0_fifo(DTYPE=...
Compiling module fec_5g_common_v1_1_0.fec_5g_common_v1_1_0_gearbox_ctr...
Compiling module fec_5g_common_v1_1_0.fec_5g_common_v1_1_0_gearbox(OP_...
Compiling module fec_5g_common_v1_1_0.fec_5g_common_v1_1_0_words_if(EN...
Compiling module fec_5g_common_v1_1_0.fec_5g_common_v1_1_0_fifo(DTYPE=...
Compiling module fec_5g_common_v1_1_0.fec_5g_common_v1_1_0_dout_words_...
Compiling module polar_v1_0_2.polar_v1_0_2_op_if(ENCODE=1'b1,P...
Compiling module fec_5g_common_v1_1_0.fec_5g_common_v1_1_0_mem_manage(...
Compiling module polar_v1_0_2.polar_v1_0_2_activity
Compiling module polar_v1_0_2.polar_v1_0_2_inner_core(C_XDEVIC...
Compiling module polar_v1_0_2.polar_v1_0_2(C_XDEVICEFAMILY="zy...
Compiling module xil_defaultlib.polar_3
Compiling module xil_defaultlib.example_tb
Compiling module xil_defaultlib.glbl
Built simulation snapshot example_tb_behav
