Copyright 1986-2018 Xilinx, Inc. All Rights Reserved.
------------------------------------------------------------------------------------
| Tool Version : Vivado v.2018.3 (lin64) Build 2405991 Thu Dec  6 23:36:41 MST 2018
| Date         : Tue Mar  3 16:54:17 2020
| Host         : shubham-HP-Desktop-Pro-G1-MT running 64-bit Ubuntu 18.04.1 LTS
| Command      : upgrade_ip
| Device       : xczu28dr-ffvg1517-2-e
------------------------------------------------------------------------------------

Upgrade Log for IP 'design_1_datag_0_0'

1. Summary
----------

SUCCESS in the upgrade of design_1_datag_0_0 (xilinx.com:hls:datag:1.0) from (Rev. 2003031622) to (Rev. 2003031654)






Copyright 1986-2018 Xilinx, Inc. All Rights Reserved.
------------------------------------------------------------------------------------
| Tool Version : Vivado v.2018.3 (lin64) Build 2405991 Thu Dec  6 23:36:41 MST 2018
| Date         : Tue Mar  3 16:28:46 2020
| Host         : shubham-HP-Desktop-Pro-G1-MT running 64-bit Ubuntu 18.04.1 LTS
| Command      : upgrade_ip
| Device       : xczu28dr-ffvg1517-2-e
------------------------------------------------------------------------------------

Upgrade Log for IP 'design_1_datag_0_0'

1. Summary
----------

SUCCESS in the upgrade of design_1_datag_0_0 (xilinx.com:hls:datag:1.0) from (Rev. 2003031540) to (Rev. 2003031622)






Copyright 1986-2018 Xilinx, Inc. All Rights Reserved.
------------------------------------------------------------------------------------
| Tool Version : Vivado v.2018.3 (lin64) Build 2405991 Thu Dec  6 23:36:41 MST 2018
| Date         : Tue Mar  3 15:40:42 2020
| Host         : shubham-HP-Desktop-Pro-G1-MT running 64-bit Ubuntu 18.04.1 LTS
| Command      : upgrade_ip
| Device       : xczu28dr-ffvg1517-2-e
------------------------------------------------------------------------------------

Upgrade Log for IP 'design_1_datag_0_0'

1. Summary
----------

SUCCESS in the upgrade of design_1_datag_0_0 (xilinx.com:hls:datag:1.0) from (Rev. 2003031221) to (Rev. 2003031540)






Copyright 1986-2018 Xilinx, Inc. All Rights Reserved.
------------------------------------------------------------------------------------
| Tool Version : Vivado v.2018.3 (lin64) Build 2405991 Thu Dec  6 23:36:41 MST 2018
| Date         : Tue Mar  3 12:22:15 2020
| Host         : shubham-HP-Desktop-Pro-G1-MT running 64-bit Ubuntu 18.04.1 LTS
| Command      : upgrade_ip
| Device       : xczu28dr-ffvg1517-2-e
------------------------------------------------------------------------------------

Upgrade Log for IP 'design_1_datag_0_0'

1. Summary
----------

SUCCESS in the upgrade of design_1_datag_0_0 (xilinx.com:hls:datag:1.0) from (Rev. 2002211005) to (Rev. 2003031221)






Copyright 1986-2018 Xilinx, Inc. All Rights Reserved.
------------------------------------------------------------------------------------
| Tool Version : Vivado v.2018.3 (lin64) Build 2405991 Thu Dec  6 23:36:41 MST 2018
| Date         : Fri Feb 21 10:07:22 2020
| Host         : shubham-HP-Desktop-Pro-G1-MT running 64-bit Ubuntu 18.04.1 LTS
| Command      : upgrade_ip
| Device       : xczu28dr-ffvg1517-2-e
------------------------------------------------------------------------------------

Upgrade Log for IP 'design_1_datag_0_0'

1. Summary
----------

SUCCESS in the upgrade of design_1_datag_0_0 (xilinx.com:hls:datag:1.0) from (Rev. 2002201916) to (Rev. 2002211005)






Copyright 1986-2018 Xilinx, Inc. All Rights Reserved.
------------------------------------------------------------------------------------
| Tool Version : Vivado v.2018.3 (lin64) Build 2405991 Thu Dec  6 23:36:41 MST 2018
| Date         : Thu Feb 20 19:17:15 2020
| Host         : shubham-HP-Desktop-Pro-G1-MT running 64-bit Ubuntu 18.04.1 LTS
| Command      : upgrade_ip
| Device       : xczu28dr-ffvg1517-2-e
------------------------------------------------------------------------------------

Upgrade Log for IP 'design_1_datag_0_0'

1. Summary
----------

SUCCESS in the upgrade of design_1_datag_0_0 (xilinx.com:hls:datag:1.0) from (Rev. 2002192223) to (Rev. 2002201916)






Copyright 1986-2018 Xilinx, Inc. All Rights Reserved.
------------------------------------------------------------------------------------
| Tool Version : Vivado v.2018.3 (lin64) Build 2405991 Thu Dec  6 23:36:41 MST 2018
| Date         : Wed Feb 19 22:23:59 2020
| Host         : shubham-HP-Desktop-Pro-G1-MT running 64-bit Ubuntu 18.04.1 LTS
| Command      : upgrade_ip
| Device       : xczu28dr-ffvg1517-2-e
------------------------------------------------------------------------------------

Upgrade Log for IP 'design_1_datag_0_0'

1. Summary
----------

SUCCESS in the upgrade of design_1_datag_0_0 (xilinx.com:hls:datag:1.0) from (Rev. 2002191903) to (Rev. 2002192223)






Copyright 1986-2018 Xilinx, Inc. All Rights Reserved.
------------------------------------------------------------------------------------
| Tool Version : Vivado v.2018.3 (lin64) Build 2405991 Thu Dec  6 23:36:41 MST 2018
| Date         : Wed Feb 19 19:03:49 2020
| Host         : shubham-HP-Desktop-Pro-G1-MT running 64-bit Ubuntu 18.04.1 LTS
| Command      : upgrade_ip
| Device       : xczu28dr-ffvg1517-2-e
------------------------------------------------------------------------------------

Upgrade Log for IP 'design_1_datag_0_0'

1. Summary
----------

SUCCESS in the upgrade of design_1_datag_0_0 (xilinx.com:hls:datag:1.0) from (Rev. 2002191838) to (Rev. 2002191903)






Copyright 1986-2018 Xilinx, Inc. All Rights Reserved.
------------------------------------------------------------------------------------
| Tool Version : Vivado v.2018.3 (lin64) Build 2405991 Thu Dec  6 23:36:41 MST 2018
| Date         : Wed Feb 19 18:39:11 2020
| Host         : shubham-HP-Desktop-Pro-G1-MT running 64-bit Ubuntu 18.04.1 LTS
| Command      : upgrade_ip
| Device       : xczu28dr-ffvg1517-2-e
------------------------------------------------------------------------------------

Upgrade Log for IP 'design_1_datag_0_0'

1. Summary
----------

SUCCESS in the upgrade of design_1_datag_0_0 (xilinx.com:hls:datag:1.0) from (Rev. 2002191634) to (Rev. 2002191838)

