INFO: [VRFC 10-2263] Analyzing Verilog file "/home/shubham/Vivado_Exercises/PSPolar/PSPolar.ip_user_files/bd/design_1/ip/design_1_zynq_ultra_ps_e_0_0/sim/design_1_zynq_ultra_ps_e_0_0_vip_wrapper.v" into library xil_defaultlib
INFO: [VRFC 10-311] analyzing module design_1_zynq_ultra_ps_e_0_0
INFO: [VRFC 10-2458] undeclared symbol pl_clk1, assumed default net type wire [/home/shubham/Vivado_Exercises/PSPolar/PSPolar.ip_user_files/bd/design_1/ip/design_1_zynq_ultra_ps_e_0_0/sim/design_1_zynq_ultra_ps_e_0_0_vip_wrapper.v:168]
INFO: [VRFC 10-2458] undeclared symbol pl_clk2, assumed default net type wire [/home/shubham/Vivado_Exercises/PSPolar/PSPolar.ip_user_files/bd/design_1/ip/design_1_zynq_ultra_ps_e_0_0/sim/design_1_zynq_ultra_ps_e_0_0_vip_wrapper.v:170]
INFO: [VRFC 10-2458] undeclared symbol pl_clk3, assumed default net type wire [/home/shubham/Vivado_Exercises/PSPolar/PSPolar.ip_user_files/bd/design_1/ip/design_1_zynq_ultra_ps_e_0_0/sim/design_1_zynq_ultra_ps_e_0_0_vip_wrapper.v:172]
INFO: [VRFC 10-2263] Analyzing Verilog file "/home/shubham/Vivado_Exercises/PSPolar/PSPolar.srcs/sources_1/bd/design_1/ipshared/d0e1/hdl/verilog/datag.v" into library xil_defaultlib
INFO: [VRFC 10-311] analyzing module datag
INFO: [VRFC 10-2263] Analyzing Verilog file "/home/shubham/Vivado_Exercises/PSPolar/PSPolar.ip_user_files/bd/design_1/ip/design_1_datag_0_0/sim/design_1_datag_0_0.v" into library xil_defaultlib
INFO: [VRFC 10-311] analyzing module design_1_datag_0_0
INFO: [VRFC 10-2263] Analyzing SystemVerilog file "/home/shubham/Vivado_Exercises/PSPolar/PSPolar.ip_user_files/bd/design_1/ip/design_1_polar_0_0/sim/design_1_polar_0_0.sv" into library xil_defaultlib
INFO: [VRFC 10-311] analyzing module design_1_polar_0_0
INFO: [VRFC 10-2263] Analyzing Verilog file "/home/shubham/Vivado_Exercises/PSPolar/PSPolar.ip_user_files/bd/design_1/ip/design_1_system_ila_0_0/bd_0/sim/bd_f60c.v" into library xil_defaultlib
INFO: [VRFC 10-311] analyzing module bd_f60c
INFO: [VRFC 10-2263] Analyzing Verilog file "/home/shubham/Vivado_Exercises/PSPolar/PSPolar.ip_user_files/bd/design_1/ip/design_1_system_ila_0_0/bd_0/ip/ip_0/sim/bd_f60c_ila_lib_0.v" into library xil_defaultlib
INFO: [VRFC 10-311] analyzing module bd_f60c_ila_lib_0
INFO: [VRFC 10-2263] Analyzing Verilog file "/home/shubham/Vivado_Exercises/PSPolar/PSPolar.ip_user_files/bd/design_1/ip/design_1_system_ila_0_0/bd_0/ip/ip_1/bd_f60c_g_inst_0_gigantic_mux.v" into library xil_defaultlib
INFO: [VRFC 10-311] analyzing module bd_f60c_g_inst_0_gigantic_mux
INFO: [VRFC 10-2263] Analyzing Verilog file "/home/shubham/Vivado_Exercises/PSPolar/PSPolar.ip_user_files/bd/design_1/ip/design_1_system_ila_0_0/bd_0/ip/ip_1/sim/bd_f60c_g_inst_0.v" into library xil_defaultlib
INFO: [VRFC 10-311] analyzing module bd_f60c_g_inst_0
INFO: [VRFC 10-2263] Analyzing Verilog file "/home/shubham/Vivado_Exercises/PSPolar/PSPolar.ip_user_files/bd/design_1/ip/design_1_system_ila_0_0/bd_0/ip/ip_2/sim/bd_f60c_slot_3_aw_0.v" into library xil_defaultlib
INFO: [VRFC 10-311] analyzing module bd_f60c_slot_3_aw_0
INFO: [VRFC 10-2263] Analyzing Verilog file "/home/shubham/Vivado_Exercises/PSPolar/PSPolar.ip_user_files/bd/design_1/ip/design_1_system_ila_0_0/bd_0/ip/ip_3/sim/bd_f60c_slot_3_w_0.v" into library xil_defaultlib
INFO: [VRFC 10-311] analyzing module bd_f60c_slot_3_w_0
INFO: [VRFC 10-2263] Analyzing Verilog file "/home/shubham/Vivado_Exercises/PSPolar/PSPolar.ip_user_files/bd/design_1/ip/design_1_system_ila_0_0/bd_0/ip/ip_4/sim/bd_f60c_slot_3_b_0.v" into library xil_defaultlib
INFO: [VRFC 10-311] analyzing module bd_f60c_slot_3_b_0
INFO: [VRFC 10-2263] Analyzing Verilog file "/home/shubham/Vivado_Exercises/PSPolar/PSPolar.ip_user_files/bd/design_1/ip/design_1_system_ila_0_0/bd_0/ip/ip_5/sim/bd_f60c_slot_3_ar_0.v" into library xil_defaultlib
INFO: [VRFC 10-311] analyzing module bd_f60c_slot_3_ar_0
INFO: [VRFC 10-2263] Analyzing Verilog file "/home/shubham/Vivado_Exercises/PSPolar/PSPolar.ip_user_files/bd/design_1/ip/design_1_system_ila_0_0/bd_0/ip/ip_6/sim/bd_f60c_slot_3_r_0.v" into library xil_defaultlib
INFO: [VRFC 10-311] analyzing module bd_f60c_slot_3_r_0
INFO: [VRFC 10-2263] Analyzing Verilog file "/home/shubham/Vivado_Exercises/PSPolar/PSPolar.ip_user_files/bd/design_1/ip/design_1_system_ila_0_0/sim/design_1_system_ila_0_0.v" into library xil_defaultlib
INFO: [VRFC 10-311] analyzing module design_1_system_ila_0_0
INFO: [VRFC 10-2263] Analyzing Verilog file "/home/shubham/Vivado_Exercises/PSPolar/PSPolar.ip_user_files/bd/design_1/sim/design_1.v" into library xil_defaultlib
INFO: [VRFC 10-311] analyzing module design_1
INFO: [VRFC 10-311] analyzing module design_1_ps8_0_axi_periph_1
INFO: [VRFC 10-311] analyzing module s00_couplers_imp_1A7ZMW4
INFO: [VRFC 10-2263] Analyzing Verilog file "/home/shubham/Vivado_Exercises/PSPolar/PSPolar.ip_user_files/bd/design_1/ip/design_1_vio_0_1/sim/design_1_vio_0_1.v" into library xil_defaultlib
INFO: [VRFC 10-311] analyzing module design_1_vio_0_1
INFO: [VRFC 10-2263] Analyzing Verilog file "/home/shubham/Vivado_Exercises/PSPolar/PSPolar.ip_user_files/bd/design_1/ip/design_1_auto_ds_0/sim/design_1_auto_ds_0.v" into library xil_defaultlib
INFO: [VRFC 10-311] analyzing module design_1_auto_ds_0
INFO: [VRFC 10-2263] Analyzing Verilog file "/home/shubham/Vivado_Exercises/PSPolar/PSPolar.ip_user_files/bd/design_1/ip/design_1_auto_pc_0/sim/design_1_auto_pc_0.v" into library xil_defaultlib
INFO: [VRFC 10-311] analyzing module design_1_auto_pc_0
INFO: [VRFC 10-2263] Analyzing Verilog file "/home/shubham/Vivado_Exercises/PSPolar/PSPolar.srcs/sources_1/bd/design_1/hdl/design_1_wrapper.v" into library xil_defaultlib
INFO: [VRFC 10-311] analyzing module design_1_wrapper
INFO: [VRFC 10-2263] Analyzing Verilog file "/home/shubham/Vivado_Exercises/PSPolar/PSPolar.srcs/sim_1/new/tb.v" into library xil_defaultlib
INFO: [VRFC 10-311] analyzing module tb
INFO: [VRFC 10-163] Analyzing VHDL file "/home/shubham/Vivado_Exercises/PSPolar/PSPolar.ip_user_files/bd/design_1/ip/design_1_rst_ps8_0_99M_0/sim/design_1_rst_ps8_0_99M_0.vhd" into library xil_defaultlib
INFO: [VRFC 10-3107] analyzing entity 'design_1_rst_ps8_0_99M_0'
