Vivado Simulator 2018.3
Copyright 1986-1999, 2001-2018 Xilinx, Inc. All Rights Reserved.
Running: /home/shubham/Xilinx2018.3/Vivado/2018.3/bin/unwrapped/lnx64.o/xelab -wto 6df709e3f7de46c0990aca1686aba358 --incr --debug typical --relax --mt 8 -L axi_infrastructure_v1_1_0 -L axi_vip_v1_1_4 -L zynq_ultra_ps_e_vip_v1_0_4 -L xil_defaultlib -L ecc_v2_0_12 -L fec_5g_common_v1_1_0 -L polar_v1_0_2 -L lib_cdc_v1_0_2 -L proc_sys_reset_v5_0_13 -L gigantic_mux -L xlconcat_v2_1_1 -L generic_baseblocks_v2_1_0 -L fifo_generator_v13_2_3 -L axi_data_fifo_v2_1_17 -L axi_register_slice_v2_1_18 -L axi_protocol_converter_v2_1_18 -L axi_clock_converter_v2_1_17 -L blk_mem_gen_v8_4_2 -L axi_dwidth_converter_v2_1_18 -L xilinx_vip -L unisims_ver -L unimacro_ver -L secureip -L xpm --snapshot tb_behav xil_defaultlib.tb xil_defaultlib.glbl -log elaborate.log 
Using 8 slave threads.
Starting static elaboration
WARNING: [VRFC 10-3091] actual bit length 32 differs from formal bit length 4 for port 'slot_0_axi_awcache' [/home/shubham/Vivado_Exercises/PSPolar/PSPolar.ip_user_files/bd/design_1/ip/design_1_system_ila_0_0/bd_0/ip/ip_1/sim/bd_f60c_g_inst_0.v:2300]
WARNING: [VRFC 10-3091] actual bit length 32 differs from formal bit length 4 for port 'slot_0_axi_arcache' [/home/shubham/Vivado_Exercises/PSPolar/PSPolar.ip_user_files/bd/design_1/ip/design_1_system_ila_0_0/bd_0/ip/ip_1/sim/bd_f60c_g_inst_0.v:2318]
WARNING: [VRFC 10-3091] actual bit length 1 differs from formal bit length 2 for port 'slot_0_axis_tid' [/home/shubham/Vivado_Exercises/PSPolar/PSPolar.ip_user_files/bd/design_1/ip/design_1_system_ila_0_0/bd_0/ip/ip_1/sim/bd_f60c_g_inst_0.v:2335]
WARNING: [VRFC 10-3091] actual bit length 1 differs from formal bit length 2 for port 'slot_0_axis_tdest' [/home/shubham/Vivado_Exercises/PSPolar/PSPolar.ip_user_files/bd/design_1/ip/design_1_system_ila_0_0/bd_0/ip/ip_1/sim/bd_f60c_g_inst_0.v:2336]
WARNING: [VRFC 10-3091] actual bit length 1 differs from formal bit length 2 for port 'slot_0_axis_tuser' [/home/shubham/Vivado_Exercises/PSPolar/PSPolar.ip_user_files/bd/design_1/ip/design_1_system_ila_0_0/bd_0/ip/ip_1/sim/bd_f60c_g_inst_0.v:2337]
WARNING: [VRFC 10-3091] actual bit length 32 differs from formal bit length 4 for port 'slot_1_axi_awcache' [/home/shubham/Vivado_Exercises/PSPolar/PSPolar.ip_user_files/bd/design_1/ip/design_1_system_ila_0_0/bd_0/ip/ip_1/sim/bd_f60c_g_inst_0.v:2344]
WARNING: [VRFC 10-3091] actual bit length 32 differs from formal bit length 4 for port 'slot_1_axi_arcache' [/home/shubham/Vivado_Exercises/PSPolar/PSPolar.ip_user_files/bd/design_1/ip/design_1_system_ila_0_0/bd_0/ip/ip_1/sim/bd_f60c_g_inst_0.v:2362]
WARNING: [VRFC 10-3091] actual bit length 1 differs from formal bit length 2 for port 'slot_1_axis_tid' [/home/shubham/Vivado_Exercises/PSPolar/PSPolar.ip_user_files/bd/design_1/ip/design_1_system_ila_0_0/bd_0/ip/ip_1/sim/bd_f60c_g_inst_0.v:2379]
WARNING: [VRFC 10-3091] actual bit length 1 differs from formal bit length 2 for port 'slot_1_axis_tdest' [/home/shubham/Vivado_Exercises/PSPolar/PSPolar.ip_user_files/bd/design_1/ip/design_1_system_ila_0_0/bd_0/ip/ip_1/sim/bd_f60c_g_inst_0.v:2380]
WARNING: [VRFC 10-3091] actual bit length 1 differs from formal bit length 2 for port 'slot_1_axis_tuser' [/home/shubham/Vivado_Exercises/PSPolar/PSPolar.ip_user_files/bd/design_1/ip/design_1_system_ila_0_0/bd_0/ip/ip_1/sim/bd_f60c_g_inst_0.v:2381]
WARNING: [VRFC 10-3091] actual bit length 32 differs from formal bit length 4 for port 'slot_2_axi_awcache' [/home/shubham/Vivado_Exercises/PSPolar/PSPolar.ip_user_files/bd/design_1/ip/design_1_system_ila_0_0/bd_0/ip/ip_1/sim/bd_f60c_g_inst_0.v:2388]
WARNING: [VRFC 10-3091] actual bit length 32 differs from formal bit length 4 for port 'slot_2_axi_arcache' [/home/shubham/Vivado_Exercises/PSPolar/PSPolar.ip_user_files/bd/design_1/ip/design_1_system_ila_0_0/bd_0/ip/ip_1/sim/bd_f60c_g_inst_0.v:2406]
WARNING: [VRFC 10-3091] actual bit length 1 differs from formal bit length 2 for port 'slot_2_axis_tid' [/home/shubham/Vivado_Exercises/PSPolar/PSPolar.ip_user_files/bd/design_1/ip/design_1_system_ila_0_0/bd_0/ip/ip_1/sim/bd_f60c_g_inst_0.v:2423]
WARNING: [VRFC 10-3091] actual bit length 1 differs from formal bit length 2 for port 'slot_2_axis_tdest' [/home/shubham/Vivado_Exercises/PSPolar/PSPolar.ip_user_files/bd/design_1/ip/design_1_system_ila_0_0/bd_0/ip/ip_1/sim/bd_f60c_g_inst_0.v:2424]
WARNING: [VRFC 10-3091] actual bit length 1 differs from formal bit length 2 for port 'slot_2_axis_tuser' [/home/shubham/Vivado_Exercises/PSPolar/PSPolar.ip_user_files/bd/design_1/ip/design_1_system_ila_0_0/bd_0/ip/ip_1/sim/bd_f60c_g_inst_0.v:2425]
WARNING: [VRFC 10-3091] actual bit length 1 differs from formal bit length 2 for port 'slot_3_axi_awid' [/home/shubham/Vivado_Exercises/PSPolar/PSPolar.ip_user_files/bd/design_1/ip/design_1_system_ila_0_0/bd_0/ip/ip_1/sim/bd_f60c_g_inst_0.v:2426]
WARNING: [VRFC 10-3091] actual bit length 32 differs from formal bit length 4 for port 'slot_3_axi_awcache' [/home/shubham/Vivado_Exercises/PSPolar/PSPolar.ip_user_files/bd/design_1/ip/design_1_system_ila_0_0/bd_0/ip/ip_1/sim/bd_f60c_g_inst_0.v:2432]
WARNING: [VRFC 10-3091] actual bit length 1 differs from formal bit length 2 for port 'slot_3_axi_bid' [/home/shubham/Vivado_Exercises/PSPolar/PSPolar.ip_user_files/bd/design_1/ip/design_1_system_ila_0_0/bd_0/ip/ip_1/sim/bd_f60c_g_inst_0.v:2441]
WARNING: [VRFC 10-3091] actual bit length 1 differs from formal bit length 2 for port 'slot_3_axi_arid' [/home/shubham/Vivado_Exercises/PSPolar/PSPolar.ip_user_files/bd/design_1/ip/design_1_system_ila_0_0/bd_0/ip/ip_1/sim/bd_f60c_g_inst_0.v:2445]
WARNING: [VRFC 10-3091] actual bit length 32 differs from formal bit length 4 for port 'slot_3_axi_arcache' [/home/shubham/Vivado_Exercises/PSPolar/PSPolar.ip_user_files/bd/design_1/ip/design_1_system_ila_0_0/bd_0/ip/ip_1/sim/bd_f60c_g_inst_0.v:2450]
WARNING: [VRFC 10-3091] actual bit length 1 differs from formal bit length 2 for port 'slot_3_axi_rid' [/home/shubham/Vivado_Exercises/PSPolar/PSPolar.ip_user_files/bd/design_1/ip/design_1_system_ila_0_0/bd_0/ip/ip_1/sim/bd_f60c_g_inst_0.v:2455]
WARNING: [VRFC 10-3091] actual bit length 32 differs from formal bit length 4 for port 'slot_4_axi_awcache' [/home/shubham/Vivado_Exercises/PSPolar/PSPolar.ip_user_files/bd/design_1/ip/design_1_system_ila_0_0/bd_0/ip/ip_1/sim/bd_f60c_g_inst_0.v:2476]
WARNING: [VRFC 10-3091] actual bit length 32 differs from formal bit length 4 for port 'slot_4_axi_arcache' [/home/shubham/Vivado_Exercises/PSPolar/PSPolar.ip_user_files/bd/design_1/ip/design_1_system_ila_0_0/bd_0/ip/ip_1/sim/bd_f60c_g_inst_0.v:2494]
WARNING: [VRFC 10-3091] actual bit length 32 differs from formal bit length 4 for port 'slot_5_axi_awcache' [/home/shubham/Vivado_Exercises/PSPolar/PSPolar.ip_user_files/bd/design_1/ip/design_1_system_ila_0_0/bd_0/ip/ip_1/sim/bd_f60c_g_inst_0.v:2520]
WARNING: [VRFC 10-3091] actual bit length 32 differs from formal bit length 4 for port 'slot_5_axi_arcache' [/home/shubham/Vivado_Exercises/PSPolar/PSPolar.ip_user_files/bd/design_1/ip/design_1_system_ila_0_0/bd_0/ip/ip_1/sim/bd_f60c_g_inst_0.v:2538]
WARNING: [VRFC 10-3091] actual bit length 32 differs from formal bit length 4 for port 'slot_6_axi_awcache' [/home/shubham/Vivado_Exercises/PSPolar/PSPolar.ip_user_files/bd/design_1/ip/design_1_system_ila_0_0/bd_0/ip/ip_1/sim/bd_f60c_g_inst_0.v:2564]
WARNING: [VRFC 10-3091] actual bit length 32 differs from formal bit length 4 for port 'slot_6_axi_arcache' [/home/shubham/Vivado_Exercises/PSPolar/PSPolar.ip_user_files/bd/design_1/ip/design_1_system_ila_0_0/bd_0/ip/ip_1/sim/bd_f60c_g_inst_0.v:2582]
WARNING: [VRFC 10-3091] actual bit length 32 differs from formal bit length 4 for port 'slot_7_axi_awcache' [/home/shubham/Vivado_Exercises/PSPolar/PSPolar.ip_user_files/bd/design_1/ip/design_1_system_ila_0_0/bd_0/ip/ip_1/sim/bd_f60c_g_inst_0.v:2608]
WARNING: [VRFC 10-3091] actual bit length 32 differs from formal bit length 4 for port 'slot_7_axi_arcache' [/home/shubham/Vivado_Exercises/PSPolar/PSPolar.ip_user_files/bd/design_1/ip/design_1_system_ila_0_0/bd_0/ip/ip_1/sim/bd_f60c_g_inst_0.v:2626]
WARNING: [VRFC 10-3091] actual bit length 32 differs from formal bit length 4 for port 'slot_8_axi_awcache' [/home/shubham/Vivado_Exercises/PSPolar/PSPolar.ip_user_files/bd/design_1/ip/design_1_system_ila_0_0/bd_0/ip/ip_1/sim/bd_f60c_g_inst_0.v:2652]
WARNING: [VRFC 10-3091] actual bit length 32 differs from formal bit length 4 for port 'slot_8_axi_arcache' [/home/shubham/Vivado_Exercises/PSPolar/PSPolar.ip_user_files/bd/design_1/ip/design_1_system_ila_0_0/bd_0/ip/ip_1/sim/bd_f60c_g_inst_0.v:2670]
WARNING: [VRFC 10-3091] actual bit length 32 differs from formal bit length 4 for port 'slot_9_axi_awcache' [/home/shubham/Vivado_Exercises/PSPolar/PSPolar.ip_user_files/bd/design_1/ip/design_1_system_ila_0_0/bd_0/ip/ip_1/sim/bd_f60c_g_inst_0.v:2696]
WARNING: [VRFC 10-3091] actual bit length 3 differs from formal bit length 4 for port 'slot_9_axi_wstrb' [/home/shubham/Vivado_Exercises/PSPolar/PSPolar.ip_user_files/bd/design_1/ip/design_1_system_ila_0_0/bd_0/ip/ip_1/sim/bd_f60c_g_inst_0.v:2701]
WARNING: [VRFC 10-3091] actual bit length 32 differs from formal bit length 4 for port 'slot_9_axi_arcache' [/home/shubham/Vivado_Exercises/PSPolar/PSPolar.ip_user_files/bd/design_1/ip/design_1_system_ila_0_0/bd_0/ip/ip_1/sim/bd_f60c_g_inst_0.v:2714]
WARNING: [VRFC 10-3091] actual bit length 3 differs from formal bit length 4 for port 'slot_9_axis_tstrb' [/home/shubham/Vivado_Exercises/PSPolar/PSPolar.ip_user_files/bd/design_1/ip/design_1_system_ila_0_0/bd_0/ip/ip_1/sim/bd_f60c_g_inst_0.v:2728]
WARNING: [VRFC 10-3091] actual bit length 3 differs from formal bit length 4 for port 'slot_9_axis_tkeep' [/home/shubham/Vivado_Exercises/PSPolar/PSPolar.ip_user_files/bd/design_1/ip/design_1_system_ila_0_0/bd_0/ip/ip_1/sim/bd_f60c_g_inst_0.v:2729]
WARNING: [VRFC 10-3091] actual bit length 32 differs from formal bit length 4 for port 'slot_10_axi_awcache' [/home/shubham/Vivado_Exercises/PSPolar/PSPolar.ip_user_files/bd/design_1/ip/design_1_system_ila_0_0/bd_0/ip/ip_1/sim/bd_f60c_g_inst_0.v:2740]
WARNING: [VRFC 10-3091] actual bit length 32 differs from formal bit length 4 for port 'slot_10_axi_arcache' [/home/shubham/Vivado_Exercises/PSPolar/PSPolar.ip_user_files/bd/design_1/ip/design_1_system_ila_0_0/bd_0/ip/ip_1/sim/bd_f60c_g_inst_0.v:2758]
WARNING: [VRFC 10-3091] actual bit length 32 differs from formal bit length 4 for port 'slot_11_axi_awcache' [/home/shubham/Vivado_Exercises/PSPolar/PSPolar.ip_user_files/bd/design_1/ip/design_1_system_ila_0_0/bd_0/ip/ip_1/sim/bd_f60c_g_inst_0.v:2784]
WARNING: [VRFC 10-3091] actual bit length 32 differs from formal bit length 4 for port 'slot_11_axi_arcache' [/home/shubham/Vivado_Exercises/PSPolar/PSPolar.ip_user_files/bd/design_1/ip/design_1_system_ila_0_0/bd_0/ip/ip_1/sim/bd_f60c_g_inst_0.v:2802]
WARNING: [VRFC 10-3091] actual bit length 32 differs from formal bit length 4 for port 'slot_12_axi_awcache' [/home/shubham/Vivado_Exercises/PSPolar/PSPolar.ip_user_files/bd/design_1/ip/design_1_system_ila_0_0/bd_0/ip/ip_1/sim/bd_f60c_g_inst_0.v:2828]
WARNING: [VRFC 10-3091] actual bit length 32 differs from formal bit length 4 for port 'slot_12_axi_arcache' [/home/shubham/Vivado_Exercises/PSPolar/PSPolar.ip_user_files/bd/design_1/ip/design_1_system_ila_0_0/bd_0/ip/ip_1/sim/bd_f60c_g_inst_0.v:2846]
WARNING: [VRFC 10-3091] actual bit length 32 differs from formal bit length 4 for port 'slot_13_axi_awcache' [/home/shubham/Vivado_Exercises/PSPolar/PSPolar.ip_user_files/bd/design_1/ip/design_1_system_ila_0_0/bd_0/ip/ip_1/sim/bd_f60c_g_inst_0.v:2872]
WARNING: [VRFC 10-3091] actual bit length 32 differs from formal bit length 4 for port 'slot_13_axi_arcache' [/home/shubham/Vivado_Exercises/PSPolar/PSPolar.ip_user_files/bd/design_1/ip/design_1_system_ila_0_0/bd_0/ip/ip_1/sim/bd_f60c_g_inst_0.v:2890]
WARNING: [VRFC 10-3091] actual bit length 32 differs from formal bit length 4 for port 'slot_14_axi_awcache' [/home/shubham/Vivado_Exercises/PSPolar/PSPolar.ip_user_files/bd/design_1/ip/design_1_system_ila_0_0/bd_0/ip/ip_1/sim/bd_f60c_g_inst_0.v:2916]
WARNING: [VRFC 10-3091] actual bit length 32 differs from formal bit length 4 for port 'slot_14_axi_arcache' [/home/shubham/Vivado_Exercises/PSPolar/PSPolar.ip_user_files/bd/design_1/ip/design_1_system_ila_0_0/bd_0/ip/ip_1/sim/bd_f60c_g_inst_0.v:2934]
WARNING: [VRFC 10-3091] actual bit length 32 differs from formal bit length 4 for port 'slot_15_axi_awcache' [/home/shubham/Vivado_Exercises/PSPolar/PSPolar.ip_user_files/bd/design_1/ip/design_1_system_ila_0_0/bd_0/ip/ip_1/sim/bd_f60c_g_inst_0.v:2960]
WARNING: [VRFC 10-3091] actual bit length 32 differs from formal bit length 4 for port 'slot_15_axi_arcache' [/home/shubham/Vivado_Exercises/PSPolar/PSPolar.ip_user_files/bd/design_1/ip/design_1_system_ila_0_0/bd_0/ip/ip_1/sim/bd_f60c_g_inst_0.v:2978]
WARNING: [VRFC 10-3091] actual bit length 16 differs from formal bit length 4 for port 'sel' [/home/shubham/Vivado_Exercises/PSPolar/PSPolar.ip_user_files/bd/design_1/ip/design_1_system_ila_0_0/bd_0/ip/ip_1/sim/bd_f60c_g_inst_0.v:3878]
WARNING: [VRFC 10-3091] actual bit length 1 differs from formal bit length 2 for port 'slot_3_axi_awuser' [/home/shubham/Vivado_Exercises/PSPolar/PSPolar.ip_user_files/bd/design_1/ip/design_1_system_ila_0_0/bd_0/ip/ip_1/sim/bd_f60c_g_inst_0.v:3894]
WARNING: [VRFC 10-3091] actual bit length 1 differs from formal bit length 2 for port 'slot_3_axi_wuser' [/home/shubham/Vivado_Exercises/PSPolar/PSPolar.ip_user_files/bd/design_1/ip/design_1_system_ila_0_0/bd_0/ip/ip_1/sim/bd_f60c_g_inst_0.v:3895]
WARNING: [VRFC 10-3091] actual bit length 1 differs from formal bit length 2 for port 'slot_3_axi_buser' [/home/shubham/Vivado_Exercises/PSPolar/PSPolar.ip_user_files/bd/design_1/ip/design_1_system_ila_0_0/bd_0/ip/ip_1/sim/bd_f60c_g_inst_0.v:3896]
WARNING: [VRFC 10-3091] actual bit length 1 differs from formal bit length 2 for port 'slot_3_axi_aruser' [/home/shubham/Vivado_Exercises/PSPolar/PSPolar.ip_user_files/bd/design_1/ip/design_1_system_ila_0_0/bd_0/ip/ip_1/sim/bd_f60c_g_inst_0.v:3897]
WARNING: [VRFC 10-3091] actual bit length 1 differs from formal bit length 2 for port 'slot_3_axi_ruser' [/home/shubham/Vivado_Exercises/PSPolar/PSPolar.ip_user_files/bd/design_1/ip/design_1_system_ila_0_0/bd_0/ip/ip_1/sim/bd_f60c_g_inst_0.v:3898]
WARNING: [VRFC 10-3091] actual bit length 1 differs from formal bit length 2 for port 'slot_3_axi_wid' [/home/shubham/Vivado_Exercises/PSPolar/PSPolar.ip_user_files/bd/design_1/ip/design_1_system_ila_0_0/bd_0/ip/ip_1/sim/bd_f60c_g_inst_0.v:4075]
WARNING: [VRFC 10-3091] actual bit length 12 differs from formal bit length 16 for port 'MAXIGP1BID' [/home/shubham/Vivado_Exercises/PSPolar/PSPolar.ip_user_files/bd/design_1/ip/design_1_zynq_ultra_ps_e_0_0/sim/design_1_zynq_ultra_ps_e_0_0_vip_wrapper.v:288]
WARNING: [VRFC 10-3091] actual bit length 12 differs from formal bit length 16 for port 'MAXIGP1RID' [/home/shubham/Vivado_Exercises/PSPolar/PSPolar.ip_user_files/bd/design_1/ip/design_1_zynq_ultra_ps_e_0_0/sim/design_1_zynq_ultra_ps_e_0_0_vip_wrapper.v:289]
WARNING: [VRFC 10-3091] actual bit length 32 differs from formal bit length 128 for port 'MAXIGP1RDATA' [/home/shubham/Vivado_Exercises/PSPolar/PSPolar.ip_user_files/bd/design_1/ip/design_1_zynq_ultra_ps_e_0_0/sim/design_1_zynq_ultra_ps_e_0_0_vip_wrapper.v:292]
WARNING: [VRFC 10-3091] actual bit length 12 differs from formal bit length 16 for port 'MAXIGP2BID' [/home/shubham/Vivado_Exercises/PSPolar/PSPolar.ip_user_files/bd/design_1/ip/design_1_zynq_ultra_ps_e_0_0/sim/design_1_zynq_ultra_ps_e_0_0_vip_wrapper.v:329]
WARNING: [VRFC 10-3091] actual bit length 12 differs from formal bit length 16 for port 'MAXIGP2RID' [/home/shubham/Vivado_Exercises/PSPolar/PSPolar.ip_user_files/bd/design_1/ip/design_1_zynq_ultra_ps_e_0_0/sim/design_1_zynq_ultra_ps_e_0_0_vip_wrapper.v:330]
WARNING: [VRFC 10-3091] actual bit length 32 differs from formal bit length 128 for port 'MAXIGP2RDATA' [/home/shubham/Vivado_Exercises/PSPolar/PSPolar.ip_user_files/bd/design_1/ip/design_1_zynq_ultra_ps_e_0_0/sim/design_1_zynq_ultra_ps_e_0_0_vip_wrapper.v:333]
WARNING: [VRFC 10-3091] actual bit length 2 differs from formal bit length 1 for port 'SAXIGP0ARLOCK' [/home/shubham/Vivado_Exercises/PSPolar/PSPolar.ip_user_files/bd/design_1/ip/design_1_zynq_ultra_ps_e_0_0/sim/design_1_zynq_ultra_ps_e_0_0_vip_wrapper.v:360]
WARNING: [VRFC 10-3091] actual bit length 2 differs from formal bit length 1 for port 'SAXIGP0AWLOCK' [/home/shubham/Vivado_Exercises/PSPolar/PSPolar.ip_user_files/bd/design_1/ip/design_1_zynq_ultra_ps_e_0_0/sim/design_1_zynq_ultra_ps_e_0_0_vip_wrapper.v:363]
WARNING: [VRFC 10-3091] actual bit length 32 differs from formal bit length 40 for port 'SAXIGP0ARADDR' [/home/shubham/Vivado_Exercises/PSPolar/PSPolar.ip_user_files/bd/design_1/ip/design_1_zynq_ultra_ps_e_0_0/sim/design_1_zynq_ultra_ps_e_0_0_vip_wrapper.v:367]
WARNING: [VRFC 10-3091] actual bit length 32 differs from formal bit length 40 for port 'SAXIGP0AWADDR' [/home/shubham/Vivado_Exercises/PSPolar/PSPolar.ip_user_files/bd/design_1/ip/design_1_zynq_ultra_ps_e_0_0/sim/design_1_zynq_ultra_ps_e_0_0_vip_wrapper.v:368]
WARNING: [VRFC 10-3091] actual bit length 32 differs from formal bit length 128 for port 'SAXIGP0WDATA' [/home/shubham/Vivado_Exercises/PSPolar/PSPolar.ip_user_files/bd/design_1/ip/design_1_zynq_ultra_ps_e_0_0/sim/design_1_zynq_ultra_ps_e_0_0_vip_wrapper.v:369]
WARNING: [VRFC 10-3091] actual bit length 4 differs from formal bit length 8 for port 'SAXIGP0ARLEN' [/home/shubham/Vivado_Exercises/PSPolar/PSPolar.ip_user_files/bd/design_1/ip/design_1_zynq_ultra_ps_e_0_0/sim/design_1_zynq_ultra_ps_e_0_0_vip_wrapper.v:371]
WARNING: [VRFC 10-3091] actual bit length 4 differs from formal bit length 8 for port 'SAXIGP0AWLEN' [/home/shubham/Vivado_Exercises/PSPolar/PSPolar.ip_user_files/bd/design_1/ip/design_1_zynq_ultra_ps_e_0_0/sim/design_1_zynq_ultra_ps_e_0_0_vip_wrapper.v:374]
WARNING: [VRFC 10-3091] actual bit length 4 differs from formal bit length 16 for port 'SAXIGP0WSTRB' [/home/shubham/Vivado_Exercises/PSPolar/PSPolar.ip_user_files/bd/design_1/ip/design_1_zynq_ultra_ps_e_0_0/sim/design_1_zynq_ultra_ps_e_0_0_vip_wrapper.v:376]
WARNING: [VRFC 10-3091] actual bit length 2 differs from formal bit length 1 for port 'SAXIGP1ARLOCK' [/home/shubham/Vivado_Exercises/PSPolar/PSPolar.ip_user_files/bd/design_1/ip/design_1_zynq_ultra_ps_e_0_0/sim/design_1_zynq_ultra_ps_e_0_0_vip_wrapper.v:405]
WARNING: [VRFC 10-3091] actual bit length 2 differs from formal bit length 1 for port 'SAXIGP1AWLOCK' [/home/shubham/Vivado_Exercises/PSPolar/PSPolar.ip_user_files/bd/design_1/ip/design_1_zynq_ultra_ps_e_0_0/sim/design_1_zynq_ultra_ps_e_0_0_vip_wrapper.v:408]
WARNING: [VRFC 10-3091] actual bit length 32 differs from formal bit length 40 for port 'SAXIGP1ARADDR' [/home/shubham/Vivado_Exercises/PSPolar/PSPolar.ip_user_files/bd/design_1/ip/design_1_zynq_ultra_ps_e_0_0/sim/design_1_zynq_ultra_ps_e_0_0_vip_wrapper.v:412]
WARNING: [VRFC 10-3091] actual bit length 32 differs from formal bit length 40 for port 'SAXIGP1AWADDR' [/home/shubham/Vivado_Exercises/PSPolar/PSPolar.ip_user_files/bd/design_1/ip/design_1_zynq_ultra_ps_e_0_0/sim/design_1_zynq_ultra_ps_e_0_0_vip_wrapper.v:413]
WARNING: [VRFC 10-3091] actual bit length 32 differs from formal bit length 128 for port 'SAXIGP1WDATA' [/home/shubham/Vivado_Exercises/PSPolar/PSPolar.ip_user_files/bd/design_1/ip/design_1_zynq_ultra_ps_e_0_0/sim/design_1_zynq_ultra_ps_e_0_0_vip_wrapper.v:414]
WARNING: [VRFC 10-3091] actual bit length 4 differs from formal bit length 8 for port 'SAXIGP1ARLEN' [/home/shubham/Vivado_Exercises/PSPolar/PSPolar.ip_user_files/bd/design_1/ip/design_1_zynq_ultra_ps_e_0_0/sim/design_1_zynq_ultra_ps_e_0_0_vip_wrapper.v:416]
WARNING: [VRFC 10-3091] actual bit length 4 differs from formal bit length 8 for port 'SAXIGP1AWLEN' [/home/shubham/Vivado_Exercises/PSPolar/PSPolar.ip_user_files/bd/design_1/ip/design_1_zynq_ultra_ps_e_0_0/sim/design_1_zynq_ultra_ps_e_0_0_vip_wrapper.v:419]
WARNING: [VRFC 10-3091] actual bit length 4 differs from formal bit length 16 for port 'SAXIGP1WSTRB' [/home/shubham/Vivado_Exercises/PSPolar/PSPolar.ip_user_files/bd/design_1/ip/design_1_zynq_ultra_ps_e_0_0/sim/design_1_zynq_ultra_ps_e_0_0_vip_wrapper.v:421]
WARNING: [VRFC 10-3091] actual bit length 2 differs from formal bit length 1 for port 'SAXIGP2ARLOCK' [/home/shubham/Vivado_Exercises/PSPolar/PSPolar.ip_user_files/bd/design_1/ip/design_1_zynq_ultra_ps_e_0_0/sim/design_1_zynq_ultra_ps_e_0_0_vip_wrapper.v:450]
WARNING: [VRFC 10-3091] actual bit length 2 differs from formal bit length 1 for port 'SAXIGP2AWLOCK' [/home/shubham/Vivado_Exercises/PSPolar/PSPolar.ip_user_files/bd/design_1/ip/design_1_zynq_ultra_ps_e_0_0/sim/design_1_zynq_ultra_ps_e_0_0_vip_wrapper.v:453]
WARNING: [VRFC 10-3091] actual bit length 32 differs from formal bit length 40 for port 'SAXIGP2ARADDR' [/home/shubham/Vivado_Exercises/PSPolar/PSPolar.ip_user_files/bd/design_1/ip/design_1_zynq_ultra_ps_e_0_0/sim/design_1_zynq_ultra_ps_e_0_0_vip_wrapper.v:457]
WARNING: [VRFC 10-3091] actual bit length 32 differs from formal bit length 40 for port 'SAXIGP2AWADDR' [/home/shubham/Vivado_Exercises/PSPolar/PSPolar.ip_user_files/bd/design_1/ip/design_1_zynq_ultra_ps_e_0_0/sim/design_1_zynq_ultra_ps_e_0_0_vip_wrapper.v:458]
WARNING: [VRFC 10-3091] actual bit length 32 differs from formal bit length 128 for port 'SAXIGP2WDATA' [/home/shubham/Vivado_Exercises/PSPolar/PSPolar.ip_user_files/bd/design_1/ip/design_1_zynq_ultra_ps_e_0_0/sim/design_1_zynq_ultra_ps_e_0_0_vip_wrapper.v:459]
WARNING: [VRFC 10-3091] actual bit length 4 differs from formal bit length 8 for port 'SAXIGP2ARLEN' [/home/shubham/Vivado_Exercises/PSPolar/PSPolar.ip_user_files/bd/design_1/ip/design_1_zynq_ultra_ps_e_0_0/sim/design_1_zynq_ultra_ps_e_0_0_vip_wrapper.v:461]
WARNING: [VRFC 10-3091] actual bit length 4 differs from formal bit length 8 for port 'SAXIGP2AWLEN' [/home/shubham/Vivado_Exercises/PSPolar/PSPolar.ip_user_files/bd/design_1/ip/design_1_zynq_ultra_ps_e_0_0/sim/design_1_zynq_ultra_ps_e_0_0_vip_wrapper.v:464]
WARNING: [VRFC 10-3091] actual bit length 4 differs from formal bit length 16 for port 'SAXIGP2WSTRB' [/home/shubham/Vivado_Exercises/PSPolar/PSPolar.ip_user_files/bd/design_1/ip/design_1_zynq_ultra_ps_e_0_0/sim/design_1_zynq_ultra_ps_e_0_0_vip_wrapper.v:466]
WARNING: [VRFC 10-3091] actual bit length 2 differs from formal bit length 1 for port 'SAXIGP3ARLOCK' [/home/shubham/Vivado_Exercises/PSPolar/PSPolar.ip_user_files/bd/design_1/ip/design_1_zynq_ultra_ps_e_0_0/sim/design_1_zynq_ultra_ps_e_0_0_vip_wrapper.v:495]
WARNING: [VRFC 10-3091] actual bit length 2 differs from formal bit length 1 for port 'SAXIGP3AWLOCK' [/home/shubham/Vivado_Exercises/PSPolar/PSPolar.ip_user_files/bd/design_1/ip/design_1_zynq_ultra_ps_e_0_0/sim/design_1_zynq_ultra_ps_e_0_0_vip_wrapper.v:498]
WARNING: [VRFC 10-3091] actual bit length 32 differs from formal bit length 40 for port 'SAXIGP3ARADDR' [/home/shubham/Vivado_Exercises/PSPolar/PSPolar.ip_user_files/bd/design_1/ip/design_1_zynq_ultra_ps_e_0_0/sim/design_1_zynq_ultra_ps_e_0_0_vip_wrapper.v:502]
WARNING: [VRFC 10-3091] actual bit length 32 differs from formal bit length 40 for port 'SAXIGP3AWADDR' [/home/shubham/Vivado_Exercises/PSPolar/PSPolar.ip_user_files/bd/design_1/ip/design_1_zynq_ultra_ps_e_0_0/sim/design_1_zynq_ultra_ps_e_0_0_vip_wrapper.v:503]
WARNING: [VRFC 10-3091] actual bit length 32 differs from formal bit length 128 for port 'SAXIGP3WDATA' [/home/shubham/Vivado_Exercises/PSPolar/PSPolar.ip_user_files/bd/design_1/ip/design_1_zynq_ultra_ps_e_0_0/sim/design_1_zynq_ultra_ps_e_0_0_vip_wrapper.v:504]
WARNING: [VRFC 10-3091] actual bit length 4 differs from formal bit length 8 for port 'SAXIGP3ARLEN' [/home/shubham/Vivado_Exercises/PSPolar/PSPolar.ip_user_files/bd/design_1/ip/design_1_zynq_ultra_ps_e_0_0/sim/design_1_zynq_ultra_ps_e_0_0_vip_wrapper.v:506]
WARNING: [VRFC 10-3091] actual bit length 4 differs from formal bit length 8 for port 'SAXIGP3AWLEN' [/home/shubham/Vivado_Exercises/PSPolar/PSPolar.ip_user_files/bd/design_1/ip/design_1_zynq_ultra_ps_e_0_0/sim/design_1_zynq_ultra_ps_e_0_0_vip_wrapper.v:509]
WARNING: [VRFC 10-3091] actual bit length 4 differs from formal bit length 16 for port 'SAXIGP3WSTRB' [/home/shubham/Vivado_Exercises/PSPolar/PSPolar.ip_user_files/bd/design_1/ip/design_1_zynq_ultra_ps_e_0_0/sim/design_1_zynq_ultra_ps_e_0_0_vip_wrapper.v:511]
WARNING: [VRFC 10-3091] actual bit length 2 differs from formal bit length 1 for port 'SAXIGP4ARLOCK' [/home/shubham/Vivado_Exercises/PSPolar/PSPolar.ip_user_files/bd/design_1/ip/design_1_zynq_ultra_ps_e_0_0/sim/design_1_zynq_ultra_ps_e_0_0_vip_wrapper.v:540]
WARNING: [VRFC 10-3091] actual bit length 2 differs from formal bit length 1 for port 'SAXIGP4AWLOCK' [/home/shubham/Vivado_Exercises/PSPolar/PSPolar.ip_user_files/bd/design_1/ip/design_1_zynq_ultra_ps_e_0_0/sim/design_1_zynq_ultra_ps_e_0_0_vip_wrapper.v:543]
WARNING: [VRFC 10-3091] actual bit length 32 differs from formal bit length 40 for port 'SAXIGP4ARADDR' [/home/shubham/Vivado_Exercises/PSPolar/PSPolar.ip_user_files/bd/design_1/ip/design_1_zynq_ultra_ps_e_0_0/sim/design_1_zynq_ultra_ps_e_0_0_vip_wrapper.v:547]
WARNING: [VRFC 10-3091] actual bit length 32 differs from formal bit length 40 for port 'SAXIGP4AWADDR' [/home/shubham/Vivado_Exercises/PSPolar/PSPolar.ip_user_files/bd/design_1/ip/design_1_zynq_ultra_ps_e_0_0/sim/design_1_zynq_ultra_ps_e_0_0_vip_wrapper.v:548]
WARNING: [VRFC 10-3091] actual bit length 32 differs from formal bit length 128 for port 'SAXIGP4WDATA' [/home/shubham/Vivado_Exercises/PSPolar/PSPolar.ip_user_files/bd/design_1/ip/design_1_zynq_ultra_ps_e_0_0/sim/design_1_zynq_ultra_ps_e_0_0_vip_wrapper.v:549]
WARNING: [VRFC 10-3091] actual bit length 4 differs from formal bit length 8 for port 'SAXIGP4ARLEN' [/home/shubham/Vivado_Exercises/PSPolar/PSPolar.ip_user_files/bd/design_1/ip/design_1_zynq_ultra_ps_e_0_0/sim/design_1_zynq_ultra_ps_e_0_0_vip_wrapper.v:551]
WARNING: [VRFC 10-3091] actual bit length 4 differs from formal bit length 8 for port 'SAXIGP4AWLEN' [/home/shubham/Vivado_Exercises/PSPolar/PSPolar.ip_user_files/bd/design_1/ip/design_1_zynq_ultra_ps_e_0_0/sim/design_1_zynq_ultra_ps_e_0_0_vip_wrapper.v:554]
WARNING: [VRFC 10-3091] actual bit length 4 differs from formal bit length 16 for port 'SAXIGP4WSTRB' [/home/shubham/Vivado_Exercises/PSPolar/PSPolar.ip_user_files/bd/design_1/ip/design_1_zynq_ultra_ps_e_0_0/sim/design_1_zynq_ultra_ps_e_0_0_vip_wrapper.v:556]
WARNING: [VRFC 10-3091] actual bit length 2 differs from formal bit length 1 for port 'SAXIGP5ARLOCK' [/home/shubham/Vivado_Exercises/PSPolar/PSPolar.ip_user_files/bd/design_1/ip/design_1_zynq_ultra_ps_e_0_0/sim/design_1_zynq_ultra_ps_e_0_0_vip_wrapper.v:585]
WARNING: [VRFC 10-3091] actual bit length 2 differs from formal bit length 1 for port 'SAXIGP5AWLOCK' [/home/shubham/Vivado_Exercises/PSPolar/PSPolar.ip_user_files/bd/design_1/ip/design_1_zynq_ultra_ps_e_0_0/sim/design_1_zynq_ultra_ps_e_0_0_vip_wrapper.v:588]
WARNING: [VRFC 10-3091] actual bit length 32 differs from formal bit length 40 for port 'SAXIGP5ARADDR' [/home/shubham/Vivado_Exercises/PSPolar/PSPolar.ip_user_files/bd/design_1/ip/design_1_zynq_ultra_ps_e_0_0/sim/design_1_zynq_ultra_ps_e_0_0_vip_wrapper.v:592]
WARNING: [VRFC 10-3091] actual bit length 32 differs from formal bit length 40 for port 'SAXIGP5AWADDR' [/home/shubham/Vivado_Exercises/PSPolar/PSPolar.ip_user_files/bd/design_1/ip/design_1_zynq_ultra_ps_e_0_0/sim/design_1_zynq_ultra_ps_e_0_0_vip_wrapper.v:593]
WARNING: [VRFC 10-3091] actual bit length 32 differs from formal bit length 128 for port 'SAXIGP5WDATA' [/home/shubham/Vivado_Exercises/PSPolar/PSPolar.ip_user_files/bd/design_1/ip/design_1_zynq_ultra_ps_e_0_0/sim/design_1_zynq_ultra_ps_e_0_0_vip_wrapper.v:594]
WARNING: [VRFC 10-3091] actual bit length 4 differs from formal bit length 8 for port 'SAXIGP5ARLEN' [/home/shubham/Vivado_Exercises/PSPolar/PSPolar.ip_user_files/bd/design_1/ip/design_1_zynq_ultra_ps_e_0_0/sim/design_1_zynq_ultra_ps_e_0_0_vip_wrapper.v:596]
WARNING: [VRFC 10-3091] actual bit length 4 differs from formal bit length 8 for port 'SAXIGP5AWLEN' [/home/shubham/Vivado_Exercises/PSPolar/PSPolar.ip_user_files/bd/design_1/ip/design_1_zynq_ultra_ps_e_0_0/sim/design_1_zynq_ultra_ps_e_0_0_vip_wrapper.v:599]
WARNING: [VRFC 10-3091] actual bit length 4 differs from formal bit length 16 for port 'SAXIGP5WSTRB' [/home/shubham/Vivado_Exercises/PSPolar/PSPolar.ip_user_files/bd/design_1/ip/design_1_zynq_ultra_ps_e_0_0/sim/design_1_zynq_ultra_ps_e_0_0_vip_wrapper.v:601]
WARNING: [VRFC 10-3091] actual bit length 2 differs from formal bit length 1 for port 'SAXIGP6ARLOCK' [/home/shubham/Vivado_Exercises/PSPolar/PSPolar.ip_user_files/bd/design_1/ip/design_1_zynq_ultra_ps_e_0_0/sim/design_1_zynq_ultra_ps_e_0_0_vip_wrapper.v:630]
WARNING: [VRFC 10-3091] actual bit length 2 differs from formal bit length 1 for port 'SAXIGP6AWLOCK' [/home/shubham/Vivado_Exercises/PSPolar/PSPolar.ip_user_files/bd/design_1/ip/design_1_zynq_ultra_ps_e_0_0/sim/design_1_zynq_ultra_ps_e_0_0_vip_wrapper.v:633]
WARNING: [VRFC 10-3091] actual bit length 32 differs from formal bit length 40 for port 'SAXIGP6ARADDR' [/home/shubham/Vivado_Exercises/PSPolar/PSPolar.ip_user_files/bd/design_1/ip/design_1_zynq_ultra_ps_e_0_0/sim/design_1_zynq_ultra_ps_e_0_0_vip_wrapper.v:637]
WARNING: [VRFC 10-3091] actual bit length 32 differs from formal bit length 40 for port 'SAXIGP6AWADDR' [/home/shubham/Vivado_Exercises/PSPolar/PSPolar.ip_user_files/bd/design_1/ip/design_1_zynq_ultra_ps_e_0_0/sim/design_1_zynq_ultra_ps_e_0_0_vip_wrapper.v:638]
WARNING: [VRFC 10-3091] actual bit length 32 differs from formal bit length 128 for port 'SAXIGP6WDATA' [/home/shubham/Vivado_Exercises/PSPolar/PSPolar.ip_user_files/bd/design_1/ip/design_1_zynq_ultra_ps_e_0_0/sim/design_1_zynq_ultra_ps_e_0_0_vip_wrapper.v:639]
WARNING: [VRFC 10-3091] actual bit length 4 differs from formal bit length 8 for port 'SAXIGP6ARLEN' [/home/shubham/Vivado_Exercises/PSPolar/PSPolar.ip_user_files/bd/design_1/ip/design_1_zynq_ultra_ps_e_0_0/sim/design_1_zynq_ultra_ps_e_0_0_vip_wrapper.v:641]
WARNING: [VRFC 10-3091] actual bit length 4 differs from formal bit length 8 for port 'SAXIGP6AWLEN' [/home/shubham/Vivado_Exercises/PSPolar/PSPolar.ip_user_files/bd/design_1/ip/design_1_zynq_ultra_ps_e_0_0/sim/design_1_zynq_ultra_ps_e_0_0_vip_wrapper.v:644]
WARNING: [VRFC 10-3091] actual bit length 4 differs from formal bit length 16 for port 'SAXIGP6WSTRB' [/home/shubham/Vivado_Exercises/PSPolar/PSPolar.ip_user_files/bd/design_1/ip/design_1_zynq_ultra_ps_e_0_0/sim/design_1_zynq_ultra_ps_e_0_0_vip_wrapper.v:646]
WARNING: [VRFC 10-3091] actual bit length 3 differs from formal bit length 5 for port 'SAXIACPARID' [/home/shubham/Vivado_Exercises/PSPolar/PSPolar.ip_user_files/bd/design_1/ip/design_1_zynq_ultra_ps_e_0_0/sim/design_1_zynq_ultra_ps_e_0_0_vip_wrapper.v:667]
WARNING: [VRFC 10-3091] actual bit length 3 differs from formal bit length 5 for port 'SAXIACPAWID' [/home/shubham/Vivado_Exercises/PSPolar/PSPolar.ip_user_files/bd/design_1/ip/design_1_zynq_ultra_ps_e_0_0/sim/design_1_zynq_ultra_ps_e_0_0_vip_wrapper.v:669]
WARNING: [VRFC 10-3091] actual bit length 32 differs from formal bit length 40 for port 'SAXIACPARADDR' [/home/shubham/Vivado_Exercises/PSPolar/PSPolar.ip_user_files/bd/design_1/ip/design_1_zynq_ultra_ps_e_0_0/sim/design_1_zynq_ultra_ps_e_0_0_vip_wrapper.v:671]
WARNING: [VRFC 10-3091] actual bit length 32 differs from formal bit length 40 for port 'SAXIACPAWADDR' [/home/shubham/Vivado_Exercises/PSPolar/PSPolar.ip_user_files/bd/design_1/ip/design_1_zynq_ultra_ps_e_0_0/sim/design_1_zynq_ultra_ps_e_0_0_vip_wrapper.v:672]
WARNING: [VRFC 10-3091] actual bit length 4 differs from formal bit length 8 for port 'SAXIACPARLEN' [/home/shubham/Vivado_Exercises/PSPolar/PSPolar.ip_user_files/bd/design_1/ip/design_1_zynq_ultra_ps_e_0_0/sim/design_1_zynq_ultra_ps_e_0_0_vip_wrapper.v:674]
WARNING: [VRFC 10-3091] actual bit length 4 differs from formal bit length 8 for port 'SAXIACPAWLEN' [/home/shubham/Vivado_Exercises/PSPolar/PSPolar.ip_user_files/bd/design_1/ip/design_1_zynq_ultra_ps_e_0_0/sim/design_1_zynq_ultra_ps_e_0_0_vip_wrapper.v:677]
WARNING: [VRFC 10-3091] actual bit length 2 differs from formal bit length 1 for port 'SAXIACPARLOCK' [/home/shubham/Vivado_Exercises/PSPolar/PSPolar.ip_user_files/bd/design_1/ip/design_1_zynq_ultra_ps_e_0_0/sim/design_1_zynq_ultra_ps_e_0_0_vip_wrapper.v:680]
WARNING: [VRFC 10-3091] actual bit length 2 differs from formal bit length 1 for port 'SAXIACPAWLOCK' [/home/shubham/Vivado_Exercises/PSPolar/PSPolar.ip_user_files/bd/design_1/ip/design_1_zynq_ultra_ps_e_0_0/sim/design_1_zynq_ultra_ps_e_0_0_vip_wrapper.v:683]
WARNING: [VRFC 10-3091] actual bit length 5 differs from formal bit length 2 for port 'SAXIACPARUSER' [/home/shubham/Vivado_Exercises/PSPolar/PSPolar.ip_user_files/bd/design_1/ip/design_1_zynq_ultra_ps_e_0_0/sim/design_1_zynq_ultra_ps_e_0_0_vip_wrapper.v:685]
WARNING: [VRFC 10-3091] actual bit length 5 differs from formal bit length 2 for port 'SAXIACPAWUSER' [/home/shubham/Vivado_Exercises/PSPolar/PSPolar.ip_user_files/bd/design_1/ip/design_1_zynq_ultra_ps_e_0_0/sim/design_1_zynq_ultra_ps_e_0_0_vip_wrapper.v:686]
WARNING: [VRFC 10-3091] actual bit length 64 differs from formal bit length 128 for port 'SAXIACPWDATA' [/home/shubham/Vivado_Exercises/PSPolar/PSPolar.ip_user_files/bd/design_1/ip/design_1_zynq_ultra_ps_e_0_0/sim/design_1_zynq_ultra_ps_e_0_0_vip_wrapper.v:687]
WARNING: [VRFC 10-3091] actual bit length 8 differs from formal bit length 16 for port 'SAXIACPWSTRB' [/home/shubham/Vivado_Exercises/PSPolar/PSPolar.ip_user_files/bd/design_1/ip/design_1_zynq_ultra_ps_e_0_0/sim/design_1_zynq_ultra_ps_e_0_0_vip_wrapper.v:688]
WARNING: [VRFC 10-3091] actual bit length 1 differs from formal bit length 8 for port 'PLPSIRQ0' [/home/shubham/Vivado_Exercises/PSPolar/PSPolar.ip_user_files/bd/design_1/ip/design_1_zynq_ultra_ps_e_0_0/sim/design_1_zynq_ultra_ps_e_0_0_vip_wrapper.v:754]
WARNING: [VRFC 10-3091] actual bit length 32 differs from formal bit length 1 for port 'S_AWREGION' [/proj/xbuilds/2018.3_1207_2324/infra/XSIM/lin/.cxl.ip/incl/zynq_ultra_ps_e_vip_v1_0_4_axi_acp.sv:71]
WARNING: [VRFC 10-3091] actual bit length 32 differs from formal bit length 1 for port 'S_ARREGION' [/proj/xbuilds/2018.3_1207_2324/infra/XSIM/lin/.cxl.ip/incl/zynq_ultra_ps_e_vip_v1_0_4_axi_acp.sv:72]
WARNING: [VRFC 10-3091] actual bit length 32 differs from formal bit length 1 for port 'S_WUSER' [/proj/xbuilds/2018.3_1207_2324/infra/XSIM/lin/.cxl.ip/incl/zynq_ultra_ps_e_vip_v1_0_4_axi_acp.sv:74]
WARNING: [VRFC 10-3091] actual bit length 2 differs from formal bit length 1 for port 's_axi_awuser' [/wrk/2018.3/nightly/2018_12_06_2405991/packages/customer/vivado/data/ip/xilinx/zynq_ultra_ps_e_vip_v1_0/hdl/zynq_ultra_ps_e_vip_v1_0_vl_rfs.sv:6267]
WARNING: [VRFC 10-3091] actual bit length 1 differs from formal bit length 5 for port 's_axi_wid' [/wrk/2018.3/nightly/2018_12_06_2405991/packages/customer/vivado/data/ip/xilinx/zynq_ultra_ps_e_vip_v1_0/hdl/zynq_ultra_ps_e_vip_v1_0_vl_rfs.sv:6270]
WARNING: [VRFC 10-3091] actual bit length 2 differs from formal bit length 1 for port 's_axi_aruser' [/wrk/2018.3/nightly/2018_12_06_2405991/packages/customer/vivado/data/ip/xilinx/zynq_ultra_ps_e_vip_v1_0/hdl/zynq_ultra_ps_e_vip_v1_0_vl_rfs.sv:6292]
WARNING: [VRFC 10-3091] actual bit length 12 differs from formal bit length 5 for port 'm_axi_bid' [/wrk/2018.3/nightly/2018_12_06_2405991/packages/customer/vivado/data/ip/xilinx/zynq_ultra_ps_e_vip_v1_0/hdl/zynq_ultra_ps_e_vip_v1_0_vl_rfs.sv:6322]
WARNING: [VRFC 10-3091] actual bit length 12 differs from formal bit length 5 for port 'm_axi_rid' [/wrk/2018.3/nightly/2018_12_06_2405991/packages/customer/vivado/data/ip/xilinx/zynq_ultra_ps_e_vip_v1_0/hdl/zynq_ultra_ps_e_vip_v1_0_vl_rfs.sv:6340]
WARNING: [VRFC 10-3091] actual bit length 32 differs from formal bit length 128 for port 'm_axi_rdata' [/wrk/2018.3/nightly/2018_12_06_2405991/packages/customer/vivado/data/ip/xilinx/zynq_ultra_ps_e_vip_v1_0/hdl/zynq_ultra_ps_e_vip_v1_0_vl_rfs.sv:6341]
WARNING: [VRFC 10-3091] actual bit length 4 differs from formal bit length 2 for port 'S_RRESP' [/proj/xbuilds/2018.3_1207_2324/infra/XSIM/lin/.cxl.ip/incl/zynq_ultra_ps_e_vip_v1_0_4_axi_ace.sv:64]
WARNING: [VRFC 10-3091] actual bit length 16 differs from formal bit length 15 for port 'S_AWUSER' [/proj/xbuilds/2018.3_1207_2324/infra/XSIM/lin/.cxl.ip/incl/zynq_ultra_ps_e_vip_v1_0_4_axi_ace.sv:73]
WARNING: [VRFC 10-3091] actual bit length 16 differs from formal bit length 15 for port 'S_ARUSER' [/proj/xbuilds/2018.3_1207_2324/infra/XSIM/lin/.cxl.ip/incl/zynq_ultra_ps_e_vip_v1_0_4_axi_ace.sv:76]
WARNING: [VRFC 10-3091] actual bit length 15 differs from formal bit length 1 for port 's_axi_awuser' [/wrk/2018.3/nightly/2018_12_06_2405991/packages/customer/vivado/data/ip/xilinx/zynq_ultra_ps_e_vip_v1_0/hdl/zynq_ultra_ps_e_vip_v1_0_vl_rfs.sv:4802]
WARNING: [VRFC 10-3091] actual bit length 1 differs from formal bit length 6 for port 's_axi_wid' [/wrk/2018.3/nightly/2018_12_06_2405991/packages/customer/vivado/data/ip/xilinx/zynq_ultra_ps_e_vip_v1_0/hdl/zynq_ultra_ps_e_vip_v1_0_vl_rfs.sv:4805]
WARNING: [VRFC 10-3091] actual bit length 15 differs from formal bit length 1 for port 's_axi_aruser' [/wrk/2018.3/nightly/2018_12_06_2405991/packages/customer/vivado/data/ip/xilinx/zynq_ultra_ps_e_vip_v1_0/hdl/zynq_ultra_ps_e_vip_v1_0_vl_rfs.sv:4827]
WARNING: [VRFC 10-3091] actual bit length 12 differs from formal bit length 6 for port 'm_axi_bid' [/wrk/2018.3/nightly/2018_12_06_2405991/packages/customer/vivado/data/ip/xilinx/zynq_ultra_ps_e_vip_v1_0/hdl/zynq_ultra_ps_e_vip_v1_0_vl_rfs.sv:4857]
WARNING: [VRFC 10-3091] actual bit length 12 differs from formal bit length 6 for port 'm_axi_rid' [/wrk/2018.3/nightly/2018_12_06_2405991/packages/customer/vivado/data/ip/xilinx/zynq_ultra_ps_e_vip_v1_0/hdl/zynq_ultra_ps_e_vip_v1_0_vl_rfs.sv:4875]
WARNING: [VRFC 10-3091] actual bit length 32 differs from formal bit length 128 for port 'm_axi_rdata' [/wrk/2018.3/nightly/2018_12_06_2405991/packages/customer/vivado/data/ip/xilinx/zynq_ultra_ps_e_vip_v1_0/hdl/zynq_ultra_ps_e_vip_v1_0_vl_rfs.sv:4876]
WARNING: [VRFC 10-3091] actual bit length 32 differs from formal bit length 1 for port 'S_AWREGION' [/proj/xbuilds/2018.3_1207_2324/infra/XSIM/lin/.cxl.ip/incl/zynq_ultra_ps_e_vip_v1_0_4_axi_gp.sv:72]
WARNING: [VRFC 10-3091] actual bit length 32 differs from formal bit length 1 for port 'S_ARREGION' [/proj/xbuilds/2018.3_1207_2324/infra/XSIM/lin/.cxl.ip/incl/zynq_ultra_ps_e_vip_v1_0_4_axi_gp.sv:73]
WARNING: [VRFC 10-3091] actual bit length 32 differs from formal bit length 1 for port 'S_WUSER' [/proj/xbuilds/2018.3_1207_2324/infra/XSIM/lin/.cxl.ip/incl/zynq_ultra_ps_e_vip_v1_0_4_axi_gp.sv:75]
WARNING: [VRFC 10-3091] actual bit length 32 differs from formal bit length 1 for port 'S_AWREGION' [/proj/xbuilds/2018.3_1207_2324/infra/XSIM/lin/.cxl.ip/incl/zynq_ultra_ps_e_vip_v1_0_4_axi_gp.sv:166]
WARNING: [VRFC 10-3091] actual bit length 32 differs from formal bit length 1 for port 'S_ARREGION' [/proj/xbuilds/2018.3_1207_2324/infra/XSIM/lin/.cxl.ip/incl/zynq_ultra_ps_e_vip_v1_0_4_axi_gp.sv:167]
WARNING: [VRFC 10-3091] actual bit length 32 differs from formal bit length 1 for port 'S_WUSER' [/proj/xbuilds/2018.3_1207_2324/infra/XSIM/lin/.cxl.ip/incl/zynq_ultra_ps_e_vip_v1_0_4_axi_gp.sv:169]
WARNING: [VRFC 10-3091] actual bit length 32 differs from formal bit length 1 for port 'S_AWREGION' [/proj/xbuilds/2018.3_1207_2324/infra/XSIM/lin/.cxl.ip/incl/zynq_ultra_ps_e_vip_v1_0_4_axi_gp.sv:260]
WARNING: [VRFC 10-3091] actual bit length 32 differs from formal bit length 1 for port 'S_ARREGION' [/proj/xbuilds/2018.3_1207_2324/infra/XSIM/lin/.cxl.ip/incl/zynq_ultra_ps_e_vip_v1_0_4_axi_gp.sv:261]
WARNING: [VRFC 10-3091] actual bit length 32 differs from formal bit length 1 for port 'S_WUSER' [/proj/xbuilds/2018.3_1207_2324/infra/XSIM/lin/.cxl.ip/incl/zynq_ultra_ps_e_vip_v1_0_4_axi_gp.sv:263]
WARNING: [VRFC 10-3091] actual bit length 32 differs from formal bit length 1 for port 'S_AWREGION' [/proj/xbuilds/2018.3_1207_2324/infra/XSIM/lin/.cxl.ip/incl/zynq_ultra_ps_e_vip_v1_0_4_axi_gp.sv:354]
WARNING: [VRFC 10-3091] actual bit length 32 differs from formal bit length 1 for port 'S_ARREGION' [/proj/xbuilds/2018.3_1207_2324/infra/XSIM/lin/.cxl.ip/incl/zynq_ultra_ps_e_vip_v1_0_4_axi_gp.sv:355]
WARNING: [VRFC 10-3091] actual bit length 32 differs from formal bit length 1 for port 'S_WUSER' [/proj/xbuilds/2018.3_1207_2324/infra/XSIM/lin/.cxl.ip/incl/zynq_ultra_ps_e_vip_v1_0_4_axi_gp.sv:357]
WARNING: [VRFC 10-3091] actual bit length 32 differs from formal bit length 1 for port 'S_AWREGION' [/proj/xbuilds/2018.3_1207_2324/infra/XSIM/lin/.cxl.ip/incl/zynq_ultra_ps_e_vip_v1_0_4_axi_gp.sv:448]
WARNING: [VRFC 10-3091] actual bit length 32 differs from formal bit length 1 for port 'S_ARREGION' [/proj/xbuilds/2018.3_1207_2324/infra/XSIM/lin/.cxl.ip/incl/zynq_ultra_ps_e_vip_v1_0_4_axi_gp.sv:449]
WARNING: [VRFC 10-3091] actual bit length 32 differs from formal bit length 1 for port 'S_WUSER' [/proj/xbuilds/2018.3_1207_2324/infra/XSIM/lin/.cxl.ip/incl/zynq_ultra_ps_e_vip_v1_0_4_axi_gp.sv:451]
WARNING: [VRFC 10-3091] actual bit length 32 differs from formal bit length 1 for port 'S_AWREGION' [/proj/xbuilds/2018.3_1207_2324/infra/XSIM/lin/.cxl.ip/incl/zynq_ultra_ps_e_vip_v1_0_4_axi_gp.sv:542]
WARNING: [VRFC 10-3091] actual bit length 32 differs from formal bit length 1 for port 'S_ARREGION' [/proj/xbuilds/2018.3_1207_2324/infra/XSIM/lin/.cxl.ip/incl/zynq_ultra_ps_e_vip_v1_0_4_axi_gp.sv:543]
WARNING: [VRFC 10-3091] actual bit length 32 differs from formal bit length 1 for port 'S_WUSER' [/proj/xbuilds/2018.3_1207_2324/infra/XSIM/lin/.cxl.ip/incl/zynq_ultra_ps_e_vip_v1_0_4_axi_gp.sv:545]
WARNING: [VRFC 10-3091] actual bit length 32 differs from formal bit length 1 for port 'S_AWREGION' [/proj/xbuilds/2018.3_1207_2324/infra/XSIM/lin/.cxl.ip/incl/zynq_ultra_ps_e_vip_v1_0_4_axi_gp.sv:636]
WARNING: [VRFC 10-3091] actual bit length 32 differs from formal bit length 1 for port 'S_ARREGION' [/proj/xbuilds/2018.3_1207_2324/infra/XSIM/lin/.cxl.ip/incl/zynq_ultra_ps_e_vip_v1_0_4_axi_gp.sv:637]
WARNING: [VRFC 10-3091] actual bit length 32 differs from formal bit length 1 for port 'S_WUSER' [/proj/xbuilds/2018.3_1207_2324/infra/XSIM/lin/.cxl.ip/incl/zynq_ultra_ps_e_vip_v1_0_4_axi_gp.sv:639]
WARNING: [VRFC 10-3091] actual bit length 16 differs from formal bit length 1 for port 'M_AWUSER' [/proj/xbuilds/2018.3_1207_2324/infra/XSIM/lin/.cxl.ip/incl/zynq_ultra_ps_e_vip_v1_0_4_axi_gp.sv:733]
WARNING: [VRFC 10-3091] actual bit length 32 differs from formal bit length 1 for port 'M_BUSER' [/proj/xbuilds/2018.3_1207_2324/infra/XSIM/lin/.cxl.ip/incl/zynq_ultra_ps_e_vip_v1_0_4_axi_gp.sv:735]
WARNING: [VRFC 10-3091] actual bit length 16 differs from formal bit length 1 for port 'M_ARUSER' [/proj/xbuilds/2018.3_1207_2324/infra/XSIM/lin/.cxl.ip/incl/zynq_ultra_ps_e_vip_v1_0_4_axi_gp.sv:736]
WARNING: [VRFC 10-3091] actual bit length 32 differs from formal bit length 1 for port 'M_RUSER' [/proj/xbuilds/2018.3_1207_2324/infra/XSIM/lin/.cxl.ip/incl/zynq_ultra_ps_e_vip_v1_0_4_axi_gp.sv:737]
WARNING: [VRFC 10-3091] actual bit length 12 differs from formal bit length 16 for port 's_axi_awid' [/wrk/2018.3/nightly/2018_12_06_2405991/packages/customer/vivado/data/ip/xilinx/zynq_ultra_ps_e_vip_v1_0/hdl/zynq_ultra_ps_e_vip_v1_0_vl_rfs.sv:7789]
WARNING: [VRFC 10-3091] actual bit length 32 differs from formal bit length 40 for port 's_axi_awaddr' [/wrk/2018.3/nightly/2018_12_06_2405991/packages/customer/vivado/data/ip/xilinx/zynq_ultra_ps_e_vip_v1_0/hdl/zynq_ultra_ps_e_vip_v1_0_vl_rfs.sv:7790]
WARNING: [VRFC 10-3091] actual bit length 4 differs from formal bit length 8 for port 's_axi_awlen' [/wrk/2018.3/nightly/2018_12_06_2405991/packages/customer/vivado/data/ip/xilinx/zynq_ultra_ps_e_vip_v1_0/hdl/zynq_ultra_ps_e_vip_v1_0_vl_rfs.sv:7791]
WARNING: [VRFC 10-3091] actual bit length 2 differs from formal bit length 1 for port 's_axi_awlock' [/wrk/2018.3/nightly/2018_12_06_2405991/packages/customer/vivado/data/ip/xilinx/zynq_ultra_ps_e_vip_v1_0/hdl/zynq_ultra_ps_e_vip_v1_0_vl_rfs.sv:7794]
WARNING: [VRFC 10-3091] actual bit length 12 differs from formal bit length 16 for port 's_axi_wid' [/wrk/2018.3/nightly/2018_12_06_2405991/packages/customer/vivado/data/ip/xilinx/zynq_ultra_ps_e_vip_v1_0/hdl/zynq_ultra_ps_e_vip_v1_0_vl_rfs.sv:7802]
WARNING: [VRFC 10-3091] actual bit length 32 differs from formal bit length 128 for port 's_axi_wdata' [/wrk/2018.3/nightly/2018_12_06_2405991/packages/customer/vivado/data/ip/xilinx/zynq_ultra_ps_e_vip_v1_0/hdl/zynq_ultra_ps_e_vip_v1_0_vl_rfs.sv:7803]
WARNING: [VRFC 10-3091] actual bit length 4 differs from formal bit length 16 for port 's_axi_wstrb' [/wrk/2018.3/nightly/2018_12_06_2405991/packages/customer/vivado/data/ip/xilinx/zynq_ultra_ps_e_vip_v1_0/hdl/zynq_ultra_ps_e_vip_v1_0_vl_rfs.sv:7804]
WARNING: [VRFC 10-3091] actual bit length 12 differs from formal bit length 16 for port 's_axi_arid' [/wrk/2018.3/nightly/2018_12_06_2405991/packages/customer/vivado/data/ip/xilinx/zynq_ultra_ps_e_vip_v1_0/hdl/zynq_ultra_ps_e_vip_v1_0_vl_rfs.sv:7814]
WARNING: [VRFC 10-3091] actual bit length 32 differs from formal bit length 40 for port 's_axi_araddr' [/wrk/2018.3/nightly/2018_12_06_2405991/packages/customer/vivado/data/ip/xilinx/zynq_ultra_ps_e_vip_v1_0/hdl/zynq_ultra_ps_e_vip_v1_0_vl_rfs.sv:7815]
WARNING: [VRFC 10-3091] actual bit length 4 differs from formal bit length 8 for port 's_axi_arlen' [/wrk/2018.3/nightly/2018_12_06_2405991/packages/customer/vivado/data/ip/xilinx/zynq_ultra_ps_e_vip_v1_0/hdl/zynq_ultra_ps_e_vip_v1_0_vl_rfs.sv:7816]
WARNING: [VRFC 10-3091] actual bit length 2 differs from formal bit length 1 for port 's_axi_arlock' [/wrk/2018.3/nightly/2018_12_06_2405991/packages/customer/vivado/data/ip/xilinx/zynq_ultra_ps_e_vip_v1_0/hdl/zynq_ultra_ps_e_vip_v1_0_vl_rfs.sv:7819]
WARNING: [VRFC 10-3091] actual bit length 16 differs from formal bit length 1 for port 'M_AWUSER' [/proj/xbuilds/2018.3_1207_2324/infra/XSIM/lin/.cxl.ip/incl/zynq_ultra_ps_e_vip_v1_0_4_axi_gp.sv:804]
WARNING: [VRFC 10-3091] actual bit length 32 differs from formal bit length 1 for port 'M_BUSER' [/proj/xbuilds/2018.3_1207_2324/infra/XSIM/lin/.cxl.ip/incl/zynq_ultra_ps_e_vip_v1_0_4_axi_gp.sv:806]
WARNING: [VRFC 10-3091] actual bit length 16 differs from formal bit length 1 for port 'M_ARUSER' [/proj/xbuilds/2018.3_1207_2324/infra/XSIM/lin/.cxl.ip/incl/zynq_ultra_ps_e_vip_v1_0_4_axi_gp.sv:807]
WARNING: [VRFC 10-3091] actual bit length 32 differs from formal bit length 1 for port 'M_RUSER' [/proj/xbuilds/2018.3_1207_2324/infra/XSIM/lin/.cxl.ip/incl/zynq_ultra_ps_e_vip_v1_0_4_axi_gp.sv:808]
WARNING: [VRFC 10-3091] actual bit length 128 differs from formal bit length 32 for port 'M_WDATA' [/proj/xbuilds/2018.3_1207_2324/infra/XSIM/lin/.cxl.ip/incl/zynq_ultra_ps_e_vip_v1_0_4_axi_gp.sv:842]
WARNING: [VRFC 10-3091] actual bit length 16 differs from formal bit length 4 for port 'M_WSTRB' [/proj/xbuilds/2018.3_1207_2324/infra/XSIM/lin/.cxl.ip/incl/zynq_ultra_ps_e_vip_v1_0_4_axi_gp.sv:843]
WARNING: [VRFC 10-3091] actual bit length 128 differs from formal bit length 32 for port 'M_RDATA' [/proj/xbuilds/2018.3_1207_2324/infra/XSIM/lin/.cxl.ip/incl/zynq_ultra_ps_e_vip_v1_0_4_axi_gp.sv:865]
WARNING: [VRFC 10-3091] actual bit length 16 differs from formal bit length 1 for port 'M_AWUSER' [/proj/xbuilds/2018.3_1207_2324/infra/XSIM/lin/.cxl.ip/incl/zynq_ultra_ps_e_vip_v1_0_4_axi_gp.sv:875]
WARNING: [VRFC 10-3091] actual bit length 32 differs from formal bit length 1 for port 'M_BUSER' [/proj/xbuilds/2018.3_1207_2324/infra/XSIM/lin/.cxl.ip/incl/zynq_ultra_ps_e_vip_v1_0_4_axi_gp.sv:877]
WARNING: [VRFC 10-3091] actual bit length 16 differs from formal bit length 1 for port 'M_ARUSER' [/proj/xbuilds/2018.3_1207_2324/infra/XSIM/lin/.cxl.ip/incl/zynq_ultra_ps_e_vip_v1_0_4_axi_gp.sv:878]
WARNING: [VRFC 10-3091] actual bit length 32 differs from formal bit length 1 for port 'M_RUSER' [/proj/xbuilds/2018.3_1207_2324/infra/XSIM/lin/.cxl.ip/incl/zynq_ultra_ps_e_vip_v1_0_4_axi_gp.sv:879]
WARNING: [VRFC 10-3091] actual bit length 1 differs from formal bit length 4 for port 'wr_qos' [/wrk/2018.3/nightly/2018_12_06_2405991/packages/customer/vivado/data/ip/xilinx/zynq_ultra_ps_e_vip_v1_0/hdl/zynq_ultra_ps_e_vip_v1_0_vl_rfs.sv:3765]
WARNING: [VRFC 10-3091] actual bit length 1 differs from formal bit length 4 for port 'rd_qos' [/wrk/2018.3/nightly/2018_12_06_2405991/packages/customer/vivado/data/ip/xilinx/zynq_ultra_ps_e_vip_v1_0/hdl/zynq_ultra_ps_e_vip_v1_0_vl_rfs.sv:3772]
WARNING: [VRFC 10-3091] actual bit length 1 differs from formal bit length 4 for port 'wr_qos_1' [/wrk/2018.3/nightly/2018_12_06_2405991/packages/customer/vivado/data/ip/xilinx/zynq_ultra_ps_e_vip_v1_0/hdl/zynq_ultra_ps_e_vip_v1_0_vl_rfs.sv:3785]
WARNING: [VRFC 10-3091] actual bit length 1 differs from formal bit length 4 for port 'rd_qos_1' [/wrk/2018.3/nightly/2018_12_06_2405991/packages/customer/vivado/data/ip/xilinx/zynq_ultra_ps_e_vip_v1_0/hdl/zynq_ultra_ps_e_vip_v1_0_vl_rfs.sv:3792]
ERROR: [VRFC 10-3180] cannot find port 'M00_AXI_awaddr' on this module [/home/shubham/Vivado_Exercises/PSPolar/PSPolar.srcs/sim_1/new/tb.v:45]
ERROR: [VRFC 10-3180] cannot find port 'M00_AXI_wdata' on this module [/home/shubham/Vivado_Exercises/PSPolar/PSPolar.srcs/sim_1/new/tb.v:46]
ERROR: [VRFC 10-3180] cannot find port 'M_AXIS_DOUT_tdata' on this module [/home/shubham/Vivado_Exercises/PSPolar/PSPolar.srcs/sim_1/new/tb.v:47]
ERROR: [VRFC 10-3180] cannot find port 'M_AXIS_DOUT_tlast' on this module [/home/shubham/Vivado_Exercises/PSPolar/PSPolar.srcs/sim_1/new/tb.v:48]
ERROR: [VRFC 10-3180] cannot find port 'M_AXIS_DOUT_tready' on this module [/home/shubham/Vivado_Exercises/PSPolar/PSPolar.srcs/sim_1/new/tb.v:49]
ERROR: [VRFC 10-3180] cannot find port 'M_AXIS_DOUT_tvalid' on this module [/home/shubham/Vivado_Exercises/PSPolar/PSPolar.srcs/sim_1/new/tb.v:50]
ERROR: [VRFC 10-3180] cannot find port 'M_AXIS_STATUS_tdata' on this module [/home/shubham/Vivado_Exercises/PSPolar/PSPolar.srcs/sim_1/new/tb.v:51]
ERROR: [VRFC 10-3180] cannot find port 'M_AXIS_STATUS_tready' on this module [/home/shubham/Vivado_Exercises/PSPolar/PSPolar.srcs/sim_1/new/tb.v:52]
ERROR: [VRFC 10-3180] cannot find port 'M_AXIS_STATUS_tvalid' on this module [/home/shubham/Vivado_Exercises/PSPolar/PSPolar.srcs/sim_1/new/tb.v:53]
ERROR: [VRFC 10-3180] cannot find port 'control_TDATA' on this module [/home/shubham/Vivado_Exercises/PSPolar/PSPolar.srcs/sim_1/new/tb.v:54]
ERROR: [VRFC 10-3180] cannot find port 'control_TVALID' on this module [/home/shubham/Vivado_Exercises/PSPolar/PSPolar.srcs/sim_1/new/tb.v:55]
ERROR: [VRFC 10-3180] cannot find port 'din_V_TDATA' on this module [/home/shubham/Vivado_Exercises/PSPolar/PSPolar.srcs/sim_1/new/tb.v:56]
ERROR: [VRFC 10-3180] cannot find port 'din_V_TVALID' on this module [/home/shubham/Vivado_Exercises/PSPolar/PSPolar.srcs/sim_1/new/tb.v:57]
ERROR: [VRFC 10-3180] cannot find port 'dout_words_V_TDATA' on this module [/home/shubham/Vivado_Exercises/PSPolar/PSPolar.srcs/sim_1/new/tb.v:58]
ERROR: [VRFC 10-3180] cannot find port 'dout_words_V_TVALID' on this module [/home/shubham/Vivado_Exercises/PSPolar/PSPolar.srcs/sim_1/new/tb.v:59]
ERROR: [VRFC 10-3180] cannot find port 'interrupt' on this module [/home/shubham/Vivado_Exercises/PSPolar/PSPolar.srcs/sim_1/new/tb.v:60]
ERROR: [VRFC 10-3180] cannot find port 's_axis_ctrl_tready' on this module [/home/shubham/Vivado_Exercises/PSPolar/PSPolar.srcs/sim_1/new/tb.v:61]
ERROR: [VRFC 10-3180] cannot find port 's_axis_ctrl_tready_1' on this module [/home/shubham/Vivado_Exercises/PSPolar/PSPolar.srcs/sim_1/new/tb.v:62]
ERROR: [VRFC 10-3180] cannot find port 's_axis_dout_words_tready' on this module [/home/shubham/Vivado_Exercises/PSPolar/PSPolar.srcs/sim_1/new/tb.v:63]
WARNING: [VRFC 10-3705] select index 2 into 'g7s_cc_rst_nsckt.arst_sync_wr' is out of bounds [/wrk/2018.3/nightly/2018_12_06_2405991/packages/customer/vivado/data/ip/xilinx/fifo_generator_v13_2/simulation/fifo_generator_vlog_beh.v:4830]
WARNING: [VRFC 10-3283] element index 4096 into 'wrp_strb' is out of bounds [/wrk/2018.3/nightly/2018_12_06_2405991/packages/customer/vivado/data/ip/xilinx/zynq_ultra_ps_e_vip_v1_0/hdl/zynq_ultra_ps_e_vip_v1_0_vl_rfs.sv:6935]
WARNING: [VRFC 10-3705] select index 2 into 'wr_fifo_rd_ptr' is out of bounds [/wrk/2018.3/nightly/2018_12_06_2405991/packages/customer/vivado/data/ip/xilinx/zynq_ultra_ps_e_vip_v1_0/hdl/zynq_ultra_ps_e_vip_v1_0_vl_rfs.sv:7148]
WARNING: [VRFC 10-3705] select index 3 into 'ar_cnt' is out of bounds [/wrk/2018.3/nightly/2018_12_06_2405991/packages/customer/vivado/data/ip/xilinx/zynq_ultra_ps_e_vip_v1_0/hdl/zynq_ultra_ps_e_vip_v1_0_vl_rfs.sv:7287]
WARNING: [VRFC 10-3705] select index 3 into 'wr_rresp_cnt' is out of bounds [/wrk/2018.3/nightly/2018_12_06_2405991/packages/customer/vivado/data/ip/xilinx/zynq_ultra_ps_e_vip_v1_0/hdl/zynq_ultra_ps_e_vip_v1_0_vl_rfs.sv:7384]
WARNING: [VRFC 10-3705] select index 3 into 'rd_fifo_wr_ptr' is out of bounds [/wrk/2018.3/nightly/2018_12_06_2405991/packages/customer/vivado/data/ip/xilinx/zynq_ultra_ps_e_vip_v1_0/hdl/zynq_ultra_ps_e_vip_v1_0_vl_rfs.sv:7403]
WARNING: [VRFC 10-3705] select index 3 into 'rd_cnt' is out of bounds [/wrk/2018.3/nightly/2018_12_06_2405991/packages/customer/vivado/data/ip/xilinx/zynq_ultra_ps_e_vip_v1_0/hdl/zynq_ultra_ps_e_vip_v1_0_vl_rfs.sv:7544]
WARNING: [VRFC 10-3705] select index 3 into 'rresp_time_cnt' is out of bounds [/wrk/2018.3/nightly/2018_12_06_2405991/packages/customer/vivado/data/ip/xilinx/zynq_ultra_ps_e_vip_v1_0/hdl/zynq_ultra_ps_e_vip_v1_0_vl_rfs.sv:7549]
WARNING: [VRFC 10-3705] select index 3 into 'rd_fifo_rd_ptr' is out of bounds [/wrk/2018.3/nightly/2018_12_06_2405991/packages/customer/vivado/data/ip/xilinx/zynq_ultra_ps_e_vip_v1_0/hdl/zynq_ultra_ps_e_vip_v1_0_vl_rfs.sv:7554]
WARNING: [VRFC 10-3283] element index 4096 into 'wrp_strb' is out of bounds [/wrk/2018.3/nightly/2018_12_06_2405991/packages/customer/vivado/data/ip/xilinx/zynq_ultra_ps_e_vip_v1_0/hdl/zynq_ultra_ps_e_vip_v1_0_vl_rfs.sv:5459]
INFO: [#UNDEF] Sorry, too many errors..
ERROR: [XSIM 43-3322] Static elaboration of top level Verilog design unit(s) in library work failed.
