13:56:47 INFO  : Registering command handlers for SDK TCF services
13:56:49 INFO  : Launching XSCT server: xsct -n -interactive /home/shubham/Vivado_Exercises/zynq_interrupts/zynq_interrupts.sdk/temp_xsdb_launch_script.tcl
13:56:52 INFO  : XSCT server has started successfully.
13:56:52 INFO  : Successfully done setting XSCT server connection channel  
13:56:57 INFO  : Successfully done setting SDK workspace  
13:56:57 INFO  : Processing command line option -hwspec /home/shubham/Vivado_Exercises/zynq_interrupts/zynq_interrupts.sdk/zynq_interrupt_system_wrapper.hdf.
15:27:44 INFO  : Registering command handlers for SDK TCF services
15:27:47 INFO  : Launching XSCT server: xsct -n -interactive /home/shubham/Vivado_Exercises/zynq_interrupts/zynq_interrupts.sdk/temp_xsdb_launch_script.tcl
15:27:50 INFO  : XSCT server has started successfully.
15:27:55 INFO  : Successfully done setting XSCT server connection channel  
15:27:55 INFO  : Processing command line option -hwspec /home/shubham/Vivado_Exercises/zynq_interrupts/zynq_interrupts.sdk/zynq_interrupt_system_wrapper.hdf.
15:28:02 INFO  : Successfully done setting SDK workspace  
15:28:02 INFO  : Checking for hwspec changes in the project zynq_interrupt_system_wrapper_hw_platform_0.
15:28:10 INFO  : Connected to target on host '127.0.0.1' and port '3121'.
15:28:38 INFO  : 'targets -set -filter {jtag_cable_name =~ "Digilent JTAG-SMT2NC 210308A7A5CC" && level==0} -index 0' command is executed.
15:28:53 INFO  : FPGA configured successfully with bitstream "/home/shubham/Vivado_Exercises/zynq_interrupts/zynq_interrupts.sdk/zynq_interrupt_system_wrapper_hw_platform_0/zynq_interrupt_system_wrapper.bit"
15:29:02 INFO  : Connected to target on host '127.0.0.1' and port '3121'.
15:29:02 INFO  : Jtag cable 'Digilent JTAG-SMT2NC 210308A7A5CC' is selected.
15:29:02 INFO  : 'jtag frequency' command is executed.
15:29:02 INFO  : Sourcing of '/home/shubham/Xilinx2018.3/SDK/2018.3/scripts/sdk/util/zynqmp_utils.tcl' is done.
15:29:02 INFO  : Context for 'APU' is selected.
15:29:02 INFO  : Hardware design information is loaded from '/home/shubham/Vivado_Exercises/zynq_interrupts/zynq_interrupts.sdk/zynq_interrupt_system_wrapper_hw_platform_0/system.hdf'.
15:29:02 INFO  : 'configparams force-mem-access 1' command is executed.
15:29:02 INFO  : Context for 'APU' is selected.
15:29:02 INFO  : Sourcing of '/home/shubham/Vivado_Exercises/zynq_interrupts/zynq_interrupts.sdk/zynq_interrupt_system_wrapper_hw_platform_0/psu_init.tcl' is done.
15:29:03 INFO  : 'psu_init' command is executed.
15:29:04 INFO  : 'after 1000' command is executed.
15:29:04 INFO  : 'psu_ps_pl_isolation_removal' command is executed.
15:29:05 INFO  : 'after 1000' command is executed.
15:29:05 INFO  : 'psu_ps_pl_reset_config' command is executed.
15:29:05 INFO  : 'catch {psu_protection}' command is executed.
15:29:05 INFO  : Context for processor 'psu_cortexa53_0' is selected.
15:29:05 INFO  : Processor reset is completed for 'psu_cortexa53_0'.
15:29:06 INFO  : The application '/home/shubham/Vivado_Exercises/zynq_interrupts/zynq_interrupts.sdk/zynq_interrupt_2/Debug/zynq_interrupt_2.elf' is downloaded to processor 'psu_cortexa53_0'.
15:29:06 INFO  : 'configparams force-mem-access 0' command is executed.
15:29:06 INFO  : ----------------XSDB Script----------------
connect -url tcp:127.0.0.1:3121
source /home/shubham/Xilinx2018.3/SDK/2018.3/scripts/sdk/util/zynqmp_utils.tcl
targets -set -nocase -filter {name =~"APU*" && jtag_cable_name =~ "Digilent JTAG-SMT2NC 210308A7A5CC"} -index 1
loadhw -hw /home/shubham/Vivado_Exercises/zynq_interrupts/zynq_interrupts.sdk/zynq_interrupt_system_wrapper_hw_platform_0/system.hdf -mem-ranges [list {0x80000000 0xbfffffff} {0x400000000 0x5ffffffff} {0x1000000000 0x7fffffffff}]
configparams force-mem-access 1
targets -set -nocase -filter {name =~"APU*" && jtag_cable_name =~ "Digilent JTAG-SMT2NC 210308A7A5CC"} -index 1
source /home/shubham/Vivado_Exercises/zynq_interrupts/zynq_interrupts.sdk/zynq_interrupt_system_wrapper_hw_platform_0/psu_init.tcl
psu_init
after 1000
psu_ps_pl_isolation_removal
after 1000
psu_ps_pl_reset_config
catch {psu_protection}
targets -set -nocase -filter {name =~"*A53*0" && jtag_cable_name =~ "Digilent JTAG-SMT2NC 210308A7A5CC"} -index 1
rst -processor
dow /home/shubham/Vivado_Exercises/zynq_interrupts/zynq_interrupts.sdk/zynq_interrupt_2/Debug/zynq_interrupt_2.elf
configparams force-mem-access 0
----------------End of Script----------------

15:29:06 INFO  : Context for processor 'psu_cortexa53_0' is selected.
15:29:06 INFO  : 'con' command is executed.
15:29:06 INFO  : ----------------XSDB Script (After Launch)----------------
targets -set -nocase -filter {name =~"*A53*0" && jtag_cable_name =~ "Digilent JTAG-SMT2NC 210308A7A5CC"} -index 1
con
----------------End of Script----------------

15:29:06 INFO  : Disconnected from the channel tcfchan#1.
15:38:11 INFO  : Registering command handlers for SDK TCF services
15:38:12 INFO  : Launching XSCT server: xsct -n -interactive /home/shubham/Vivado_Exercises/zynq_interrupts/zynq_interrupts.sdk/temp_xsdb_launch_script.tcl
15:38:14 INFO  : XSCT server has started successfully.
15:38:14 INFO  : Successfully done setting XSCT server connection channel  
15:38:14 INFO  : Successfully done setting SDK workspace  
15:38:14 INFO  : Processing command line option -hwspec /home/shubham/Vivado_Exercises/zynq_interrupts/zynq_interrupts.sdk/zynq_interrupt_system_wrapper.hdf.
15:38:14 INFO  : Checking for hwspec changes in the project zynq_interrupt_system_wrapper_hw_platform_0.
15:38:37 INFO  : Connected to target on host '127.0.0.1' and port '3121'.
15:38:37 INFO  : 'targets -set -filter {jtag_cable_name =~ "Digilent JTAG-SMT2NC 210308A7A5CC" && level==0} -index 0' command is executed.
15:38:52 INFO  : FPGA configured successfully with bitstream "/home/shubham/Vivado_Exercises/zynq_interrupts/zynq_interrupts.sdk/zynq_interrupt_system_wrapper_hw_platform_0/zynq_interrupt_system_wrapper.bit"
15:39:01 INFO  : Connected to target on host '127.0.0.1' and port '3121'.
15:39:01 INFO  : Jtag cable 'Digilent JTAG-SMT2NC 210308A7A5CC' is selected.
15:39:01 INFO  : 'jtag frequency' command is executed.
15:39:01 INFO  : Sourcing of '/home/shubham/Xilinx2018.3/SDK/2018.3/scripts/sdk/util/zynqmp_utils.tcl' is done.
15:39:01 INFO  : Context for 'APU' is selected.
15:39:01 INFO  : Hardware design information is loaded from '/home/shubham/Vivado_Exercises/zynq_interrupts/zynq_interrupts.sdk/zynq_interrupt_system_wrapper_hw_platform_0/system.hdf'.
15:39:01 INFO  : 'configparams force-mem-access 1' command is executed.
15:39:01 INFO  : Context for 'APU' is selected.
15:39:01 INFO  : Sourcing of '/home/shubham/Vivado_Exercises/zynq_interrupts/zynq_interrupts.sdk/zynq_interrupt_system_wrapper_hw_platform_0/psu_init.tcl' is done.
15:39:02 INFO  : 'psu_init' command is executed.
15:39:03 INFO  : 'after 1000' command is executed.
15:39:03 INFO  : 'psu_ps_pl_isolation_removal' command is executed.
15:39:04 INFO  : 'after 1000' command is executed.
15:39:04 INFO  : 'psu_ps_pl_reset_config' command is executed.
15:39:04 INFO  : 'catch {psu_protection}' command is executed.
15:39:04 INFO  : Context for processor 'psu_cortexa53_0' is selected.
15:39:04 INFO  : Processor reset is completed for 'psu_cortexa53_0'.
15:39:04 INFO  : The application '/home/shubham/Vivado_Exercises/zynq_interrupts/zynq_interrupts.sdk/zynq_interrupt_2/Debug/zynq_interrupt_2.elf' is downloaded to processor 'psu_cortexa53_0'.
15:39:04 INFO  : 'configparams force-mem-access 0' command is executed.
15:39:04 INFO  : ----------------XSDB Script----------------
connect -url tcp:127.0.0.1:3121
source /home/shubham/Xilinx2018.3/SDK/2018.3/scripts/sdk/util/zynqmp_utils.tcl
targets -set -nocase -filter {name =~"APU*" && jtag_cable_name =~ "Digilent JTAG-SMT2NC 210308A7A5CC"} -index 1
loadhw -hw /home/shubham/Vivado_Exercises/zynq_interrupts/zynq_interrupts.sdk/zynq_interrupt_system_wrapper_hw_platform_0/system.hdf -mem-ranges [list {0x80000000 0xbfffffff} {0x400000000 0x5ffffffff} {0x1000000000 0x7fffffffff}]
configparams force-mem-access 1
targets -set -nocase -filter {name =~"APU*" && jtag_cable_name =~ "Digilent JTAG-SMT2NC 210308A7A5CC"} -index 1
source /home/shubham/Vivado_Exercises/zynq_interrupts/zynq_interrupts.sdk/zynq_interrupt_system_wrapper_hw_platform_0/psu_init.tcl
psu_init
after 1000
psu_ps_pl_isolation_removal
after 1000
psu_ps_pl_reset_config
catch {psu_protection}
targets -set -nocase -filter {name =~"*A53*0" && jtag_cable_name =~ "Digilent JTAG-SMT2NC 210308A7A5CC"} -index 1
rst -processor
dow /home/shubham/Vivado_Exercises/zynq_interrupts/zynq_interrupts.sdk/zynq_interrupt_2/Debug/zynq_interrupt_2.elf
configparams force-mem-access 0
----------------End of Script----------------

15:39:04 INFO  : Context for processor 'psu_cortexa53_0' is selected.
15:39:04 INFO  : 'con' command is executed.
15:39:04 INFO  : ----------------XSDB Script (After Launch)----------------
targets -set -nocase -filter {name =~"*A53*0" && jtag_cable_name =~ "Digilent JTAG-SMT2NC 210308A7A5CC"} -index 1
con
----------------End of Script----------------

15:39:04 INFO  : Disconnected from the channel tcfchan#1.
15:40:27 INFO  : Registering command handlers for SDK TCF services
15:40:27 INFO  : Launching XSCT server: xsct -n -interactive /home/shubham/Vivado_Exercises/zynq_interrupts/zynq_interrupts.sdk/temp_xsdb_launch_script.tcl
15:40:29 INFO  : XSCT server has started successfully.
15:40:29 INFO  : Successfully done setting XSCT server connection channel  
15:40:29 INFO  : Successfully done setting SDK workspace  
15:40:29 INFO  : Processing command line option -hwspec /home/shubham/Vivado_Exercises/zynq_interrupts/zynq_interrupts.sdk/zynq_interrupt_system_wrapper.hdf.
15:40:29 INFO  : Checking for hwspec changes in the project zynq_interrupt_system_wrapper_hw_platform_0.
15:40:59 INFO  : Connected to target on host '127.0.0.1' and port '3121'.
15:41:05 INFO  : 'targets -set -filter {jtag_cable_name =~ "Digilent JTAG-SMT2NC 210308A7A5CC" && level==0} -index 0' command is executed.
15:41:20 INFO  : FPGA configured successfully with bitstream "/home/shubham/Vivado_Exercises/zynq_interrupts/zynq_interrupts.sdk/zynq_interrupt_system_wrapper_hw_platform_0/zynq_interrupt_system_wrapper.bit"
15:41:27 INFO  : Connected to target on host '127.0.0.1' and port '3121'.
15:41:27 INFO  : Jtag cable 'Digilent JTAG-SMT2NC 210308A7A5CC' is selected.
15:41:27 INFO  : 'jtag frequency' command is executed.
15:41:27 INFO  : Sourcing of '/home/shubham/Xilinx2018.3/SDK/2018.3/scripts/sdk/util/zynqmp_utils.tcl' is done.
15:41:27 INFO  : Context for 'APU' is selected.
15:41:28 INFO  : Hardware design information is loaded from '/home/shubham/Vivado_Exercises/zynq_interrupts/zynq_interrupts.sdk/zynq_interrupt_system_wrapper_hw_platform_0/system.hdf'.
15:41:28 INFO  : 'configparams force-mem-access 1' command is executed.
15:41:28 INFO  : Context for 'APU' is selected.
15:41:28 INFO  : Sourcing of '/home/shubham/Vivado_Exercises/zynq_interrupts/zynq_interrupts.sdk/zynq_interrupt_system_wrapper_hw_platform_0/psu_init.tcl' is done.
15:41:28 INFO  : 'psu_init' command is executed.
15:41:29 INFO  : 'after 1000' command is executed.
15:41:29 INFO  : 'psu_ps_pl_isolation_removal' command is executed.
15:41:30 INFO  : 'after 1000' command is executed.
15:41:30 INFO  : 'psu_ps_pl_reset_config' command is executed.
15:41:30 INFO  : 'catch {psu_protection}' command is executed.
15:41:30 INFO  : Context for processor 'psu_cortexa53_0' is selected.
15:41:31 INFO  : Processor reset is completed for 'psu_cortexa53_0'.
15:41:31 INFO  : The application '/home/shubham/Vivado_Exercises/zynq_interrupts/zynq_interrupts.sdk/zynq_interrupt_2/Debug/zynq_interrupt_2.elf' is downloaded to processor 'psu_cortexa53_0'.
15:41:31 INFO  : 'configparams force-mem-access 0' command is executed.
15:41:31 INFO  : ----------------XSDB Script----------------
connect -url tcp:127.0.0.1:3121
source /home/shubham/Xilinx2018.3/SDK/2018.3/scripts/sdk/util/zynqmp_utils.tcl
targets -set -nocase -filter {name =~"APU*" && jtag_cable_name =~ "Digilent JTAG-SMT2NC 210308A7A5CC"} -index 1
loadhw -hw /home/shubham/Vivado_Exercises/zynq_interrupts/zynq_interrupts.sdk/zynq_interrupt_system_wrapper_hw_platform_0/system.hdf -mem-ranges [list {0x80000000 0xbfffffff} {0x400000000 0x5ffffffff} {0x1000000000 0x7fffffffff}]
configparams force-mem-access 1
targets -set -nocase -filter {name =~"APU*" && jtag_cable_name =~ "Digilent JTAG-SMT2NC 210308A7A5CC"} -index 1
source /home/shubham/Vivado_Exercises/zynq_interrupts/zynq_interrupts.sdk/zynq_interrupt_system_wrapper_hw_platform_0/psu_init.tcl
psu_init
after 1000
psu_ps_pl_isolation_removal
after 1000
psu_ps_pl_reset_config
catch {psu_protection}
targets -set -nocase -filter {name =~"*A53*0" && jtag_cable_name =~ "Digilent JTAG-SMT2NC 210308A7A5CC"} -index 1
rst -processor
dow /home/shubham/Vivado_Exercises/zynq_interrupts/zynq_interrupts.sdk/zynq_interrupt_2/Debug/zynq_interrupt_2.elf
configparams force-mem-access 0
----------------End of Script----------------

15:41:31 INFO  : Context for processor 'psu_cortexa53_0' is selected.
15:41:31 INFO  : 'con' command is executed.
15:41:31 INFO  : ----------------XSDB Script (After Launch)----------------
targets -set -nocase -filter {name =~"*A53*0" && jtag_cable_name =~ "Digilent JTAG-SMT2NC 210308A7A5CC"} -index 1
con
----------------End of Script----------------

15:41:31 INFO  : Disconnected from the channel tcfchan#1.
15:42:35 INFO  : Connected to target on host '127.0.0.1' and port '3121'.
15:42:35 INFO  : 'targets -set -filter {jtag_cable_name =~ "Digilent JTAG-SMT2NC 210308A7A5CC" && level==0} -index 0' command is executed.
15:42:50 INFO  : FPGA configured successfully with bitstream "/home/shubham/Vivado_Exercises/zynq_interrupts/zynq_interrupts.sdk/zynq_interrupt_system_wrapper_hw_platform_0/zynq_interrupt_system_wrapper.bit"
15:42:57 INFO  : Connected to target on host '127.0.0.1' and port '3121'.
15:42:57 INFO  : Jtag cable 'Digilent JTAG-SMT2NC 210308A7A5CC' is selected.
15:42:57 INFO  : 'jtag frequency' command is executed.
15:42:57 INFO  : Sourcing of '/home/shubham/Xilinx2018.3/SDK/2018.3/scripts/sdk/util/zynqmp_utils.tcl' is done.
15:42:57 INFO  : Context for 'APU' is selected.
15:42:57 INFO  : Hardware design information is loaded from '/home/shubham/Vivado_Exercises/zynq_interrupts/zynq_interrupts.sdk/zynq_interrupt_system_wrapper_hw_platform_0/system.hdf'.
15:42:57 INFO  : 'configparams force-mem-access 1' command is executed.
15:42:57 INFO  : Context for 'APU' is selected.
15:42:57 INFO  : Sourcing of '/home/shubham/Vivado_Exercises/zynq_interrupts/zynq_interrupts.sdk/zynq_interrupt_system_wrapper_hw_platform_0/psu_init.tcl' is done.
15:42:58 INFO  : 'psu_init' command is executed.
15:42:59 INFO  : 'after 1000' command is executed.
15:42:59 INFO  : 'psu_ps_pl_isolation_removal' command is executed.
15:43:00 INFO  : 'after 1000' command is executed.
15:43:00 INFO  : 'psu_ps_pl_reset_config' command is executed.
15:43:00 INFO  : 'catch {psu_protection}' command is executed.
15:43:00 INFO  : Context for processor 'psu_cortexa53_0' is selected.
15:43:00 INFO  : Processor reset is completed for 'psu_cortexa53_0'.
15:43:00 INFO  : The application '/home/shubham/Vivado_Exercises/zynq_interrupts/zynq_interrupts.sdk/zynq_interrupt_2/Debug/zynq_interrupt_2.elf' is downloaded to processor 'psu_cortexa53_0'.
15:43:00 INFO  : 'configparams force-mem-access 0' command is executed.
15:43:00 INFO  : ----------------XSDB Script----------------
connect -url tcp:127.0.0.1:3121
source /home/shubham/Xilinx2018.3/SDK/2018.3/scripts/sdk/util/zynqmp_utils.tcl
targets -set -nocase -filter {name =~"APU*" && jtag_cable_name =~ "Digilent JTAG-SMT2NC 210308A7A5CC"} -index 1
loadhw -hw /home/shubham/Vivado_Exercises/zynq_interrupts/zynq_interrupts.sdk/zynq_interrupt_system_wrapper_hw_platform_0/system.hdf -mem-ranges [list {0x80000000 0xbfffffff} {0x400000000 0x5ffffffff} {0x1000000000 0x7fffffffff}]
configparams force-mem-access 1
targets -set -nocase -filter {name =~"APU*" && jtag_cable_name =~ "Digilent JTAG-SMT2NC 210308A7A5CC"} -index 1
source /home/shubham/Vivado_Exercises/zynq_interrupts/zynq_interrupts.sdk/zynq_interrupt_system_wrapper_hw_platform_0/psu_init.tcl
psu_init
after 1000
psu_ps_pl_isolation_removal
after 1000
psu_ps_pl_reset_config
catch {psu_protection}
targets -set -nocase -filter {name =~"*A53*0" && jtag_cable_name =~ "Digilent JTAG-SMT2NC 210308A7A5CC"} -index 1
rst -processor
dow /home/shubham/Vivado_Exercises/zynq_interrupts/zynq_interrupts.sdk/zynq_interrupt_2/Debug/zynq_interrupt_2.elf
configparams force-mem-access 0
----------------End of Script----------------

15:43:00 INFO  : Context for processor 'psu_cortexa53_0' is selected.
15:43:00 INFO  : 'con' command is executed.
15:43:00 INFO  : ----------------XSDB Script (After Launch)----------------
targets -set -nocase -filter {name =~"*A53*0" && jtag_cable_name =~ "Digilent JTAG-SMT2NC 210308A7A5CC"} -index 1
con
----------------End of Script----------------

15:43:00 INFO  : Disconnected from the channel tcfchan#2.
