00:39:20 INFO  : Registering command handlers for SDK TCF services
00:39:21 INFO  : Launching XSCT server: xsct -n -interactive /home/shubham/Vivado_Exercises/first_zynq_design/first_zynq_design.sdk/temp_xsdb_launch_script.tcl
00:39:23 INFO  : XSCT server has started successfully.
00:39:23 INFO  : Successfully done setting XSCT server connection channel  
00:39:23 INFO  : Successfully done setting SDK workspace  
00:39:23 INFO  : Processing command line option -hwspec /home/shubham/Vivado_Exercises/first_zynq_design/first_zynq_design.sdk/first_zynq_system_wrapper.hdf.
00:40:01 INFO  : Launching XSCT server: xsct -n -interactive /home/shubham/Vivado_Exercises/first_zynq_design/first_zynq_design.sdk/temp_xsdb_launch_script.tcl
00:40:02 INFO  : XSCT server has started successfully.
00:40:02 INFO  : Successfully done setting XSCT server connection channel  
00:40:07 INFO  : Successfully done setting SDK workspace  
00:40:09 INFO  : Registering command handlers for SDK TCF services
00:40:10 INFO  : Processing command line option -hwspec /home/shubham/Vivado_Exercises/first_zynq_design/first_zynq_design.sdk/first_zynq_system_wrapper.hdf.
00:40:11 INFO  : Checking for hwspec changes in the project first_zynq_system_wrapper_hw_platform_0.
00:47:04 INFO  : Connected to target on host '127.0.0.1' and port '3121'.
00:47:22 INFO  : ----------------XSDB Script----------------
connect -url tcp:127.0.0.1:3121
----------------End of Script----------------

00:49:23 INFO  : Launching XSCT server: xsct -n -interactive /home/shubham/Vivado_Exercises/first_zynq_design/first_zynq_design.sdk/temp_xsdb_launch_script.tcl
00:49:24 INFO  : XSCT server has started successfully.
00:49:24 INFO  : Successfully done setting XSCT server connection channel  
00:49:29 INFO  : Successfully done setting SDK workspace  
00:49:31 INFO  : Registering command handlers for SDK TCF services
00:49:31 INFO  : Processing command line option -hwspec /home/shubham/Vivado_Exercises/first_zynq_design/first_zynq_design.sdk/first_zynq_system_wrapper.hdf.
00:49:32 INFO  : Checking for hwspec changes in the project first_zynq_system_wrapper_hw_platform_0.
00:52:43 INFO  : Connected to target on host '127.0.0.1' and port '3121'.
00:52:43 INFO  : 'targets -set -filter {jtag_cable_name =~ "Digilent JTAG-SMT2NC 210308A7A5CC" && level==0} -index 0' command is executed.
00:52:58 INFO  : FPGA configured successfully with bitstream "/home/shubham/Vivado_Exercises/first_zynq_design/first_zynq_design.sdk/first_zynq_system_wrapper_hw_platform_0/first_zynq_system_wrapper.bit"
00:54:33 INFO  : Connected to target on host '127.0.0.1' and port '3121'.
00:54:33 INFO  : Jtag cable 'Digilent JTAG-SMT2NC 210308A7A5CC' is selected.
00:54:33 INFO  : 'jtag frequency' command is executed.
00:54:33 INFO  : Sourcing of '/home/shubham/Xilinx2018.3/SDK/2018.3/scripts/sdk/util/zynqmp_utils.tcl' is done.
00:54:33 INFO  : Context for 'APU' is selected.
00:54:33 INFO  : Hardware design information is loaded from '/home/shubham/Vivado_Exercises/first_zynq_design/first_zynq_design.sdk/first_zynq_system_wrapper_hw_platform_0/system.hdf'.
00:54:33 INFO  : 'configparams force-mem-access 1' command is executed.
00:54:33 INFO  : Context for 'APU' is selected.
00:54:33 INFO  : Sourcing of '/home/shubham/Vivado_Exercises/first_zynq_design/first_zynq_design.sdk/first_zynq_system_wrapper_hw_platform_0/psu_init.tcl' is done.
00:54:34 INFO  : 'psu_init' command is executed.
00:54:35 INFO  : 'after 1000' command is executed.
00:54:35 INFO  : 'psu_ps_pl_isolation_removal' command is executed.
00:54:36 INFO  : 'after 1000' command is executed.
00:54:36 INFO  : 'psu_ps_pl_reset_config' command is executed.
00:54:36 INFO  : 'catch {psu_protection}' command is executed.
00:54:36 INFO  : Context for processor 'psu_cortexa53_0' is selected.
00:54:36 INFO  : Processor reset is completed for 'psu_cortexa53_0'.
00:54:36 INFO  : The application '/home/shubham/Vivado_Exercises/first_zynq_design/first_zynq_design.sdk/LED_test/Debug/LED_test.elf' is downloaded to processor 'psu_cortexa53_0'.
00:54:36 INFO  : 'configparams force-mem-access 0' command is executed.
00:54:36 INFO  : ----------------XSDB Script----------------
connect -url tcp:127.0.0.1:3121
source /home/shubham/Xilinx2018.3/SDK/2018.3/scripts/sdk/util/zynqmp_utils.tcl
targets -set -nocase -filter {name =~"APU*" && jtag_cable_name =~ "Digilent JTAG-SMT2NC 210308A7A5CC"} -index 1
loadhw -hw /home/shubham/Vivado_Exercises/first_zynq_design/first_zynq_design.sdk/first_zynq_system_wrapper_hw_platform_0/system.hdf -mem-ranges [list {0x80000000 0xbfffffff} {0x400000000 0x5ffffffff} {0x1000000000 0x7fffffffff}]
configparams force-mem-access 1
targets -set -nocase -filter {name =~"APU*" && jtag_cable_name =~ "Digilent JTAG-SMT2NC 210308A7A5CC"} -index 1
source /home/shubham/Vivado_Exercises/first_zynq_design/first_zynq_design.sdk/first_zynq_system_wrapper_hw_platform_0/psu_init.tcl
psu_init
after 1000
psu_ps_pl_isolation_removal
after 1000
psu_ps_pl_reset_config
catch {psu_protection}
targets -set -nocase -filter {name =~"*A53*0" && jtag_cable_name =~ "Digilent JTAG-SMT2NC 210308A7A5CC"} -index 1
rst -processor
dow /home/shubham/Vivado_Exercises/first_zynq_design/first_zynq_design.sdk/LED_test/Debug/LED_test.elf
configparams force-mem-access 0
----------------End of Script----------------

00:54:36 INFO  : Context for processor 'psu_cortexa53_0' is selected.
00:54:36 INFO  : 'con' command is executed.
00:54:36 INFO  : ----------------XSDB Script (After Launch)----------------
targets -set -nocase -filter {name =~"*A53*0" && jtag_cable_name =~ "Digilent JTAG-SMT2NC 210308A7A5CC"} -index 1
con
----------------End of Script----------------

00:54:36 INFO  : Disconnected from the channel tcfchan#1.
20:46:50 INFO  : Launching XSCT server: xsct -n -interactive /home/shubham/Vivado_Exercises/first_zynq_design/first_zynq_design.sdk/temp_xsdb_launch_script.tcl
20:46:51 INFO  : XSCT server has started successfully.
20:46:51 INFO  : Successfully done setting XSCT server connection channel  
20:46:51 INFO  : Successfully done setting SDK workspace  
20:46:57 INFO  : Registering command handlers for SDK TCF services
20:46:57 INFO  : Processing command line option -hwspec /home/shubham/Vivado_Exercises/edt_zcu102/edt_zcu102.sdk/edt_zcu102_wrapper.hdf.
