Vivado Simulator 2018.3
Time resolution is 1 ps
AXI-Lite transaction file length:          75
********************** HSIAO_H_MATRIX ******************************
1001101001000110100100010000 
1001001010100100010001000000 
1100100100010001000000101010 
0100010001000000101100100100 
0001000111000111000100011100 
1110000001111000000111100001 
1111110000000000111110000100 
********************** HSIAO_H_MATRIX ******************************
110100 
010000 
010101 
010100 
000110 
********************** HSIAO_H_MATRIX ******************************
0110100 
1010000 
0011010 
1001010 
0100101 
********************** HSIAO_H_MATRIX ******************************
01101001101001000110100100010000 
10101001001010100100010001000000 
01001100100100010001000001101010 
11000100010001000010110010110010 
00010001000100011100011100010001 
01000111111000000111100000011110 
00001111111111000000000011111000 
1175010 ps: CTRL: packet:           0 sent
1175010 ps: DIN: packet:           0 sent
1175010 ps: DIN_WORDS: packet:           0 sent
1175010 ps: DOUT_WORDS: packet:           0 sent
1487510 ps: STATUS: packet:           0 received
